#
# A fatal error has been detected by the Java Runtime Environment:
#
#  EXCEPTION_ACCESS_VIOLATION (0xc0000005) at pc=0x00007ff8b77c9690, pid=13044, tid=18384
#
# JRE version: OpenJDK Runtime Environment Temurin-17.0.4.1+1 (17.0.4.1+1) (build 17.0.4.1+1)
# Java VM: OpenJDK 64-Bit Server VM Temurin-17.0.4.1+1 (17.0.4.1+1, mixed mode, tiered, compressed oops, compressed class ptrs, g1 gc, windows-amd64)
# Problematic frame:
# C  [nvoglv64.dll+0x1429690]
#
# No core dump will be written. Minidumps are not enabled by default on client versions of Windows
#
# If you would like to submit a bug report, please visit:
#   https://github.com/adoptium/adoptium-support/issues
# The crash happened outside the Java Virtual Machine in native code.
# See problematic frame for where to report the bug.
#

---------------  S U M M A R Y ------------

Command Line: -Dfile.encoding=UTF-8 -XX:+ShowCodeDetailsInExceptionMessages com.Anix.Main.Core

Host: Intel(R) Core(TM) i5-7400 CPU @ 3.00GHz, 4 cores, 15G,  Windows 10 , 64 bit Build 19041 (10.0.19041.2364)
Time: Wed Jan 25 14:45:15 2023 GMT Standard Time elapsed time: 14.089777 seconds (0d 0h 0m 14s)

---------------  T H R E A D  ---------------

Current thread (0x000001d597e26020):  JavaThread "Main Thread" [_thread_in_native, id=18384, stack(0x0000009217100000,0x0000009217200000)]

Stack: [0x0000009217100000,0x0000009217200000],  sp=0x00000092171ff0b8,  free space=1020k
Native frames: (J=compiled Java code, j=interpreted, Vv=VM code, C=native code)
C  [nvoglv64.dll+0x1429690]

Java frames: (J=compiled Java code, j=interpreted, Vv=VM code)
J 3628  org.lwjgl.opengl.GL11C.nglDrawElements(IIIJ)V (0 bytes) @ 0x000001d587c653f6 [0x000001d587c653a0+0x0000000000000056]
J 4826 c2 org.lwjgl.opengl.GL11.glDrawElements(IIIJ)V (8 bytes) @ 0x000001d587af2cb4 [0x000001d587af2ca0+0x0000000000000014]
J 4928 c2 com.Anix.Engine.Graphics.MasterRenderer.r()V (809 bytes) @ 0x000001d587d85558 [0x000001d587d848a0+0x0000000000000cb8]
j  com.Anix.Engine.Graphics.MasterRenderer.render()V+64
j  com.Anix.Main.Core.render()V+15
j  com.Anix.Main.Core.run()V+462
j  java.lang.Thread.run()V+11 java.base@17.0.4.1
v  ~StubRoutines::call_stub

siginfo: EXCEPTION_ACCESS_VIOLATION (0xc0000005), reading address 0x0000000000000000


Register to memory mapping:

RIP=0x00007ff8b77c9690 nvoglv64.dll
RAX=0x0 is NULL
RBX=0x000001d59971ef60 points into unknown readable memory: 0x0000000000000400 | 00 04 00 00 00 00 00 00
RCX=0x000001d5a8869ef0 points into unknown readable memory: 0xff0ed94bff0ed94b | 4b d9 0e ff 4b d9 0e ff
RDX=0x0000000000000008 is an unknown value
RSP=0x00000092171ff0b8 is pointing into the stack for thread: 0x000001d597e26020
RBP=0x0000000000000001 is an unknown value
RSI=0x000001d5b363bfec points into unknown readable memory: 14 e6 c2 bc
RDI=0x0 is NULL
R8 =0x0000000000000010 is an unknown value
R9 =0x000000000000011b is an unknown value
R10=0x0000000000000010 is an unknown value
R11=0x000001d59972d77c points into unknown readable memory: 00 00 00 00
R12=0x000001d5a8869ef0 points into unknown readable memory: 0xff0ed94bff0ed94b | 4b d9 0e ff 4b d9 0e ff
R13=0x0000000000000001 is an unknown value
R14=0x000001d59cfc8318 points into unknown readable memory: 0x0000000000000000 | 00 00 00 00 00 00 00 00
R15=0x000000000b86c250 is an unknown value


Registers:
RAX=0x0000000000000000, RBX=0x000001d59971ef60, RCX=0x000001d5a8869ef0, RDX=0x0000000000000008
RSP=0x00000092171ff0b8, RBP=0x0000000000000001, RSI=0x000001d5b363bfec, RDI=0x0000000000000000
R8 =0x0000000000000010, R9 =0x000000000000011b, R10=0x0000000000000010, R11=0x000001d59972d77c
R12=0x000001d5a8869ef0, R13=0x0000000000000001, R14=0x000001d59cfc8318, R15=0x000000000b86c250
RIP=0x00007ff8b77c9690, EFLAGS=0x0000000000010202

Top of Stack: (sp=0x00000092171ff0b8)
0x00000092171ff0b8:   00007ff8b7876187 000001d59cfc8318
0x00000092171ff0c8:   0000000000000000 000001d599726f58
0x00000092171ff0d8:   0000000000002360 000001d5b284c250
0x00000092171ff0e8:   00007ff8b76f95bd 00007ff8b8ddaf50
0x00000092171ff0f8:   00007ff8b8dbcc70 0000000000000003
0x00000092171ff108:   000001d59971ef60 000001d5a8869ef0
0x00000092171ff118:   000000000b86c250 000001d599726f58
0x00000092171ff128:   10c0000000000000 0000000000000000
0x00000092171ff138:   0000000000000000 000000000000011b
0x00000092171ff148:   000001d59971ef60 000001d59cfc8318
0x00000092171ff158:   000001d59cf70000 0000000000001405
0x00000092171ff168:   0000000000000010 00000000000010c2
0x00000092171ff178:   00007ff8b786779f 000001d59cf70000
0x00000092171ff188:   0000000000000000 000000000000011b
0x00000092171ff198:   000001d500000000 d3ffc5df00001400
0x00000092171ff1a8:   0000000000000000 00000092171ff1c0 

Instructions: (pc=0x00007ff8b77c9690)
0x00007ff8b77c9590:   48 8b 8f 78 c1 04 00 45 33 c0 8b d6 e8 4f fb ff
0x00007ff8b77c95a0:   ff 85 f6 75 08 48 8b cf e8 b3 8c 06 00 45 8b ce
0x00007ff8b77c95b0:   4c 8b c5 8b d6 48 8b cf e8 53 f5 ff ff 85 f6 75
0x00007ff8b77c95c0:   14 81 8f b8 c1 04 00 ff ff ff 3f 81 8f b0 c1 04
0x00007ff8b77c95d0:   00 00 00 20 00 48 8b 5c 24 30 48 8b 6c 24 38 48
0x00007ff8b77c95e0:   8b 74 24 40 48 8b 7c 24 48 48 83 c4 20 41 5e c3
0x00007ff8b77c95f0:   4d 63 d0 0f 1f 40 00 66 0f 1f 84 00 00 00 00 00
0x00007ff8b77c9600:   8b 02 49 03 d2 89 01 48 83 c1 04 41 83 e9 01 75
0x00007ff8b77c9610:   ef 48 8b c1 c3 cc cc cc cc cc cc cc cc cc cc cc
0x00007ff8b77c9620:   4d 63 d0 8b 02 89 01 8b 42 04 49 03 d2 89 41 04
0x00007ff8b77c9630:   48 83 c1 08 41 83 e9 01 75 e9 48 8b c1 c3 cc cc
0x00007ff8b77c9640:   4d 63 d0 48 83 c2 08 66 0f 1f 84 00 00 00 00 00
0x00007ff8b77c9650:   8b 42 f8 89 01 8b 42 fc 89 41 04 8b 02 49 03 d2
0x00007ff8b77c9660:   89 41 08 48 83 c1 0c 41 83 e9 01 75 e3 48 8b c1
0x00007ff8b77c9670:   c3 cc cc cc cc cc cc cc cc cc cc cc cc cc cc cc
0x00007ff8b77c9680:   4d 63 d0 48 83 c2 08 66 0f 1f 84 00 00 00 00 00
0x00007ff8b77c9690:   8b 42 f8 89 01 8b 42 fc 89 41 04 8b 02 89 41 08
0x00007ff8b77c96a0:   8b 42 04 49 03 d2 89 41 0c 48 83 c1 10 41 83 e9
0x00007ff8b77c96b0:   01 75 dd 48 8b c1 c3 cc cc cc cc cc cc cc cc cc
0x00007ff8b77c96c0:   49 63 c0 0f 1f 40 00 66 0f 1f 84 00 00 00 00 00
0x00007ff8b77c96d0:   f2 0f 10 02 48 03 d0 66 0f 5a c0 f3 0f 11 01 48
0x00007ff8b77c96e0:   83 c1 04 41 83 e9 01 75 e7 48 8b c1 c3 cc cc cc
0x00007ff8b77c96f0:   49 63 c0 f2 0f 10 02 66 0f 5a c0 f3 0f 11 01 f2
0x00007ff8b77c9700:   0f 10 4a 08 48 03 d0 66 0f 5a c9 f3 0f 11 49 04
0x00007ff8b77c9710:   48 83 c1 08 41 83 e9 01 75 d9 48 8b c1 c3 cc cc
0x00007ff8b77c9720:   49 63 c0 48 83 c2 10 66 0f 1f 84 00 00 00 00 00
0x00007ff8b77c9730:   f2 0f 10 42 f0 66 0f 5a c0 f3 0f 11 01 f2 0f 10
0x00007ff8b77c9740:   4a f8 66 0f 5a c9 f3 0f 11 49 04 f2 0f 10 02 48
0x00007ff8b77c9750:   03 d0 66 0f 5a c0 f3 0f 11 41 08 48 83 c1 0c 41
0x00007ff8b77c9760:   83 e9 01 75 cb 48 8b c1 c3 cc cc cc cc cc cc cc
0x00007ff8b77c9770:   49 63 c0 48 83 c2 10 66 0f 1f 84 00 00 00 00 00
0x00007ff8b77c9780:   f2 0f 10 42 f0 66 0f 5a c0 f3 0f 11 01 f2 0f 10 


Stack slot to memory mapping:
stack at sp + 0 slots: 0x00007ff8b7876187 nvoglv64.dll
stack at sp + 1 slots: 0x000001d59cfc8318 points into unknown readable memory: 0x0000000000000000 | 00 00 00 00 00 00 00 00
stack at sp + 2 slots: 0x0 is NULL
stack at sp + 3 slots: 0x000001d599726f58 points into unknown readable memory: 0x000001d59a058e00 | 00 8e 05 9a d5 01 00 00
stack at sp + 4 slots: 0x0000000000002360 is an unknown value
stack at sp + 5 slots: 0x000001d5b284c250 points into unknown readable memory: 0x0000000000000002 | 02 00 00 00 00 00 00 00
stack at sp + 6 slots: 0x00007ff8b76f95bd nvoglv64.dll
stack at sp + 7 slots: 0x00007ff8b8ddaf50 nvoglv64.dll


---------------  P R O C E S S  ---------------

Threads class SMR info:
_java_thread_list=0x000001d599c50110, length=15, elements={
0x000001d597c030b0, 0x000001d597c03ab0, 0x000001d597c2e2f0, 0x000001d597c2ebb0,
0x000001d597c2f560, 0x000001d597c30310, 0x000001d597c6a060, 0x000001d597c6a960,
0x000001d597c83a10, 0x000001d597dd52a0, 0x000001d597df0020, 0x000001d597e26020,
0x000001d5f8c519b0, 0x000001d598094590, 0x000001d5a18b3d70
}

Java Threads: ( => current thread )
  0x000001d597c030b0 JavaThread "Reference Handler" daemon [_thread_blocked, id=16060, stack(0x0000009216500000,0x0000009216600000)]
  0x000001d597c03ab0 JavaThread "Finalizer" daemon [_thread_blocked, id=18688, stack(0x0000009216600000,0x0000009216700000)]
  0x000001d597c2e2f0 JavaThread "Signal Dispatcher" daemon [_thread_blocked, id=19428, stack(0x0000009216700000,0x0000009216800000)]
  0x000001d597c2ebb0 JavaThread "Attach Listener" daemon [_thread_blocked, id=13592, stack(0x0000009216800000,0x0000009216900000)]
  0x000001d597c2f560 JavaThread "Service Thread" daemon [_thread_blocked, id=18228, stack(0x0000009216900000,0x0000009216a00000)]
  0x000001d597c30310 JavaThread "Monitor Deflation Thread" daemon [_thread_blocked, id=14760, stack(0x0000009216a00000,0x0000009216b00000)]
  0x000001d597c6a060 JavaThread "C2 CompilerThread0" daemon [_thread_blocked, id=8784, stack(0x0000009216b00000,0x0000009216c00000)]
  0x000001d597c6a960 JavaThread "C1 CompilerThread0" daemon [_thread_blocked, id=13668, stack(0x0000009216c00000,0x0000009216d00000)]
  0x000001d597c83a10 JavaThread "Sweeper thread" daemon [_thread_blocked, id=4956, stack(0x0000009216d00000,0x0000009216e00000)]
  0x000001d597dd52a0 JavaThread "Notification Thread" daemon [_thread_blocked, id=13548, stack(0x0000009216e00000,0x0000009216f00000)]
  0x000001d597df0020 JavaThread "Common-Cleaner" daemon [_thread_blocked, id=16584, stack(0x0000009217000000,0x0000009217100000)]
=>0x000001d597e26020 JavaThread "Main Thread" [_thread_in_native, id=18384, stack(0x0000009217100000,0x0000009217200000)]
  0x000001d5f8c519b0 JavaThread "DestroyJavaVM" [_thread_blocked, id=15552, stack(0x0000009215e00000,0x0000009215f00000)]
  0x000001d598094590 JavaThread "Input Thread" [_thread_blocked, id=13484, stack(0x0000009217d00000,0x0000009217e00000)]
  0x000001d5a18b3d70 JavaThread "World Thread" [_thread_blocked, id=1000, stack(0x0000009217900000,0x0000009217a00000)]

Other Threads:
  0x000001d597c22a00 VMThread "VM Thread" [stack: 0x0000009216400000,0x0000009216500000] [id=13840]
  0x000001d597dd5f90 WatcherThread [stack: 0x0000009216f00000,0x0000009217000000] [id=1512]
  0x000001d5f8cbba80 GCTaskThread "GC Thread#0" [stack: 0x0000009215f00000,0x0000009216000000] [id=15356]
  0x000001d599ad5720 GCTaskThread "GC Thread#1" [stack: 0x0000009217a00000,0x0000009217b00000] [id=1208]
  0x000001d599ad59d0 GCTaskThread "GC Thread#2" [stack: 0x0000009217b00000,0x0000009217c00000] [id=960]
  0x000001d599ad5c80 GCTaskThread "GC Thread#3" [stack: 0x0000009217c00000,0x0000009217d00000] [id=18144]
  0x000001d5f8ccc900 ConcurrentGCThread "G1 Main Marker" [stack: 0x0000009216000000,0x0000009216100000] [id=17196]
  0x000001d5f8ccead0 ConcurrentGCThread "G1 Conc#0" [stack: 0x0000009216100000,0x0000009216200000] [id=4732]
  0x000001d5f8d2e400 ConcurrentGCThread "G1 Refine#0" [stack: 0x0000009216200000,0x0000009216300000] [id=15092]
  0x000001d5ac093a50 ConcurrentGCThread "G1 Refine#1" [stack: 0x0000009217e00000,0x0000009217f00000] [id=12712]
  0x000001d5aebeaeb0 ConcurrentGCThread "G1 Refine#2" [stack: 0x0000009217f00000,0x0000009218000000] [id=4212]
  0x000001d5f8d2ebc0 ConcurrentGCThread "G1 Service" [stack: 0x0000009216300000,0x0000009216400000] [id=6152]

Threads with active compile tasks:

VM state: not at safepoint (normal execution)

VM Mutex/Monitor currently owned by a thread: None

Heap address: 0x0000000700c00000, size: 4084 MB, Compressed Oops mode: Zero based, Oop shift amount: 3

CDS archive(s) not mapped
Compressed class space mapped at: 0x0000000800000000-0x0000000840000000, reserved size: 1073741824
Narrow klass base: 0x0000000800000000, Narrow klass shift: 0, Narrow klass range: 0x40000000

GC Precious Log:
 CPUs: 4 total, 4 available
 Memory: 16328M
 Large Page Support: Disabled
 NUMA Support: Disabled
 Compressed Oops: Enabled (Zero based)
 Heap Region Size: 2M
 Heap Min Capacity: 8M
 Heap Initial Capacity: 256M
 Heap Max Capacity: 4084M
 Pre-touch: Disabled
 Parallel Workers: 4
 Concurrent Workers: 1
 Concurrent Refinement Workers: 4
 Periodic GC: Disabled

Heap:
 garbage-first heap   total 669696K, used 451954K [0x0000000700c00000, 0x0000000800000000)
  region size 2048K, 35 young (71680K), 8 survivors (16384K)
 Metaspace       used 28554K, committed 28864K, reserved 1081344K
  class space    used 2515K, committed 2688K, reserved 1048576K

Heap Regions: E=young(eden), S=young(survivor), O=old, HS=humongous(starts), HC=humongous(continues), CS=collection set, F=free, OA=open archive, CA=closed archive, TAMS=top-at-mark-start (previous, next)
|   0|0x0000000700c00000, 0x0000000700e00000, 0x0000000700e00000|100%| O|  |TAMS 0x0000000700e00000, 0x0000000700c00000| Untracked 
|   1|0x0000000700e00000, 0x0000000700fffff8, 0x0000000701000000| 99%| O|  |TAMS 0x0000000700fffff8, 0x0000000700e00000| Untracked 
|   2|0x0000000701000000, 0x00000007011ffff8, 0x0000000701200000| 99%| O|  |TAMS 0x00000007011ffff8, 0x0000000701000000| Untracked 
|   3|0x0000000701200000, 0x00000007013fffe0, 0x0000000701400000| 99%| O|  |TAMS 0x00000007013fffe0, 0x0000000701200000| Untracked 
|   4|0x0000000701400000, 0x00000007015fffb8, 0x0000000701600000| 99%| O|  |TAMS 0x00000007015fffb8, 0x0000000701400000| Untracked 
|   5|0x0000000701600000, 0x00000007017fffe0, 0x0000000701800000| 99%| O|  |TAMS 0x00000007017fffe0, 0x0000000701600000| Untracked 
|   6|0x0000000701800000, 0x00000007019ffff0, 0x0000000701a00000| 99%| O|  |TAMS 0x00000007019ffff0, 0x0000000701800000| Untracked 
|   7|0x0000000701a00000, 0x0000000701bfffd8, 0x0000000701c00000| 99%| O|  |TAMS 0x0000000701bfffd8, 0x0000000701a00000| Untracked 
|   8|0x0000000701c00000, 0x0000000701dffff8, 0x0000000701e00000| 99%| O|  |TAMS 0x0000000701dffff8, 0x0000000701c00000| Untracked 
|   9|0x0000000701e00000, 0x0000000701f2a6c8, 0x0000000702000000| 58%| O|  |TAMS 0x0000000701f2a6c8, 0x0000000701e00000| Untracked 
|  10|0x0000000702000000, 0x00000007020d5d28, 0x0000000702200000| 41%| O|  |TAMS 0x00000007020d5d28, 0x0000000702000000| Untracked 
|  11|0x0000000702200000, 0x00000007023fffd8, 0x0000000702400000| 99%| O|  |TAMS 0x00000007023fffd8, 0x0000000702200000| Untracked 
|  12|0x0000000702400000, 0x00000007025fffd8, 0x0000000702600000| 99%| O|  |TAMS 0x00000007025fffd8, 0x0000000702400000| Untracked 
|  13|0x0000000702600000, 0x0000000702800000, 0x0000000702800000|100%| O|  |TAMS 0x0000000702800000, 0x0000000702600000| Untracked 
|  14|0x0000000702800000, 0x00000007028eb918, 0x0000000702a00000| 46%| O|  |TAMS 0x00000007028eb918, 0x0000000702800000| Untracked 
|  15|0x0000000702a00000, 0x0000000702c00000, 0x0000000702c00000|100%| O|  |TAMS 0x0000000702c00000, 0x0000000702a00000| Untracked 
|  16|0x0000000702c00000, 0x0000000702dffff0, 0x0000000702e00000| 99%| O|  |TAMS 0x0000000702dffff0, 0x0000000702c00000| Untracked 
|  17|0x0000000702e00000, 0x0000000702ffffe0, 0x0000000703000000| 99%| O|  |TAMS 0x0000000702ffffe0, 0x0000000702e00000| Untracked 
|  18|0x0000000703000000, 0x00000007031fffb8, 0x0000000703200000| 99%| O|  |TAMS 0x00000007031fffb8, 0x0000000703000000| Untracked 
|  19|0x0000000703200000, 0x00000007033fffc0, 0x0000000703400000| 99%| O|  |TAMS 0x00000007033fffc0, 0x0000000703200000| Untracked 
|  20|0x0000000703400000, 0x0000000703600000, 0x0000000703600000|100%| O|  |TAMS 0x0000000703400000, 0x0000000703400000| Untracked 
|  21|0x0000000703600000, 0x0000000703800000, 0x0000000703800000|100%| O|  |TAMS 0x0000000703600000, 0x0000000703600000| Untracked 
|  22|0x0000000703800000, 0x0000000703a00000, 0x0000000703a00000|100%| O|  |TAMS 0x0000000703a00000, 0x0000000703800000| Untracked 
|  23|0x0000000703a00000, 0x0000000703c00000, 0x0000000703c00000|100%| O|  |TAMS 0x0000000703c00000, 0x0000000703a00000| Untracked 
|  24|0x0000000703c00000, 0x0000000703e00000, 0x0000000703e00000|100%| O|  |TAMS 0x0000000703e00000, 0x0000000703c00000| Untracked 
|  25|0x0000000703e00000, 0x0000000703ffffe8, 0x0000000704000000| 99%| O|  |TAMS 0x0000000703ffffe8, 0x0000000703e00000| Untracked 
|  26|0x0000000704000000, 0x0000000704200000, 0x0000000704200000|100%| O|  |TAMS 0x0000000704000000, 0x0000000704000000| Untracked 
|  27|0x0000000704200000, 0x0000000704400000, 0x0000000704400000|100%| O|  |TAMS 0x0000000704200000, 0x0000000704200000| Untracked 
|  28|0x0000000704400000, 0x0000000704600000, 0x0000000704600000|100%| O|  |TAMS 0x0000000704400000, 0x0000000704400000| Untracked 
|  29|0x0000000704600000, 0x0000000704800000, 0x0000000704800000|100%| O|  |TAMS 0x0000000704600000, 0x0000000704600000| Untracked 
|  30|0x0000000704800000, 0x0000000704a00000, 0x0000000704a00000|100%| O|  |TAMS 0x0000000704800000, 0x0000000704800000| Untracked 
|  31|0x0000000704a00000, 0x0000000704c00000, 0x0000000704c00000|100%| O|  |TAMS 0x0000000704c00000, 0x0000000704a00000| Untracked 
|  32|0x0000000704c00000, 0x0000000704e00000, 0x0000000704e00000|100%| O|  |TAMS 0x0000000704e00000, 0x0000000704c00000| Untracked 
|  33|0x0000000704e00000, 0x0000000705000000, 0x0000000705000000|100%| O|  |TAMS 0x0000000705000000, 0x0000000704e00000| Untracked 
|  34|0x0000000705000000, 0x0000000705200000, 0x0000000705200000|100%| O|  |TAMS 0x0000000705000000, 0x0000000705000000| Untracked 
|  35|0x0000000705200000, 0x0000000705400000, 0x0000000705400000|100%| O|  |TAMS 0x0000000705400000, 0x0000000705200000| Untracked 
|  36|0x0000000705400000, 0x0000000705600000, 0x0000000705600000|100%| O|  |TAMS 0x0000000705400000, 0x0000000705400000| Untracked 
|  37|0x0000000705600000, 0x0000000705800000, 0x0000000705800000|100%| O|  |TAMS 0x0000000705800000, 0x0000000705600000| Untracked 
|  38|0x0000000705800000, 0x0000000705a00000, 0x0000000705a00000|100%| O|  |TAMS 0x0000000705a00000, 0x0000000705800000| Untracked 
|  39|0x0000000705a00000, 0x0000000705c00000, 0x0000000705c00000|100%| O|  |TAMS 0x0000000705c00000, 0x0000000705a00000| Untracked 
|  40|0x0000000705c00000, 0x0000000705e00000, 0x0000000705e00000|100%| O|  |TAMS 0x0000000705e00000, 0x0000000705c00000| Untracked 
|  41|0x0000000705e00000, 0x0000000706000000, 0x0000000706000000|100%| O|  |TAMS 0x0000000705e00000, 0x0000000705e00000| Untracked 
|  42|0x0000000706000000, 0x0000000706200000, 0x0000000706200000|100%| O|  |TAMS 0x0000000706000000, 0x0000000706000000| Untracked 
|  43|0x0000000706200000, 0x0000000706400000, 0x0000000706400000|100%| O|  |TAMS 0x0000000706400000, 0x0000000706200000| Untracked 
|  44|0x0000000706400000, 0x0000000706600000, 0x0000000706600000|100%| O|  |TAMS 0x0000000706600000, 0x0000000706400000| Untracked 
|  45|0x0000000706600000, 0x0000000706800000, 0x0000000706800000|100%| O|  |TAMS 0x0000000706800000, 0x0000000706600000| Untracked 
|  46|0x0000000706800000, 0x0000000706a00000, 0x0000000706a00000|100%| O|  |TAMS 0x0000000706a00000, 0x0000000706800000| Untracked 
|  47|0x0000000706a00000, 0x0000000706c00000, 0x0000000706c00000|100%| O|  |TAMS 0x0000000706c00000, 0x0000000706a00000| Untracked 
|  48|0x0000000706c00000, 0x0000000706e00000, 0x0000000706e00000|100%| O|  |TAMS 0x0000000706e00000, 0x0000000706c00000| Untracked 
|  49|0x0000000706e00000, 0x0000000707000000, 0x0000000707000000|100%| O|  |TAMS 0x0000000707000000, 0x0000000706e00000| Untracked 
|  50|0x0000000707000000, 0x0000000707200000, 0x0000000707200000|100%| O|  |TAMS 0x0000000707200000, 0x0000000707000000| Untracked 
|  51|0x0000000707200000, 0x0000000707400000, 0x0000000707400000|100%| O|  |TAMS 0x0000000707400000, 0x0000000707200000| Untracked 
|  52|0x0000000707400000, 0x0000000707600000, 0x0000000707600000|100%| O|  |TAMS 0x0000000707600000, 0x0000000707400000| Untracked 
|  53|0x0000000707600000, 0x0000000707800000, 0x0000000707800000|100%| O|  |TAMS 0x0000000707800000, 0x0000000707600000| Untracked 
|  54|0x0000000707800000, 0x0000000707a00000, 0x0000000707a00000|100%| O|  |TAMS 0x0000000707a00000, 0x0000000707800000| Untracked 
|  55|0x0000000707a00000, 0x0000000707c00000, 0x0000000707c00000|100%| O|  |TAMS 0x0000000707c00000, 0x0000000707a00000| Untracked 
|  56|0x0000000707c00000, 0x0000000707e00000, 0x0000000707e00000|100%| O|  |TAMS 0x0000000707e00000, 0x0000000707c00000| Untracked 
|  57|0x0000000707e00000, 0x0000000708000000, 0x0000000708000000|100%| O|  |TAMS 0x0000000708000000, 0x0000000707e00000| Untracked 
|  58|0x0000000708000000, 0x0000000708200000, 0x0000000708200000|100%| O|  |TAMS 0x0000000708200000, 0x0000000708000000| Untracked 
|  59|0x0000000708200000, 0x0000000708400000, 0x0000000708400000|100%| O|  |TAMS 0x0000000708400000, 0x0000000708200000| Untracked 
|  60|0x0000000708400000, 0x0000000708600000, 0x0000000708600000|100%| O|  |TAMS 0x0000000708600000, 0x0000000708400000| Untracked 
|  61|0x0000000708600000, 0x0000000708800000, 0x0000000708800000|100%| O|  |TAMS 0x0000000708800000, 0x0000000708600000| Untracked 
|  62|0x0000000708800000, 0x0000000708a00000, 0x0000000708a00000|100%| O|  |TAMS 0x0000000708a00000, 0x0000000708800000| Untracked 
|  63|0x0000000708a00000, 0x0000000708c00000, 0x0000000708c00000|100%| O|  |TAMS 0x0000000708c00000, 0x0000000708a00000| Untracked 
|  64|0x0000000708c00000, 0x0000000708e00000, 0x0000000708e00000|100%| O|  |TAMS 0x0000000708e00000, 0x0000000708c00000| Untracked 
|  65|0x0000000708e00000, 0x0000000709000000, 0x0000000709000000|100%| O|  |TAMS 0x0000000708e00000, 0x0000000708e00000| Untracked 
|  66|0x0000000709000000, 0x0000000709200000, 0x0000000709200000|100%| O|  |TAMS 0x0000000709000000, 0x0000000709000000| Untracked 
|  67|0x0000000709200000, 0x0000000709400000, 0x0000000709400000|100%| O|  |TAMS 0x0000000709200000, 0x0000000709200000| Untracked 
|  68|0x0000000709400000, 0x0000000709600000, 0x0000000709600000|100%| O|  |TAMS 0x0000000709400000, 0x0000000709400000| Untracked 
|  69|0x0000000709600000, 0x0000000709800000, 0x0000000709800000|100%| O|  |TAMS 0x0000000709600000, 0x0000000709600000| Untracked 
|  70|0x0000000709800000, 0x0000000709a00000, 0x0000000709a00000|100%| O|  |TAMS 0x0000000709800000, 0x0000000709800000| Untracked 
|  71|0x0000000709a00000, 0x0000000709c00000, 0x0000000709c00000|100%| O|  |TAMS 0x0000000709a00000, 0x0000000709a00000| Untracked 
|  72|0x0000000709c00000, 0x0000000709e00000, 0x0000000709e00000|100%| O|  |TAMS 0x0000000709c00000, 0x0000000709c00000| Untracked 
|  73|0x0000000709e00000, 0x000000070a000000, 0x000000070a000000|100%| O|  |TAMS 0x0000000709e00000, 0x0000000709e00000| Untracked 
|  74|0x000000070a000000, 0x000000070a200000, 0x000000070a200000|100%| O|  |TAMS 0x000000070a000000, 0x000000070a000000| Untracked 
|  75|0x000000070a200000, 0x000000070a400000, 0x000000070a400000|100%| O|  |TAMS 0x000000070a200000, 0x000000070a200000| Untracked 
|  76|0x000000070a400000, 0x000000070a600000, 0x000000070a600000|100%| O|  |TAMS 0x000000070a400000, 0x000000070a400000| Untracked 
|  77|0x000000070a600000, 0x000000070a800000, 0x000000070a800000|100%| O|  |TAMS 0x000000070a600000, 0x000000070a600000| Untracked 
|  78|0x000000070a800000, 0x000000070aa00000, 0x000000070aa00000|100%| O|  |TAMS 0x000000070a800000, 0x000000070a800000| Untracked 
|  79|0x000000070aa00000, 0x000000070ac00000, 0x000000070ac00000|100%| O|  |TAMS 0x000000070aa00000, 0x000000070aa00000| Untracked 
|  80|0x000000070ac00000, 0x000000070ae00000, 0x000000070ae00000|100%| O|  |TAMS 0x000000070ac00000, 0x000000070ac00000| Untracked 
|  81|0x000000070ae00000, 0x000000070b000000, 0x000000070b000000|100%| O|  |TAMS 0x000000070ae00000, 0x000000070ae00000| Untracked 
|  82|0x000000070b000000, 0x000000070b200000, 0x000000070b200000|100%| O|  |TAMS 0x000000070b000000, 0x000000070b000000| Untracked 
|  83|0x000000070b200000, 0x000000070b400000, 0x000000070b400000|100%| O|  |TAMS 0x000000070b200000, 0x000000070b200000| Untracked 
|  84|0x000000070b400000, 0x000000070b600000, 0x000000070b600000|100%| O|  |TAMS 0x000000070b400000, 0x000000070b400000| Untracked 
|  85|0x000000070b600000, 0x000000070b800000, 0x000000070b800000|100%| O|  |TAMS 0x000000070b600000, 0x000000070b600000| Untracked 
|  86|0x000000070b800000, 0x000000070ba00000, 0x000000070ba00000|100%| O|  |TAMS 0x000000070b800000, 0x000000070b800000| Untracked 
|  87|0x000000070ba00000, 0x000000070bc00000, 0x000000070bc00000|100%| O|  |TAMS 0x000000070ba00000, 0x000000070ba00000| Untracked 
|  88|0x000000070bc00000, 0x000000070be00000, 0x000000070be00000|100%| O|  |TAMS 0x000000070bc00000, 0x000000070bc00000| Untracked 
|  89|0x000000070be00000, 0x000000070c000000, 0x000000070c000000|100%| O|  |TAMS 0x000000070be00000, 0x000000070be00000| Untracked 
|  90|0x000000070c000000, 0x000000070c200000, 0x000000070c200000|100%| O|  |TAMS 0x000000070c000000, 0x000000070c000000| Untracked 
|  91|0x000000070c200000, 0x000000070c2e9800, 0x000000070c400000| 45%| O|  |TAMS 0x000000070c200000, 0x000000070c200000| Untracked 
|  92|0x000000070c400000, 0x000000070c600000, 0x000000070c600000|100%| O|  |TAMS 0x000000070c400000, 0x000000070c400000| Untracked 
|  93|0x000000070c600000, 0x000000070c800000, 0x000000070c800000|100%| O|  |TAMS 0x000000070c600000, 0x000000070c600000| Untracked 
|  94|0x000000070c800000, 0x000000070ca00000, 0x000000070ca00000|100%| O|  |TAMS 0x000000070c800000, 0x000000070c800000| Untracked 
|  95|0x000000070ca00000, 0x000000070cc00000, 0x000000070cc00000|100%| O|  |TAMS 0x000000070ca00000, 0x000000070ca00000| Untracked 
|  96|0x000000070cc00000, 0x000000070ce00000, 0x000000070ce00000|100%| O|  |TAMS 0x000000070cc00000, 0x000000070cc00000| Untracked 
|  97|0x000000070ce00000, 0x000000070d000000, 0x000000070d000000|100%| O|  |TAMS 0x000000070ce00000, 0x000000070ce00000| Untracked 
|  98|0x000000070d000000, 0x000000070d200000, 0x000000070d200000|100%| O|  |TAMS 0x000000070d000000, 0x000000070d000000| Untracked 
|  99|0x000000070d200000, 0x000000070d400000, 0x000000070d400000|100%| O|  |TAMS 0x000000070d200000, 0x000000070d200000| Untracked 
| 100|0x000000070d400000, 0x000000070d600000, 0x000000070d600000|100%| O|  |TAMS 0x000000070d400000, 0x000000070d400000| Untracked 
| 101|0x000000070d600000, 0x000000070d800000, 0x000000070d800000|100%| O|  |TAMS 0x000000070d600000, 0x000000070d600000| Untracked 
| 102|0x000000070d800000, 0x000000070da00000, 0x000000070da00000|100%| O|  |TAMS 0x000000070d800000, 0x000000070d800000| Untracked 
| 103|0x000000070da00000, 0x000000070dc00000, 0x000000070dc00000|100%| O|  |TAMS 0x000000070da00000, 0x000000070da00000| Untracked 
| 104|0x000000070dc00000, 0x000000070de00000, 0x000000070de00000|100%| O|  |TAMS 0x000000070dc00000, 0x000000070dc00000| Untracked 
| 105|0x000000070de00000, 0x000000070e000000, 0x000000070e000000|100%| O|  |TAMS 0x000000070de00000, 0x000000070de00000| Untracked 
| 106|0x000000070e000000, 0x000000070e200000, 0x000000070e200000|100%| O|  |TAMS 0x000000070e000000, 0x000000070e000000| Untracked 
| 107|0x000000070e200000, 0x000000070e400000, 0x000000070e400000|100%| O|  |TAMS 0x000000070e200000, 0x000000070e200000| Untracked 
| 108|0x000000070e400000, 0x000000070e600000, 0x000000070e600000|100%| O|  |TAMS 0x000000070e400000, 0x000000070e400000| Untracked 
| 109|0x000000070e600000, 0x000000070e800000, 0x000000070e800000|100%| O|  |TAMS 0x000000070e600000, 0x000000070e600000| Untracked 
| 110|0x000000070e800000, 0x000000070ea00000, 0x000000070ea00000|100%| O|  |TAMS 0x000000070e800000, 0x000000070e800000| Untracked 
| 111|0x000000070ea00000, 0x000000070ec00000, 0x000000070ec00000|100%| O|  |TAMS 0x000000070ea00000, 0x000000070ea00000| Untracked 
| 112|0x000000070ec00000, 0x000000070ee00000, 0x000000070ee00000|100%| O|  |TAMS 0x000000070ec00000, 0x000000070ec00000| Untracked 
| 113|0x000000070ee00000, 0x000000070f000000, 0x000000070f000000|100%| O|  |TAMS 0x000000070ee00000, 0x000000070ee00000| Untracked 
| 114|0x000000070f000000, 0x000000070f200000, 0x000000070f200000|100%| O|  |TAMS 0x000000070f000000, 0x000000070f000000| Untracked 
| 115|0x000000070f200000, 0x000000070f400000, 0x000000070f400000|100%| O|  |TAMS 0x000000070f200000, 0x000000070f200000| Untracked 
| 116|0x000000070f400000, 0x000000070f600000, 0x000000070f600000|100%| O|  |TAMS 0x000000070f400000, 0x000000070f400000| Untracked 
| 117|0x000000070f600000, 0x000000070f800000, 0x000000070f800000|100%| O|  |TAMS 0x000000070f600000, 0x000000070f600000| Untracked 
| 118|0x000000070f800000, 0x000000070fa00000, 0x000000070fa00000|100%| O|  |TAMS 0x000000070f800000, 0x000000070f800000| Untracked 
| 119|0x000000070fa00000, 0x000000070fc00000, 0x000000070fc00000|100%| O|  |TAMS 0x000000070fa00000, 0x000000070fa00000| Untracked 
| 120|0x000000070fc00000, 0x000000070fe00000, 0x000000070fe00000|100%| O|  |TAMS 0x000000070fc00000, 0x000000070fc00000| Untracked 
| 121|0x000000070fe00000, 0x0000000710000000, 0x0000000710000000|100%| O|  |TAMS 0x000000070fe00000, 0x000000070fe00000| Untracked 
| 122|0x0000000710000000, 0x0000000710200000, 0x0000000710200000|100%| O|  |TAMS 0x0000000710000000, 0x0000000710000000| Untracked 
| 123|0x0000000710200000, 0x0000000710400000, 0x0000000710400000|100%| O|  |TAMS 0x0000000710200000, 0x0000000710200000| Untracked 
| 124|0x0000000710400000, 0x0000000710600000, 0x0000000710600000|100%| O|  |TAMS 0x0000000710400000, 0x0000000710400000| Untracked 
| 125|0x0000000710600000, 0x0000000710800000, 0x0000000710800000|100%| O|  |TAMS 0x0000000710600000, 0x0000000710600000| Untracked 
| 126|0x0000000710800000, 0x0000000710a00000, 0x0000000710a00000|100%| O|  |TAMS 0x0000000710800000, 0x0000000710800000| Untracked 
| 127|0x0000000710a00000, 0x0000000710c00000, 0x0000000710c00000|100%| O|  |TAMS 0x0000000710a00000, 0x0000000710a00000| Untracked 
| 128|0x0000000710c00000, 0x0000000710e00000, 0x0000000710e00000|100%| O|  |TAMS 0x0000000710c00000, 0x0000000710c00000| Untracked 
| 129|0x0000000710e00000, 0x0000000711000000, 0x0000000711000000|100%| O|  |TAMS 0x0000000710e00000, 0x0000000710e00000| Untracked 
| 130|0x0000000711000000, 0x0000000711200000, 0x0000000711200000|100%| O|  |TAMS 0x0000000711000000, 0x0000000711000000| Untracked 
| 131|0x0000000711200000, 0x0000000711400000, 0x0000000711400000|100%| O|  |TAMS 0x0000000711200000, 0x0000000711200000| Untracked 
| 132|0x0000000711400000, 0x0000000711600000, 0x0000000711600000|100%| O|  |TAMS 0x0000000711400000, 0x0000000711400000| Untracked 
| 133|0x0000000711600000, 0x0000000711800000, 0x0000000711800000|100%| O|  |TAMS 0x0000000711600000, 0x0000000711600000| Untracked 
| 134|0x0000000711800000, 0x0000000711a00000, 0x0000000711a00000|100%| O|  |TAMS 0x0000000711800000, 0x0000000711800000| Untracked 
| 135|0x0000000711a00000, 0x0000000711c00000, 0x0000000711c00000|100%| O|  |TAMS 0x0000000711a00000, 0x0000000711a00000| Untracked 
| 136|0x0000000711c00000, 0x0000000711e00000, 0x0000000711e00000|100%| O|  |TAMS 0x0000000711c00000, 0x0000000711c00000| Untracked 
| 137|0x0000000711e00000, 0x0000000712000000, 0x0000000712000000|100%| O|  |TAMS 0x0000000711e00000, 0x0000000711e00000| Untracked 
| 138|0x0000000712000000, 0x0000000712200000, 0x0000000712200000|100%| O|  |TAMS 0x0000000712000000, 0x0000000712000000| Untracked 
| 139|0x0000000712200000, 0x0000000712400000, 0x0000000712400000|100%| O|  |TAMS 0x0000000712200000, 0x0000000712200000| Untracked 
| 140|0x0000000712400000, 0x0000000712600000, 0x0000000712600000|100%| O|  |TAMS 0x0000000712400000, 0x0000000712400000| Untracked 
| 141|0x0000000712600000, 0x0000000712800000, 0x0000000712800000|100%| O|  |TAMS 0x0000000712600000, 0x0000000712600000| Untracked 
| 142|0x0000000712800000, 0x0000000712a00000, 0x0000000712a00000|100%| O|  |TAMS 0x0000000712800000, 0x0000000712800000| Untracked 
| 143|0x0000000712a00000, 0x0000000712c00000, 0x0000000712c00000|100%| O|  |TAMS 0x0000000712a00000, 0x0000000712a00000| Untracked 
| 144|0x0000000712c00000, 0x0000000712e00000, 0x0000000712e00000|100%| O|  |TAMS 0x0000000712c00000, 0x0000000712c00000| Untracked 
| 145|0x0000000712e00000, 0x0000000713000000, 0x0000000713000000|100%| O|  |TAMS 0x0000000712e00000, 0x0000000712e00000| Untracked 
| 146|0x0000000713000000, 0x0000000713200000, 0x0000000713200000|100%| O|  |TAMS 0x0000000713000000, 0x0000000713000000| Untracked 
| 147|0x0000000713200000, 0x0000000713400000, 0x0000000713400000|100%| O|  |TAMS 0x0000000713200000, 0x0000000713200000| Untracked 
| 148|0x0000000713400000, 0x0000000713600000, 0x0000000713600000|100%| O|  |TAMS 0x0000000713400000, 0x0000000713400000| Untracked 
| 149|0x0000000713600000, 0x0000000713800000, 0x0000000713800000|100%| O|  |TAMS 0x0000000713600000, 0x0000000713600000| Untracked 
| 150|0x0000000713800000, 0x0000000713a00000, 0x0000000713a00000|100%| O|  |TAMS 0x0000000713800000, 0x0000000713800000| Untracked 
| 151|0x0000000713a00000, 0x0000000713c00000, 0x0000000713c00000|100%| O|  |TAMS 0x0000000713a00000, 0x0000000713a00000| Untracked 
| 152|0x0000000713c00000, 0x0000000713e00000, 0x0000000713e00000|100%| O|  |TAMS 0x0000000713c00000, 0x0000000713c00000| Untracked 
| 153|0x0000000713e00000, 0x0000000714000000, 0x0000000714000000|100%| O|  |TAMS 0x0000000713e00000, 0x0000000713e00000| Untracked 
| 154|0x0000000714000000, 0x0000000714200000, 0x0000000714200000|100%| O|  |TAMS 0x0000000714000000, 0x0000000714000000| Untracked 
| 155|0x0000000714200000, 0x0000000714400000, 0x0000000714400000|100%| O|  |TAMS 0x0000000714200000, 0x0000000714200000| Untracked 
| 156|0x0000000714400000, 0x0000000714600000, 0x0000000714600000|100%| O|  |TAMS 0x0000000714400000, 0x0000000714400000| Untracked 
| 157|0x0000000714600000, 0x0000000714800000, 0x0000000714800000|100%| O|  |TAMS 0x0000000714600000, 0x0000000714600000| Untracked 
| 158|0x0000000714800000, 0x0000000714a00000, 0x0000000714a00000|100%| O|  |TAMS 0x0000000714800000, 0x0000000714800000| Untracked 
| 159|0x0000000714a00000, 0x0000000714c00000, 0x0000000714c00000|100%| O|  |TAMS 0x0000000714a00000, 0x0000000714a00000| Untracked 
| 160|0x0000000714c00000, 0x0000000714e00000, 0x0000000714e00000|100%| O|  |TAMS 0x0000000714c00000, 0x0000000714c00000| Untracked 
| 161|0x0000000714e00000, 0x0000000715000000, 0x0000000715000000|100%| O|  |TAMS 0x0000000714e00000, 0x0000000714e00000| Untracked 
| 162|0x0000000715000000, 0x0000000715200000, 0x0000000715200000|100%| O|  |TAMS 0x0000000715000000, 0x0000000715000000| Untracked 
| 163|0x0000000715200000, 0x0000000715400000, 0x0000000715400000|100%| O|  |TAMS 0x0000000715200000, 0x0000000715200000| Untracked 
| 164|0x0000000715400000, 0x0000000715600000, 0x0000000715600000|100%| O|  |TAMS 0x0000000715400000, 0x0000000715400000| Untracked 
| 165|0x0000000715600000, 0x0000000715800000, 0x0000000715800000|100%| O|  |TAMS 0x0000000715600000, 0x0000000715600000| Untracked 
| 166|0x0000000715800000, 0x0000000715a00000, 0x0000000715a00000|100%| O|  |TAMS 0x0000000715800000, 0x0000000715800000| Untracked 
| 167|0x0000000715a00000, 0x0000000715c00000, 0x0000000715c00000|100%| O|  |TAMS 0x0000000715a00000, 0x0000000715a00000| Untracked 
| 168|0x0000000715c00000, 0x0000000715e00000, 0x0000000715e00000|100%| O|  |TAMS 0x0000000715c00000, 0x0000000715c00000| Untracked 
| 169|0x0000000715e00000, 0x0000000716000000, 0x0000000716000000|100%| O|  |TAMS 0x0000000715e00000, 0x0000000715e00000| Untracked 
| 170|0x0000000716000000, 0x0000000716200000, 0x0000000716200000|100%| O|  |TAMS 0x0000000716000000, 0x0000000716000000| Untracked 
| 171|0x0000000716200000, 0x0000000716400000, 0x0000000716400000|100%| O|  |TAMS 0x0000000716200000, 0x0000000716200000| Untracked 
| 172|0x0000000716400000, 0x0000000716600000, 0x0000000716600000|100%| O|  |TAMS 0x0000000716400000, 0x0000000716400000| Untracked 
| 173|0x0000000716600000, 0x0000000716800000, 0x0000000716800000|100%| O|  |TAMS 0x0000000716600000, 0x0000000716600000| Untracked 
| 174|0x0000000716800000, 0x0000000716a00000, 0x0000000716a00000|100%| O|  |TAMS 0x0000000716800000, 0x0000000716800000| Untracked 
| 175|0x0000000716a00000, 0x0000000716c00000, 0x0000000716c00000|100%| O|  |TAMS 0x0000000716a00000, 0x0000000716a00000| Untracked 
| 176|0x0000000716c00000, 0x0000000716e00000, 0x0000000716e00000|100%| O|  |TAMS 0x0000000716c00000, 0x0000000716c00000| Untracked 
| 177|0x0000000716e00000, 0x0000000717000000, 0x0000000717000000|100%| O|  |TAMS 0x0000000716e00000, 0x0000000716e00000| Untracked 
| 178|0x0000000717000000, 0x0000000717200000, 0x0000000717200000|100%| O|  |TAMS 0x0000000717000000, 0x0000000717000000| Untracked 
| 179|0x0000000717200000, 0x0000000717400000, 0x0000000717400000|100%| O|  |TAMS 0x0000000717200000, 0x0000000717200000| Untracked 
| 180|0x0000000717400000, 0x0000000717600000, 0x0000000717600000|100%| O|  |TAMS 0x0000000717400000, 0x0000000717400000| Untracked 
| 181|0x0000000717600000, 0x0000000717800000, 0x0000000717800000|100%| O|  |TAMS 0x0000000717600000, 0x0000000717600000| Untracked 
| 182|0x0000000717800000, 0x0000000717a00000, 0x0000000717a00000|100%| O|  |TAMS 0x0000000717800000, 0x0000000717800000| Untracked 
| 183|0x0000000717a00000, 0x0000000717c00000, 0x0000000717c00000|100%| O|  |TAMS 0x0000000717a00000, 0x0000000717a00000| Untracked 
| 184|0x0000000717c00000, 0x0000000717e00000, 0x0000000717e00000|100%| O|  |TAMS 0x0000000717c00000, 0x0000000717c00000| Untracked 
| 185|0x0000000717e00000, 0x0000000718000000, 0x0000000718000000|100%| O|  |TAMS 0x0000000717e00000, 0x0000000717e00000| Untracked 
| 186|0x0000000718000000, 0x0000000718200000, 0x0000000718200000|100%| O|  |TAMS 0x0000000718000000, 0x0000000718000000| Untracked 
| 187|0x0000000718200000, 0x0000000718400000, 0x0000000718400000|100%| O|  |TAMS 0x0000000718200000, 0x0000000718200000| Untracked 
| 188|0x0000000718400000, 0x0000000718587800, 0x0000000718600000| 76%| O|  |TAMS 0x0000000718400000, 0x0000000718400000| Untracked 
| 189|0x0000000718600000, 0x0000000718600000, 0x0000000718800000|  0%| F|  |TAMS 0x0000000718600000, 0x0000000718600000| Untracked 
| 190|0x0000000718800000, 0x0000000718800000, 0x0000000718a00000|  0%| F|  |TAMS 0x0000000718800000, 0x0000000718800000| Untracked 
| 191|0x0000000718a00000, 0x0000000718a00000, 0x0000000718c00000|  0%| F|  |TAMS 0x0000000718a00000, 0x0000000718a00000| Untracked 
| 192|0x0000000718c00000, 0x0000000718c00000, 0x0000000718e00000|  0%| F|  |TAMS 0x0000000718c00000, 0x0000000718c00000| Untracked 
| 193|0x0000000718e00000, 0x0000000718e00000, 0x0000000719000000|  0%| F|  |TAMS 0x0000000718e00000, 0x0000000718e00000| Untracked 
| 194|0x0000000719000000, 0x0000000719000000, 0x0000000719200000|  0%| F|  |TAMS 0x0000000719000000, 0x0000000719000000| Untracked 
| 195|0x0000000719200000, 0x0000000719200000, 0x0000000719400000|  0%| F|  |TAMS 0x0000000719200000, 0x0000000719200000| Untracked 
| 196|0x0000000719400000, 0x0000000719400000, 0x0000000719600000|  0%| F|  |TAMS 0x0000000719400000, 0x0000000719400000| Untracked 
| 197|0x0000000719600000, 0x0000000719600000, 0x0000000719800000|  0%| F|  |TAMS 0x0000000719600000, 0x0000000719600000| Untracked 
| 198|0x0000000719800000, 0x0000000719800000, 0x0000000719a00000|  0%| F|  |TAMS 0x0000000719800000, 0x0000000719800000| Untracked 
| 199|0x0000000719a00000, 0x0000000719a00000, 0x0000000719c00000|  0%| F|  |TAMS 0x0000000719a00000, 0x0000000719a00000| Untracked 
| 200|0x0000000719c00000, 0x0000000719c00000, 0x0000000719e00000|  0%| F|  |TAMS 0x0000000719c00000, 0x0000000719c00000| Untracked 
| 201|0x0000000719e00000, 0x0000000719e00000, 0x000000071a000000|  0%| F|  |TAMS 0x0000000719e00000, 0x0000000719e00000| Untracked 
| 202|0x000000071a000000, 0x000000071a000000, 0x000000071a200000|  0%| F|  |TAMS 0x000000071a000000, 0x000000071a000000| Untracked 
| 203|0x000000071a200000, 0x000000071a200000, 0x000000071a400000|  0%| F|  |TAMS 0x000000071a200000, 0x000000071a200000| Untracked 
| 204|0x000000071a400000, 0x000000071a400000, 0x000000071a600000|  0%| F|  |TAMS 0x000000071a400000, 0x000000071a400000| Untracked 
| 205|0x000000071a600000, 0x000000071a600000, 0x000000071a800000|  0%| F|  |TAMS 0x000000071a600000, 0x000000071a600000| Untracked 
| 206|0x000000071a800000, 0x000000071a800000, 0x000000071aa00000|  0%| F|  |TAMS 0x000000071a800000, 0x000000071a800000| Untracked 
| 207|0x000000071aa00000, 0x000000071aa00000, 0x000000071ac00000|  0%| F|  |TAMS 0x000000071aa00000, 0x000000071aa00000| Untracked 
| 208|0x000000071ac00000, 0x000000071ac00000, 0x000000071ae00000|  0%| F|  |TAMS 0x000000071ac00000, 0x000000071ac00000| Untracked 
| 209|0x000000071ae00000, 0x000000071ae00000, 0x000000071b000000|  0%| F|  |TAMS 0x000000071ae00000, 0x000000071ae00000| Untracked 
| 210|0x000000071b000000, 0x000000071b000000, 0x000000071b200000|  0%| F|  |TAMS 0x000000071b000000, 0x000000071b000000| Untracked 
| 211|0x000000071b200000, 0x000000071b200000, 0x000000071b400000|  0%| F|  |TAMS 0x000000071b200000, 0x000000071b200000| Untracked 
| 212|0x000000071b400000, 0x000000071b400000, 0x000000071b600000|  0%| F|  |TAMS 0x000000071b400000, 0x000000071b400000| Untracked 
| 213|0x000000071b600000, 0x000000071b600000, 0x000000071b800000|  0%| F|  |TAMS 0x000000071b600000, 0x000000071b600000| Untracked 
| 214|0x000000071b800000, 0x000000071b800000, 0x000000071ba00000|  0%| F|  |TAMS 0x000000071b800000, 0x000000071b800000| Untracked 
| 215|0x000000071ba00000, 0x000000071ba00000, 0x000000071bc00000|  0%| F|  |TAMS 0x000000071ba00000, 0x000000071ba00000| Untracked 
| 216|0x000000071bc00000, 0x000000071bc00000, 0x000000071be00000|  0%| F|  |TAMS 0x000000071bc00000, 0x000000071bc00000| Untracked 
| 217|0x000000071be00000, 0x000000071be00000, 0x000000071c000000|  0%| F|  |TAMS 0x000000071be00000, 0x000000071be00000| Untracked 
| 218|0x000000071c000000, 0x000000071c000000, 0x000000071c200000|  0%| F|  |TAMS 0x000000071c000000, 0x000000071c000000| Untracked 
| 219|0x000000071c200000, 0x000000071c200000, 0x000000071c400000|  0%| F|  |TAMS 0x000000071c200000, 0x000000071c200000| Untracked 
| 220|0x000000071c400000, 0x000000071c400000, 0x000000071c600000|  0%| F|  |TAMS 0x000000071c400000, 0x000000071c400000| Untracked 
| 221|0x000000071c600000, 0x000000071c600000, 0x000000071c800000|  0%| F|  |TAMS 0x000000071c600000, 0x000000071c600000| Untracked 
| 222|0x000000071c800000, 0x000000071c800000, 0x000000071ca00000|  0%| F|  |TAMS 0x000000071c800000, 0x000000071c800000| Untracked 
| 223|0x000000071ca00000, 0x000000071ca00000, 0x000000071cc00000|  0%| F|  |TAMS 0x000000071ca00000, 0x000000071ca00000| Untracked 
| 224|0x000000071cc00000, 0x000000071cc00000, 0x000000071ce00000|  0%| F|  |TAMS 0x000000071cc00000, 0x000000071cc00000| Untracked 
| 225|0x000000071ce00000, 0x000000071ce00000, 0x000000071d000000|  0%| F|  |TAMS 0x000000071ce00000, 0x000000071ce00000| Untracked 
| 226|0x000000071d000000, 0x000000071d000000, 0x000000071d200000|  0%| F|  |TAMS 0x000000071d000000, 0x000000071d000000| Untracked 
| 227|0x000000071d200000, 0x000000071d200000, 0x000000071d400000|  0%| F|  |TAMS 0x000000071d200000, 0x000000071d200000| Untracked 
| 228|0x000000071d400000, 0x000000071d400000, 0x000000071d600000|  0%| F|  |TAMS 0x000000071d400000, 0x000000071d400000| Untracked 
| 229|0x000000071d600000, 0x000000071d600000, 0x000000071d800000|  0%| F|  |TAMS 0x000000071d600000, 0x000000071d600000| Untracked 
| 230|0x000000071d800000, 0x000000071d800000, 0x000000071da00000|  0%| F|  |TAMS 0x000000071d800000, 0x000000071d800000| Untracked 
| 231|0x000000071da00000, 0x000000071da00000, 0x000000071dc00000|  0%| F|  |TAMS 0x000000071da00000, 0x000000071da00000| Untracked 
| 232|0x000000071dc00000, 0x000000071dc00000, 0x000000071de00000|  0%| F|  |TAMS 0x000000071dc00000, 0x000000071dc00000| Untracked 
| 233|0x000000071de00000, 0x000000071de00000, 0x000000071e000000|  0%| F|  |TAMS 0x000000071de00000, 0x000000071de00000| Untracked 
| 234|0x000000071e000000, 0x000000071e000000, 0x000000071e200000|  0%| F|  |TAMS 0x000000071e000000, 0x000000071e000000| Untracked 
| 235|0x000000071e200000, 0x000000071e200000, 0x000000071e400000|  0%| F|  |TAMS 0x000000071e200000, 0x000000071e200000| Untracked 
| 236|0x000000071e400000, 0x000000071e400000, 0x000000071e600000|  0%| F|  |TAMS 0x000000071e400000, 0x000000071e400000| Untracked 
| 237|0x000000071e600000, 0x000000071e600000, 0x000000071e800000|  0%| F|  |TAMS 0x000000071e600000, 0x000000071e600000| Untracked 
| 238|0x000000071e800000, 0x000000071e800000, 0x000000071ea00000|  0%| F|  |TAMS 0x000000071e800000, 0x000000071e800000| Untracked 
| 239|0x000000071ea00000, 0x000000071ea00000, 0x000000071ec00000|  0%| F|  |TAMS 0x000000071ea00000, 0x000000071ea00000| Untracked 
| 240|0x000000071ec00000, 0x000000071ec00000, 0x000000071ee00000|  0%| F|  |TAMS 0x000000071ec00000, 0x000000071ec00000| Untracked 
| 241|0x000000071ee00000, 0x000000071ee00000, 0x000000071f000000|  0%| F|  |TAMS 0x000000071ee00000, 0x000000071ee00000| Untracked 
| 242|0x000000071f000000, 0x000000071f000000, 0x000000071f200000|  0%| F|  |TAMS 0x000000071f000000, 0x000000071f000000| Untracked 
| 243|0x000000071f200000, 0x000000071f200000, 0x000000071f400000|  0%| F|  |TAMS 0x000000071f200000, 0x000000071f200000| Untracked 
| 244|0x000000071f400000, 0x000000071f400000, 0x000000071f600000|  0%| F|  |TAMS 0x000000071f400000, 0x000000071f400000| Untracked 
| 245|0x000000071f600000, 0x000000071f600000, 0x000000071f800000|  0%| F|  |TAMS 0x000000071f600000, 0x000000071f600000| Untracked 
| 246|0x000000071f800000, 0x000000071f800000, 0x000000071fa00000|  0%| F|  |TAMS 0x000000071f800000, 0x000000071f800000| Untracked 
| 247|0x000000071fa00000, 0x000000071fa00000, 0x000000071fc00000|  0%| F|  |TAMS 0x000000071fa00000, 0x000000071fa00000| Untracked 
| 248|0x000000071fc00000, 0x000000071fc00000, 0x000000071fe00000|  0%| F|  |TAMS 0x000000071fc00000, 0x000000071fc00000| Untracked 
| 249|0x000000071fe00000, 0x000000071fe00000, 0x0000000720000000|  0%| F|  |TAMS 0x000000071fe00000, 0x000000071fe00000| Untracked 
| 250|0x0000000720000000, 0x0000000720000000, 0x0000000720200000|  0%| F|  |TAMS 0x0000000720000000, 0x0000000720000000| Untracked 
| 251|0x0000000720200000, 0x0000000720200000, 0x0000000720400000|  0%| F|  |TAMS 0x0000000720200000, 0x0000000720200000| Untracked 
| 252|0x0000000720400000, 0x0000000720400000, 0x0000000720600000|  0%| F|  |TAMS 0x0000000720400000, 0x0000000720400000| Untracked 
| 253|0x0000000720600000, 0x0000000720600000, 0x0000000720800000|  0%| F|  |TAMS 0x0000000720600000, 0x0000000720600000| Untracked 
| 254|0x0000000720800000, 0x0000000720800000, 0x0000000720a00000|  0%| F|  |TAMS 0x0000000720800000, 0x0000000720800000| Untracked 
| 255|0x0000000720a00000, 0x0000000720a00000, 0x0000000720c00000|  0%| F|  |TAMS 0x0000000720a00000, 0x0000000720a00000| Untracked 
| 256|0x0000000720c00000, 0x0000000720c00000, 0x0000000720e00000|  0%| F|  |TAMS 0x0000000720c00000, 0x0000000720c00000| Untracked 
| 257|0x0000000720e00000, 0x0000000720e00000, 0x0000000721000000|  0%| F|  |TAMS 0x0000000720e00000, 0x0000000720e00000| Untracked 
| 258|0x0000000721000000, 0x0000000721000000, 0x0000000721200000|  0%| F|  |TAMS 0x0000000721000000, 0x0000000721000000| Untracked 
| 259|0x0000000721200000, 0x0000000721200000, 0x0000000721400000|  0%| F|  |TAMS 0x0000000721200000, 0x0000000721200000| Untracked 
| 260|0x0000000721400000, 0x0000000721400000, 0x0000000721600000|  0%| F|  |TAMS 0x0000000721400000, 0x0000000721400000| Untracked 
| 261|0x0000000721600000, 0x0000000721600000, 0x0000000721800000|  0%| F|  |TAMS 0x0000000721600000, 0x0000000721600000| Untracked 
| 262|0x0000000721800000, 0x0000000721a00000, 0x0000000721a00000|100%| S|CS|TAMS 0x0000000721800000, 0x0000000721800000| Complete 
| 263|0x0000000721a00000, 0x0000000721c00000, 0x0000000721c00000|100%| S|CS|TAMS 0x0000000721a00000, 0x0000000721a00000| Complete 
| 264|0x0000000721c00000, 0x0000000721e00000, 0x0000000721e00000|100%| S|CS|TAMS 0x0000000721c00000, 0x0000000721c00000| Complete 
| 265|0x0000000721e00000, 0x0000000722000000, 0x0000000722000000|100%| S|CS|TAMS 0x0000000721e00000, 0x0000000721e00000| Complete 
| 266|0x0000000722000000, 0x0000000722000000, 0x0000000722200000|  0%| F|  |TAMS 0x0000000722000000, 0x0000000722000000| Untracked 
| 267|0x0000000722200000, 0x0000000722200000, 0x0000000722400000|  0%| F|  |TAMS 0x0000000722200000, 0x0000000722200000| Untracked 
| 268|0x0000000722400000, 0x0000000722400000, 0x0000000722600000|  0%| F|  |TAMS 0x0000000722400000, 0x0000000722400000| Untracked 
| 269|0x0000000722600000, 0x0000000722600000, 0x0000000722800000|  0%| F|  |TAMS 0x0000000722600000, 0x0000000722600000| Untracked 
| 270|0x0000000722800000, 0x0000000722800000, 0x0000000722a00000|  0%| F|  |TAMS 0x0000000722800000, 0x0000000722800000| Untracked 
| 271|0x0000000722a00000, 0x0000000722a00000, 0x0000000722c00000|  0%| F|  |TAMS 0x0000000722a00000, 0x0000000722a00000| Untracked 
| 272|0x0000000722c00000, 0x0000000722c00000, 0x0000000722e00000|  0%| F|  |TAMS 0x0000000722c00000, 0x0000000722c00000| Untracked 
| 273|0x0000000722e00000, 0x0000000723000000, 0x0000000723000000|100%| S|CS|TAMS 0x0000000722e00000, 0x0000000722e00000| Complete 
| 274|0x0000000723000000, 0x0000000723200000, 0x0000000723200000|100%| S|CS|TAMS 0x0000000723000000, 0x0000000723000000| Complete 
| 275|0x0000000723200000, 0x0000000723400000, 0x0000000723400000|100%| S|CS|TAMS 0x0000000723200000, 0x0000000723200000| Complete 
| 276|0x0000000723400000, 0x0000000723600000, 0x0000000723600000|100%| S|CS|TAMS 0x0000000723400000, 0x0000000723400000| Complete 
| 277|0x0000000723600000, 0x0000000723600000, 0x0000000723800000|  0%| F|  |TAMS 0x0000000723600000, 0x0000000723600000| Untracked 
| 278|0x0000000723800000, 0x0000000723800000, 0x0000000723a00000|  0%| F|  |TAMS 0x0000000723800000, 0x0000000723800000| Untracked 
| 279|0x0000000723a00000, 0x0000000723a00000, 0x0000000723c00000|  0%| F|  |TAMS 0x0000000723a00000, 0x0000000723a00000| Untracked 
| 280|0x0000000723c00000, 0x0000000723c00000, 0x0000000723e00000|  0%| F|  |TAMS 0x0000000723c00000, 0x0000000723c00000| Untracked 
| 281|0x0000000723e00000, 0x0000000723e00000, 0x0000000724000000|  0%| F|  |TAMS 0x0000000723e00000, 0x0000000723e00000| Untracked 
| 282|0x0000000724000000, 0x0000000724000000, 0x0000000724200000|  0%| F|  |TAMS 0x0000000724000000, 0x0000000724000000| Untracked 
| 283|0x0000000724200000, 0x0000000724200000, 0x0000000724400000|  0%| F|  |TAMS 0x0000000724200000, 0x0000000724200000| Untracked 
| 284|0x0000000724400000, 0x0000000724400000, 0x0000000724600000|  0%| F|  |TAMS 0x0000000724400000, 0x0000000724400000| Untracked 
| 285|0x0000000724600000, 0x0000000724600000, 0x0000000724800000|  0%| F|  |TAMS 0x0000000724600000, 0x0000000724600000| Untracked 
| 286|0x0000000724800000, 0x0000000724800000, 0x0000000724a00000|  0%| F|  |TAMS 0x0000000724800000, 0x0000000724800000| Untracked 
| 287|0x0000000724a00000, 0x0000000724a00000, 0x0000000724c00000|  0%| F|  |TAMS 0x0000000724a00000, 0x0000000724a00000| Untracked 
| 288|0x0000000724c00000, 0x0000000724c00000, 0x0000000724e00000|  0%| F|  |TAMS 0x0000000724c00000, 0x0000000724c00000| Untracked 
| 289|0x0000000724e00000, 0x0000000724e00000, 0x0000000725000000|  0%| F|  |TAMS 0x0000000724e00000, 0x0000000724e00000| Untracked 
| 290|0x0000000725000000, 0x0000000725000000, 0x0000000725200000|  0%| F|  |TAMS 0x0000000725000000, 0x0000000725000000| Untracked 
| 291|0x0000000725200000, 0x0000000725200000, 0x0000000725400000|  0%| F|  |TAMS 0x0000000725200000, 0x0000000725200000| Untracked 
| 292|0x0000000725400000, 0x0000000725400000, 0x0000000725600000|  0%| F|  |TAMS 0x0000000725400000, 0x0000000725400000| Untracked 
| 293|0x0000000725600000, 0x0000000725600000, 0x0000000725800000|  0%| F|  |TAMS 0x0000000725600000, 0x0000000725600000| Untracked 
| 294|0x0000000725800000, 0x0000000725800000, 0x0000000725a00000|  0%| F|  |TAMS 0x0000000725800000, 0x0000000725800000| Untracked 
| 295|0x0000000725a00000, 0x0000000725a00000, 0x0000000725c00000|  0%| F|  |TAMS 0x0000000725a00000, 0x0000000725a00000| Untracked 
| 296|0x0000000725c00000, 0x0000000725c00000, 0x0000000725e00000|  0%| F|  |TAMS 0x0000000725c00000, 0x0000000725c00000| Untracked 
| 297|0x0000000725e00000, 0x0000000725e00000, 0x0000000726000000|  0%| F|  |TAMS 0x0000000725e00000, 0x0000000725e00000| Untracked 
| 298|0x0000000726000000, 0x0000000726000000, 0x0000000726200000|  0%| F|  |TAMS 0x0000000726000000, 0x0000000726000000| Untracked 
| 299|0x0000000726200000, 0x0000000726200000, 0x0000000726400000|  0%| F|  |TAMS 0x0000000726200000, 0x0000000726200000| Untracked 
| 300|0x0000000726400000, 0x00000007265df510, 0x0000000726600000| 93%| E|  |TAMS 0x0000000726400000, 0x0000000726400000| Complete 
| 301|0x0000000726600000, 0x0000000726800000, 0x0000000726800000|100%| E|CS|TAMS 0x0000000726600000, 0x0000000726600000| Complete 
| 302|0x0000000726800000, 0x0000000726a00000, 0x0000000726a00000|100%| E|CS|TAMS 0x0000000726800000, 0x0000000726800000| Complete 
| 303|0x0000000726a00000, 0x0000000726c00000, 0x0000000726c00000|100%| E|CS|TAMS 0x0000000726a00000, 0x0000000726a00000| Complete 
| 304|0x0000000726c00000, 0x0000000726e00000, 0x0000000726e00000|100%| E|CS|TAMS 0x0000000726c00000, 0x0000000726c00000| Complete 
| 305|0x0000000726e00000, 0x0000000727000000, 0x0000000727000000|100%| E|CS|TAMS 0x0000000726e00000, 0x0000000726e00000| Complete 
| 306|0x0000000727000000, 0x0000000727200000, 0x0000000727200000|100%| E|CS|TAMS 0x0000000727000000, 0x0000000727000000| Complete 
| 307|0x0000000727200000, 0x0000000727400000, 0x0000000727400000|100%| E|CS|TAMS 0x0000000727200000, 0x0000000727200000| Complete 
| 308|0x0000000727400000, 0x0000000727600000, 0x0000000727600000|100%| E|CS|TAMS 0x0000000727400000, 0x0000000727400000| Complete 
| 309|0x0000000727600000, 0x0000000727800000, 0x0000000727800000|100%| E|CS|TAMS 0x0000000727600000, 0x0000000727600000| Complete 
| 310|0x0000000727800000, 0x0000000727a00000, 0x0000000727a00000|100%| E|CS|TAMS 0x0000000727800000, 0x0000000727800000| Complete 
| 311|0x0000000727a00000, 0x0000000727c00000, 0x0000000727c00000|100%| E|CS|TAMS 0x0000000727a00000, 0x0000000727a00000| Complete 
| 312|0x0000000727c00000, 0x0000000727e00000, 0x0000000727e00000|100%| E|CS|TAMS 0x0000000727c00000, 0x0000000727c00000| Complete 
| 313|0x0000000727e00000, 0x0000000728000000, 0x0000000728000000|100%| E|CS|TAMS 0x0000000727e00000, 0x0000000727e00000| Complete 
| 314|0x0000000728000000, 0x0000000728200000, 0x0000000728200000|100%| E|CS|TAMS 0x0000000728000000, 0x0000000728000000| Complete 
| 315|0x0000000728200000, 0x0000000728400000, 0x0000000728400000|100%| E|CS|TAMS 0x0000000728200000, 0x0000000728200000| Complete 
| 316|0x0000000728400000, 0x0000000728600000, 0x0000000728600000|100%| E|CS|TAMS 0x0000000728400000, 0x0000000728400000| Complete 
| 317|0x0000000728600000, 0x0000000728800000, 0x0000000728800000|100%| E|CS|TAMS 0x0000000728600000, 0x0000000728600000| Complete 
| 318|0x0000000728800000, 0x0000000728a00000, 0x0000000728a00000|100%| E|CS|TAMS 0x0000000728800000, 0x0000000728800000| Complete 
| 319|0x0000000728a00000, 0x0000000728c00000, 0x0000000728c00000|100%| E|CS|TAMS 0x0000000728a00000, 0x0000000728a00000| Complete 
| 320|0x0000000728c00000, 0x0000000728e00000, 0x0000000728e00000|100%| E|CS|TAMS 0x0000000728c00000, 0x0000000728c00000| Complete 
| 321|0x0000000728e00000, 0x0000000729000000, 0x0000000729000000|100%| E|CS|TAMS 0x0000000728e00000, 0x0000000728e00000| Complete 
| 322|0x0000000729000000, 0x0000000729200000, 0x0000000729200000|100%| E|CS|TAMS 0x0000000729000000, 0x0000000729000000| Complete 
| 349|0x000000072c600000, 0x000000072c800000, 0x000000072c800000|100%| E|CS|TAMS 0x000000072c600000, 0x000000072c600000| Complete 
| 350|0x000000072c800000, 0x000000072ca00000, 0x000000072ca00000|100%| E|CS|TAMS 0x000000072c800000, 0x000000072c800000| Complete 
| 351|0x000000072ca00000, 0x000000072cc00000, 0x000000072cc00000|100%| E|CS|TAMS 0x000000072ca00000, 0x000000072ca00000| Complete 
| 352|0x000000072cc00000, 0x000000072ce00000, 0x000000072ce00000|100%| E|CS|TAMS 0x000000072cc00000, 0x000000072cc00000| Complete 

Card table byte_map: [0x000001d5fcb20000,0x000001d5fd320000] _byte_map_base: 0x000001d5f931a000

Marking Bits (Prev, Next): (CMBitMap*) 0x000001d5f8cbc0d0, (CMBitMap*) 0x000001d5f8cbc090
 Prev Bits: [0x000001d592fd0000, 0x000001d596fa0000)
 Next Bits: [0x000001d58f000000, 0x000001d592fd0000)

Polling page: 0x000001d5f6c30000

Metaspace:

Usage:
  Non-class:     25.43 MB used.
      Class:      2.46 MB used.
       Both:     27.89 MB used.

Virtual space:
  Non-class space:       32.00 MB reserved,      25.56 MB ( 80%) committed,  4 nodes.
      Class space:        1.00 GB reserved,       2.62 MB ( <1%) committed,  1 nodes.
             Both:        1.03 GB reserved,      28.19 MB (  3%) committed. 

Chunk freelists:
   Non-Class:  2.09 MB
       Class:  1.24 MB
        Both:  3.33 MB

MaxMetaspaceSize: unlimited
CompressedClassSpaceSize: 1.00 GB
Initial GC threshold: 21.00 MB
Current GC threshold: 46.69 MB
CDS: off
MetaspaceReclaimPolicy: balanced
 - commit_granule_bytes: 65536.
 - commit_granule_words: 8192.
 - virtual_space_node_default_size: 1048576.
 - enlarge_chunks_in_place: 1.
 - new_chunks_are_fully_committed: 0.
 - uncommit_free_chunks: 1.
 - use_allocation_guard: 0.
 - handle_deallocations: 1.


Internal statistics:

num_allocs_failed_limit: 3.
num_arena_births: 226.
num_arena_deaths: 2.
num_vsnodes_births: 5.
num_vsnodes_deaths: 0.
num_space_committed: 449.
num_space_uncommitted: 0.
num_chunks_returned_to_freelist: 8.
num_chunks_taken_from_freelist: 900.
num_chunk_merges: 4.
num_chunk_splits: 627.
num_chunks_enlarged: 474.
num_purges: 2.
num_inconsistent_stats: 0.

CodeHeap 'non-profiled nmethods': size=120000Kb used=2881Kb max_used=2881Kb free=117118Kb
 bounds [0x000001d587ad0000, 0x000001d587db0000, 0x000001d58f000000]
CodeHeap 'profiled nmethods': size=120000Kb used=8883Kb max_used=10660Kb free=111116Kb
 bounds [0x000001d5805a0000, 0x000001d581010000, 0x000001d587ad0000]
CodeHeap 'non-nmethods': size=5760Kb used=1815Kb max_used=1922Kb free=3945Kb
 bounds [0x000001d580000000, 0x000001d580270000, 0x000001d5805a0000]
 total_blobs=5595 nmethods=4290 adapters=1216
 compilation: enabled
              stopped_count=0, restarted_count=0
 full_count=0

Compilation events (20 events):
Event: 13.730 Thread 0x000001d597c6a060 nmethod 5032 0x000001d587bfa490 code [0x000001d587bfa620, 0x000001d587bfa958]
Event: 13.730 Thread 0x000001d597c6a060 5033  s!   4       sun.nio.ch.NativeThreadSet::signalAndWait (134 bytes)
Event: 13.730 Thread 0x000001d597c6a060 nmethod 5033 0x000001d587c51d90 code [0x000001d587c51f00, 0x000001d587c520d8]
Event: 13.839 Thread 0x000001d597c6a960 5034   !   3       java.util.concurrent.ConcurrentHashMap$TreeBin::removeTreeNode (575 bytes)
Event: 13.840 Thread 0x000001d597c6a960 nmethod 5034 0x000001d580683d10 code [0x000001d580683fe0, 0x000001d5806857b8]
Event: 13.857 Thread 0x000001d597c6a060 5035       4       java.lang.CharacterDataLatin1::toUpperCaseEx (71 bytes)
Event: 13.857 Thread 0x000001d597c6a960 5036   !   3       java.io.PrintStream::format (92 bytes)
Event: 13.858 Thread 0x000001d597c6a060 nmethod 5035 0x000001d587bfa110 code [0x000001d587bfa280, 0x000001d587bfa378]
Event: 13.858 Thread 0x000001d597c6a960 nmethod 5036 0x000001d58061d010 code [0x000001d58061d2a0, 0x000001d58061dde8]
Event: 13.923 Thread 0x000001d597c6a060 5037       4       java.nio.CharBuffer::arrayOffset (35 bytes)
Event: 13.924 Thread 0x000001d597c6a060 nmethod 5037 0x000001d587c51a90 code [0x000001d587c51c00, 0x000001d587c51cb8]
Event: 13.941 Thread 0x000001d597c6a060 5038       4       java.lang.StringCoding::implEncodeAsciiArray (47 bytes)
Event: 13.945 Thread 0x000001d597c6a060 nmethod 5038 0x000001d587c51410 code [0x000001d587c51580, 0x000001d587c51978]
Event: 13.975 Thread 0x000001d597c6a060 5039       4       java.lang.String::valueOf (15 bytes)
Event: 13.975 Thread 0x000001d597c6a060 nmethod 5039 0x000001d587c51110 code [0x000001d587c51280, 0x000001d587c51318]
Event: 13.975 Thread 0x000001d597c6a060 5040       4       java.nio.CharBuffer::position (6 bytes)
Event: 13.976 Thread 0x000001d597c6a060 nmethod 5040 0x000001d587c50d90 code [0x000001d587c50f00, 0x000001d587c50fd8]
Event: 14.019 Thread 0x000001d597c6a060 5041       4       java.nio.file.Files::isReadable (15 bytes)
Event: 14.021 Thread 0x000001d597c6a060 nmethod 5041 0x000001d587c50810 code [0x000001d587c509c0, 0x000001d587c50b88]
Event: 14.023 Thread 0x000001d597c6a060 5042   !   4       com.Anix.IO.ResourceLoader::ioResourceToByteBuffer (427 bytes)

GC Heap History (20 events):
Event: 7.708 GC heap before
{Heap before GC invocations=42 (full 4):
 garbage-first heap   total 258048K, used 127397K [0x0000000700c00000, 0x0000000800000000)
  region size 2048K, 6 young (12288K), 4 survivors (8192K)
 Metaspace       used 28397K, committed 28672K, reserved 1081344K
  class space    used 2513K, committed 2688K, reserved 1048576K
}
Event: 7.717 GC heap after
{Heap after GC invocations=43 (full 4):
 garbage-first heap   total 258048K, used 125870K [0x0000000700c00000, 0x0000000800000000)
  region size 2048K, 1 young (2048K), 1 survivors (2048K)
 Metaspace       used 28397K, committed 28672K, reserved 1081344K
  class space    used 2513K, committed 2688K, reserved 1048576K
}
Event: 7.807 GC heap before
{Heap before GC invocations=43 (full 4):
 garbage-first heap   total 258048K, used 164782K [0x0000000700c00000, 0x0000000800000000)
  region size 2048K, 20 young (40960K), 1 survivors (2048K)
 Metaspace       used 28397K, committed 28672K, reserved 1081344K
  class space    used 2513K, committed 2688K, reserved 1048576K
}
Event: 7.823 GC heap after
{Heap after GC invocations=44 (full 4):
 garbage-first heap   total 258048K, used 151869K [0x0000000700c00000, 0x0000000800000000)
  region size 2048K, 3 young (6144K), 3 survivors (6144K)
 Metaspace       used 28397K, committed 28672K, reserved 1081344K
  class space    used 2513K, committed 2688K, reserved 1048576K
}
Event: 7.919 GC heap before
{Heap before GC invocations=44 (full 4):
 garbage-first heap   total 258048K, used 180541K [0x0000000700c00000, 0x0000000800000000)
  region size 2048K, 17 young (34816K), 3 survivors (6144K)
 Metaspace       used 28397K, committed 28672K, reserved 1081344K
  class space    used 2513K, committed 2688K, reserved 1048576K
}
Event: 7.941 GC heap after
{Heap after GC invocations=45 (full 4):
 garbage-first heap   total 258048K, used 172812K [0x0000000700c00000, 0x0000000800000000)
  region size 2048K, 3 young (6144K), 3 survivors (6144K)
 Metaspace       used 28397K, committed 28672K, reserved 1081344K
  class space    used 2513K, committed 2688K, reserved 1048576K
}
Event: 8.009 GC heap before
{Heap before GC invocations=45 (full 4):
 garbage-first heap   total 258048K, used 191244K [0x0000000700c00000, 0x0000000800000000)
  region size 2048K, 13 young (26624K), 3 survivors (6144K)
 Metaspace       used 28397K, committed 28672K, reserved 1081344K
  class space    used 2513K, committed 2688K, reserved 1048576K
}
Event: 8.024 GC heap after
{Heap after GC invocations=46 (full 4):
 garbage-first heap   total 722944K, used 188244K [0x0000000700c00000, 0x0000000800000000)
  region size 2048K, 2 young (4096K), 2 survivors (4096K)
 Metaspace       used 28397K, committed 28672K, reserved 1081344K
  class space    used 2513K, committed 2688K, reserved 1048576K
}
Event: 8.552 GC heap before
{Heap before GC invocations=47 (full 4):
 garbage-first heap   total 669696K, used 372564K [0x0000000700c00000, 0x0000000800000000)
  region size 2048K, 92 young (188416K), 2 survivors (4096K)
 Metaspace       used 28397K, committed 28672K, reserved 1081344K
  class space    used 2513K, committed 2688K, reserved 1048576K
}
Event: 8.629 GC heap after
{Heap after GC invocations=48 (full 4):
 garbage-first heap   total 669696K, used 309822K [0x0000000700c00000, 0x0000000800000000)
  region size 2048K, 12 young (24576K), 12 survivors (24576K)
 Metaspace       used 28397K, committed 28672K, reserved 1081344K
  class space    used 2513K, committed 2688K, reserved 1048576K
}
Event: 8.648 GC heap before
{Heap before GC invocations=48 (full 4):
 garbage-first heap   total 669696K, used 315966K [0x0000000700c00000, 0x0000000800000000)
  region size 2048K, 16 young (32768K), 12 survivors (24576K)
 Metaspace       used 28397K, committed 28672K, reserved 1081344K
  class space    used 2513K, committed 2688K, reserved 1048576K
}
Event: 8.663 GC heap after
{Heap after GC invocations=49 (full 4):
 garbage-first heap   total 669696K, used 302932K [0x0000000700c00000, 0x0000000800000000)
  region size 2048K, 2 young (4096K), 2 survivors (4096K)
 Metaspace       used 28397K, committed 28672K, reserved 1081344K
  class space    used 2513K, committed 2688K, reserved 1048576K
}
Event: 9.608 GC heap before
{Heap before GC invocations=49 (full 4):
 garbage-first heap   total 669696K, used 409428K [0x0000000700c00000, 0x0000000800000000)
  region size 2048K, 55 young (112640K), 2 survivors (4096K)
 Metaspace       used 28401K, committed 28672K, reserved 1081344K
  class space    used 2514K, committed 2688K, reserved 1048576K
}
Event: 9.621 GC heap after
{Heap after GC invocations=50 (full 4):
 garbage-first heap   total 669696K, used 353108K [0x0000000700c00000, 0x0000000800000000)
  region size 2048K, 7 young (14336K), 7 survivors (14336K)
 Metaspace       used 28401K, committed 28672K, reserved 1081344K
  class space    used 2514K, committed 2688K, reserved 1048576K
}
Event: 11.751 GC heap before
{Heap before GC invocations=50 (full 4):
 garbage-first heap   total 669696K, used 447316K [0x0000000700c00000, 0x0000000800000000)
  region size 2048K, 53 young (108544K), 7 survivors (14336K)
 Metaspace       used 28437K, committed 28736K, reserved 1081344K
  class space    used 2514K, committed 2688K, reserved 1048576K
}
Event: 11.762 GC heap after
{Heap after GC invocations=51 (full 4):
 garbage-first heap   total 669696K, used 369492K [0x0000000700c00000, 0x0000000800000000)
  region size 2048K, 7 young (14336K), 7 survivors (14336K)
 Metaspace       used 28437K, committed 28736K, reserved 1081344K
  class space    used 2514K, committed 2688K, reserved 1048576K
}
Event: 12.976 GC heap before
{Heap before GC invocations=51 (full 4):
 garbage-first heap   total 669696K, used 465748K [0x0000000700c00000, 0x0000000800000000)
  region size 2048K, 54 young (110592K), 7 survivors (14336K)
 Metaspace       used 28456K, committed 28736K, reserved 1081344K
  class space    used 2514K, committed 2688K, reserved 1048576K
}
Event: 12.983 GC heap after
{Heap after GC invocations=52 (full 4):
 garbage-first heap   total 669696K, used 378694K [0x0000000700c00000, 0x0000000800000000)
  region size 2048K, 7 young (14336K), 7 survivors (14336K)
 Metaspace       used 28456K, committed 28736K, reserved 1081344K
  class space    used 2514K, committed 2688K, reserved 1048576K
}
Event: 13.675 GC heap before
{Heap before GC invocations=52 (full 4):
 garbage-first heap   total 669696K, used 481094K [0x0000000700c00000, 0x0000000800000000)
  region size 2048K, 57 young (116736K), 7 survivors (14336K)
 Metaspace       used 28552K, committed 28864K, reserved 1081344K
  class space    used 2515K, committed 2688K, reserved 1048576K
}
Event: 13.689 GC heap after
{Heap after GC invocations=53 (full 4):
 garbage-first heap   total 669696K, used 398706K [0x0000000700c00000, 0x0000000800000000)
  region size 2048K, 8 young (16384K), 8 survivors (16384K)
 Metaspace       used 28552K, committed 28864K, reserved 1081344K
  class space    used 2515K, committed 2688K, reserved 1048576K
}

Deoptimization events (20 events):
Event: 12.151 Thread 0x000001d597e26020 Uncommon trap: trap_request=0xffffff45 fr.pc=0x000001d587d1265c relative=0x0000000000001fdc
Event: 12.151 Thread 0x000001d597e26020 Uncommon trap: reason=unstable_if action=reinterpret pc=0x000001d587d1265c method=com.Anix.Engine.Graphics.MasterRenderer.r()V @ 497 c2
Event: 12.151 Thread 0x000001d597e26020 DEOPT PACKING pc=0x000001d587d1265c sp=0x00000092171ff320
Event: 12.151 Thread 0x000001d597e26020 DEOPT UNPACKING pc=0x000001d5800523a3 sp=0x00000092171ff2e8 mode 2
Event: 12.153 Thread 0x000001d597e26020 Uncommon trap: trap_request=0xffffff45 fr.pc=0x000001d587d1dee0 relative=0x0000000000001f40
Event: 12.153 Thread 0x000001d597e26020 Uncommon trap: reason=unstable_if action=reinterpret pc=0x000001d587d1dee0 method=com.Anix.Engine.Graphics.MasterRenderer.r()V @ 497 c2
Event: 12.153 Thread 0x000001d597e26020 DEOPT PACKING pc=0x000001d587d1dee0 sp=0x00000092171ff320
Event: 12.153 Thread 0x000001d597e26020 DEOPT UNPACKING pc=0x000001d5800523a3 sp=0x00000092171ff2e8 mode 2
Event: 12.173 Thread 0x000001d597e26020 DEOPT PACKING pc=0x000001d5808cda87 sp=0x00000092171ff1d0
Event: 12.173 Thread 0x000001d597e26020 DEOPT UNPACKING pc=0x000001d580052b43 sp=0x00000092171fe6d8 mode 0
Event: 12.362 Thread 0x000001d597e26020 DEOPT PACKING pc=0x000001d580a53054 sp=0x00000092171ff2b0
Event: 12.362 Thread 0x000001d597e26020 DEOPT UNPACKING pc=0x000001d580052b43 sp=0x00000092171fe7d0 mode 0
Event: 12.531 Thread 0x000001d597e26020 DEOPT PACKING pc=0x000001d580b35c60 sp=0x00000092171ff2d0
Event: 12.531 Thread 0x000001d597e26020 DEOPT UNPACKING pc=0x000001d580052b43 sp=0x00000092171fe7a8 mode 0
Event: 12.626 Thread 0x000001d597e26020 DEOPT PACKING pc=0x000001d580a53054 sp=0x00000092171ff2b0
Event: 12.626 Thread 0x000001d597e26020 DEOPT UNPACKING pc=0x000001d580052b43 sp=0x00000092171fe7d0 mode 0
Event: 12.681 Thread 0x000001d597e26020 DEOPT PACKING pc=0x000001d580a53054 sp=0x00000092171ff2b0
Event: 12.681 Thread 0x000001d597e26020 DEOPT UNPACKING pc=0x000001d580052b43 sp=0x00000092171fe7d0 mode 0
Event: 12.814 Thread 0x000001d597e26020 DEOPT PACKING pc=0x000001d5805d5361 sp=0x00000092171ff450
Event: 12.814 Thread 0x000001d597e26020 DEOPT UNPACKING pc=0x000001d580052b43 sp=0x00000092171fe8e0 mode 0

Classes unloaded (3 events):
Event: 6.237 Thread 0x000001d597c22a00 Unloading class 0x00000008002822b8 'World$1'
Event: 6.237 Thread 0x000001d597c22a00 Unloading class 0x0000000800282000 'World'
Event: 6.237 Thread 0x000001d597c22a00 Unloading class 0x0000000800280400 'Chunk'

Classes redefined (0 events):
No events

Internal exceptions (20 events):
Event: 14.062 Thread 0x000001d597e26020 Exception <a 'sun/nio/fs/WindowsException'{0x0000000726521a10}> (0x0000000726521a10) 
thrown [s\src\hotspot\share\prims\jni.cpp, line 516]
Event: 14.062 Thread 0x000001d597e26020 Exception <a 'java/io/FileNotFoundException'{0x00000007265220c0}> (0x00000007265220c0) 
thrown [s\src\hotspot\share\prims\jni.cpp, line 516]
Event: 14.063 Thread 0x000001d597e26020 Exception <a 'sun/nio/fs/WindowsException'{0x0000000726537f60}> (0x0000000726537f60) 
thrown [s\src\hotspot\share\prims\jni.cpp, line 516]
Event: 14.063 Thread 0x000001d597e26020 Exception <a 'sun/nio/fs/WindowsException'{0x0000000726538100}> (0x0000000726538100) 
thrown [s\src\hotspot\share\prims\jni.cpp, line 516]
Event: 14.063 Thread 0x000001d597e26020 Exception <a 'java/io/FileNotFoundException'{0x00000007265387b0}> (0x00000007265387b0) 
thrown [s\src\hotspot\share\prims\jni.cpp, line 516]
Event: 14.064 Thread 0x000001d597e26020 Exception <a 'sun/nio/fs/WindowsException'{0x00000007265462b0}> (0x00000007265462b0) 
thrown [s\src\hotspot\share\prims\jni.cpp, line 516]
Event: 14.064 Thread 0x000001d597e26020 Exception <a 'sun/nio/fs/WindowsException'{0x0000000726546450}> (0x0000000726546450) 
thrown [s\src\hotspot\share\prims\jni.cpp, line 516]
Event: 14.064 Thread 0x000001d597e26020 Exception <a 'java/io/FileNotFoundException'{0x0000000726546b00}> (0x0000000726546b00) 
thrown [s\src\hotspot\share\prims\jni.cpp, line 516]
Event: 14.065 Thread 0x000001d597e26020 Exception <a 'sun/nio/fs/WindowsException'{0x0000000726550280}> (0x0000000726550280) 
thrown [s\src\hotspot\share\prims\jni.cpp, line 516]
Event: 14.065 Thread 0x000001d597e26020 Exception <a 'sun/nio/fs/WindowsException'{0x0000000726550420}> (0x0000000726550420) 
thrown [s\src\hotspot\share\prims\jni.cpp, line 516]
Event: 14.065 Thread 0x000001d597e26020 Exception <a 'java/io/FileNotFoundException'{0x0000000726550ad0}> (0x0000000726550ad0) 
thrown [s\src\hotspot\share\prims\jni.cpp, line 516]
Event: 14.066 Thread 0x000001d597e26020 Exception <a 'sun/nio/fs/WindowsException'{0x0000000726555fb0}> (0x0000000726555fb0) 
thrown [s\src\hotspot\share\prims\jni.cpp, line 516]
Event: 14.066 Thread 0x000001d597e26020 Exception <a 'sun/nio/fs/WindowsException'{0x0000000726556150}> (0x0000000726556150) 
thrown [s\src\hotspot\share\prims\jni.cpp, line 516]
Event: 14.066 Thread 0x000001d597e26020 Exception <a 'java/io/FileNotFoundException'{0x0000000726556800}> (0x0000000726556800) 
thrown [s\src\hotspot\share\prims\jni.cpp, line 516]
Event: 14.067 Thread 0x000001d597e26020 Exception <a 'sun/nio/fs/WindowsException'{0x000000072657a6a8}> (0x000000072657a6a8) 
thrown [s\src\hotspot\share\prims\jni.cpp, line 516]
Event: 14.067 Thread 0x000001d597e26020 Exception <a 'sun/nio/fs/WindowsException'{0x000000072657a848}> (0x000000072657a848) 
thrown [s\src\hotspot\share\prims\jni.cpp, line 516]
Event: 14.067 Thread 0x000001d597e26020 Exception <a 'java/io/FileNotFoundException'{0x000000072657aef8}> (0x000000072657aef8) 
thrown [s\src\hotspot\share\prims\jni.cpp, line 516]
Event: 14.069 Thread 0x000001d597e26020 Exception <a 'sun/nio/fs/WindowsException'{0x0000000726594008}> (0x0000000726594008) 
thrown [s\src\hotspot\share\prims\jni.cpp, line 516]
Event: 14.069 Thread 0x000001d597e26020 Exception <a 'sun/nio/fs/WindowsException'{0x00000007265941a8}> (0x00000007265941a8) 
thrown [s\src\hotspot\share\prims\jni.cpp, line 516]
Event: 14.069 Thread 0x000001d597e26020 Exception <a 'java/io/FileNotFoundException'{0x0000000726594858}> (0x0000000726594858) 
thrown [s\src\hotspot\share\prims\jni.cpp, line 516]

VM Operations (20 events):
Event: 8.061 Executing VM operation: HandshakeAllThreads
Event: 8.063 Executing VM operation: HandshakeAllThreads done
Event: 8.157 Executing VM operation: G1Concurrent
Event: 8.158 Executing VM operation: G1Concurrent done
Event: 8.552 Executing VM operation: G1CollectForAllocation
Event: 8.629 Executing VM operation: G1CollectForAllocation done
Event: 8.648 Executing VM operation: G1CollectForAllocation
Event: 8.663 Executing VM operation: G1CollectForAllocation done
Event: 9.608 Executing VM operation: G1CollectForAllocation
Event: 9.621 Executing VM operation: G1CollectForAllocation done
Event: 10.636 Executing VM operation: Cleanup
Event: 10.636 Executing VM operation: Cleanup done
Event: 11.751 Executing VM operation: G1CollectForAllocation
Event: 11.762 Executing VM operation: G1CollectForAllocation done
Event: 12.771 Executing VM operation: Cleanup
Event: 12.771 Executing VM operation: Cleanup done
Event: 12.976 Executing VM operation: G1CollectForAllocation
Event: 12.983 Executing VM operation: G1CollectForAllocation done
Event: 13.675 Executing VM operation: G1CollectForAllocation
Event: 13.689 Executing VM operation: G1CollectForAllocation done

Events (20 events):
Event: 8.067 Thread 0x000001d597c83a10 flushing nmethod 0x000001d580fb1d90
Event: 8.067 Thread 0x000001d597c83a10 flushing nmethod 0x000001d580fb2e90
Event: 8.067 Thread 0x000001d597c83a10 flushing nmethod 0x000001d580fb3610
Event: 8.067 Thread 0x000001d597c83a10 flushing nmethod 0x000001d580fb5690
Event: 8.067 Thread 0x000001d597c83a10 flushing nmethod 0x000001d580fb6a90
Event: 8.067 Thread 0x000001d597c83a10 flushing nmethod 0x000001d580fb7610
Event: 8.067 Thread 0x000001d597c83a10 flushing nmethod 0x000001d580fc8790
Event: 8.067 Thread 0x000001d597c83a10 flushing nmethod 0x000001d580fd0910
Event: 8.067 Thread 0x000001d597c83a10 flushing nmethod 0x000001d580fd4090
Event: 8.067 Thread 0x000001d597c83a10 flushing nmethod 0x000001d580fd4c90
Event: 8.067 Thread 0x000001d597c83a10 flushing nmethod 0x000001d580fd8310
Event: 8.067 Thread 0x000001d597c83a10 flushing nmethod 0x000001d580fd8e90
Event: 8.067 Thread 0x000001d597c83a10 flushing nmethod 0x000001d580fdc310
Event: 8.067 Thread 0x000001d597c83a10 flushing nmethod 0x000001d580fdf990
Event: 8.067 Thread 0x000001d597c83a10 flushing nmethod 0x000001d581005c10
Event: 9.033 Thread 0x000001d5aaef2090 Thread exited: 0x000001d5aaef2090
Event: 9.051 loading class jdk/internal/misc/ScopedMemoryAccess$Scope$Handle
Event: 9.051 loading class jdk/internal/misc/ScopedMemoryAccess$Scope$Handle done
Event: 12.124 Thread 0x000001d5981d5da0 Thread added: 0x000001d5981d5da0
Event: 12.814 Thread 0x000001d5981d5da0 Thread exited: 0x000001d5981d5da0


Dynamic libraries:
0x00007ff6a60e0000 - 0x00007ff6a60ee000 	C:\Users\smsmk\.p2\pool\plugins\org.eclipse.justj.openjdk.hotspot.jre.full.win32.x86_64_17.0.4.v20221004-1257\jre\bin\javaw.exe
0x00007ff92b690000 - 0x00007ff92b888000 	C:\Windows\SYSTEM32\ntdll.dll
0x00007ff92a1f0000 - 0x00007ff92a2af000 	C:\Windows\System32\KERNEL32.DLL
0x00007ff9292c0000 - 0x00007ff929592000 	C:\Windows\System32\KERNELBASE.dll
0x00007ff928d80000 - 0x00007ff928e80000 	C:\Windows\System32\ucrtbase.dll
0x00007ff922ff0000 - 0x00007ff923008000 	C:\Users\smsmk\.p2\pool\plugins\org.eclipse.justj.openjdk.hotspot.jre.full.win32.x86_64_17.0.4.v20221004-1257\jre\bin\jli.dll
0x00007ff92b4a0000 - 0x00007ff92b641000 	C:\Windows\System32\USER32.dll
0x00007ff929150000 - 0x00007ff929172000 	C:\Windows\System32\win32u.dll
0x00007ff92a3a0000 - 0x00007ff92a3cb000 	C:\Windows\System32\GDI32.dll
0x00007ff929180000 - 0x00007ff92928f000 	C:\Windows\System32\gdi32full.dll
0x00007ff929630000 - 0x00007ff9296cd000 	C:\Windows\System32\msvcp_win.dll
0x00007ff922fd0000 - 0x00007ff922fe9000 	C:\Users\smsmk\.p2\pool\plugins\org.eclipse.justj.openjdk.hotspot.jre.full.win32.x86_64_17.0.4.v20221004-1257\jre\bin\VCRUNTIME140.dll
0x00007ff91a590000 - 0x00007ff91a82a000 	C:\Windows\WinSxS\amd64_microsoft.windows.common-controls_6595b64144ccf1df_6.0.19041.1110_none_60b5254171f9507e\COMCTL32.dll
0x00007ff92adc0000 - 0x00007ff92ae5e000 	C:\Windows\System32\msvcrt.dll
0x00007ff92a360000 - 0x00007ff92a392000 	C:\Windows\System32\IMM32.DLL
0x00007ff922fc0000 - 0x00007ff922fcc000 	C:\Users\smsmk\.p2\pool\plugins\org.eclipse.justj.openjdk.hotspot.jre.full.win32.x86_64_17.0.4.v20221004-1257\jre\bin\vcruntime140_1.dll
0x00007ff91c350000 - 0x00007ff91c3e1000 	C:\Users\smsmk\.p2\pool\plugins\org.eclipse.justj.openjdk.hotspot.jre.full.win32.x86_64_17.0.4.v20221004-1257\jre\bin\msvcp140.dll
0x00007ff8deb30000 - 0x00007ff8df776000 	C:\Users\smsmk\.p2\pool\plugins\org.eclipse.justj.openjdk.hotspot.jre.full.win32.x86_64_17.0.4.v20221004-1257\jre\bin\server\jvm.dll
0x00007ff929b70000 - 0x00007ff929c1e000 	C:\Windows\System32\ADVAPI32.dll
0x00007ff92a150000 - 0x00007ff92a1ec000 	C:\Windows\System32\sechost.dll
0x00007ff92ac90000 - 0x00007ff92adb5000 	C:\Windows\System32\RPCRT4.dll
0x00007ff92a460000 - 0x00007ff92a468000 	C:\Windows\System32\PSAPI.DLL
0x00007ff9264c0000 - 0x00007ff9264c9000 	C:\Windows\SYSTEM32\WSOCK32.dll
0x00007ff92a3d0000 - 0x00007ff92a43b000 	C:\Windows\System32\WS2_32.dll
0x00007ff91d520000 - 0x00007ff91d547000 	C:\Windows\SYSTEM32\WINMM.dll
0x00007ff920d60000 - 0x00007ff920d6a000 	C:\Windows\SYSTEM32\VERSION.dll
0x00007ff926c60000 - 0x00007ff926c72000 	C:\Windows\SYSTEM32\kernel.appcore.dll
0x00007ff91cac0000 - 0x00007ff91caca000 	C:\Users\smsmk\.p2\pool\plugins\org.eclipse.justj.openjdk.hotspot.jre.full.win32.x86_64_17.0.4.v20221004-1257\jre\bin\jimage.dll
0x00007ff91f0f0000 - 0x00007ff91f2d4000 	C:\Windows\SYSTEM32\DBGHELP.DLL
0x00007ff910b20000 - 0x00007ff910b55000 	C:\Windows\SYSTEM32\dbgcore.DLL
0x00007ff9295a0000 - 0x00007ff929622000 	C:\Windows\System32\bcryptPrimitives.dll
0x00007ff8fd9e0000 - 0x00007ff8fda05000 	C:\Users\smsmk\.p2\pool\plugins\org.eclipse.justj.openjdk.hotspot.jre.full.win32.x86_64_17.0.4.v20221004-1257\jre\bin\java.dll
0x00007ff919c20000 - 0x00007ff919c38000 	C:\Users\smsmk\.p2\pool\plugins\org.eclipse.justj.openjdk.hotspot.jre.full.win32.x86_64_17.0.4.v20221004-1257\jre\bin\zip.dll
0x00007ff92a4e0000 - 0x00007ff92ac24000 	C:\Windows\System32\SHELL32.dll
0x00007ff926e60000 - 0x00007ff9275f2000 	C:\Windows\SYSTEM32\windows.storage.dll
0x00007ff929d40000 - 0x00007ff92a095000 	C:\Windows\System32\combase.dll
0x00007ff9287e0000 - 0x00007ff928810000 	C:\Windows\SYSTEM32\Wldp.dll
0x00007ff92a0a0000 - 0x00007ff92a14d000 	C:\Windows\System32\SHCORE.dll
0x00007ff92ac30000 - 0x00007ff92ac85000 	C:\Windows\System32\shlwapi.dll
0x00007ff928cc0000 - 0x00007ff928cdf000 	C:\Windows\SYSTEM32\profapi.dll
0x00007ff9134b0000 - 0x00007ff9134c9000 	C:\Users\smsmk\.p2\pool\plugins\org.eclipse.justj.openjdk.hotspot.jre.full.win32.x86_64_17.0.4.v20221004-1257\jre\bin\net.dll
0x00007ff920820000 - 0x00007ff92092c000 	C:\Windows\SYSTEM32\WINHTTP.dll
0x00007ff928540000 - 0x00007ff9285aa000 	C:\Windows\system32\mswsock.dll
0x00007ff912fb0000 - 0x00007ff912fc5000 	C:\Users\smsmk\.p2\pool\plugins\org.eclipse.justj.openjdk.hotspot.jre.full.win32.x86_64_17.0.4.v20221004-1257\jre\bin\nio.dll
0x00007ff91e2d0000 - 0x00007ff91e334000 	C:\Users\smsmk\AppData\Local\Temp\lwjglsmsmk\3.2.3-build-13\lwjgl.dll
0x00007ff91c2e0000 - 0x00007ff91c342000 	C:\Users\smsmk\AppData\Local\Temp\lwjglsmsmk\3.2.3-build-13\glfw.dll
0x00007ff926790000 - 0x00007ff92682e000 	C:\Windows\system32\uxtheme.dll
0x00007ff91adf0000 - 0x00007ff91ae35000 	C:\Windows\SYSTEM32\dinput8.dll
0x00007ff91a9e0000 - 0x00007ff91a9f1000 	C:\Windows\SYSTEM32\xinput1_4.dll
0x00007ff929100000 - 0x00007ff92914e000 	C:\Windows\System32\cfgmgr32.dll
0x00007ff928b30000 - 0x00007ff928b5c000 	C:\Windows\SYSTEM32\DEVOBJ.dll
0x00007ff926970000 - 0x00007ff92699f000 	C:\Windows\SYSTEM32\dwmapi.dll
0x00007ff9233f0000 - 0x00007ff923542000 	C:\Windows\SYSTEM32\inputhost.dll
0x00007ff929970000 - 0x00007ff929a3d000 	C:\Windows\System32\OLEAUT32.dll
0x00007ff926290000 - 0x00007ff926382000 	C:\Windows\SYSTEM32\CoreMessaging.dll
0x00007ff924900000 - 0x00007ff9249f6000 	C:\Windows\SYSTEM32\PROPSYS.dll
0x00007ff925860000 - 0x00007ff9259b4000 	C:\Windows\SYSTEM32\wintypes.dll
0x00007ff925f30000 - 0x00007ff92628e000 	C:\Windows\SYSTEM32\CoreUIComponents.dll
0x00007ff927f10000 - 0x00007ff927f43000 	C:\Windows\SYSTEM32\ntmarta.dll
0x00007ff929c20000 - 0x00007ff929d35000 	C:\Windows\System32\MSCTF.dll
0x00007ff927600000 - 0x00007ff92760d000 	C:\Windows\SYSTEM32\HID.DLL
0x00007ff92b030000 - 0x00007ff92b498000 	C:\Windows\System32\SETUPAPI.DLL
0x00007ff929290000 - 0x00007ff9292b7000 	C:\Windows\System32\bcrypt.dll
0x00007ff928e80000 - 0x00007ff928ee9000 	C:\Windows\System32\WINTRUST.dll
0x00007ff928ef0000 - 0x00007ff929046000 	C:\Windows\System32\CRYPT32.dll
0x00007ff928970000 - 0x00007ff928982000 	C:\Windows\SYSTEM32\MSASN1.dll
0x00007ff9099d0000 - 0x00007ff909af5000 	C:\Windows\SYSTEM32\opengl32.dll
0x00007ff91cae0000 - 0x00007ff91cb0c000 	C:\Windows\SYSTEM32\GLU32.dll
0x00007ff92a2b0000 - 0x00007ff92a35f000 	C:\Windows\System32\clbcatq.dll
0x00007ff8b63a0000 - 0x00007ff8b9cd4000 	C:\Windows\System32\DriverStore\FileRepository\nvmdi.inf_amd64_20573575ac789ce1\nvoglv64.dll
0x00007ff929a40000 - 0x00007ff929b6a000 	C:\Windows\System32\ole32.dll
0x00007ff924a60000 - 0x00007ff924a74000 	C:\Windows\SYSTEM32\WTSAPI32.dll
0x00007ff920bf0000 - 0x00007ff920c21000 	C:\Windows\SYSTEM32\cryptnet.dll
0x00007ff9209a0000 - 0x00007ff920ae8000 	C:\Windows\SYSTEM32\drvstore.dll
0x00007ff928750000 - 0x00007ff92875c000 	C:\Windows\SYSTEM32\cryptbase.dll
0x00007ff91e280000 - 0x00007ff91e2bb000 	C:\Windows\SYSTEM32\dxcore.dll
0x00007ff8eccf0000 - 0x00007ff8ecfbf000 	C:\Windows\system32\nvspcap64.dll
0x00007ff928350000 - 0x00007ff92839b000 	C:\Windows\SYSTEM32\powrprof.dll
0x00007ff9281c0000 - 0x00007ff9281d2000 	C:\Windows\SYSTEM32\UMPDC.dll
0x00007ff927ac0000 - 0x00007ff927b24000 	C:\Windows\SYSTEM32\WINSTA.dll
0x00007ff91a240000 - 0x00007ff91a339000 	C:\Windows\SYSTEM32\textinputframework.dll
0x00007ff91ad90000 - 0x00007ff91ade9000 	C:\Users\smsmk\AppData\Local\Temp\lwjglsmsmk\3.2.3-build-13\lwjgl_opengl.dll
0x0000000064a00000 - 0x000000006580f000 	C:\Users\smsmk\AppData\Local\Temp\imgui-java-natives_1674657902740\imgui-java64.dll
0x00007ff91a460000 - 0x00007ff91a4d7000 	C:\Users\smsmk\AppData\Local\Temp\lwjglsmsmk\3.2.3-build-13\lwjgl_stb.dll
0x00007ff8f70b0000 - 0x00007ff8f723e000 	C:\Users\smsmk\.p2\pool\plugins\org.eclipse.justj.openjdk.hotspot.jre.full.win32.x86_64_17.0.4.v20221004-1257\jre\bin\awt.dll
0x00007ff9265a0000 - 0x00007ff926631000 	C:\Windows\SYSTEM32\apphelp.dll
0x00007ff928730000 - 0x00007ff928748000 	C:\Windows\SYSTEM32\CRYPTSP.dll
0x00007ff927df0000 - 0x00007ff927e24000 	C:\Windows\system32\rsaenh.dll
0x00007ff928c80000 - 0x00007ff928cae000 	C:\Windows\SYSTEM32\USERENV.dll
0x00007ff9281e0000 - 0x00007ff92821b000 	C:\Windows\SYSTEM32\IPHLPAPI.DLL
0x00007ff92afc0000 - 0x00007ff92afc8000 	C:\Windows\System32\NSI.dll
0x00007ff921350000 - 0x00007ff921367000 	C:\Windows\SYSTEM32\dhcpcsvc6.DLL
0x00007ff921330000 - 0x00007ff92134d000 	C:\Windows\SYSTEM32\dhcpcsvc.DLL
0x00007ff928220000 - 0x00007ff9282ea000 	C:\Windows\SYSTEM32\DNSAPI.dll

dbghelp: loaded successfully - version: 4.0.5 - missing functions: none
symbol engine: initialized successfully - sym options: 0x614 - pdb path: .;C:\Users\smsmk\.p2\pool\plugins\org.eclipse.justj.openjdk.hotspot.jre.full.win32.x86_64_17.0.4.v20221004-1257\jre\bin;C:\Windows\SYSTEM32;C:\Windows\WinSxS\amd64_microsoft.windows.common-controls_6595b64144ccf1df_6.0.19041.1110_none_60b5254171f9507e;C:\Users\smsmk\.p2\pool\plugins\org.eclipse.justj.openjdk.hotspot.jre.full.win32.x86_64_17.0.4.v20221004-1257\jre\bin\server;C:\Users\smsmk\AppData\Local\Temp\lwjglsmsmk\3.2.3-build-13;C:\Windows\System32\DriverStore\FileRepository\nvmdi.inf_amd64_20573575ac789ce1;C:\Users\smsmk\AppData\Local\Temp\imgui-java-natives_1674657902740

VM Arguments:
jvm_args: -Dfile.encoding=UTF-8 -XX:+ShowCodeDetailsInExceptionMessages 
java_command: com.Anix.Main.Core
java_class_path (initial): C:\Users\smsmk\git\Anix-Java\Anix\bin;C:\Users\smsmk\git\Anix-Java\Anix\includes\lwjgl.jar;C:\Users\smsmk\git\Anix-Java\Anix\includes\lwjgl-assimp.jar;C:\Users\smsmk\git\Anix-Java\Anix\includes\lwjgl-assimp-natives-windows.jar;C:\Users\smsmk\git\Anix-Java\Anix\includes\lwjgl-bgfx.jar;C:\Users\smsmk\git\Anix-Java\Anix\includes\lwjgl-bgfx-natives-windows.jar;C:\Users\smsmk\git\Anix-Java\Anix\includes\lwjgl-glfw.jar;C:\Users\smsmk\git\Anix-Java\Anix\includes\lwjgl-glfw-natives-windows.jar;C:\Users\smsmk\git\Anix-Java\Anix\includes\lwjgl-nanovg.jar;C:\Users\smsmk\git\Anix-Java\Anix\includes\lwjgl-nanovg-natives-windows.jar;C:\Users\smsmk\git\Anix-Java\Anix\includes\lwjgl-natives-windows.jar;C:\Users\smsmk\git\Anix-Java\Anix\includes\lwjgl-nuklear.jar;C:\Users\smsmk\git\Anix-Java\Anix\includes\lwjgl-nuklear-natives-windows.jar;C:\Users\smsmk\git\Anix-Java\Anix\includes\lwjgl-openal.jar;C:\Users\smsmk\git\Anix-Java\Anix\includes\lwjgl-openal-natives-windows.jar;C:\Users\smsmk\git\Anix-Java\Anix\includes\lwjgl-opengl.jar;C:\Users\smsmk\git\Anix-Java\Anix\includes\lwjgl-opengl-natives-windows.jar;C:\Users\smsmk\git\Anix-Java\Anix\includes\lwjgl-par.jar;C:\Users\smsmk\git\Anix-Java\Anix\includes\lwjgl-par-natives-windows.jar;C:\Users\smsmk\git\Anix-Java\Anix\includes\lwjgl-stb.jar;C:\Users\smsmk\git\Anix-Java\Anix\includes\lwjgl-stb-natives-windows.jar;C:\Users\smsmk\git\Anix-Java\Anix\includes\lwjgl-vulkan.jar;C:\Users\smsmk\git\Anix-Java\Anix\includes\slick-util3.jar;C:\Users\smsmk\git\Anix-Java\Anix\includes\TWL.jar;C:\Users\smsmk\git\Anix-Java\Anix\includes\tiny\lwjgl-tinyfd.jar;C:\Users\smsmk\git\Anix-Java\Anix\includes\tiny\lwjgl-tinyfd-javadoc.jar;C:\Users\smsmk\git\Anix-Java\Anix\includes\tiny\lwjgl-tinyfd-natives-windows.jar;C:\Users\smsmk\git\Anix-Java\Anix\includes\tiny\lwjgl-tinyfd-sources.jar;C:\Users\smsmk\git\Anix-Java\Anix\includes\imgui\imgui-app-1.86.4.jar;C:\Users\smsmk\git\Anix-Java\Anix\includes\imgui\imgui-app-1.86.4-javadoc
Launcher Type: SUN_STANDARD

[Global flags]
     intx CICompilerCount                          = 3                                         {product} {ergonomic}
     uint ConcGCThreads                            = 1                                         {product} {ergonomic}
     uint G1ConcRefinementThreads                  = 4                                         {product} {ergonomic}
   size_t G1HeapRegionSize                         = 2097152                                   {product} {ergonomic}
    uintx GCDrainStackTargetSize                   = 64                                        {product} {ergonomic}
   size_t InitialHeapSize                          = 268435456                                 {product} {ergonomic}
   size_t MarkStackSize                            = 4194304                                   {product} {ergonomic}
   size_t MaxHeapSize                              = 4282384384                                {product} {ergonomic}
   size_t MaxNewSize                               = 2569011200                                {product} {ergonomic}
   size_t MinHeapDeltaBytes                        = 2097152                                   {product} {ergonomic}
   size_t MinHeapSize                              = 8388608                                   {product} {ergonomic}
    uintx NonNMethodCodeHeapSize                   = 5832780                                {pd product} {ergonomic}
    uintx NonProfiledCodeHeapSize                  = 122912730                              {pd product} {ergonomic}
    uintx ProfiledCodeHeapSize                     = 122912730                              {pd product} {ergonomic}
    uintx ReservedCodeCacheSize                    = 251658240                              {pd product} {ergonomic}
     bool SegmentedCodeCache                       = true                                      {product} {ergonomic}
     bool ShowCodeDetailsInExceptionMessages       = true                                   {manageable} {command line}
   size_t SoftMaxHeapSize                          = 4282384384                             {manageable} {ergonomic}
     bool UseCompressedClassPointers               = true                           {product lp64_product} {ergonomic}
     bool UseCompressedOops                        = true                           {product lp64_product} {ergonomic}
     bool UseG1GC                                  = true                                      {product} {ergonomic}
     bool UseLargePagesIndividualAllocation        = false                                  {pd product} {ergonomic}

Logging:
Log output configuration:
 #0: stdout all=warning uptime,level,tags
 #1: stderr all=off uptime,level,tags

Environment Variables:
PATH=C:/Users/smsmk/.p2/pool/plugins/org.eclipse.justj.openjdk.hotspot.jre.full.win32.x86_64_17.0.4.v20221004-1257/jre/bin/server;C:/Users/smsmk/.p2/pool/plugins/org.eclipse.justj.openjdk.hotspot.jre.full.win32.x86_64_17.0.4.v20221004-1257/jre/bin;C:\Program Files (x86)\Common Files\Oracle\Java\javapath;C:\Windows\system32;C:\Windows;C:\Windows\System32\Wbem;C:\Windows\System32\WindowsPowerShell\v1.0\;C:\Windows\System32\OpenSSH\;C:\Program Files (x86)\NVIDIA Corporation\PhysX\Common;C:\Program Files\NVIDIA Corporation\NVIDIA NvDLISR;C:\Program Files\dotnet\;C:\Program Files\Git\cmd;C:\Program Files (x86)\Windows Kits\10\Windows Performance Toolkit\;C:\Program Files\nodejs\;C:\Users\smsmk\AppData\Local\Microsoft\WindowsApps;C:\Users\smsmk\AppData\Local\GitHubDesktop\bin;C:\Users\smsmk\.dotnet\tools;C:\Users\smsmk\AppData\Local\Programs\Microsoft VS Code\bin;C:\Users\smsmk\AppData\Roaming\npm;C:\Windows\System32;
USERNAME=smsmk
OS=Windows_NT
PROCESSOR_IDENTIFIER=Intel64 Family 6 Model 158 Stepping 9, GenuineIntel
TMP=C:\Users\smsmk\AppData\Local\Temp
TEMP=C:\Users\smsmk\AppData\Local\Temp



---------------  S Y S T E M  ---------------

OS:
 Windows 10 , 64 bit Build 19041 (10.0.19041.2364)
OS uptime: 2 days 1:53 hours

CPU: total 4 (initial active 4) (4 cores per cpu, 1 threads per core) family 6 model 158 stepping 9 microcode 0xb4, cx8, cmov, fxsr, mmx, 3dnowpref, sse, sse2, sse3, ssse3, sse4.1, sse4.2, popcnt, lzcnt, tsc, tscinvbit, avx, avx2, aes, erms, clmul, bmi1, bmi2, adx, fma, vzeroupper, clflush, clflushopt

Memory: 4k page, system-wide physical 16328M (8393M free)
TotalPageFile size 19016M (AvailPageFile size 7572M)
current process WorkingSet (physical memory assigned to process): 851M, peak: 852M
current process commit charge ("private bytes"): 1175M, peak: 1598M

vm_info: OpenJDK 64-Bit Server VM (17.0.4.1+1) for windows-amd64 JRE (17.0.4.1+1), built on Aug 17 2022 07:42:43 by "temurin" with MS VC++ 16.7 (VS2019)

END.
