#
# A fatal error has been detected by the Java Runtime Environment:
#
#  EXCEPTION_ACCESS_VIOLATION (0xc0000005) at pc=0x00007fff1dd8682c, pid=6604, tid=3620
#
# JRE version: Java(TM) SE Runtime Environment (20.0.1+9) (build 20.0.1+9-29)
# Java VM: Java HotSpot(TM) 64-Bit Server VM (20.0.1+9-29, mixed mode, sharing, tiered, compressed oops, compressed class ptrs, g1 gc, windows-amd64)
# Problematic frame:
# C  [jdwp.dll+0x2682c]
#
# No core dump will be written. Minidumps are not enabled by default on client versions of Windows
#
# If you would like to submit a bug report, please visit:
#   https://bugreport.java.com/bugreport/crash.jsp
# The crash happened outside the Java Virtual Machine in native code.
# See problematic frame for where to report the bug.
#

---------------  S U M M A R Y ------------

Command Line: -XX:+ShowCodeDetailsInExceptionMessages -agentlib:jdwp=transport=dt_socket,suspend=y,address=localhost:55579 -javaagent:D:\eclipse\java-2023-06\eclipse\configuration\org.eclipse.osgi\248\0\.cp\lib\javaagent-shaded.jar -Dfile.encoding=UTF-8 com.Anix.Main.Core

Host: Intel(R) Core(TM) i5-7400 CPU @ 3.00GHz, 4 cores, 15G,  Windows 10 , 64 bit Build 19041 (10.0.19041.3155)
Time: Tue Aug 15 03:28:55 2023 GMT Summer Time elapsed time: 1.579979 seconds (0d 0h 0m 1s)

---------------  T H R E A D  ---------------

Current thread (0x0000024c2dd80120):  JavaThread "Main Thread" [_thread_in_native, id=3620, stack(0x000000563f000000,0x000000563f100000)]

Stack: [0x000000563f000000,0x000000563f100000],  sp=0x000000563f0fe5b8,  free space=1017k
Native frames: (J=compiled Java code, j=interpreted, Vv=VM code, C=native code)
C  [jdwp.dll+0x2682c]

Java frames: (J=compiled Java code, j=interpreted, Vv=VM code)
j  com.Anix.IO.Application.create()V+159
j  com.Anix.Main.Core.run()V+48
j  java.lang.Thread.runWith(Ljava/lang/Object;Ljava/lang/Runnable;)V+5 java.base@20.0.1
j  java.lang.Thread.run()V+19 java.base@20.0.1
v  ~StubRoutines::call_stub 0x0000024c18e1100d

siginfo: EXCEPTION_ACCESS_VIOLATION (0xc0000005), reading address 0xffffffffffffffff


Registers:
RAX=0x0000024c2ecd76c0, RBX=0x0000024c2dc84590, RCX=0x0000024c2dd80400, RDX=0x0000024c2dc84590
RSP=0x000000563f0fe5b8, RBP=0x0000000000000002, RSI=0x000000563f0fe660, RDI=0x0000024c2dd80400
R8 =0x0000000000010002, R9 =0x0000000000000000, R10=0x00007fff3fbb0000, R11=0x000000563f0fe588
R12=0x0000000000000007, R13=0x0000024c08075700, R14=0x00007fff1dd90300, R15=0x0000000000000000
RIP=0x00007fff1dd8682c, EFLAGS=0x0000000000010202


Register to memory mapping:

RIP=0x00007fff1dd8682c jdwp.dll
RAX=0x0000024c2ecd76c0 points into unknown readable memory: 0x0000000000000000 | 00 00 00 00 00 00 00 00
RBX=0x0000024c2dc84590 points into unknown readable memory: 0x0000000700c2f3f8 | f8 f3 c2 00 07 00 00 00
RCX=0x0000024c2dd80400 points into unknown readable memory: 0x0000024c2ecd76c0 | c0 76 cd 2e 4c 02 00 00
RDX=0x0000024c2dc84590 points into unknown readable memory: 0x0000000700c2f3f8 | f8 f3 c2 00 07 00 00 00
RSP=0x000000563f0fe5b8 is pointing into the stack for thread: 0x0000024c2dd80120
RBP=0x0000000000000002 is an unknown value
RSI=0x000000563f0fe660 is pointing into the stack for thread: 0x0000024c2dd80120
RDI=0x0000024c2dd80400 points into unknown readable memory: 0x0000024c2ecd76c0 | c0 76 cd 2e 4c 02 00 00
R8 =0x0000000000010002 is an unknown value
R9 =0x0 is NULL
R10=0x00007fff3fbb0000 VCRUNTIME140.dll
R11=0x000000563f0fe588 is pointing into the stack for thread: 0x0000024c2dd80120
R12=0x0000000000000007 is an unknown value
R13=0x0000024c08075700 points into unknown readable memory: 0x00007ffeaa5be370 | 70 e3 5b aa fe 7f 00 00
R14=0x00007fff1dd90300 jdwp.dll
R15=0x0 is NULL


Top of Stack: (sp=0x000000563f0fe5b8)
0x000000563f0fe5b8:   00007fff1dd7611f 0000024c2dc84590
0x000000563f0fe5c8:   000000563f0fe660 0000000000000000
0x000000563f0fe5d8:   0000000000000000 00007ffeaa6613f0
0x000000563f0fe5e8:   00007ffeaa6613f0 0000024c2dcbb198
0x000000563f0fe5f8:   00007fff1dd90348 0000024c2dc84590
0x000000563f0fe608:   00007fff1dd7279f 0000024c2dc84590
0x000000563f0fe618:   0000000000000002 0000024c2dd80400
0x000000563f0fe628:   0000024c2dc84598 000000563f0fe7c0
0x000000563f0fe638:   00007ffeaa00d4cd 00000008010a068c
0x000000563f0fe648:   000000563f0fe7c0 000000563f0fe7c0
0x000000563f0fe658:   00007ffeaa1011ef 0000000000000007
0x000000563f0fe668:   0000024c2dc84590 0000000000000000
0x000000563f0fe678:   0000024c2dc84598 0000000000000000
0x000000563f0fe688:   0000000000000000 0000000000000000
0x000000563f0fe698:   0000000000000000 0000000000000000
0x000000563f0fe6a8:   0000000000000000 0000000000000000
0x000000563f0fe6b8:   0000024c2dc84590 00000008010a05e8
0x000000563f0fe6c8:   00007ffea9fe8f85 0000024c2dc84598
0x000000563f0fe6d8:   0000024c2e090fe0 0000024c2dd80120
0x000000563f0fe6e8:   00007ffeaa00e6f5 0000024c2dcbb158
0x000000563f0fe6f8:   00007ffea9e38a26 0000000000000000
0x000000563f0fe708:   0000024c08081290 0000024c2dd80120
0x000000563f0fe718:   000000080060e6c0 0000024c2de30900
0x000000563f0fe728:   0000024c28e403a0 0000024c28e403b0
0x000000563f0fe738:   0000024c28e40788 00000000000003d8
0x000000563f0fe748:   0000024c2dd80120 0000024c2dd80120
0x000000563f0fe758:   0000024c2dbc46c0 0000024c2dd4fbc0
0x000000563f0fe768:   0000024c2dd4fc08 0000024c2dd4fca8
0x000000563f0fe778:   00000000000000d8 000000563f0fe790
0x000000563f0fe788:   000000563f0fe8c0 0000024c2dd80120
0x000000563f0fe798:   0000024c2dbc46c0 0000024c2dd4fbc0
0x000000563f0fe7a8:   0000024c2dd4fc08 0000024c2dd4fca8 

Instructions: (pc=0x00007fff1dd8682c)
0x00007fff1dd8672c:   05 ff 09 01 00 48 8b 03 48 8b d7 4d 8b 40 30 48
0x00007fff1dd8673c:   8b cb 48 8b 5c 24 30 48 83 c4 20 5f 48 ff a0 00
0x00007fff1dd8674c:   01 00 00 cc 48 89 5c 24 08 57 48 83 ec 20 48 8b
0x00007fff1dd8675c:   f9 e8 f2 ea ff ff 4c 8b 05 c7 09 01 00 48 8b d8
0x00007fff1dd8676c:   41 f6 80 10 02 00 00 02 74 33 41 b8 1f 06 00 00
0x00007fff1dd8677c:   48 8d 15 e5 c3 00 00 48 8d 0d 7a 5c 00 00 e8 71
0x00007fff1dd8678c:   49 ff ff 48 8d 15 62 9a 00 00 48 8d 0d 7b 5c 00
0x00007fff1dd8679c:   00 e8 06 4a ff ff 4c 8b 05 87 09 01 00 48 8b 03
0x00007fff1dd867ac:   48 8b d7 4d 8b 40 38 48 8b cb 48 8b 5c 24 30 48
0x00007fff1dd867bc:   83 c4 20 5f 48 ff a0 00 01 00 00 cc 48 89 5c 24
0x00007fff1dd867cc:   08 57 48 83 ec 20 48 8b f9 e8 7a ea ff ff 48 8b
0x00007fff1dd867dc:   15 4f 09 01 00 48 8b d8 f6 82 10 02 00 00 02 74
0x00007fff1dd867ec:   2c 41 b8 11 06 00 00 48 8d 15 6e c3 00 00 48 8d
0x00007fff1dd867fc:   0d 03 5c 00 00 e8 fa 48 ff ff 48 8d 15 e3 6c 00
0x00007fff1dd8680c:   00 48 8d 0d 04 5c 00 00 e8 8f 49 ff ff 48 8b 03
0x00007fff1dd8681c:   48 8b d7 48 8b cb 48 8b 5c 24 30 48 83 c4 20 5f
0x00007fff1dd8682c:   48 ff a0 50 07 00 00 cc 48 89 5c 24 08 48 89 74
0x00007fff1dd8683c:   24 10 48 89 7c 24 18 41 56 48 83 ec 20 4c 63 f2
0x00007fff1dd8684c:   49 8b d8 48 8b d1 41 8b f9 48 8b cb 4d 8d 46 ff
0x00007fff1dd8685c:   ff 15 0e 5a 00 00 85 c0 75 3c 41 0f be 44 1e ff
0x00007fff1dd8686c:   3b c7 75 32 49 03 de eb 10 0f be c8 ff 15 e2 59
0x00007fff1dd8687c:   00 00 85 c0 74 09 48 ff c3 8a 03 84 c0 75 ea 80
0x00007fff1dd8688c:   3b 3b 74 12 8b d7 48 8b cb e8 78 4a 00 00 48 85
0x00007fff1dd8689c:   c0 0f 94 c0 eb 02 32 c0 48 8b 5c 24 30 48 8b 74
0x00007fff1dd868ac:   24 38 48 8b 7c 24 40 48 83 c4 20 41 5e c3 cc cc
0x00007fff1dd868bc:   0f b6 d1 83 fa 1e 0f 87 83 00 00 00 74 7b 83 fa
0x00007fff1dd868cc:   07 77 41 74 39 83 ea 01 74 2e 83 ea 01 74 23 83
0x00007fff1dd868dc:   ea 01 74 18 83 ea 01 74 0d 83 fa 02 0f 85 8a 00
0x00007fff1dd868ec:   00 00 8d 42 03 c3 b8 04 00 00 00 c3 b8 03 00 00
0x00007fff1dd868fc:   00 c3 b8 02 00 00 00 c3 b8 01 00 00 00 c3 b8 06
0x00007fff1dd8690c:   00 00 00 c3 b8 08 00 00 00 2b d0 74 26 83 ea 01
0x00007fff1dd8691c:   0f 84 88 00 00 00 83 ea 01 74 12 b8 0a 00 00 00 


Stack slot to memory mapping:
stack at sp + 0 slots: 0x00007fff1dd7611f jdwp.dll
stack at sp + 1 slots: 0x0000024c2dc84590 points into unknown readable memory: 0x0000000700c2f3f8 | f8 f3 c2 00 07 00 00 00
stack at sp + 2 slots: 0x000000563f0fe660 is pointing into the stack for thread: 0x0000024c2dd80120
stack at sp + 3 slots: 0x0 is NULL
stack at sp + 4 slots: 0x0 is NULL
stack at sp + 5 slots: 0x00007ffeaa6613f0 jvm.dll
stack at sp + 6 slots: 0x00007ffeaa6613f0 jvm.dll
stack at sp + 7 slots: 0x0000024c2dcbb198 points into unknown readable memory: 0x8000000600000001 | 01 00 00 00 06 00 00 80


---------------  P R O C E S S  ---------------

Threads class SMR info:
_java_thread_list=0x0000024c2d753130, length=16, elements={
0x0000024c26915d30, 0x0000024c269171d0, 0x0000024c26919ab0, 0x0000024c2691a780,
0x0000024c2691caa0, 0x0000024c2691dc20, 0x0000024c28df00f0, 0x0000024c28e11300,
0x0000024c28f9bee0, 0x0000024c290d69d0, 0x0000024c290d9380, 0x0000024c290d9920,
0x0000024c2dd101c0, 0x0000024c2dd80120, 0x0000024c2ddcf8a0, 0x0000024c2e05cf20
}

Java Threads: ( => current thread )
  0x0000024c26915d30 JavaThread "Reference Handler" daemon [_thread_blocked, id=15996, stack(0x000000563e200000,0x000000563e300000)]
  0x0000024c269171d0 JavaThread "Finalizer" daemon [_thread_blocked, id=8260, stack(0x000000563e300000,0x000000563e400000)]
  0x0000024c26919ab0 JavaThread "Signal Dispatcher" daemon [_thread_blocked, id=19056, stack(0x000000563e400000,0x000000563e500000)]
  0x0000024c2691a780 JavaThread "Attach Listener" daemon [_thread_blocked, id=15820, stack(0x000000563e500000,0x000000563e600000)]
  0x0000024c2691caa0 JavaThread "Service Thread" daemon [_thread_blocked, id=18548, stack(0x000000563e600000,0x000000563e700000)]
  0x0000024c2691dc20 JavaThread "Monitor Deflation Thread" daemon [_thread_blocked, id=19240, stack(0x000000563e700000,0x000000563e800000)]
  0x0000024c28df00f0 JavaThread "C2 CompilerThread0" daemon [_thread_blocked, id=11412, stack(0x000000563e800000,0x000000563e900000)]
  0x0000024c28e11300 JavaThread "C1 CompilerThread0" daemon [_thread_blocked, id=19836, stack(0x000000563e900000,0x000000563ea00000)]
  0x0000024c28f9bee0 JavaThread "Common-Cleaner" daemon [_thread_blocked, id=6836, stack(0x000000563ea00000,0x000000563eb00000)]
  0x0000024c290d69d0 JavaThread "JDWP Transport Listener: dt_socket" daemon [_thread_blocked, id=18964, stack(0x000000563eb00000,0x000000563ec00000)]
  0x0000024c290d9380 JavaThread "JDWP Event Helper Thread" daemon [_thread_blocked, id=14860, stack(0x000000563ec00000,0x000000563ed00000)]
  0x0000024c290d9920 JavaThread "JDWP Command Reader" daemon [_thread_in_native, id=10572, stack(0x000000563ed00000,0x000000563ee00000)]
  0x0000024c2dd101c0 JavaThread "Notification Thread" daemon [_thread_blocked, id=19396, stack(0x000000563ee00000,0x000000563ef00000)]
=>0x0000024c2dd80120 JavaThread "Main Thread" [_thread_in_native, id=3620, stack(0x000000563f000000,0x000000563f100000)]
  0x0000024c2ddcf8a0 JavaThread "DestroyJavaVM" [_thread_blocked, id=4676, stack(0x000000563db00000,0x000000563dc00000)]
  0x0000024c2e05cf20 JavaThread "C2 CompilerThread1" daemon [_thread_blocked, id=5080, stack(0x000000563fa00000,0x000000563fb00000)]

Other Threads:
  0x0000024c268d7c90 VMThread "VM Thread" [stack: 0x000000563e100000,0x000000563e200000] [id=15376]
  0x0000024c2dc88e30 WatcherThread "VM Periodic Task Thread" [stack: 0x000000563ef00000,0x000000563f000000] [id=18220]
  0x0000024c080a90c0 WorkerThread "GC Thread#0" [stack: 0x000000563dc00000,0x000000563dd00000] [id=5172]
  0x0000024c2e0ceee0 WorkerThread "GC Thread#1" [stack: 0x000000563f200000,0x000000563f300000] [id=15916]
  0x0000024c2e0cf1e0 WorkerThread "GC Thread#2" [stack: 0x000000563f300000,0x000000563f400000] [id=8756]
  0x0000024c2e0cf4e0 WorkerThread "GC Thread#3" [stack: 0x000000563f400000,0x000000563f500000] [id=18444]
  0x0000024c080de630 ConcurrentGCThread "G1 Main Marker" [stack: 0x000000563dd00000,0x000000563de00000] [id=15992]
  0x0000024c26752080 WorkerThread "G1 Conc#0" [stack: 0x000000563de00000,0x000000563df00000] [id=19948]
  0x0000024c267f0070 ConcurrentGCThread "G1 Refine#0" [stack: 0x000000563df00000,0x000000563e000000] [id=224]
  0x0000024c267f2dd0 ConcurrentGCThread "G1 Service" [stack: 0x000000563e000000,0x000000563e100000] [id=12576]

Threads with active compile tasks:

VM state: not at safepoint (normal execution)

VM Mutex/Monitor currently owned by a thread: None

Heap address: 0x0000000700c00000, size: 4084 MB, Compressed Oops mode: Zero based, Oop shift amount: 3

CDS archive(s) mapped at: [0x0000000800000000-0x0000000800c60000-0x0000000800c60000), size 12976128, SharedBaseAddress: 0x0000000800000000, ArchiveRelocationMode: 0.
Compressed class space mapped at: 0x0000000801000000-0x0000000841000000, reserved size: 1073741824
Narrow klass base: 0x0000000800000000, Narrow klass shift: 0, Narrow klass range: 0x100000000

GC Precious Log:
 CardTable entry size: 512
 Card Set container configuration: InlinePtr #cards 4 size 8 Array Of Cards #cards 16 size 48 Howl #buckets 8 coarsen threshold 3686 Howl Bitmap #cards 512 size 80 coarsen threshold 460 Card regions per heap region 1 cards per card region 4096
 CPUs: 4 total, 4 available
 Memory: 16328M
 Large Page Support: Disabled
 NUMA Support: Disabled
 Compressed Oops: Enabled (Zero based)
 Heap Region Size: 2M
 Heap Min Capacity: 8M
 Heap Initial Capacity: 256M
 Heap Max Capacity: 4084M
 Pre-touch: Disabled
 Parallel Workers: 4
 Concurrent Workers: 1
 Concurrent Refinement Workers: 4
 Periodic GC: Disabled

Heap:
 garbage-first heap   total 262144K, used 20009K [0x0000000700c00000, 0x0000000800000000)
  region size 2048K, 10 young (20480K), 1 survivors (2048K)
 Metaspace       used 8607K, committed 8832K, reserved 1114112K
  class space    used 552K, committed 640K, reserved 1048576K

Heap Regions: E=young(eden), S=young(survivor), O=old, HS=humongous(starts), HC=humongous(continues), CS=collection set, F=free, OA=open archive, CA=closed archive, TAMS=top-at-mark-start, PB=parsable bottom
|   0|0x0000000700c00000, 0x0000000700e00000, 0x0000000700e00000|100%| O|  |TAMS 0x0000000700c00000| PB 0x0000000700c00000| Untracked 
|   1|0x0000000700e00000, 0x0000000700e46e00, 0x0000000701000000| 13%| O|  |TAMS 0x0000000700e00000| PB 0x0000000700e00000| Untracked 
|   2|0x0000000701000000, 0x0000000701000000, 0x0000000701200000|  0%| F|  |TAMS 0x0000000701000000| PB 0x0000000701000000| Untracked 
|   3|0x0000000701200000, 0x0000000701200000, 0x0000000701400000|  0%| F|  |TAMS 0x0000000701200000| PB 0x0000000701200000| Untracked 
|   4|0x0000000701400000, 0x0000000701400000, 0x0000000701600000|  0%| F|  |TAMS 0x0000000701400000| PB 0x0000000701400000| Untracked 
|   5|0x0000000701600000, 0x0000000701600000, 0x0000000701800000|  0%| F|  |TAMS 0x0000000701600000| PB 0x0000000701600000| Untracked 
|   6|0x0000000701800000, 0x0000000701800000, 0x0000000701a00000|  0%| F|  |TAMS 0x0000000701800000| PB 0x0000000701800000| Untracked 
|   7|0x0000000701a00000, 0x0000000701a00000, 0x0000000701c00000|  0%| F|  |TAMS 0x0000000701a00000| PB 0x0000000701a00000| Untracked 
|   8|0x0000000701c00000, 0x0000000701c00000, 0x0000000701e00000|  0%| F|  |TAMS 0x0000000701c00000| PB 0x0000000701c00000| Untracked 
|   9|0x0000000701e00000, 0x0000000701e00000, 0x0000000702000000|  0%| F|  |TAMS 0x0000000701e00000| PB 0x0000000701e00000| Untracked 
|  10|0x0000000702000000, 0x0000000702000000, 0x0000000702200000|  0%| F|  |TAMS 0x0000000702000000| PB 0x0000000702000000| Untracked 
|  11|0x0000000702200000, 0x0000000702200000, 0x0000000702400000|  0%| F|  |TAMS 0x0000000702200000| PB 0x0000000702200000| Untracked 
|  12|0x0000000702400000, 0x0000000702400000, 0x0000000702600000|  0%| F|  |TAMS 0x0000000702400000| PB 0x0000000702400000| Untracked 
|  13|0x0000000702600000, 0x0000000702600000, 0x0000000702800000|  0%| F|  |TAMS 0x0000000702600000| PB 0x0000000702600000| Untracked 
|  14|0x0000000702800000, 0x0000000702800000, 0x0000000702a00000|  0%| F|  |TAMS 0x0000000702800000| PB 0x0000000702800000| Untracked 
|  15|0x0000000702a00000, 0x0000000702a00000, 0x0000000702c00000|  0%| F|  |TAMS 0x0000000702a00000| PB 0x0000000702a00000| Untracked 
|  16|0x0000000702c00000, 0x0000000702c00000, 0x0000000702e00000|  0%| F|  |TAMS 0x0000000702c00000| PB 0x0000000702c00000| Untracked 
|  17|0x0000000702e00000, 0x0000000702e00000, 0x0000000703000000|  0%| F|  |TAMS 0x0000000702e00000| PB 0x0000000702e00000| Untracked 
|  18|0x0000000703000000, 0x0000000703000000, 0x0000000703200000|  0%| F|  |TAMS 0x0000000703000000| PB 0x0000000703000000| Untracked 
|  19|0x0000000703200000, 0x0000000703200000, 0x0000000703400000|  0%| F|  |TAMS 0x0000000703200000| PB 0x0000000703200000| Untracked 
|  20|0x0000000703400000, 0x0000000703400000, 0x0000000703600000|  0%| F|  |TAMS 0x0000000703400000| PB 0x0000000703400000| Untracked 
|  21|0x0000000703600000, 0x0000000703600000, 0x0000000703800000|  0%| F|  |TAMS 0x0000000703600000| PB 0x0000000703600000| Untracked 
|  22|0x0000000703800000, 0x0000000703800000, 0x0000000703a00000|  0%| F|  |TAMS 0x0000000703800000| PB 0x0000000703800000| Untracked 
|  23|0x0000000703a00000, 0x0000000703a00000, 0x0000000703c00000|  0%| F|  |TAMS 0x0000000703a00000| PB 0x0000000703a00000| Untracked 
|  24|0x0000000703c00000, 0x0000000703c00000, 0x0000000703e00000|  0%| F|  |TAMS 0x0000000703c00000| PB 0x0000000703c00000| Untracked 
|  25|0x0000000703e00000, 0x0000000703e00000, 0x0000000704000000|  0%| F|  |TAMS 0x0000000703e00000| PB 0x0000000703e00000| Untracked 
|  26|0x0000000704000000, 0x0000000704000000, 0x0000000704200000|  0%| F|  |TAMS 0x0000000704000000| PB 0x0000000704000000| Untracked 
|  27|0x0000000704200000, 0x0000000704200000, 0x0000000704400000|  0%| F|  |TAMS 0x0000000704200000| PB 0x0000000704200000| Untracked 
|  28|0x0000000704400000, 0x0000000704400000, 0x0000000704600000|  0%| F|  |TAMS 0x0000000704400000| PB 0x0000000704400000| Untracked 
|  29|0x0000000704600000, 0x0000000704600000, 0x0000000704800000|  0%| F|  |TAMS 0x0000000704600000| PB 0x0000000704600000| Untracked 
|  30|0x0000000704800000, 0x0000000704800000, 0x0000000704a00000|  0%| F|  |TAMS 0x0000000704800000| PB 0x0000000704800000| Untracked 
|  31|0x0000000704a00000, 0x0000000704a00000, 0x0000000704c00000|  0%| F|  |TAMS 0x0000000704a00000| PB 0x0000000704a00000| Untracked 
|  32|0x0000000704c00000, 0x0000000704c00000, 0x0000000704e00000|  0%| F|  |TAMS 0x0000000704c00000| PB 0x0000000704c00000| Untracked 
|  33|0x0000000704e00000, 0x0000000704e00000, 0x0000000705000000|  0%| F|  |TAMS 0x0000000704e00000| PB 0x0000000704e00000| Untracked 
|  34|0x0000000705000000, 0x0000000705000000, 0x0000000705200000|  0%| F|  |TAMS 0x0000000705000000| PB 0x0000000705000000| Untracked 
|  35|0x0000000705200000, 0x0000000705200000, 0x0000000705400000|  0%| F|  |TAMS 0x0000000705200000| PB 0x0000000705200000| Untracked 
|  36|0x0000000705400000, 0x0000000705400000, 0x0000000705600000|  0%| F|  |TAMS 0x0000000705400000| PB 0x0000000705400000| Untracked 
|  37|0x0000000705600000, 0x0000000705600000, 0x0000000705800000|  0%| F|  |TAMS 0x0000000705600000| PB 0x0000000705600000| Untracked 
|  38|0x0000000705800000, 0x0000000705800000, 0x0000000705a00000|  0%| F|  |TAMS 0x0000000705800000| PB 0x0000000705800000| Untracked 
|  39|0x0000000705a00000, 0x0000000705a00000, 0x0000000705c00000|  0%| F|  |TAMS 0x0000000705a00000| PB 0x0000000705a00000| Untracked 
|  40|0x0000000705c00000, 0x0000000705c00000, 0x0000000705e00000|  0%| F|  |TAMS 0x0000000705c00000| PB 0x0000000705c00000| Untracked 
|  41|0x0000000705e00000, 0x0000000705e00000, 0x0000000706000000|  0%| F|  |TAMS 0x0000000705e00000| PB 0x0000000705e00000| Untracked 
|  42|0x0000000706000000, 0x0000000706000000, 0x0000000706200000|  0%| F|  |TAMS 0x0000000706000000| PB 0x0000000706000000| Untracked 
|  43|0x0000000706200000, 0x0000000706200000, 0x0000000706400000|  0%| F|  |TAMS 0x0000000706200000| PB 0x0000000706200000| Untracked 
|  44|0x0000000706400000, 0x0000000706400000, 0x0000000706600000|  0%| F|  |TAMS 0x0000000706400000| PB 0x0000000706400000| Untracked 
|  45|0x0000000706600000, 0x0000000706600000, 0x0000000706800000|  0%| F|  |TAMS 0x0000000706600000| PB 0x0000000706600000| Untracked 
|  46|0x0000000706800000, 0x0000000706800000, 0x0000000706a00000|  0%| F|  |TAMS 0x0000000706800000| PB 0x0000000706800000| Untracked 
|  47|0x0000000706a00000, 0x0000000706a00000, 0x0000000706c00000|  0%| F|  |TAMS 0x0000000706a00000| PB 0x0000000706a00000| Untracked 
|  48|0x0000000706c00000, 0x0000000706c00000, 0x0000000706e00000|  0%| F|  |TAMS 0x0000000706c00000| PB 0x0000000706c00000| Untracked 
|  49|0x0000000706e00000, 0x0000000706e00000, 0x0000000707000000|  0%| F|  |TAMS 0x0000000706e00000| PB 0x0000000706e00000| Untracked 
|  50|0x0000000707000000, 0x0000000707000000, 0x0000000707200000|  0%| F|  |TAMS 0x0000000707000000| PB 0x0000000707000000| Untracked 
|  51|0x0000000707200000, 0x0000000707200000, 0x0000000707400000|  0%| F|  |TAMS 0x0000000707200000| PB 0x0000000707200000| Untracked 
|  52|0x0000000707400000, 0x0000000707400000, 0x0000000707600000|  0%| F|  |TAMS 0x0000000707400000| PB 0x0000000707400000| Untracked 
|  53|0x0000000707600000, 0x0000000707600000, 0x0000000707800000|  0%| F|  |TAMS 0x0000000707600000| PB 0x0000000707600000| Untracked 
|  54|0x0000000707800000, 0x0000000707800000, 0x0000000707a00000|  0%| F|  |TAMS 0x0000000707800000| PB 0x0000000707800000| Untracked 
|  55|0x0000000707a00000, 0x0000000707a00000, 0x0000000707c00000|  0%| F|  |TAMS 0x0000000707a00000| PB 0x0000000707a00000| Untracked 
|  56|0x0000000707c00000, 0x0000000707c00000, 0x0000000707e00000|  0%| F|  |TAMS 0x0000000707c00000| PB 0x0000000707c00000| Untracked 
|  57|0x0000000707e00000, 0x0000000707e00000, 0x0000000708000000|  0%| F|  |TAMS 0x0000000707e00000| PB 0x0000000707e00000| Untracked 
|  58|0x0000000708000000, 0x0000000708000000, 0x0000000708200000|  0%| F|  |TAMS 0x0000000708000000| PB 0x0000000708000000| Untracked 
|  59|0x0000000708200000, 0x0000000708200000, 0x0000000708400000|  0%| F|  |TAMS 0x0000000708200000| PB 0x0000000708200000| Untracked 
|  60|0x0000000708400000, 0x0000000708400000, 0x0000000708600000|  0%| F|  |TAMS 0x0000000708400000| PB 0x0000000708400000| Untracked 
|  61|0x0000000708600000, 0x0000000708600000, 0x0000000708800000|  0%| F|  |TAMS 0x0000000708600000| PB 0x0000000708600000| Untracked 
|  62|0x0000000708800000, 0x0000000708800000, 0x0000000708a00000|  0%| F|  |TAMS 0x0000000708800000| PB 0x0000000708800000| Untracked 
|  63|0x0000000708a00000, 0x0000000708a00000, 0x0000000708c00000|  0%| F|  |TAMS 0x0000000708a00000| PB 0x0000000708a00000| Untracked 
|  64|0x0000000708c00000, 0x0000000708c00000, 0x0000000708e00000|  0%| F|  |TAMS 0x0000000708c00000| PB 0x0000000708c00000| Untracked 
|  65|0x0000000708e00000, 0x0000000708e00000, 0x0000000709000000|  0%| F|  |TAMS 0x0000000708e00000| PB 0x0000000708e00000| Untracked 
|  66|0x0000000709000000, 0x0000000709000000, 0x0000000709200000|  0%| F|  |TAMS 0x0000000709000000| PB 0x0000000709000000| Untracked 
|  67|0x0000000709200000, 0x0000000709200000, 0x0000000709400000|  0%| F|  |TAMS 0x0000000709200000| PB 0x0000000709200000| Untracked 
|  68|0x0000000709400000, 0x0000000709400000, 0x0000000709600000|  0%| F|  |TAMS 0x0000000709400000| PB 0x0000000709400000| Untracked 
|  69|0x0000000709600000, 0x0000000709600000, 0x0000000709800000|  0%| F|  |TAMS 0x0000000709600000| PB 0x0000000709600000| Untracked 
|  70|0x0000000709800000, 0x0000000709800000, 0x0000000709a00000|  0%| F|  |TAMS 0x0000000709800000| PB 0x0000000709800000| Untracked 
|  71|0x0000000709a00000, 0x0000000709a00000, 0x0000000709c00000|  0%| F|  |TAMS 0x0000000709a00000| PB 0x0000000709a00000| Untracked 
|  72|0x0000000709c00000, 0x0000000709c00000, 0x0000000709e00000|  0%| F|  |TAMS 0x0000000709c00000| PB 0x0000000709c00000| Untracked 
|  73|0x0000000709e00000, 0x0000000709e00000, 0x000000070a000000|  0%| F|  |TAMS 0x0000000709e00000| PB 0x0000000709e00000| Untracked 
|  74|0x000000070a000000, 0x000000070a000000, 0x000000070a200000|  0%| F|  |TAMS 0x000000070a000000| PB 0x000000070a000000| Untracked 
|  75|0x000000070a200000, 0x000000070a200000, 0x000000070a400000|  0%| F|  |TAMS 0x000000070a200000| PB 0x000000070a200000| Untracked 
|  76|0x000000070a400000, 0x000000070a400000, 0x000000070a600000|  0%| F|  |TAMS 0x000000070a400000| PB 0x000000070a400000| Untracked 
|  77|0x000000070a600000, 0x000000070a600000, 0x000000070a800000|  0%| F|  |TAMS 0x000000070a600000| PB 0x000000070a600000| Untracked 
|  78|0x000000070a800000, 0x000000070a800000, 0x000000070aa00000|  0%| F|  |TAMS 0x000000070a800000| PB 0x000000070a800000| Untracked 
|  79|0x000000070aa00000, 0x000000070aa00000, 0x000000070ac00000|  0%| F|  |TAMS 0x000000070aa00000| PB 0x000000070aa00000| Untracked 
|  80|0x000000070ac00000, 0x000000070ac00000, 0x000000070ae00000|  0%| F|  |TAMS 0x000000070ac00000| PB 0x000000070ac00000| Untracked 
|  81|0x000000070ae00000, 0x000000070ae00000, 0x000000070b000000|  0%| F|  |TAMS 0x000000070ae00000| PB 0x000000070ae00000| Untracked 
|  82|0x000000070b000000, 0x000000070b000000, 0x000000070b200000|  0%| F|  |TAMS 0x000000070b000000| PB 0x000000070b000000| Untracked 
|  83|0x000000070b200000, 0x000000070b200000, 0x000000070b400000|  0%| F|  |TAMS 0x000000070b200000| PB 0x000000070b200000| Untracked 
|  84|0x000000070b400000, 0x000000070b400000, 0x000000070b600000|  0%| F|  |TAMS 0x000000070b400000| PB 0x000000070b400000| Untracked 
|  85|0x000000070b600000, 0x000000070b600000, 0x000000070b800000|  0%| F|  |TAMS 0x000000070b600000| PB 0x000000070b600000| Untracked 
|  86|0x000000070b800000, 0x000000070b800000, 0x000000070ba00000|  0%| F|  |TAMS 0x000000070b800000| PB 0x000000070b800000| Untracked 
|  87|0x000000070ba00000, 0x000000070ba00000, 0x000000070bc00000|  0%| F|  |TAMS 0x000000070ba00000| PB 0x000000070ba00000| Untracked 
|  88|0x000000070bc00000, 0x000000070bc00000, 0x000000070be00000|  0%| F|  |TAMS 0x000000070bc00000| PB 0x000000070bc00000| Untracked 
|  89|0x000000070be00000, 0x000000070be00000, 0x000000070c000000|  0%| F|  |TAMS 0x000000070be00000| PB 0x000000070be00000| Untracked 
|  90|0x000000070c000000, 0x000000070c000000, 0x000000070c200000|  0%| F|  |TAMS 0x000000070c000000| PB 0x000000070c000000| Untracked 
|  91|0x000000070c200000, 0x000000070c200000, 0x000000070c400000|  0%| F|  |TAMS 0x000000070c200000| PB 0x000000070c200000| Untracked 
|  92|0x000000070c400000, 0x000000070c400000, 0x000000070c600000|  0%| F|  |TAMS 0x000000070c400000| PB 0x000000070c400000| Untracked 
|  93|0x000000070c600000, 0x000000070c600000, 0x000000070c800000|  0%| F|  |TAMS 0x000000070c600000| PB 0x000000070c600000| Untracked 
|  94|0x000000070c800000, 0x000000070c800000, 0x000000070ca00000|  0%| F|  |TAMS 0x000000070c800000| PB 0x000000070c800000| Untracked 
|  95|0x000000070ca00000, 0x000000070ca00000, 0x000000070cc00000|  0%| F|  |TAMS 0x000000070ca00000| PB 0x000000070ca00000| Untracked 
|  96|0x000000070cc00000, 0x000000070cc00000, 0x000000070ce00000|  0%| F|  |TAMS 0x000000070cc00000| PB 0x000000070cc00000| Untracked 
|  97|0x000000070ce00000, 0x000000070ce00000, 0x000000070d000000|  0%| F|  |TAMS 0x000000070ce00000| PB 0x000000070ce00000| Untracked 
|  98|0x000000070d000000, 0x000000070d000000, 0x000000070d200000|  0%| F|  |TAMS 0x000000070d000000| PB 0x000000070d000000| Untracked 
|  99|0x000000070d200000, 0x000000070d200000, 0x000000070d400000|  0%| F|  |TAMS 0x000000070d200000| PB 0x000000070d200000| Untracked 
| 100|0x000000070d400000, 0x000000070d400000, 0x000000070d600000|  0%| F|  |TAMS 0x000000070d400000| PB 0x000000070d400000| Untracked 
| 101|0x000000070d600000, 0x000000070d600000, 0x000000070d800000|  0%| F|  |TAMS 0x000000070d600000| PB 0x000000070d600000| Untracked 
| 102|0x000000070d800000, 0x000000070d800000, 0x000000070da00000|  0%| F|  |TAMS 0x000000070d800000| PB 0x000000070d800000| Untracked 
| 103|0x000000070da00000, 0x000000070da00000, 0x000000070dc00000|  0%| F|  |TAMS 0x000000070da00000| PB 0x000000070da00000| Untracked 
| 104|0x000000070dc00000, 0x000000070dc00000, 0x000000070de00000|  0%| F|  |TAMS 0x000000070dc00000| PB 0x000000070dc00000| Untracked 
| 105|0x000000070de00000, 0x000000070de00000, 0x000000070e000000|  0%| F|  |TAMS 0x000000070de00000| PB 0x000000070de00000| Untracked 
| 106|0x000000070e000000, 0x000000070e000000, 0x000000070e200000|  0%| F|  |TAMS 0x000000070e000000| PB 0x000000070e000000| Untracked 
| 107|0x000000070e200000, 0x000000070e200000, 0x000000070e400000|  0%| F|  |TAMS 0x000000070e200000| PB 0x000000070e200000| Untracked 
| 108|0x000000070e400000, 0x000000070e400000, 0x000000070e600000|  0%| F|  |TAMS 0x000000070e400000| PB 0x000000070e400000| Untracked 
| 109|0x000000070e600000, 0x000000070e600000, 0x000000070e800000|  0%| F|  |TAMS 0x000000070e600000| PB 0x000000070e600000| Untracked 
| 110|0x000000070e800000, 0x000000070e800000, 0x000000070ea00000|  0%| F|  |TAMS 0x000000070e800000| PB 0x000000070e800000| Untracked 
| 111|0x000000070ea00000, 0x000000070ea00000, 0x000000070ec00000|  0%| F|  |TAMS 0x000000070ea00000| PB 0x000000070ea00000| Untracked 
| 112|0x000000070ec00000, 0x000000070ec00000, 0x000000070ee00000|  0%| F|  |TAMS 0x000000070ec00000| PB 0x000000070ec00000| Untracked 
| 113|0x000000070ee00000, 0x000000070ee00000, 0x000000070f000000|  0%| F|  |TAMS 0x000000070ee00000| PB 0x000000070ee00000| Untracked 
| 114|0x000000070f000000, 0x000000070f000000, 0x000000070f200000|  0%| F|  |TAMS 0x000000070f000000| PB 0x000000070f000000| Untracked 
| 115|0x000000070f200000, 0x000000070f200000, 0x000000070f400000|  0%| F|  |TAMS 0x000000070f200000| PB 0x000000070f200000| Untracked 
| 116|0x000000070f400000, 0x000000070f400000, 0x000000070f600000|  0%| F|  |TAMS 0x000000070f400000| PB 0x000000070f400000| Untracked 
| 117|0x000000070f600000, 0x000000070f600000, 0x000000070f800000|  0%| F|  |TAMS 0x000000070f600000| PB 0x000000070f600000| Untracked 
| 118|0x000000070f800000, 0x000000070f871328, 0x000000070fa00000| 22%| E|  |TAMS 0x000000070f800000| PB 0x000000070f800000| Complete 
| 119|0x000000070fa00000, 0x000000070fb439d0, 0x000000070fc00000| 63%| S|CS|TAMS 0x000000070fa00000| PB 0x000000070fa00000| Complete 
| 120|0x000000070fc00000, 0x000000070fe00000, 0x000000070fe00000|100%| E|CS|TAMS 0x000000070fc00000| PB 0x000000070fc00000| Complete 
| 121|0x000000070fe00000, 0x0000000710000000, 0x0000000710000000|100%| E|CS|TAMS 0x000000070fe00000| PB 0x000000070fe00000| Complete 
| 122|0x0000000710000000, 0x0000000710200000, 0x0000000710200000|100%| E|CS|TAMS 0x0000000710000000| PB 0x0000000710000000| Complete 
| 123|0x0000000710200000, 0x0000000710400000, 0x0000000710400000|100%| E|CS|TAMS 0x0000000710200000| PB 0x0000000710200000| Complete 
| 124|0x0000000710400000, 0x0000000710600000, 0x0000000710600000|100%| E|CS|TAMS 0x0000000710400000| PB 0x0000000710400000| Complete 
| 125|0x0000000710600000, 0x0000000710800000, 0x0000000710800000|100%| E|CS|TAMS 0x0000000710600000| PB 0x0000000710600000| Complete 
| 126|0x0000000710800000, 0x0000000710a00000, 0x0000000710a00000|100%| E|CS|TAMS 0x0000000710800000| PB 0x0000000710800000| Complete 
| 127|0x0000000710a00000, 0x0000000710c00000, 0x0000000710c00000|100%| E|CS|TAMS 0x0000000710a00000| PB 0x0000000710a00000| Complete 

Card table byte_map: [0x0000024c21700000,0x0000024c21f00000] _byte_map_base: 0x0000024c1defa000

Marking Bits: (CMBitMap*) 0x0000024c080ddf80
 Bits: [0x0000024c22700000, 0x0000024c266d0000)

Polling page: 0x0000024c080e0000

Metaspace:

Usage:
  Non-class:      7.87 MB used.
      Class:    552.79 KB used.
       Both:      8.41 MB used.

Virtual space:
  Non-class space:       64.00 MB reserved,       8.00 MB ( 12%) committed,  1 nodes.
      Class space:        1.00 GB reserved,     640.00 KB ( <1%) committed,  1 nodes.
             Both:        1.06 GB reserved,       8.62 MB ( <1%) committed. 

Chunk freelists:
   Non-Class:  3.42 MB
       Class:  3.36 MB
        Both:  6.78 MB

MaxMetaspaceSize: unlimited
CompressedClassSpaceSize: 1.00 GB
Initial GC threshold: 21.00 MB
Current GC threshold: 21.00 MB
CDS: on
MetaspaceReclaimPolicy: balanced
 - commit_granule_bytes: 65536.
 - commit_granule_words: 8192.
 - virtual_space_node_default_size: 8388608.
 - enlarge_chunks_in_place: 1.
 - new_chunks_are_fully_committed: 0.
 - uncommit_free_chunks: 1.
 - use_allocation_guard: 0.


Internal statistics:

num_allocs_failed_limit: 0.
num_arena_births: 76.
num_arena_deaths: 0.
num_vsnodes_births: 2.
num_vsnodes_deaths: 0.
num_space_committed: 136.
num_space_uncommitted: 0.
num_chunks_returned_to_freelist: 0.
num_chunks_taken_from_freelist: 261.
num_chunk_merges: 0.
num_chunk_splits: 200.
num_chunks_enlarged: 162.
num_inconsistent_stats: 0.

CodeHeap 'non-profiled nmethods': size=120000Kb used=506Kb max_used=506Kb free=119493Kb
 bounds [0x0000024c193b0000, 0x0000024c19620000, 0x0000024c208e0000]
CodeHeap 'profiled nmethods': size=120000Kb used=2379Kb max_used=2379Kb free=117620Kb
 bounds [0x0000024c118e0000, 0x0000024c11b50000, 0x0000024c18e10000]
CodeHeap 'non-nmethods': size=5760Kb used=2210Kb max_used=2254Kb free=3549Kb
 bounds [0x0000024c18e10000, 0x0000024c19080000, 0x0000024c193b0000]
 total_blobs=2322 nmethods=1254 adapters=979
 compilation: enabled
              stopped_count=0, restarted_count=0
 full_count=0

Compilation events (20 events):
Event: 1.567 Thread 0x0000024c28e11300 1248       3       java.security.SecureClassLoader$CodeSourceKey::<init> (10 bytes)
Event: 1.567 Thread 0x0000024c2e05cf20 nmethod 1231 0x0000024c19423990 code [0x0000024c19423b20, 0x0000024c19423ef0]
Event: 1.567 Thread 0x0000024c28e11300 nmethod 1248 0x0000024c11b30d10 code [0x0000024c11b30ea0, 0x0000024c11b310d0]
Event: 1.568 Thread 0x0000024c28e11300 1249       3       java.security.SecureClassLoader$1::<init> (10 bytes)
Event: 1.568 Thread 0x0000024c2e05cf20 1242       4       java.lang.invoke.MethodType::hashCode (53 bytes)
Event: 1.568 Thread 0x0000024c28e11300 nmethod 1249 0x0000024c11b31190 code [0x0000024c11b31320, 0x0000024c11b314f0]
Event: 1.568 Thread 0x0000024c28e11300 1250       3       java.security.SecureClassLoader$CodeSourceKey::hashCode (21 bytes)
Event: 1.568 Thread 0x0000024c28e11300 nmethod 1250 0x0000024c11b31590 code [0x0000024c11b31740, 0x0000024c11b31940]
Event: 1.568 Thread 0x0000024c28e11300 1251       3       java.lang.ClassLoader::getNamedPackage (73 bytes)
Event: 1.568 Thread 0x0000024c28e11300 nmethod 1251 0x0000024c11b31a90 code [0x0000024c11b31c60, 0x0000024c11b321d8]
Event: 1.570 Thread 0x0000024c28e11300 1252       3       java.lang.Thread::interrupted (7 bytes)
Event: 1.570 Thread 0x0000024c2e05cf20 nmethod 1242 0x0000024c19424110 code [0x0000024c194242a0, 0x0000024c194244c8]
Event: 1.570 Thread 0x0000024c2e05cf20 1240       4       java.lang.invoke.LambdaForm::prepare (112 bytes)
Event: 1.570 Thread 0x0000024c28e11300 nmethod 1252 0x0000024c11b32410 code [0x0000024c11b325a0, 0x0000024c11b32810]
Event: 1.570 Thread 0x0000024c28e11300 1253       3       java.lang.Thread::getAndClearInterrupt (19 bytes)
Event: 1.570 Thread 0x0000024c28e11300 nmethod 1253 0x0000024c11b32910 code [0x0000024c11b32aa0, 0x0000024c11b32c30]
Event: 1.571 Thread 0x0000024c2e05cf20 nmethod 1240 0x0000024c19424690 code [0x0000024c19424800, 0x0000024c194248f8]
Event: 1.571 Thread 0x0000024c2e05cf20 1244       4       java.lang.ref.SoftReference::get (29 bytes)
Event: 1.572 Thread 0x0000024c2e05cf20 nmethod 1244 0x0000024c19424a10 code [0x0000024c19424b80, 0x0000024c19424c88]
Event: 1.572 Thread 0x0000024c2e05cf20 1241       4       java.lang.invoke.BoundMethodHandle::<init> (32 bytes)

GC Heap History (4 events):
Event: 0.586 GC heap before
{Heap before GC invocations=0 (full 0):
 garbage-first heap   total 262144K, used 12288K [0x0000000700c00000, 0x0000000800000000)
  region size 2048K, 6 young (12288K), 0 survivors (0K)
 Metaspace       used 3691K, committed 3840K, reserved 1114112K
  class space    used 324K, committed 384K, reserved 1048576K
}
Event: 0.589 GC heap after
{Heap after GC invocations=1 (full 0):
 garbage-first heap   total 262144K, used 2229K [0x0000000700c00000, 0x0000000800000000)
  region size 2048K, 1 young (2048K), 1 survivors (2048K)
 Metaspace       used 3691K, committed 3840K, reserved 1114112K
  class space    used 324K, committed 384K, reserved 1048576K
}
Event: 1.361 GC heap before
{Heap before GC invocations=1 (full 0):
 garbage-first heap   total 262144K, used 14517K [0x0000000700c00000, 0x0000000800000000)
  region size 2048K, 8 young (16384K), 1 survivors (2048K)
 Metaspace       used 6280K, committed 6464K, reserved 1114112K
  class space    used 458K, committed 512K, reserved 1048576K
}
Event: 1.365 GC heap after
{Heap after GC invocations=2 (full 0):
 garbage-first heap   total 262144K, used 3625K [0x0000000700c00000, 0x0000000800000000)
  region size 2048K, 1 young (2048K), 1 survivors (2048K)
 Metaspace       used 6280K, committed 6464K, reserved 1114112K
  class space    used 458K, committed 512K, reserved 1048576K
}

Dll operation events (11 events):
Event: 0.013 Loaded shared library C:\Program Files\Java\jdk-20\bin\java.dll
Event: 0.025 Loaded shared library C:\Program Files\Java\jdk-20\bin\jsvml.dll
Event: 0.205 Loaded shared library C:\Program Files\Java\jdk-20\bin\zip.dll
Event: 0.208 Loaded shared library C:\Program Files\Java\jdk-20\bin\instrument.dll
Event: 0.214 Loaded shared library C:\Program Files\Java\jdk-20\bin\net.dll
Event: 0.215 Loaded shared library C:\Program Files\Java\jdk-20\bin\nio.dll
Event: 0.220 Loaded shared library C:\Program Files\Java\jdk-20\bin\zip.dll
Event: 0.340 Loaded shared library C:\Program Files\Java\jdk-20\bin\jimage.dll
Event: 0.403 Loaded shared library C:\Program Files\Java\jdk-20\bin\verify.dll
Event: 0.639 Loaded shared library C:\Users\smsmk\AppData\Local\Temp\lwjglsmsmk\3.2.3-build-13\lwjgl.dll
Event: 1.238 Loaded shared library C:\Users\smsmk\AppData\Local\Temp\lwjglsmsmk\3.2.3-build-13\lwjgl_opengl.dll

Deoptimization events (20 events):
Event: 0.465 Thread 0x0000024c08085f20 DEOPT PACKING pc=0x0000024c11978218 sp=0x000000563dbfb7c0
Event: 0.465 Thread 0x0000024c08085f20 DEOPT UNPACKING pc=0x0000024c18e7a4c2 sp=0x000000563dbfac48 mode 0
Event: 0.466 Thread 0x0000024c08085f20 DEOPT PACKING pc=0x0000024c11978218 sp=0x000000563dbfb7c0
Event: 0.466 Thread 0x0000024c08085f20 DEOPT UNPACKING pc=0x0000024c18e7a4c2 sp=0x000000563dbfac48 mode 0
Event: 0.466 Thread 0x0000024c08085f20 DEOPT PACKING pc=0x0000024c11978218 sp=0x000000563dbfb7c0
Event: 0.466 Thread 0x0000024c08085f20 DEOPT UNPACKING pc=0x0000024c18e7a4c2 sp=0x000000563dbfac48 mode 0
Event: 0.916 Thread 0x0000024c2dd80120 DEOPT PACKING pc=0x0000024c11a24151 sp=0x000000563f0fc950
Event: 0.916 Thread 0x0000024c2dd80120 DEOPT UNPACKING pc=0x0000024c18e7a4c2 sp=0x000000563f0fbda8 mode 1
Event: 0.916 Thread 0x0000024c2dd80120 DEOPT PACKING pc=0x0000024c11a1aa44 sp=0x000000563f0fc9e0
Event: 0.916 Thread 0x0000024c2dd80120 DEOPT UNPACKING pc=0x0000024c18e7a4c2 sp=0x000000563f0fbe88 mode 1
Event: 1.294 Thread 0x0000024c2dd80120 Uncommon trap: trap_request=0xffffff45 fr.pc=0x0000024c193cc0d4 relative=0x0000000000000054
Event: 1.294 Thread 0x0000024c2dd80120 Uncommon trap: reason=unstable_if action=reinterpret pc=0x0000024c193cc0d4 method=java.lang.CharacterData.of(I)Ljava/lang/CharacterData; @ 4 c2
Event: 1.294 Thread 0x0000024c2dd80120 DEOPT PACKING pc=0x0000024c193cc0d4 sp=0x000000563f0fe120
Event: 1.294 Thread 0x0000024c2dd80120 DEOPT UNPACKING pc=0x0000024c18e79d22 sp=0x000000563f0fe0c0 mode 2
Event: 1.305 Thread 0x0000024c2dd80120 Uncommon trap: trap_request=0xffffff54 fr.pc=0x0000024c19401178 relative=0x0000000000000078
Event: 1.305 Thread 0x0000024c2dd80120 Uncommon trap: reason=speculate_null_assert action=make_not_entrant pc=0x0000024c19401178 method=sun.misc.Unsafe.getLong(Ljava/lang/Object;J)J @ 5 c2
Event: 1.305 Thread 0x0000024c2dd80120 DEOPT PACKING pc=0x0000024c19401178 sp=0x000000563f0fecf0
Event: 1.305 Thread 0x0000024c2dd80120 DEOPT UNPACKING pc=0x0000024c18e79d22 sp=0x000000563f0fec88 mode 2
Event: 1.572 Thread 0x0000024c2dd80120 DEOPT PACKING pc=0x0000024c11a1c751 sp=0x000000563f0f8980
Event: 1.572 Thread 0x0000024c2dd80120 DEOPT UNPACKING pc=0x0000024c18e7a4c2 sp=0x000000563f0f7e98 mode 0

Classes loaded (20 events):
Event: 1.240 Loading class jdk/internal/foreign/MemorySessionImpl
Event: 1.241 Loading class java/lang/foreign/SegmentScope
Event: 1.241 Loading class java/lang/foreign/SegmentScope done
Event: 1.241 Loading class java/lang/foreign/SegmentAllocator
Event: 1.241 Loading class java/lang/foreign/SegmentAllocator done
Event: 1.241 Loading class jdk/internal/foreign/MemorySessionImpl done
Event: 1.286 Loading class sun/util/resources/LocaleData$CommonResourceBundleProvider
Event: 1.286 Loading class sun/util/resources/LocaleData$LocaleDataResourceBundleProvider
Event: 1.286 Loading class java/util/spi/ResourceBundleProvider
Event: 1.286 Loading class java/util/spi/ResourceBundleProvider done
Event: 1.286 Loading class sun/util/resources/LocaleData$LocaleDataResourceBundleProvider done
Event: 1.286 Loading class sun/util/resources/LocaleData$CommonResourceBundleProvider done
Event: 1.286 Loading class java/util/ArrayList$SubList$1
Event: 1.287 Loading class java/util/ArrayList$SubList$1 done
Event: 1.288 Loading class sun/text/resources/cldr/FormatData_en
Event: 1.288 Loading class sun/text/resources/cldr/FormatData_en done
Event: 1.288 Loading class sun/util/resources/Bundles$2
Event: 1.288 Loading class sun/util/resources/Bundles$2 done
Event: 1.516 Loading class jdk/internal/reflect/MethodHandleLongFieldAccessorImpl
Event: 1.517 Loading class jdk/internal/reflect/MethodHandleLongFieldAccessorImpl done

Classes unloaded (0 events):
No events

Classes redefined (0 events):
No events

Internal exceptions (20 events):
Event: 0.596 Thread 0x0000024c2dd80120 Exception <a 'java/lang/NoSuchMethodError'{0x0000000710a9cb38}: 'void java.lang.invoke.DirectMethodHandle$Holder.invokeStatic(java.lang.Object, java.lang.Object)'> (0x0000000710a9cb38) 
thrown [s\open\src\hotspot\share\interpreter\linkResolver.cpp, line 773]
Event: 0.597 Thread 0x0000024c2dd80120 Exception <a 'java/lang/NoSuchMethodError'{0x0000000710aa4468}: 'void java.lang.System.load(java.lang.String, java.lang.Class)'> (0x0000000710aa4468) 
thrown [s\open\src\hotspot\share\interpreter\linkResolver.cpp, line 773]
Event: 0.597 Thread 0x0000024c2dd80120 Exception <a 'java/lang/NoSuchMethodError'{0x0000000710aa4e38}: 'void java.lang.invoke.DirectMethodHandle$Holder.invokeSpecial(java.lang.Object, java.lang.Object, java.lang.Object)'> (0x0000000710aa4e38) 
thrown [s\open\src\hotspot\share\interpreter\linkResolver.cpp, line 773]
Event: 0.600 Thread 0x0000024c2dd80120 Exception <a 'java/lang/NoSuchMethodError'{0x0000000710ab8c58}: 'java.lang.Object java.lang.invoke.DirectMethodHandle$Holder.invokeStatic(java.lang.Object, java.lang.Object, int)'> (0x0000000710ab8c58) 
thrown [s\open\src\hotspot\share\interpreter\linkResolver.cpp, line 773]
Event: 0.601 Thread 0x0000024c2dd80120 Exception <a 'java/lang/NoSuchMethodError'{0x0000000710ac43f8}: 'void java.lang.invoke.DelegatingMethodHandle$Holder.delegate(java.lang.Object, java.lang.Object, int, java.lang.Object)'> (0x0000000710ac43f8) 
thrown [s\open\src\hotspot\share\interpreter\linkResolver.cpp, line 773]
Event: 0.601 Thread 0x0000024c2dd80120 Exception <a 'java/lang/NoSuchMethodError'{0x0000000710ac81e0}: 'int java.lang.invoke.DirectMethodHandle$Holder.invokeSpecial(java.lang.Object, java.lang.Object, java.lang.Object)'> (0x0000000710ac81e0) 
thrown [s\open\src\hotspot\share\interpreter\linkResolver.cpp, line 773]
Event: 0.608 Thread 0x0000024c2dd80120 Exception <a 'java/lang/NoSuchMethodError'{0x0000000710ae4508}: 'void java.lang.System.loadLibrary(java.lang.String, java.lang.Class)'> (0x0000000710ae4508) 
thrown [s\open\src\hotspot\share\interpreter\linkResolver.cpp, line 773]
Event: 0.643 Thread 0x0000024c2dd80120 Exception <a 'sun/nio/fs/WindowsException'{0x0000000710bb7498}> (0x0000000710bb7498) 
thrown [s\open\src\hotspot\share\prims\jni.cpp, line 519]
Event: 0.644 Thread 0x0000024c2dd80120 Exception <a 'sun/nio/fs/WindowsException'{0x0000000710bb7c50}> (0x0000000710bb7c50) 
thrown [s\open\src\hotspot\share\prims\jni.cpp, line 519]
Event: 0.652 Thread 0x0000024c2dd80120 Exception <a 'sun/nio/fs/WindowsException'{0x0000000710bda818}> (0x0000000710bda818) 
thrown [s\open\src\hotspot\share\prims\jni.cpp, line 519]
Event: 0.653 Thread 0x0000024c2dd80120 Exception <a 'sun/nio/fs/WindowsException'{0x0000000710bdce38}> (0x0000000710bdce38) 
thrown [s\open\src\hotspot\share\prims\jni.cpp, line 519]
Event: 0.919 Thread 0x0000024c2dd80120 Exception <a 'java/lang/NoSuchMethodError'{0x00000007106a4540}: 'int java.lang.invoke.Invokers$Holder.invokeExact_MT(java.lang.Object, java.lang.Object)'> (0x00000007106a4540) 
thrown [s\open\src\hotspot\share\interpreter\linkResolver.cpp, line 773]
Event: 1.231 Thread 0x0000024c2dd80120 Exception <a 'java/lang/NoSuchMethodError'{0x000000071076fa58}: 'void java.lang.System.load(java.lang.String, java.lang.Class)'> (0x000000071076fa58) 
thrown [s\open\src\hotspot\share\interpreter\linkResolver.cpp, line 773]
Event: 1.232 Thread 0x0000024c2dd80120 Exception <a 'java/lang/NoSuchMethodError'{0x0000000710772840}: 'void java.lang.System.loadLibrary(java.lang.String, java.lang.Class)'> (0x0000000710772840) 
thrown [s\open\src\hotspot\share\interpreter\linkResolver.cpp, line 773]
Event: 1.236 Thread 0x0000024c2dd80120 Exception <a 'sun/nio/fs/WindowsException'{0x00000007107823d0}> (0x00000007107823d0) 
thrown [s\open\src\hotspot\share\prims\jni.cpp, line 519]
Event: 1.236 Thread 0x0000024c2dd80120 Exception <a 'sun/nio/fs/WindowsException'{0x0000000710782780}> (0x0000000710782780) 
thrown [s\open\src\hotspot\share\prims\jni.cpp, line 519]
Event: 1.242 Thread 0x0000024c2dd80120 Exception <a 'sun/nio/fs/WindowsException'{0x0000000710790d30}> (0x0000000710790d30) 
thrown [s\open\src\hotspot\share\prims\jni.cpp, line 519]
Event: 1.242 Thread 0x0000024c2dd80120 Exception <a 'sun/nio/fs/WindowsException'{0x0000000710791018}> (0x0000000710791018) 
thrown [s\open\src\hotspot\share\prims\jni.cpp, line 519]
Event: 1.517 Thread 0x0000024c2dd80120 Exception <a 'java/lang/NoSuchMethodError'{0x000000070fc2c5f8}: 'long java.lang.invoke.DelegatingMethodHandle$Holder.reinvoke_L(java.lang.Object, java.lang.Object)'> (0x000000070fc2c5f8) 
thrown [s\open\src\hotspot\share\interpreter\linkResolver.cpp, line 773]
Event: 1.518 Thread 0x0000024c2dd80120 Exception <a 'java/lang/NoSuchMethodError'{0x000000070fc32a98}: 'long java.lang.invoke.Invokers$Holder.invokeExact_MT(java.lang.Object, java.lang.Object, java.lang.Object)'> (0x000000070fc32a98) 
thrown [s\open\src\hotspot\share\interpreter\linkResolver.cpp, line 773]

VM Operations (20 events):
Event: 0.097 Executing VM operation: HandshakeAllThreads
Event: 0.097 Executing VM operation: HandshakeAllThreads done
Event: 0.182 Executing VM operation: ChangeBreakpoints
Event: 0.182 Executing VM operation: ChangeBreakpoints done
Event: 0.518 Executing VM operation: HandshakeAllThreads
Event: 0.518 Executing VM operation: HandshakeAllThreads done
Event: 0.522 Executing VM operation: ChangeBreakpoints
Event: 0.522 Executing VM operation: ChangeBreakpoints done
Event: 0.533 Executing VM operation: ChangeBreakpoints
Event: 0.533 Executing VM operation: ChangeBreakpoints done
Event: 0.586 Executing VM operation: G1CollectForAllocation
Event: 0.589 Executing VM operation: G1CollectForAllocation done
Event: 0.599 Executing VM operation: HandshakeAllThreads
Event: 0.599 Executing VM operation: HandshakeAllThreads done
Event: 0.619 Executing VM operation: HandshakeAllThreads
Event: 0.620 Executing VM operation: HandshakeAllThreads done
Event: 1.295 Executing VM operation: HandshakeAllThreads
Event: 1.295 Executing VM operation: HandshakeAllThreads done
Event: 1.361 Executing VM operation: G1CollectForAllocation
Event: 1.365 Executing VM operation: G1CollectForAllocation done

Events (20 events):
Event: 0.025 Thread 0x0000024c08085f20 Thread added: 0x0000024c08085f20
Event: 0.039 Thread 0x0000024c26915d30 Thread added: 0x0000024c26915d30
Event: 0.039 Thread 0x0000024c269171d0 Thread added: 0x0000024c269171d0
Event: 0.040 Thread 0x0000024c26919ab0 Thread added: 0x0000024c26919ab0
Event: 0.040 Thread 0x0000024c2691a780 Thread added: 0x0000024c2691a780
Event: 0.040 Thread 0x0000024c2691caa0 Thread added: 0x0000024c2691caa0
Event: 0.040 Thread 0x0000024c2691dc20 Thread added: 0x0000024c2691dc20
Event: 0.040 Thread 0x0000024c28df00f0 Thread added: 0x0000024c28df00f0
Event: 0.041 Thread 0x0000024c28e11300 Thread added: 0x0000024c28e11300
Event: 0.089 Thread 0x0000024c28f9bee0 Thread added: 0x0000024c28f9bee0
Event: 0.123 Thread 0x0000024c290d69d0 Thread added: 0x0000024c290d69d0
Event: 0.123 Thread 0x0000024c290d9380 Thread added: 0x0000024c290d9380
Event: 0.124 Thread 0x0000024c290d9920 Thread added: 0x0000024c290d9920
Event: 0.395 Thread 0x0000024c2dd101c0 Thread added: 0x0000024c2dd101c0
Event: 0.535 Thread 0x0000024c2dd80120 Thread added: 0x0000024c2dd80120
Event: 0.536 Thread 0x0000024c08085f20 Thread exited: 0x0000024c08085f20
Event: 0.536 Thread 0x0000024c2ddcf8a0 Thread added: 0x0000024c2ddcf8a0
Event: 0.543 Thread 0x0000024c2deac100 Thread added: 0x0000024c2deac100
Event: 0.909 Thread 0x0000024c2deac100 Thread exited: 0x0000024c2deac100
Event: 1.284 Thread 0x0000024c2e05cf20 Thread added: 0x0000024c2e05cf20


Dynamic libraries:
0x00007ff604ba0000 - 0x00007ff604bb0000 	C:\Program Files\Java\jdk-20\bin\javaw.exe
0x00007fff58a50000 - 0x00007fff58c48000 	C:\Windows\SYSTEM32\ntdll.dll
0x00007fff57410000 - 0x00007fff574cf000 	C:\Windows\System32\KERNEL32.DLL
0x00007fff56130000 - 0x00007fff56426000 	C:\Windows\System32\KERNELBASE.dll
0x00007fff539d0000 - 0x00007fff53a61000 	C:\Windows\SYSTEM32\apphelp.dll
0x00007ffea95d0000 - 0x00007ffea9a66000 	C:\Windows\SYSTEM32\AcLayers.DLL
0x00007fff57fc0000 - 0x00007fff5805e000 	C:\Windows\System32\msvcrt.dll
0x00007fff58060000 - 0x00007fff581fd000 	C:\Windows\System32\USER32.dll
0x00007fff569e0000 - 0x00007fff56a02000 	C:\Windows\System32\win32u.dll
0x00007fff57780000 - 0x00007fff577ac000 	C:\Windows\System32\GDI32.dll
0x00007fff56660000 - 0x00007fff56775000 	C:\Windows\System32\gdi32full.dll
0x00007fff56480000 - 0x00007fff5651d000 	C:\Windows\System32\msvcp_win.dll
0x00007fff56780000 - 0x00007fff56880000 	C:\Windows\System32\ucrtbase.dll
0x00007fff577b0000 - 0x00007fff57ef4000 	C:\Windows\System32\SHELL32.dll
0x00007fff574e0000 - 0x00007fff57535000 	C:\Windows\System32\SHLWAPI.dll
0x00007fff57540000 - 0x00007fff575ef000 	C:\Windows\System32\ADVAPI32.dll
0x00007fff57f00000 - 0x00007fff57f9c000 	C:\Windows\System32\sechost.dll
0x00007fff57230000 - 0x00007fff57356000 	C:\Windows\System32\RPCRT4.dll
0x0000024c07d80000 - 0x0000024c07d83000 	C:\Windows\SYSTEM32\sfc.dll
0x00007fff411b0000 - 0x00007fff4124d000 	C:\Windows\SYSTEM32\WINSPOOL.DRV
0x00007fff56b90000 - 0x00007fff56ee4000 	C:\Windows\System32\combase.dll
0x00007fff56f70000 - 0x00007fff5701d000 	C:\Windows\System32\shcore.dll
0x00007fff34d30000 - 0x00007fff34d42000 	C:\Windows\SYSTEM32\sfc_os.DLL
0x00007fff57370000 - 0x00007fff573a0000 	C:\Windows\System32\IMM32.DLL
0x00007fff3fbb0000 - 0x00007fff3fbcb000 	C:\Windows\SYSTEM32\VCRUNTIME140.dll
0x00007fff34770000 - 0x00007fff34789000 	C:\Program Files\Java\jdk-20\bin\jli.dll
0x00007fff4fc20000 - 0x00007fff4fc2a000 	C:\Windows\SYSTEM32\VERSION.dll
0x00007fff412c0000 - 0x00007fff4155a000 	C:\Windows\WinSxS\amd64_microsoft.windows.common-controls_6595b64144ccf1df_6.0.19041.1110_none_60b5254171f9507e\COMCTL32.dll
0x00007fff28400000 - 0x00007fff2841b000 	C:\Program Files\Java\jdk-20\bin\vcruntime140.dll
0x00007fff350a0000 - 0x00007fff350ac000 	C:\Program Files\Java\jdk-20\bin\vcruntime140_1.dll
0x00007fff276b0000 - 0x00007fff2773e000 	C:\Program Files\Java\jdk-20\bin\msvcp140.dll
0x00007ffea9a70000 - 0x00007ffeaa707000 	C:\Program Files\Java\jdk-20\bin\server\jvm.dll
0x00007fff3f680000 - 0x00007fff3f689000 	C:\Windows\SYSTEM32\WSOCK32.dll
0x00007fff4f5c0000 - 0x00007fff4f5e7000 	C:\Windows\SYSTEM32\WINMM.dll
0x00007fff573a0000 - 0x00007fff5740b000 	C:\Windows\System32\WS2_32.dll
0x00007fff53fb0000 - 0x00007fff53fc2000 	C:\Windows\SYSTEM32\kernel.appcore.dll
0x00007fff3fa00000 - 0x00007fff3fa0a000 	C:\Program Files\Java\jdk-20\bin\jimage.dll
0x00007fff42820000 - 0x00007fff42a04000 	C:\Windows\SYSTEM32\DBGHELP.DLL
0x00007fff281c0000 - 0x00007fff281f4000 	C:\Windows\SYSTEM32\dbgcore.DLL
0x00007fff56520000 - 0x00007fff565a2000 	C:\Windows\System32\bcryptPrimitives.dll
0x00007fff1dd60000 - 0x00007fff1dd9c000 	C:\Program Files\Java\jdk-20\bin\jdwp.dll
0x00007fff2aa90000 - 0x00007fff2aa9e000 	C:\Program Files\Java\jdk-20\bin\instrument.dll
0x00007fff27f90000 - 0x00007fff27fb6000 	C:\Program Files\Java\jdk-20\bin\java.dll
0x00007ffec3430000 - 0x00007ffec3507000 	C:\Program Files\Java\jdk-20\bin\jsvml.dll
0x00007fff541b0000 - 0x00007fff54943000 	C:\Windows\SYSTEM32\windows.storage.dll
0x00007fff55a90000 - 0x00007fff55abe000 	C:\Windows\SYSTEM32\Wldp.dll
0x00007fff56060000 - 0x00007fff56085000 	C:\Windows\SYSTEM32\profapi.dll
0x00007fff296f0000 - 0x00007fff296fc000 	C:\Program Files\Java\jdk-20\bin\dt_socket.dll
0x00007fff55530000 - 0x00007fff5556b000 	C:\Windows\SYSTEM32\IPHLPAPI.DLL
0x00007fff55870000 - 0x00007fff558da000 	C:\Windows\system32\mswsock.dll
0x00007fff55570000 - 0x00007fff5563a000 	C:\Windows\SYSTEM32\DNSAPI.dll
0x00007fff57360000 - 0x00007fff57368000 	C:\Windows\System32\NSI.dll
0x00007fff44300000 - 0x00007fff4430a000 	C:\Windows\System32\rasadhlp.dll
0x00007fff42790000 - 0x00007fff42812000 	C:\Windows\System32\fwpuclnt.dll
0x00007fff56a10000 - 0x00007fff56a37000 	C:\Windows\System32\bcrypt.dll
0x00007fff280b0000 - 0x00007fff280c8000 	C:\Program Files\Java\jdk-20\bin\zip.dll
0x00007fff28290000 - 0x00007fff282a3000 	C:\Program Files\Java\jdk-20\bin\net.dll
0x00007fff4fc30000 - 0x00007fff4fd3a000 	C:\Windows\SYSTEM32\WINHTTP.dll
0x00007fff28250000 - 0x00007fff28266000 	C:\Program Files\Java\jdk-20\bin\nio.dll
0x00007fff3f720000 - 0x00007fff3f730000 	C:\Program Files\Java\jdk-20\bin\verify.dll
0x00007ffec9e50000 - 0x00007ffec9eb4000 	C:\Users\smsmk\AppData\Local\Temp\lwjglsmsmk\3.2.3-build-13\lwjgl.dll
0x00007ffec32f0000 - 0x00007ffec3352000 	C:\Users\smsmk\AppData\Local\Temp\lwjglsmsmk\3.2.3-build-13\glfw.dll
0x00007fff53ae0000 - 0x00007fff53b7e000 	C:\Windows\system32\uxtheme.dll
0x00007ffec0ed0000 - 0x00007ffec0f15000 	C:\Windows\SYSTEM32\dinput8.dll
0x00007fff37b50000 - 0x00007fff37b61000 	C:\Windows\SYSTEM32\xinput1_4.dll
0x00007fff56430000 - 0x00007fff5647e000 	C:\Windows\System32\cfgmgr32.dll
0x00007fff55ec0000 - 0x00007fff55ef3000 	C:\Windows\SYSTEM32\DEVOBJ.dll
0x00007fff53ea0000 - 0x00007fff53ecf000 	C:\Windows\SYSTEM32\dwmapi.dll
0x00007fff4d4e0000 - 0x00007fff4d632000 	C:\Windows\SYSTEM32\inputhost.dll
0x00007fff58720000 - 0x00007fff587ed000 	C:\Windows\System32\OLEAUT32.dll
0x00007fff536c0000 - 0x00007fff537b2000 	C:\Windows\SYSTEM32\CoreMessaging.dll
0x00007fff51c40000 - 0x00007fff51d36000 	C:\Windows\SYSTEM32\PROPSYS.dll
0x00007fff53360000 - 0x00007fff536be000 	C:\Windows\SYSTEM32\CoreUIComponents.dll
0x00007fff55250000 - 0x00007fff55283000 	C:\Windows\SYSTEM32\ntmarta.dll
0x00007fff52bf0000 - 0x00007fff52d44000 	C:\Windows\SYSTEM32\wintypes.dll
0x00007fff58800000 - 0x00007fff58914000 	C:\Windows\System32\MSCTF.dll
0x00007fff54950000 - 0x00007fff5495d000 	C:\Windows\SYSTEM32\HID.DLL
0x00007fff58200000 - 0x00007fff5866e000 	C:\Windows\System32\SETUPAPI.DLL
0x00007fff56a40000 - 0x00007fff56aa7000 	C:\Windows\System32\WINTRUST.dll
0x00007fff56880000 - 0x00007fff569de000 	C:\Windows\System32\CRYPT32.dll
0x00007fff55ea0000 - 0x00007fff55eb2000 	C:\Windows\SYSTEM32\MSASN1.dll
0x00007ffec0da0000 - 0x00007ffec0ec5000 	C:\Windows\SYSTEM32\opengl32.dll
0x00007fff27680000 - 0x00007fff276ac000 	C:\Windows\SYSTEM32\GLU32.dll
0x00007fff58670000 - 0x00007fff58719000 	C:\Windows\System32\clbcatq.dll
0x00007ffea5340000 - 0x00007ffea95cd000 	C:\Windows\System32\DriverStore\FileRepository\nvmdi.inf_amd64_6444f5939bb26330\nvoglv64.dll
0x00007fff57650000 - 0x00007fff5777a000 	C:\Windows\System32\ole32.dll
0x00007fff51db0000 - 0x00007fff51dc4000 	C:\Windows\SYSTEM32\WTSAPI32.dll
0x00007fff4fd60000 - 0x00007fff4fd91000 	C:\Windows\SYSTEM32\cryptnet.dll
0x00007fff4f780000 - 0x00007fff4f8c8000 	C:\Windows\SYSTEM32\drvstore.dll
0x00007fff55a00000 - 0x00007fff55a0c000 	C:\Windows\SYSTEM32\cryptbase.dll
0x00007fff4d950000 - 0x00007fff4d98b000 	C:\Windows\SYSTEM32\dxcore.dll
0x00007fff2b2a0000 - 0x00007fff2b571000 	C:\Windows\system32\nvspcap64.dll
0x00007fff55640000 - 0x00007fff5568b000 	C:\Windows\SYSTEM32\powrprof.dll
0x00007fff55510000 - 0x00007fff55522000 	C:\Windows\SYSTEM32\UMPDC.dll
0x00007fff54dd0000 - 0x00007fff54e2b000 	C:\Windows\SYSTEM32\WINSTA.dll
0x00007fff4d3e0000 - 0x00007fff4d4da000 	C:\Windows\SYSTEM32\textinputframework.dll
0x00007ffec0d40000 - 0x00007ffec0d99000 	C:\Users\smsmk\AppData\Local\Temp\lwjglsmsmk\3.2.3-build-13\lwjgl_opengl.dll

dbghelp: loaded successfully - version: 4.0.5 - missing functions: none
symbol engine: initialized successfully - sym options: 0x614 - pdb path: .;C:\Program Files\Java\jdk-20\bin;C:\Windows\SYSTEM32;C:\Windows\WinSxS\amd64_microsoft.windows.common-controls_6595b64144ccf1df_6.0.19041.1110_none_60b5254171f9507e;C:\Program Files\Java\jdk-20\bin\server;C:\Users\smsmk\AppData\Local\Temp\lwjglsmsmk\3.2.3-build-13;C:\Windows\System32\DriverStore\FileRepository\nvmdi.inf_amd64_6444f5939bb26330

VM Arguments:
jvm_args: -XX:+ShowCodeDetailsInExceptionMessages -agentlib:jdwp=transport=dt_socket,suspend=y,address=localhost:55579 -javaagent:D:\eclipse\java-2023-06\eclipse\configuration\org.eclipse.osgi\248\0\.cp\lib\javaagent-shaded.jar -Dfile.encoding=UTF-8 
java_command: com.Anix.Main.Core
java_class_path (initial): D:\GitHub\Anix-Java\Anix\bin;D:\GitHub\Anix-Java\Anix\includes\lwjgl.jar;D:\GitHub\Anix-Java\Anix\includes\lwjgl-assimp.jar;D:\GitHub\Anix-Java\Anix\includes\lwjgl-assimp-natives-windows.jar;D:\GitHub\Anix-Java\Anix\includes\lwjgl-bgfx.jar;D:\GitHub\Anix-Java\Anix\includes\lwjgl-bgfx-natives-windows.jar;D:\GitHub\Anix-Java\Anix\includes\lwjgl-glfw.jar;D:\GitHub\Anix-Java\Anix\includes\lwjgl-glfw-natives-windows.jar;D:\GitHub\Anix-Java\Anix\includes\lwjgl-nanovg.jar;D:\GitHub\Anix-Java\Anix\includes\lwjgl-nanovg-natives-windows.jar;D:\GitHub\Anix-Java\Anix\includes\lwjgl-natives-windows.jar;D:\GitHub\Anix-Java\Anix\includes\lwjgl-nuklear.jar;D:\GitHub\Anix-Java\Anix\includes\lwjgl-nuklear-natives-windows.jar;D:\GitHub\Anix-Java\Anix\includes\lwjgl-openal.jar;D:\GitHub\Anix-Java\Anix\includes\lwjgl-openal-natives-windows.jar;D:\GitHub\Anix-Java\Anix\includes\lwjgl-opengl.jar;D:\GitHub\Anix-Java\Anix\includes\lwjgl-opengl-natives-windows.jar;D:\GitHub\Anix-Java\Anix\includes\lwjgl-par.jar;D:\GitHub\Anix-Java\Anix\includes\lwjgl-par-natives-windows.jar;D:\GitHub\Anix-Java\Anix\includes\lwjgl-stb.jar;D:\GitHub\Anix-Java\Anix\includes\lwjgl-stb-natives-windows.jar;D:\GitHub\Anix-Java\Anix\includes\lwjgl-vulkan.jar;D:\GitHub\Anix-Java\Anix\includes\slick-util3.jar;D:\GitHub\Anix-Java\Anix\includes\TWL.jar;D:\GitHub\Anix-Java\Anix\includes\tiny\lwjgl-tinyfd.jar;D:\GitHub\Anix-Java\Anix\includes\tiny\lwjgl-tinyfd-javadoc.jar;D:\GitHub\Anix-Java\Anix\includes\tiny\lwjgl-tinyfd-natives-windows.jar;D:\GitHub\Anix-Java\Anix\includes\tiny\lwjgl-tinyfd-sources.jar;D:\GitHub\Anix-Java\Anix\includes\imgui\imgui-app-1.86.6.jar;D:\GitHub\Anix-Java\Anix\includes\imgui\imgui-app-1.86.6-all.jar;D:\GitHub\Anix-Java\Anix\includes\imgui\imgui-app-1.86.6-javadoc.jar;D:\GitHub\Anix-Java\Anix\includes\imgui\imgui-app-1.86.6-sources.jar;D:\GitHub\Anix-Java\Anix\includes\imgui\imgui-binding-1.86.6.jar;D:\GitHub\Anix-Java\Anix\includes\imgui\imgui-binding-1.86.6-javadoc.jar;D:\GitHub\Anix-Java\Anix\includes\imgui\imgui-binding-1.86.6-sources.jar;D:\GitHub\Anix-Java\Anix\includes\imgui\imgui-lwjgl3-1.86.6.jar;D:\GitHub\Anix-Java\Anix\includes\imgui\imgui-lwjgl3-1.86.6-javadoc.jar;D:\GitHub\Anix-Java\Anix\includes\imgui\imgui-lwjgl3-1.86.6-sources.jar;D:\GitHub\Anix-Java\Anix\includes\Debug\lwjgl-sources.jar;D:\GitHub\Anix-Java\Anix\includes\Debug\lwjglx-debug-1.0.0.jar
Launcher Type: SUN_STANDARD

[Global flags]
     intx CICompilerCount                          = 3                                         {product} {ergonomic}
     uint ConcGCThreads                            = 1                                         {product} {ergonomic}
     uint G1ConcRefinementThreads                  = 4                                         {product} {ergonomic}
   size_t G1HeapRegionSize                         = 2097152                                   {product} {ergonomic}
    uintx GCDrainStackTargetSize                   = 64                                        {product} {ergonomic}
   size_t InitialHeapSize                          = 268435456                                 {product} {ergonomic}
   size_t MarkStackSize                            = 4194304                                   {product} {ergonomic}
   size_t MaxHeapSize                              = 4282384384                                {product} {ergonomic}
   size_t MaxNewSize                               = 2569011200                                {product} {ergonomic}
   size_t MinHeapDeltaBytes                        = 2097152                                   {product} {ergonomic}
   size_t MinHeapSize                              = 8388608                                   {product} {ergonomic}
    uintx NonNMethodCodeHeapSize                   = 5832780                                {pd product} {ergonomic}
    uintx NonProfiledCodeHeapSize                  = 122912730                              {pd product} {ergonomic}
    uintx ProfiledCodeHeapSize                     = 122912730                              {pd product} {ergonomic}
    uintx ReservedCodeCacheSize                    = 251658240                              {pd product} {ergonomic}
     bool SegmentedCodeCache                       = true                                      {product} {ergonomic}
     bool ShowCodeDetailsInExceptionMessages       = true                                   {manageable} {command line}
   size_t SoftMaxHeapSize                          = 4282384384                             {manageable} {ergonomic}
     bool UseCompressedClassPointers               = true                           {product lp64_product} {ergonomic}
     bool UseCompressedOops                        = true                           {product lp64_product} {ergonomic}
     bool UseG1GC                                  = true                                      {product} {ergonomic}
     bool UseLargePagesIndividualAllocation        = false                                  {pd product} {ergonomic}

Logging:
Log output configuration:
 #0: stdout all=warning uptime,level,tags foldmultilines=false
 #1: stderr all=off uptime,level,tags foldmultilines=false

Environment Variables:
PATH=C:/Program Files/Java/jdk-20/bin/server;C:/Program Files/Java/jdk-20/bin;C:/Users/smsmk/AppData/Local/Temp/eoi6FFC.tmp//plugins/org.eclipse.justj.openjdk.hotspot.jre.minimal.stripped.win32.x86_64_17.0.7.v20230425-1502/jre/bin/server;C:/Users/smsmk/AppData/Local/Temp/eoi6FFC.tmp//plugins/org.eclipse.justj.openjdk.hotspot.jre.minimal.stripped.win32.x86_64_17.0.7.v20230425-1502/jre/bin;C:\Program Files\Mozilla Firefox;C:\Program Files\Common Files\Oracle\Java\javapath;C:\Program Files (x86)\Common Files\Oracle\Java\javapath;C:\Program Files (x86)\Razer Chroma SDK\bin;C:\Program Files\Razer Chroma SDK\bin;C:\Program Files (x86)\Razer\ChromaBroadcast\bin;C:\Program Files\Razer\ChromaBroadcast\bin;C:\Windows\system32;C:\Windows;C:\Windows\System32\Wbem;C:\Windows\System32\WindowsPowerShell\v1.0\;C:\Windows\System32\OpenSSH\;C:\Program Files\NVIDIA Corporation\NVIDIA NvDLISR;C:\Program Files\dotnet\;C:\Users\smsmk\AppData\Local\Microsoft\WindowsApps;C:\Users\smsmk\.dotnet\tools;C:\ProgramData\chocolatey\bin;C:\Program Files (x86)\NVIDIA Corporation\PhysX\Common;D:\Git\cmd;C:\Program Files\Docker\Docker\resources\bin;C:\Program Files\nodejs\;C:\Windows\system32\config\systemprofile\AppData\Local\Microsoft\WindowsApps;C:\Program Files\Microsoft SQL Server\120\Tools\Binn\;C:\Program Files\Common Files\Autodesk Shared\;C:\Users\smsmk\AppData\Local\Microsoft\WindowsApps;C:\Users\smsmk\.dotnet\tools;C:\Program Files\heroku\bin;C:\ProgramData\smsmk\GitHubDesktop\bin;C:\Program Files\PostgreSQL\15\bin;C:\Program Files\PostgreSQL\15\lib;C:\Users\smsmk\AppData\Roaming\npm;D:\Microsoft VS Code\bin;C:\Users\smsmk\Downloads;;C:\Users\smsmk\Downloads;
USERNAME=smsmk
OS=Windows_NT
PROCESSOR_IDENTIFIER=Intel64 Family 6 Model 158 Stepping 9, GenuineIntel
TMP=C:\Users\smsmk\AppData\Local\Temp
TEMP=C:\Users\smsmk\AppData\Local\Temp




---------------  S Y S T E M  ---------------

OS:
 Windows 10 , 64 bit Build 19041 (10.0.19041.3155)
OS uptime: 0 days 16:10 hours
Hyper-V role detected

CPU: total 4 (initial active 4) (4 cores per cpu, 1 threads per core) family 6 model 158 stepping 9 microcode 0xb4, cx8, cmov, fxsr, mmx, 3dnowpref, sse, sse2, sse3, ssse3, sse4.1, sse4.2, popcnt, lzcnt, tsc, tscinvbit, avx, avx2, aes, erms, clmul, bmi1, bmi2, adx, fma, vzeroupper, clflush, clflushopt, hv, rdtscp, f16c

Memory: 4k page, system-wide physical 16328M (4694M free)
TotalPageFile size 25032M (AvailPageFile size 8048M)
current process WorkingSet (physical memory assigned to process): 144M, peak: 150M
current process commit charge ("private bytes"): 425M, peak: 430M

vm_info: Java HotSpot(TM) 64-Bit Server VM (20.0.1+9-29) for windows-amd64 JRE (20.0.1+9-29), built on 2023-03-07T13:56:11Z by "mach5one" with MS VC++ 17.1 (VS2022)

END.
