#
# A fatal error has been detected by the Java Runtime Environment:
#
#  EXCEPTION_ACCESS_VIOLATION (0xc0000005) at pc=0x0000000000000000, pid=4660, tid=14580
#
# JRE version: Java(TM) SE Runtime Environment (20.0.1+9) (build 20.0.1+9-29)
# Java VM: Java HotSpot(TM) 64-Bit Server VM (20.0.1+9-29, mixed mode, sharing, tiered, compressed oops, compressed class ptrs, g1 gc, windows-amd64)
# Problematic frame:
# C  [jdwp.dll+0x1611f]
#
# No core dump will be written. Minidumps are not enabled by default on client versions of Windows
#
# If you would like to submit a bug report, please visit:
#   https://bugreport.java.com/bugreport/crash.jsp
# The crash happened outside the Java Virtual Machine in native code.
# See problematic frame for where to report the bug.
#

---------------  S U M M A R Y ------------

Command Line: -XX:+ShowCodeDetailsInExceptionMessages -agentlib:jdwp=transport=dt_socket,suspend=y,address=localhost:55486 -javaagent:D:\eclipse\java-2023-06\eclipse\configuration\org.eclipse.osgi\248\0\.cp\lib\javaagent-shaded.jar -Dfile.encoding=UTF-8 com.Anix.Main.Core

Host: Intel(R) Core(TM) i5-7400 CPU @ 3.00GHz, 4 cores, 15G,  Windows 10 , 64 bit Build 19041 (10.0.19041.3155)
Time: Tue Aug 15 03:26:11 2023 GMT Summer Time elapsed time: 1.991976 seconds (0d 0h 0m 1s)

---------------  T H R E A D  ---------------

Current thread (0x000002a34421cd00):  JavaThread "Main Thread" [_thread_in_native, id=14580, stack(0x000000c3ebd00000,0x000000c3ebe00000)]

Stack: [0x000000c3ebd00000,0x000000c3ebe00000],  sp=0x000000c3ebdfebf0,  free space=1018k
Native frames: (J=compiled Java code, j=interpreted, Vv=VM code, C=native code)

Java frames: (J=compiled Java code, j=interpreted, Vv=VM code)
j  com.Anix.IO.Application.create()V+159
j  com.Anix.Main.Core.run()V+48
j  java.lang.Thread.runWith(Ljava/lang/Object;Ljava/lang/Runnable;)V+5 java.base@20.0.1
j  java.lang.Thread.run()V+19 java.base@20.0.1
v  ~StubRoutines::call_stub 0x000002a32ffc100d

siginfo: EXCEPTION_ACCESS_VIOLATION (0xc0000005), data execution prevention violation at address 0x0000000000000000


Registers:
RAX=0x000002a34b74e270, RBX=0x000002a343cfad80, RCX=0x000002a34421cfe0, RDX=0x000002a343cfad80
RSP=0x000000c3ebdfebe8, RBP=0x0000000000000002, RSI=0x000000c3ebdfec90, RDI=0x000002a34421cfe0
R8 =0x0000000000010002, R9 =0x0000000000000000, R10=0x00007fff3fbb0000, R11=0x000000c3ebdfebb8
R12=0x0000000000000007, R13=0x000002a31e95edd0, R14=0x00007fff1dd90300, R15=0x0000000000000000
RIP=0x0000000000000000, EFLAGS=0x0000000000010202


Register to memory mapping:

RIP=0x0 is NULL
RAX=0x000002a34b74e270 points into unknown readable memory: 0x0000000000000000 | 00 00 00 00 00 00 00 00
RBX=0x000002a343cfad80 points into unknown readable memory: 0x0000000700c29778 | 78 97 c2 00 07 00 00 00
RCX=0x000002a34421cfe0 points into unknown readable memory: 0x000002a34b74e270 | 70 e2 74 4b a3 02 00 00
RDX=0x000002a343cfad80 points into unknown readable memory: 0x0000000700c29778 | 78 97 c2 00 07 00 00 00
RSP=0x000000c3ebdfebe8 is pointing into the stack for thread: 0x000002a34421cd00
RBP=0x0000000000000002 is an unknown value
RSI=0x000000c3ebdfec90 is pointing into the stack for thread: 0x000002a34421cd00
RDI=0x000002a34421cfe0 points into unknown readable memory: 0x000002a34b74e270 | 70 e2 74 4b a3 02 00 00
R8 =0x0000000000010002 is an unknown value
R9 =0x0 is NULL
R10=0x00007fff3fbb0000 VCRUNTIME140.dll
R11=0x000000c3ebdfebb8 is pointing into the stack for thread: 0x000002a34421cd00
R12=0x0000000000000007 is an unknown value
R13=0x000002a31e95edd0 points into unknown readable memory: 0x00007ffeaa5be370 | 70 e3 5b aa fe 7f 00 00
R14=0x00007fff1dd90300 jdwp.dll
R15=0x0 is NULL


Top of Stack: (sp=0x000000c3ebdfebe8)
0x000000c3ebdfebe8:   00007fff1dd7611f 000002a343cfad80
0x000000c3ebdfebf8:   000000c3ebdfec90 0000000000000000
0x000000c3ebdfec08:   0000000000000000 00007ffeaa6613f0
0x000000c3ebdfec18:   00007ffeaa6613f0 000002a3439210c8
0x000000c3ebdfec28:   00007fff1dd90348 000002a343cfad80
0x000000c3ebdfec38:   00007fff1dd7279f 000002a343cfad80
0x000000c3ebdfec48:   0000000000000002 000002a34421cfe0
0x000000c3ebdfec58:   000002a343cfad88 000000c3ebdfedf0
0x000000c3ebdfec68:   00007ffeaa00d4cd 00000008010a4494
0x000000c3ebdfec78:   000000c3ebdfedf0 000000c3ebdfedf0
0x000000c3ebdfec88:   00007ffeaa1011ef 0000000000000007
0x000000c3ebdfec98:   000002a343cfad80 0000000000000000
0x000000c3ebdfeca8:   000002a343cfad88 0000000000000000
0x000000c3ebdfecb8:   0000000000000000 0000000000000000
0x000000c3ebdfecc8:   0000000000000000 0000000000000000
0x000000c3ebdfecd8:   0000000000000000 0000000000000000
0x000000c3ebdfece8:   000002a343cfad80 00000008010a43f0
0x000000c3ebdfecf8:   00007ffea9fe8f85 000002a343cfad88
0x000000c3ebdfed08:   000002a344269c90 000002a34421cd00
0x000000c3ebdfed18:   00007ffeaa00e6f5 000002a343921088
0x000000c3ebdfed28:   00007ffea9e38a26 0000000000000000
0x000000c3ebdfed38:   000002a3209d4fa0 000002a34421cd00
0x000000c3ebdfed48:   000000080060e6c0 000002a343cf0930
0x000000c3ebdfed58:   000002a3439df780 000002a3439df790
0x000000c3ebdfed68:   000002a3439dfb68 00000000000003d8
0x000000c3ebdfed78:   000002a34421cd00 000002a34421cd00
0x000000c3ebdfed88:   000002a343cf04f0 000002a3439285f0
0x000000c3ebdfed98:   000002a343928638 000002a3439286d8
0x000000c3ebdfeda8:   00000000000000d8 000000c3ebdfedc0
0x000000c3ebdfedb8:   000000c3ebdfeef0 000002a34421cd00
0x000000c3ebdfedc8:   000002a343cf04f0 000002a3439285f0
0x000000c3ebdfedd8:   000002a343928638 000002a3439286d8 

Instructions: (pc=0x00007fff1dd7611f)
0x00007fff1dd7601f:   2c 41 b8 61 02 00 00 48 8d 0d 6b 6f 01 00 48 8b
0x00007fff1dd7602f:   d3 e8 cb 50 00 00 41 8b cc e8 33 a0 ff ff 48 8b
0x00007fff1dd7603f:   d0 48 8d 0d 49 a4 01 00 e8 5c 51 00 00 4c 8b 4e
0x00007fff1dd7604f:   28 48 8d 0d 51 a4 01 00 4c 8b 46 20 48 8b 56 08
0x00007fff1dd7605f:   e8 00 0d 01 00 48 8b 05 c5 10 02 00 f6 80 10 02
0x00007fff1dd7606f:   00 00 02 74 28 41 b8 6a 02 00 00 48 8d 0d 83 63
0x00007fff1dd7607f:   01 00 48 8b d3 e8 77 50 00 00 48 8d 15 68 64 01
0x00007fff1dd7608f:   00 48 8d 0d 81 63 01 00 e8 0c 51 00 00 48 8b 07
0x00007fff1dd7609f:   48 8b cf ff 50 78 48 8b 0d 84 10 02 00 4c 8b f8
0x00007fff1dd760af:   f6 81 10 02 00 00 02 74 28 41 b8 6b 02 00 00 48
0x00007fff1dd760bf:   8d 0d 3f 63 01 00 48 8b d3 e8 33 50 00 00 48 8d
0x00007fff1dd760cf:   15 5c 64 01 00 48 8d 0d 3d 63 01 00 e8 c8 50 00
0x00007fff1dd760df:   00 48 8b 07 48 8b cf ff 90 88 00 00 00 83 3d f9
0x00007fff1dd760ef:   0b 02 00 00 76 0c e8 6e 5c ff ff 83 25 eb 0b 02
0x00007fff1dd760ff:   00 00 48 8b 5e 08 48 85 db 74 4b 48 8b 05 1f 10
0x00007fff1dd7610f:   02 00 80 78 13 00 74 0b 48 8b cb e8 a9 06 01 00
0x00007fff1dd7611f:   88 46 10 4d 8b c7 48 8b d6 41 8a ce e8 d8 a0 00
0x00007fff1dd7612f:   00 48 8b e8 48 85 c0 75 25 48 8b cb e8 c4 44 00
0x00007fff1dd7613f:   00 84 c0 0f 84 ea 00 00 00 48 8b d3 41 8a ce e8
0x00007fff1dd7614f:   ad 13 00 00 eb e3 e8 0e 0e 00 00 48 8b e8 4c 8b
0x00007fff1dd7615f:   cd 44 88 74 24 20 45 8b c4 48 8b d6 48 8b cf e8
0x00007fff1dd7616f:   e1 00 00 00 83 3e 14 75 0b 48 8b 05 b1 0f 02 00
0x00007fff1dd7617f:   c6 40 10 01 48 85 db 75 08 48 8b cd e8 ac 53 ff
0x00007fff1dd7618f:   ff 48 8b 05 99 0f 02 00 4d 85 ff 74 43 f6 80 10
0x00007fff1dd7619f:   02 00 00 02 74 2c 41 b8 b3 02 00 00 48 8d 15 96
0x00007fff1dd761af:   a1 01 00 48 8d 0d 4b 62 01 00 e8 42 4f 00 00 48
0x00007fff1dd761bf:   8d 15 db 7d 01 00 48 8d 0d 4c 62 01 00 e8 d7 4f
0x00007fff1dd761cf:   00 00 48 8b 07 49 8b d7 48 8b cf ff 50 68 eb 41
0x00007fff1dd761df:   f6 80 10 02 00 00 02 74 2c 41 b8 b5 02 00 00 48
0x00007fff1dd761ef:   8d 15 53 a1 01 00 48 8d 0d 08 62 01 00 e8 ff 4e
0x00007fff1dd761ff:   00 00 48 8d 15 28 63 01 00 48 8d 0d 09 62 01 00
0x00007fff1dd7620f:   e8 94 4f 00 00 48 8b 07 48 8b cf ff 90 88 00 00 


Stack slot to memory mapping:
stack at sp + 0 slots: 0x000002a343cfad80 points into unknown readable memory: 0x0000000700c29778 | 78 97 c2 00 07 00 00 00
stack at sp + 1 slots: 0x000000c3ebdfec90 is pointing into the stack for thread: 0x000002a34421cd00
stack at sp + 2 slots: 0x0 is NULL
stack at sp + 3 slots: 0x0 is NULL
stack at sp + 4 slots: 0x00007ffeaa6613f0 jvm.dll
stack at sp + 5 slots: 0x00007ffeaa6613f0 jvm.dll
stack at sp + 6 slots: 0x000002a3439210c8 points into unknown readable memory: 0x8000000600000001 | 01 00 00 00 06 00 00 80
stack at sp + 7 slots: 0x00007fff1dd90348 jdwp.dll


---------------  P R O C E S S  ---------------

Threads class SMR info:
_java_thread_list=0x000002a34832c670, length=16, elements={
0x000002a33f74de10, 0x000002a33f74e950, 0x000002a33f750990, 0x000002a33f7542f0,
0x000002a33f754c30, 0x000002a33f755570, 0x000002a33f7561e0, 0x000002a33f79dfa0,
0x000002a3439905e0, 0x000002a343af4ac0, 0x000002a343af5230, 0x000002a343af5790,
0x000002a3441a6120, 0x000002a34421cd00, 0x000002a3209dada0, 0x000002a3442195b0
}

Java Threads: ( => current thread )
  0x000002a33f74de10 JavaThread "Reference Handler" daemon [_thread_blocked, id=16324, stack(0x000000c3eae00000,0x000000c3eaf00000)]
  0x000002a33f74e950 JavaThread "Finalizer" daemon [_thread_blocked, id=19996, stack(0x000000c3eaf00000,0x000000c3eb000000)]
  0x000002a33f750990 JavaThread "Signal Dispatcher" daemon [_thread_blocked, id=10584, stack(0x000000c3eb000000,0x000000c3eb100000)]
  0x000002a33f7542f0 JavaThread "Attach Listener" daemon [_thread_blocked, id=1020, stack(0x000000c3eb100000,0x000000c3eb200000)]
  0x000002a33f754c30 JavaThread "Service Thread" daemon [_thread_blocked, id=15476, stack(0x000000c3eb200000,0x000000c3eb300000)]
  0x000002a33f755570 JavaThread "Monitor Deflation Thread" daemon [_thread_blocked, id=7532, stack(0x000000c3eb300000,0x000000c3eb400000)]
  0x000002a33f7561e0 JavaThread "C2 CompilerThread0" daemon [_thread_blocked, id=3136, stack(0x000000c3eb400000,0x000000c3eb500000)]
  0x000002a33f79dfa0 JavaThread "C1 CompilerThread0" daemon [_thread_blocked, id=1668, stack(0x000000c3eb500000,0x000000c3eb600000)]
  0x000002a3439905e0 JavaThread "Common-Cleaner" daemon [_thread_blocked, id=7784, stack(0x000000c3eb600000,0x000000c3eb700000)]
  0x000002a343af4ac0 JavaThread "JDWP Transport Listener: dt_socket" daemon [_thread_blocked, id=392, stack(0x000000c3eb700000,0x000000c3eb800000)]
  0x000002a343af5230 JavaThread "JDWP Event Helper Thread" daemon [_thread_blocked, id=17256, stack(0x000000c3eb800000,0x000000c3eb900000)]
  0x000002a343af5790 JavaThread "JDWP Command Reader" daemon [_thread_in_native, id=15556, stack(0x000000c3eb900000,0x000000c3eba00000)]
  0x000002a3441a6120 JavaThread "Notification Thread" daemon [_thread_blocked, id=14436, stack(0x000000c3ebb00000,0x000000c3ebc00000)]
=>0x000002a34421cd00 JavaThread "Main Thread" [_thread_in_native, id=14580, stack(0x000000c3ebd00000,0x000000c3ebe00000)]
  0x000002a3209dada0 JavaThread "DestroyJavaVM" [_thread_blocked, id=18608, stack(0x000000c3ea700000,0x000000c3ea800000)]
  0x000002a3442195b0 JavaThread "C2 CompilerThread1" daemon [_thread_blocked, id=7884, stack(0x000000c3ec700000,0x000000c3ec800000)]

Other Threads:
  0x000002a33f72b7c0 VMThread "VM Thread" [stack: 0x000000c3ead00000,0x000000c3eae00000] [id=14588]
  0x000002a3209db920 WatcherThread "VM Periodic Task Thread" [stack: 0x000000c3ebc00000,0x000000c3ebd00000] [id=8872]
  0x000002a320a48330 WorkerThread "GC Thread#0" [stack: 0x000000c3ea800000,0x000000c3ea900000] [id=1872]
  0x000002a34431fd60 WorkerThread "GC Thread#1" [stack: 0x000000c3ebe00000,0x000000c3ebf00000] [id=2240]
  0x000002a344320030 WorkerThread "GC Thread#2" [stack: 0x000000c3ebf00000,0x000000c3ec000000] [id=668]
  0x000002a344320300 WorkerThread "GC Thread#3" [stack: 0x000000c3ec000000,0x000000c3ec100000] [id=1148]
  0x000002a320a5b040 ConcurrentGCThread "G1 Main Marker" [stack: 0x000000c3ea900000,0x000000c3eaa00000] [id=20200]
  0x000002a320a5b910 WorkerThread "G1 Conc#0" [stack: 0x000000c3eaa00000,0x000000c3eab00000] [id=15236]
  0x000002a320a9e860 ConcurrentGCThread "G1 Refine#0" [stack: 0x000000c3eab00000,0x000000c3eac00000] [id=14652]
  0x000002a33f5dc710 ConcurrentGCThread "G1 Service" [stack: 0x000000c3eac00000,0x000000c3ead00000] [id=9964]

Threads with active compile tasks:

VM state: not at safepoint (normal execution)

VM Mutex/Monitor currently owned by a thread: None

Heap address: 0x0000000700c00000, size: 4084 MB, Compressed Oops mode: Zero based, Oop shift amount: 3

CDS archive(s) mapped at: [0x0000000800000000-0x0000000800c60000-0x0000000800c60000), size 12976128, SharedBaseAddress: 0x0000000800000000, ArchiveRelocationMode: 0.
Compressed class space mapped at: 0x0000000801000000-0x0000000841000000, reserved size: 1073741824
Narrow klass base: 0x0000000800000000, Narrow klass shift: 0, Narrow klass range: 0x100000000

GC Precious Log:
 CardTable entry size: 512
 Card Set container configuration: InlinePtr #cards 4 size 8 Array Of Cards #cards 16 size 48 Howl #buckets 8 coarsen threshold 3686 Howl Bitmap #cards 512 size 80 coarsen threshold 460 Card regions per heap region 1 cards per card region 4096
 CPUs: 4 total, 4 available
 Memory: 16328M
 Large Page Support: Disabled
 NUMA Support: Disabled
 Compressed Oops: Enabled (Zero based)
 Heap Region Size: 2M
 Heap Min Capacity: 8M
 Heap Initial Capacity: 256M
 Heap Max Capacity: 4084M
 Pre-touch: Disabled
 Parallel Workers: 4
 Concurrent Workers: 1
 Concurrent Refinement Workers: 4
 Periodic GC: Disabled

Heap:
 garbage-first heap   total 262144K, used 18120K [0x0000000700c00000, 0x0000000800000000)
  region size 2048K, 10 young (20480K), 1 survivors (2048K)
 Metaspace       used 8608K, committed 8768K, reserved 1114112K
  class space    used 552K, committed 640K, reserved 1048576K

Heap Regions: E=young(eden), S=young(survivor), O=old, HS=humongous(starts), HC=humongous(continues), CS=collection set, F=free, OA=open archive, CA=closed archive, TAMS=top-at-mark-start, PB=parsable bottom
|   0|0x0000000700c00000, 0x0000000700e00000, 0x0000000700e00000|100%| O|  |TAMS 0x0000000700c00000| PB 0x0000000700c00000| Untracked 
|   1|0x0000000700e00000, 0x0000000700e36a00, 0x0000000701000000| 10%| O|  |TAMS 0x0000000700e00000| PB 0x0000000700e00000| Untracked 
|   2|0x0000000701000000, 0x0000000701000000, 0x0000000701200000|  0%| F|  |TAMS 0x0000000701000000| PB 0x0000000701000000| Untracked 
|   3|0x0000000701200000, 0x0000000701200000, 0x0000000701400000|  0%| F|  |TAMS 0x0000000701200000| PB 0x0000000701200000| Untracked 
|   4|0x0000000701400000, 0x0000000701400000, 0x0000000701600000|  0%| F|  |TAMS 0x0000000701400000| PB 0x0000000701400000| Untracked 
|   5|0x0000000701600000, 0x0000000701600000, 0x0000000701800000|  0%| F|  |TAMS 0x0000000701600000| PB 0x0000000701600000| Untracked 
|   6|0x0000000701800000, 0x0000000701800000, 0x0000000701a00000|  0%| F|  |TAMS 0x0000000701800000| PB 0x0000000701800000| Untracked 
|   7|0x0000000701a00000, 0x0000000701a00000, 0x0000000701c00000|  0%| F|  |TAMS 0x0000000701a00000| PB 0x0000000701a00000| Untracked 
|   8|0x0000000701c00000, 0x0000000701c00000, 0x0000000701e00000|  0%| F|  |TAMS 0x0000000701c00000| PB 0x0000000701c00000| Untracked 
|   9|0x0000000701e00000, 0x0000000701e00000, 0x0000000702000000|  0%| F|  |TAMS 0x0000000701e00000| PB 0x0000000701e00000| Untracked 
|  10|0x0000000702000000, 0x0000000702000000, 0x0000000702200000|  0%| F|  |TAMS 0x0000000702000000| PB 0x0000000702000000| Untracked 
|  11|0x0000000702200000, 0x0000000702200000, 0x0000000702400000|  0%| F|  |TAMS 0x0000000702200000| PB 0x0000000702200000| Untracked 
|  12|0x0000000702400000, 0x0000000702400000, 0x0000000702600000|  0%| F|  |TAMS 0x0000000702400000| PB 0x0000000702400000| Untracked 
|  13|0x0000000702600000, 0x0000000702600000, 0x0000000702800000|  0%| F|  |TAMS 0x0000000702600000| PB 0x0000000702600000| Untracked 
|  14|0x0000000702800000, 0x0000000702800000, 0x0000000702a00000|  0%| F|  |TAMS 0x0000000702800000| PB 0x0000000702800000| Untracked 
|  15|0x0000000702a00000, 0x0000000702a00000, 0x0000000702c00000|  0%| F|  |TAMS 0x0000000702a00000| PB 0x0000000702a00000| Untracked 
|  16|0x0000000702c00000, 0x0000000702c00000, 0x0000000702e00000|  0%| F|  |TAMS 0x0000000702c00000| PB 0x0000000702c00000| Untracked 
|  17|0x0000000702e00000, 0x0000000702e00000, 0x0000000703000000|  0%| F|  |TAMS 0x0000000702e00000| PB 0x0000000702e00000| Untracked 
|  18|0x0000000703000000, 0x0000000703000000, 0x0000000703200000|  0%| F|  |TAMS 0x0000000703000000| PB 0x0000000703000000| Untracked 
|  19|0x0000000703200000, 0x0000000703200000, 0x0000000703400000|  0%| F|  |TAMS 0x0000000703200000| PB 0x0000000703200000| Untracked 
|  20|0x0000000703400000, 0x0000000703400000, 0x0000000703600000|  0%| F|  |TAMS 0x0000000703400000| PB 0x0000000703400000| Untracked 
|  21|0x0000000703600000, 0x0000000703600000, 0x0000000703800000|  0%| F|  |TAMS 0x0000000703600000| PB 0x0000000703600000| Untracked 
|  22|0x0000000703800000, 0x0000000703800000, 0x0000000703a00000|  0%| F|  |TAMS 0x0000000703800000| PB 0x0000000703800000| Untracked 
|  23|0x0000000703a00000, 0x0000000703a00000, 0x0000000703c00000|  0%| F|  |TAMS 0x0000000703a00000| PB 0x0000000703a00000| Untracked 
|  24|0x0000000703c00000, 0x0000000703c00000, 0x0000000703e00000|  0%| F|  |TAMS 0x0000000703c00000| PB 0x0000000703c00000| Untracked 
|  25|0x0000000703e00000, 0x0000000703e00000, 0x0000000704000000|  0%| F|  |TAMS 0x0000000703e00000| PB 0x0000000703e00000| Untracked 
|  26|0x0000000704000000, 0x0000000704000000, 0x0000000704200000|  0%| F|  |TAMS 0x0000000704000000| PB 0x0000000704000000| Untracked 
|  27|0x0000000704200000, 0x0000000704200000, 0x0000000704400000|  0%| F|  |TAMS 0x0000000704200000| PB 0x0000000704200000| Untracked 
|  28|0x0000000704400000, 0x0000000704400000, 0x0000000704600000|  0%| F|  |TAMS 0x0000000704400000| PB 0x0000000704400000| Untracked 
|  29|0x0000000704600000, 0x0000000704600000, 0x0000000704800000|  0%| F|  |TAMS 0x0000000704600000| PB 0x0000000704600000| Untracked 
|  30|0x0000000704800000, 0x0000000704800000, 0x0000000704a00000|  0%| F|  |TAMS 0x0000000704800000| PB 0x0000000704800000| Untracked 
|  31|0x0000000704a00000, 0x0000000704a00000, 0x0000000704c00000|  0%| F|  |TAMS 0x0000000704a00000| PB 0x0000000704a00000| Untracked 
|  32|0x0000000704c00000, 0x0000000704c00000, 0x0000000704e00000|  0%| F|  |TAMS 0x0000000704c00000| PB 0x0000000704c00000| Untracked 
|  33|0x0000000704e00000, 0x0000000704e00000, 0x0000000705000000|  0%| F|  |TAMS 0x0000000704e00000| PB 0x0000000704e00000| Untracked 
|  34|0x0000000705000000, 0x0000000705000000, 0x0000000705200000|  0%| F|  |TAMS 0x0000000705000000| PB 0x0000000705000000| Untracked 
|  35|0x0000000705200000, 0x0000000705200000, 0x0000000705400000|  0%| F|  |TAMS 0x0000000705200000| PB 0x0000000705200000| Untracked 
|  36|0x0000000705400000, 0x0000000705400000, 0x0000000705600000|  0%| F|  |TAMS 0x0000000705400000| PB 0x0000000705400000| Untracked 
|  37|0x0000000705600000, 0x0000000705600000, 0x0000000705800000|  0%| F|  |TAMS 0x0000000705600000| PB 0x0000000705600000| Untracked 
|  38|0x0000000705800000, 0x0000000705800000, 0x0000000705a00000|  0%| F|  |TAMS 0x0000000705800000| PB 0x0000000705800000| Untracked 
|  39|0x0000000705a00000, 0x0000000705a00000, 0x0000000705c00000|  0%| F|  |TAMS 0x0000000705a00000| PB 0x0000000705a00000| Untracked 
|  40|0x0000000705c00000, 0x0000000705c00000, 0x0000000705e00000|  0%| F|  |TAMS 0x0000000705c00000| PB 0x0000000705c00000| Untracked 
|  41|0x0000000705e00000, 0x0000000705e00000, 0x0000000706000000|  0%| F|  |TAMS 0x0000000705e00000| PB 0x0000000705e00000| Untracked 
|  42|0x0000000706000000, 0x0000000706000000, 0x0000000706200000|  0%| F|  |TAMS 0x0000000706000000| PB 0x0000000706000000| Untracked 
|  43|0x0000000706200000, 0x0000000706200000, 0x0000000706400000|  0%| F|  |TAMS 0x0000000706200000| PB 0x0000000706200000| Untracked 
|  44|0x0000000706400000, 0x0000000706400000, 0x0000000706600000|  0%| F|  |TAMS 0x0000000706400000| PB 0x0000000706400000| Untracked 
|  45|0x0000000706600000, 0x0000000706600000, 0x0000000706800000|  0%| F|  |TAMS 0x0000000706600000| PB 0x0000000706600000| Untracked 
|  46|0x0000000706800000, 0x0000000706800000, 0x0000000706a00000|  0%| F|  |TAMS 0x0000000706800000| PB 0x0000000706800000| Untracked 
|  47|0x0000000706a00000, 0x0000000706a00000, 0x0000000706c00000|  0%| F|  |TAMS 0x0000000706a00000| PB 0x0000000706a00000| Untracked 
|  48|0x0000000706c00000, 0x0000000706c00000, 0x0000000706e00000|  0%| F|  |TAMS 0x0000000706c00000| PB 0x0000000706c00000| Untracked 
|  49|0x0000000706e00000, 0x0000000706e00000, 0x0000000707000000|  0%| F|  |TAMS 0x0000000706e00000| PB 0x0000000706e00000| Untracked 
|  50|0x0000000707000000, 0x0000000707000000, 0x0000000707200000|  0%| F|  |TAMS 0x0000000707000000| PB 0x0000000707000000| Untracked 
|  51|0x0000000707200000, 0x0000000707200000, 0x0000000707400000|  0%| F|  |TAMS 0x0000000707200000| PB 0x0000000707200000| Untracked 
|  52|0x0000000707400000, 0x0000000707400000, 0x0000000707600000|  0%| F|  |TAMS 0x0000000707400000| PB 0x0000000707400000| Untracked 
|  53|0x0000000707600000, 0x0000000707600000, 0x0000000707800000|  0%| F|  |TAMS 0x0000000707600000| PB 0x0000000707600000| Untracked 
|  54|0x0000000707800000, 0x0000000707800000, 0x0000000707a00000|  0%| F|  |TAMS 0x0000000707800000| PB 0x0000000707800000| Untracked 
|  55|0x0000000707a00000, 0x0000000707a00000, 0x0000000707c00000|  0%| F|  |TAMS 0x0000000707a00000| PB 0x0000000707a00000| Untracked 
|  56|0x0000000707c00000, 0x0000000707c00000, 0x0000000707e00000|  0%| F|  |TAMS 0x0000000707c00000| PB 0x0000000707c00000| Untracked 
|  57|0x0000000707e00000, 0x0000000707e00000, 0x0000000708000000|  0%| F|  |TAMS 0x0000000707e00000| PB 0x0000000707e00000| Untracked 
|  58|0x0000000708000000, 0x0000000708000000, 0x0000000708200000|  0%| F|  |TAMS 0x0000000708000000| PB 0x0000000708000000| Untracked 
|  59|0x0000000708200000, 0x0000000708200000, 0x0000000708400000|  0%| F|  |TAMS 0x0000000708200000| PB 0x0000000708200000| Untracked 
|  60|0x0000000708400000, 0x0000000708400000, 0x0000000708600000|  0%| F|  |TAMS 0x0000000708400000| PB 0x0000000708400000| Untracked 
|  61|0x0000000708600000, 0x0000000708600000, 0x0000000708800000|  0%| F|  |TAMS 0x0000000708600000| PB 0x0000000708600000| Untracked 
|  62|0x0000000708800000, 0x0000000708800000, 0x0000000708a00000|  0%| F|  |TAMS 0x0000000708800000| PB 0x0000000708800000| Untracked 
|  63|0x0000000708a00000, 0x0000000708a00000, 0x0000000708c00000|  0%| F|  |TAMS 0x0000000708a00000| PB 0x0000000708a00000| Untracked 
|  64|0x0000000708c00000, 0x0000000708c00000, 0x0000000708e00000|  0%| F|  |TAMS 0x0000000708c00000| PB 0x0000000708c00000| Untracked 
|  65|0x0000000708e00000, 0x0000000708e00000, 0x0000000709000000|  0%| F|  |TAMS 0x0000000708e00000| PB 0x0000000708e00000| Untracked 
|  66|0x0000000709000000, 0x0000000709000000, 0x0000000709200000|  0%| F|  |TAMS 0x0000000709000000| PB 0x0000000709000000| Untracked 
|  67|0x0000000709200000, 0x0000000709200000, 0x0000000709400000|  0%| F|  |TAMS 0x0000000709200000| PB 0x0000000709200000| Untracked 
|  68|0x0000000709400000, 0x0000000709400000, 0x0000000709600000|  0%| F|  |TAMS 0x0000000709400000| PB 0x0000000709400000| Untracked 
|  69|0x0000000709600000, 0x0000000709600000, 0x0000000709800000|  0%| F|  |TAMS 0x0000000709600000| PB 0x0000000709600000| Untracked 
|  70|0x0000000709800000, 0x0000000709800000, 0x0000000709a00000|  0%| F|  |TAMS 0x0000000709800000| PB 0x0000000709800000| Untracked 
|  71|0x0000000709a00000, 0x0000000709a00000, 0x0000000709c00000|  0%| F|  |TAMS 0x0000000709a00000| PB 0x0000000709a00000| Untracked 
|  72|0x0000000709c00000, 0x0000000709c00000, 0x0000000709e00000|  0%| F|  |TAMS 0x0000000709c00000| PB 0x0000000709c00000| Untracked 
|  73|0x0000000709e00000, 0x0000000709e00000, 0x000000070a000000|  0%| F|  |TAMS 0x0000000709e00000| PB 0x0000000709e00000| Untracked 
|  74|0x000000070a000000, 0x000000070a000000, 0x000000070a200000|  0%| F|  |TAMS 0x000000070a000000| PB 0x000000070a000000| Untracked 
|  75|0x000000070a200000, 0x000000070a200000, 0x000000070a400000|  0%| F|  |TAMS 0x000000070a200000| PB 0x000000070a200000| Untracked 
|  76|0x000000070a400000, 0x000000070a400000, 0x000000070a600000|  0%| F|  |TAMS 0x000000070a400000| PB 0x000000070a400000| Untracked 
|  77|0x000000070a600000, 0x000000070a600000, 0x000000070a800000|  0%| F|  |TAMS 0x000000070a600000| PB 0x000000070a600000| Untracked 
|  78|0x000000070a800000, 0x000000070a800000, 0x000000070aa00000|  0%| F|  |TAMS 0x000000070a800000| PB 0x000000070a800000| Untracked 
|  79|0x000000070aa00000, 0x000000070aa00000, 0x000000070ac00000|  0%| F|  |TAMS 0x000000070aa00000| PB 0x000000070aa00000| Untracked 
|  80|0x000000070ac00000, 0x000000070ac00000, 0x000000070ae00000|  0%| F|  |TAMS 0x000000070ac00000| PB 0x000000070ac00000| Untracked 
|  81|0x000000070ae00000, 0x000000070ae00000, 0x000000070b000000|  0%| F|  |TAMS 0x000000070ae00000| PB 0x000000070ae00000| Untracked 
|  82|0x000000070b000000, 0x000000070b000000, 0x000000070b200000|  0%| F|  |TAMS 0x000000070b000000| PB 0x000000070b000000| Untracked 
|  83|0x000000070b200000, 0x000000070b200000, 0x000000070b400000|  0%| F|  |TAMS 0x000000070b200000| PB 0x000000070b200000| Untracked 
|  84|0x000000070b400000, 0x000000070b400000, 0x000000070b600000|  0%| F|  |TAMS 0x000000070b400000| PB 0x000000070b400000| Untracked 
|  85|0x000000070b600000, 0x000000070b600000, 0x000000070b800000|  0%| F|  |TAMS 0x000000070b600000| PB 0x000000070b600000| Untracked 
|  86|0x000000070b800000, 0x000000070b800000, 0x000000070ba00000|  0%| F|  |TAMS 0x000000070b800000| PB 0x000000070b800000| Untracked 
|  87|0x000000070ba00000, 0x000000070ba00000, 0x000000070bc00000|  0%| F|  |TAMS 0x000000070ba00000| PB 0x000000070ba00000| Untracked 
|  88|0x000000070bc00000, 0x000000070bc00000, 0x000000070be00000|  0%| F|  |TAMS 0x000000070bc00000| PB 0x000000070bc00000| Untracked 
|  89|0x000000070be00000, 0x000000070be00000, 0x000000070c000000|  0%| F|  |TAMS 0x000000070be00000| PB 0x000000070be00000| Untracked 
|  90|0x000000070c000000, 0x000000070c000000, 0x000000070c200000|  0%| F|  |TAMS 0x000000070c000000| PB 0x000000070c000000| Untracked 
|  91|0x000000070c200000, 0x000000070c200000, 0x000000070c400000|  0%| F|  |TAMS 0x000000070c200000| PB 0x000000070c200000| Untracked 
|  92|0x000000070c400000, 0x000000070c400000, 0x000000070c600000|  0%| F|  |TAMS 0x000000070c400000| PB 0x000000070c400000| Untracked 
|  93|0x000000070c600000, 0x000000070c600000, 0x000000070c800000|  0%| F|  |TAMS 0x000000070c600000| PB 0x000000070c600000| Untracked 
|  94|0x000000070c800000, 0x000000070c800000, 0x000000070ca00000|  0%| F|  |TAMS 0x000000070c800000| PB 0x000000070c800000| Untracked 
|  95|0x000000070ca00000, 0x000000070ca00000, 0x000000070cc00000|  0%| F|  |TAMS 0x000000070ca00000| PB 0x000000070ca00000| Untracked 
|  96|0x000000070cc00000, 0x000000070cc00000, 0x000000070ce00000|  0%| F|  |TAMS 0x000000070cc00000| PB 0x000000070cc00000| Untracked 
|  97|0x000000070ce00000, 0x000000070ce00000, 0x000000070d000000|  0%| F|  |TAMS 0x000000070ce00000| PB 0x000000070ce00000| Untracked 
|  98|0x000000070d000000, 0x000000070d000000, 0x000000070d200000|  0%| F|  |TAMS 0x000000070d000000| PB 0x000000070d000000| Untracked 
|  99|0x000000070d200000, 0x000000070d200000, 0x000000070d400000|  0%| F|  |TAMS 0x000000070d200000| PB 0x000000070d200000| Untracked 
| 100|0x000000070d400000, 0x000000070d400000, 0x000000070d600000|  0%| F|  |TAMS 0x000000070d400000| PB 0x000000070d400000| Untracked 
| 101|0x000000070d600000, 0x000000070d600000, 0x000000070d800000|  0%| F|  |TAMS 0x000000070d600000| PB 0x000000070d600000| Untracked 
| 102|0x000000070d800000, 0x000000070d800000, 0x000000070da00000|  0%| F|  |TAMS 0x000000070d800000| PB 0x000000070d800000| Untracked 
| 103|0x000000070da00000, 0x000000070da00000, 0x000000070dc00000|  0%| F|  |TAMS 0x000000070da00000| PB 0x000000070da00000| Untracked 
| 104|0x000000070dc00000, 0x000000070dc00000, 0x000000070de00000|  0%| F|  |TAMS 0x000000070dc00000| PB 0x000000070dc00000| Untracked 
| 105|0x000000070de00000, 0x000000070de00000, 0x000000070e000000|  0%| F|  |TAMS 0x000000070de00000| PB 0x000000070de00000| Untracked 
| 106|0x000000070e000000, 0x000000070e000000, 0x000000070e200000|  0%| F|  |TAMS 0x000000070e000000| PB 0x000000070e000000| Untracked 
| 107|0x000000070e200000, 0x000000070e200000, 0x000000070e400000|  0%| F|  |TAMS 0x000000070e200000| PB 0x000000070e200000| Untracked 
| 108|0x000000070e400000, 0x000000070e400000, 0x000000070e600000|  0%| F|  |TAMS 0x000000070e400000| PB 0x000000070e400000| Untracked 
| 109|0x000000070e600000, 0x000000070e600000, 0x000000070e800000|  0%| F|  |TAMS 0x000000070e600000| PB 0x000000070e600000| Untracked 
| 110|0x000000070e800000, 0x000000070e800000, 0x000000070ea00000|  0%| F|  |TAMS 0x000000070e800000| PB 0x000000070e800000| Untracked 
| 111|0x000000070ea00000, 0x000000070ea00000, 0x000000070ec00000|  0%| F|  |TAMS 0x000000070ea00000| PB 0x000000070ea00000| Untracked 
| 112|0x000000070ec00000, 0x000000070ec00000, 0x000000070ee00000|  0%| F|  |TAMS 0x000000070ec00000| PB 0x000000070ec00000| Untracked 
| 113|0x000000070ee00000, 0x000000070ee00000, 0x000000070f000000|  0%| F|  |TAMS 0x000000070ee00000| PB 0x000000070ee00000| Untracked 
| 114|0x000000070f000000, 0x000000070f000000, 0x000000070f200000|  0%| F|  |TAMS 0x000000070f000000| PB 0x000000070f000000| Untracked 
| 115|0x000000070f200000, 0x000000070f200000, 0x000000070f400000|  0%| F|  |TAMS 0x000000070f200000| PB 0x000000070f200000| Untracked 
| 116|0x000000070f400000, 0x000000070f400000, 0x000000070f600000|  0%| F|  |TAMS 0x000000070f400000| PB 0x000000070f400000| Untracked 
| 117|0x000000070f600000, 0x000000070f600000, 0x000000070f800000|  0%| F|  |TAMS 0x000000070f600000| PB 0x000000070f600000| Untracked 
| 118|0x000000070f800000, 0x000000070f8db060, 0x000000070fa00000| 42%| E|  |TAMS 0x000000070f800000| PB 0x000000070f800000| Complete 
| 119|0x000000070fa00000, 0x000000070fb7b6a0, 0x000000070fc00000| 74%| S|CS|TAMS 0x000000070fa00000| PB 0x000000070fa00000| Complete 
| 120|0x000000070fc00000, 0x000000070fe00000, 0x000000070fe00000|100%| E|CS|TAMS 0x000000070fc00000| PB 0x000000070fc00000| Complete 
| 121|0x000000070fe00000, 0x0000000710000000, 0x0000000710000000|100%| E|CS|TAMS 0x000000070fe00000| PB 0x000000070fe00000| Complete 
| 122|0x0000000710000000, 0x0000000710200000, 0x0000000710200000|100%| E|CS|TAMS 0x0000000710000000| PB 0x0000000710000000| Complete 
| 123|0x0000000710200000, 0x0000000710400000, 0x0000000710400000|100%| E|  |TAMS 0x0000000710200000| PB 0x0000000710200000| Complete 
| 124|0x0000000710400000, 0x0000000710600000, 0x0000000710600000|100%| E|CS|TAMS 0x0000000710400000| PB 0x0000000710400000| Complete 
| 125|0x0000000710600000, 0x0000000710800000, 0x0000000710800000|100%| E|CS|TAMS 0x0000000710600000| PB 0x0000000710600000| Complete 
| 126|0x0000000710800000, 0x0000000710a00000, 0x0000000710a00000|100%| E|CS|TAMS 0x0000000710800000| PB 0x0000000710800000| Complete 
| 127|0x0000000710a00000, 0x0000000710c00000, 0x0000000710c00000|100%| E|CS|TAMS 0x0000000710a00000| PB 0x0000000710a00000| Complete 

Card table byte_map: [0x000002a338290000,0x000002a338a90000] _byte_map_base: 0x000002a334a8a000

Marking Bits: (CMBitMap*) 0x000002a320a49810
 Bits: [0x000002a339290000, 0x000002a33d260000)

Polling page: 0x000002a31e9d0000

Metaspace:

Usage:
  Non-class:      7.87 MB used.
      Class:    552.31 KB used.
       Both:      8.41 MB used.

Virtual space:
  Non-class space:       64.00 MB reserved,       7.94 MB ( 12%) committed,  1 nodes.
      Class space:        1.00 GB reserved,     640.00 KB ( <1%) committed,  1 nodes.
             Both:        1.06 GB reserved,       8.56 MB ( <1%) committed. 

Chunk freelists:
   Non-Class:  3.44 MB
       Class:  3.36 MB
        Both:  6.79 MB

MaxMetaspaceSize: unlimited
CompressedClassSpaceSize: 1.00 GB
Initial GC threshold: 21.00 MB
Current GC threshold: 21.00 MB
CDS: on
MetaspaceReclaimPolicy: balanced
 - commit_granule_bytes: 65536.
 - commit_granule_words: 8192.
 - virtual_space_node_default_size: 8388608.
 - enlarge_chunks_in_place: 1.
 - new_chunks_are_fully_committed: 0.
 - uncommit_free_chunks: 1.
 - use_allocation_guard: 0.


Internal statistics:

num_allocs_failed_limit: 0.
num_arena_births: 76.
num_arena_deaths: 0.
num_vsnodes_births: 2.
num_vsnodes_deaths: 0.
num_space_committed: 135.
num_space_uncommitted: 0.
num_chunks_returned_to_freelist: 0.
num_chunks_taken_from_freelist: 256.
num_chunk_merges: 0.
num_chunk_splits: 197.
num_chunks_enlarged: 163.
num_inconsistent_stats: 0.

CodeHeap 'non-profiled nmethods': size=120000Kb used=531Kb max_used=531Kb free=119468Kb
 bounds [0x000002a330560000, 0x000002a3307d0000, 0x000002a337a90000]
CodeHeap 'profiled nmethods': size=120000Kb used=2412Kb max_used=2412Kb free=117588Kb
 bounds [0x000002a328a90000, 0x000002a328d00000, 0x000002a32ffc0000]
CodeHeap 'non-nmethods': size=5760Kb used=2209Kb max_used=2278Kb free=3550Kb
 bounds [0x000002a32ffc0000, 0x000002a330230000, 0x000002a330560000]
 total_blobs=2332 nmethods=1264 adapters=979
 compilation: enabled
              stopped_count=0, restarted_count=0
 full_count=0

Compilation events (20 events):
Event: 1.964 Thread 0x000002a33f7561e0 nmethod 1250 0x000002a3305d7e10 code [0x000002a3305d7f80, 0x000002a3305d8088]
Event: 1.964 Thread 0x000002a33f7561e0 1251       4       java.util.ImmutableCollections$List12::get (35 bytes)
Event: 1.965 Thread 0x000002a33f7561e0 nmethod 1251 0x000002a3305d8110 code [0x000002a3305d8280, 0x000002a3305d83a0]
Event: 1.965 Thread 0x000002a33f7561e0 1252       4       java.lang.invoke.MethodType::makeImpl (109 bytes)
Event: 1.970 Thread 0x000002a33f79dfa0 1256   !   3       jdk.internal.loader.URLClassPath$FileLoader::getResource (153 bytes)
Event: 1.971 Thread 0x000002a33f79dfa0 nmethod 1256 0x000002a328ce5e90 code [0x000002a328ce61a0, 0x000002a328ce7348]
Event: 1.971 Thread 0x000002a33f79dfa0 1257       3       java.io.File::<init> (111 bytes)
Event: 1.972 Thread 0x000002a33f79dfa0 nmethod 1257 0x000002a328ce7c10 code [0x000002a328ce7ec0, 0x000002a328ce8ab8]
Event: 1.972 Thread 0x000002a33f79dfa0 1258       3       java.security.SecureClassLoader::getProtectionDomain (37 bytes)
Event: 1.972 Thread 0x000002a33f79dfa0 nmethod 1258 0x000002a328ce8f10 code [0x000002a328ce9100, 0x000002a328ce97b8]
Event: 1.972 Thread 0x000002a33f79dfa0 1259       3       java.security.SecureClassLoader$CodeSourceKey::<init> (10 bytes)
Event: 1.972 Thread 0x000002a33f79dfa0 nmethod 1259 0x000002a328ce9990 code [0x000002a328ce9b20, 0x000002a328ce9d50]
Event: 1.972 Thread 0x000002a33f79dfa0 1260       3       java.security.SecureClassLoader$1::<init> (10 bytes)
Event: 1.972 Thread 0x000002a33f79dfa0 nmethod 1260 0x000002a328ce9e10 code [0x000002a328ce9fa0, 0x000002a328cea170]
Event: 1.972 Thread 0x000002a33f79dfa0 1261       3       java.security.SecureClassLoader$CodeSourceKey::hashCode (21 bytes)
Event: 1.972 Thread 0x000002a33f79dfa0 nmethod 1261 0x000002a328cea210 code [0x000002a328cea3c0, 0x000002a328cea5c0]
Event: 1.972 Thread 0x000002a33f79dfa0 1262       3       java.lang.Thread::interrupted (7 bytes)
Event: 1.973 Thread 0x000002a33f79dfa0 nmethod 1262 0x000002a328cea710 code [0x000002a328cea8a0, 0x000002a328ceab10]
Event: 1.973 Thread 0x000002a33f79dfa0 1263       3       java.lang.Thread::getAndClearInterrupt (19 bytes)
Event: 1.973 Thread 0x000002a33f79dfa0 nmethod 1263 0x000002a328ceac10 code [0x000002a328ceada0, 0x000002a328ceaf30]

GC Heap History (4 events):
Event: 0.977 GC heap before
{Heap before GC invocations=0 (full 0):
 garbage-first heap   total 262144K, used 12288K [0x0000000700c00000, 0x0000000800000000)
  region size 2048K, 6 young (12288K), 0 survivors (0K)
 Metaspace       used 3668K, committed 3776K, reserved 1114112K
  class space    used 316K, committed 384K, reserved 1048576K
}
Event: 0.986 GC heap after
{Heap after GC invocations=1 (full 0):
 garbage-first heap   total 262144K, used 2193K [0x0000000700c00000, 0x0000000800000000)
  region size 2048K, 1 young (2048K), 1 survivors (2048K)
 Metaspace       used 3668K, committed 3776K, reserved 1114112K
  class space    used 316K, committed 384K, reserved 1048576K
}
Event: 1.714 GC heap before
{Heap before GC invocations=1 (full 0):
 garbage-first heap   total 262144K, used 14481K [0x0000000700c00000, 0x0000000800000000)
  region size 2048K, 8 young (16384K), 1 survivors (2048K)
 Metaspace       used 6239K, committed 6400K, reserved 1114112K
  class space    used 457K, committed 512K, reserved 1048576K
}
Event: 1.717 GC heap after
{Heap after GC invocations=2 (full 0):
 garbage-first heap   total 262144K, used 3784K [0x0000000700c00000, 0x0000000800000000)
  region size 2048K, 1 young (2048K), 1 survivors (2048K)
 Metaspace       used 6239K, committed 6400K, reserved 1114112K
  class space    used 457K, committed 512K, reserved 1048576K
}

Dll operation events (11 events):
Event: 0.014 Loaded shared library C:\Program Files\Java\jdk-20\bin\java.dll
Event: 0.024 Loaded shared library C:\Program Files\Java\jdk-20\bin\jsvml.dll
Event: 0.490 Loaded shared library C:\Program Files\Java\jdk-20\bin\zip.dll
Event: 0.499 Loaded shared library C:\Program Files\Java\jdk-20\bin\instrument.dll
Event: 0.507 Loaded shared library C:\Program Files\Java\jdk-20\bin\net.dll
Event: 0.509 Loaded shared library C:\Program Files\Java\jdk-20\bin\nio.dll
Event: 0.514 Loaded shared library C:\Program Files\Java\jdk-20\bin\zip.dll
Event: 0.664 Loaded shared library C:\Program Files\Java\jdk-20\bin\jimage.dll
Event: 0.723 Loaded shared library C:\Program Files\Java\jdk-20\bin\verify.dll
Event: 1.076 Loaded shared library C:\Users\smsmk\AppData\Local\Temp\lwjglsmsmk\3.2.3-build-13\lwjgl.dll
Event: 1.595 Loaded shared library C:\Users\smsmk\AppData\Local\Temp\lwjglsmsmk\3.2.3-build-13\lwjgl_opengl.dll

Deoptimization events (20 events):
Event: 0.787 Thread 0x000002a3209dada0 DEOPT PACKING pc=0x000002a328acb80f sp=0x000000c3ea7f7f90
Event: 0.787 Thread 0x000002a3209dada0 DEOPT UNPACKING pc=0x000002a33002a4c2 sp=0x000000c3ea7f7428 mode 0
Event: 1.333 Thread 0x000002a34421cd00 DEOPT PACKING pc=0x000002a328bdaad1 sp=0x000000c3ebdfcf80
Event: 1.333 Thread 0x000002a34421cd00 DEOPT UNPACKING pc=0x000002a33002a4c2 sp=0x000000c3ebdfc3d8 mode 1
Event: 1.333 Thread 0x000002a34421cd00 DEOPT PACKING pc=0x000002a328bcf3c4 sp=0x000000c3ebdfd010
Event: 1.333 Thread 0x000002a34421cd00 DEOPT UNPACKING pc=0x000002a33002a4c2 sp=0x000000c3ebdfc4b8 mode 1
Event: 1.648 Thread 0x000002a34421cd00 Uncommon trap: trap_request=0xffffff45 fr.pc=0x000002a33057e4d4 relative=0x0000000000000054
Event: 1.648 Thread 0x000002a34421cd00 Uncommon trap: reason=unstable_if action=reinterpret pc=0x000002a33057e4d4 method=java.lang.CharacterData.of(I)Ljava/lang/CharacterData; @ 4 c2
Event: 1.648 Thread 0x000002a34421cd00 DEOPT PACKING pc=0x000002a33057e4d4 sp=0x000000c3ebdfe750
Event: 1.648 Thread 0x000002a34421cd00 DEOPT UNPACKING pc=0x000002a330029d22 sp=0x000000c3ebdfe6f0 mode 2
Event: 1.656 Thread 0x000002a34421cd00 Uncommon trap: trap_request=0xffffff54 fr.pc=0x000002a3305b3178 relative=0x0000000000000078
Event: 1.657 Thread 0x000002a34421cd00 Uncommon trap: reason=speculate_null_assert action=make_not_entrant pc=0x000002a3305b3178 method=sun.misc.Unsafe.getLong(Ljava/lang/Object;J)J @ 5 c2
Event: 1.657 Thread 0x000002a34421cd00 DEOPT PACKING pc=0x000002a3305b3178 sp=0x000000c3ebdff030
Event: 1.657 Thread 0x000002a34421cd00 DEOPT UNPACKING pc=0x000002a330029d22 sp=0x000000c3ebdfefc8 mode 2
Event: 1.899 Thread 0x000002a34421cd00 Uncommon trap: trap_request=0xffffff54 fr.pc=0x000002a3305b3d7c relative=0x000000000000007c
Event: 1.899 Thread 0x000002a34421cd00 Uncommon trap: reason=speculate_null_assert action=make_not_entrant pc=0x000002a3305b3d7c method=sun.misc.Unsafe.putLong(Ljava/lang/Object;JJ)V @ 7 c2
Event: 1.899 Thread 0x000002a34421cd00 DEOPT PACKING pc=0x000002a3305b3d7c sp=0x000000c3ebdff170
Event: 1.899 Thread 0x000002a34421cd00 DEOPT UNPACKING pc=0x000002a330029d22 sp=0x000000c3ebdff108 mode 2
Event: 1.976 Thread 0x000002a34421cd00 DEOPT PACKING pc=0x000002a328bd16d1 sp=0x000000c3ebdf8fb0
Event: 1.976 Thread 0x000002a34421cd00 DEOPT UNPACKING pc=0x000002a33002a4c2 sp=0x000000c3ebdf84c8 mode 0

Classes loaded (20 events):
Event: 1.641 Loading class sun/util/resources/LocaleData$CommonResourceBundleProvider
Event: 1.641 Loading class sun/util/resources/LocaleData$LocaleDataResourceBundleProvider
Event: 1.641 Loading class java/util/spi/ResourceBundleProvider
Event: 1.641 Loading class java/util/spi/ResourceBundleProvider done
Event: 1.641 Loading class sun/util/resources/LocaleData$LocaleDataResourceBundleProvider done
Event: 1.641 Loading class sun/util/resources/LocaleData$CommonResourceBundleProvider done
Event: 1.642 Loading class java/util/ArrayList$SubList$1
Event: 1.642 Loading class java/util/ArrayList$SubList$1 done
Event: 1.643 Loading class sun/text/resources/cldr/FormatData_en
Event: 1.643 Loading class sun/text/resources/cldr/FormatData_en done
Event: 1.644 Loading class sun/util/resources/Bundles$2
Event: 1.644 Loading class sun/util/resources/Bundles$2 done
Event: 1.687 Loading class jdk/internal/foreign/MemorySessionImpl
Event: 1.687 Loading class java/lang/foreign/SegmentScope
Event: 1.687 Loading class java/lang/foreign/SegmentScope done
Event: 1.687 Loading class java/lang/foreign/SegmentAllocator
Event: 1.687 Loading class java/lang/foreign/SegmentAllocator done
Event: 1.687 Loading class jdk/internal/foreign/MemorySessionImpl done
Event: 1.899 Loading class jdk/internal/reflect/MethodHandleLongFieldAccessorImpl
Event: 1.900 Loading class jdk/internal/reflect/MethodHandleLongFieldAccessorImpl done

Classes unloaded (0 events):
No events

Classes redefined (0 events):
No events

Internal exceptions (20 events):
Event: 1.008 Thread 0x000002a34421cd00 Exception <a 'java/lang/NoSuchMethodError'{0x0000000710ad3c50}: 'void java.lang.invoke.DirectMethodHandle$Holder.invokeStatic(java.lang.Object, java.lang.Object)'> (0x0000000710ad3c50) 
thrown [s\open\src\hotspot\share\interpreter\linkResolver.cpp, line 773]
Event: 1.009 Thread 0x000002a34421cd00 Exception <a 'java/lang/NoSuchMethodError'{0x0000000710adb318}: 'void java.lang.System.load(java.lang.String, java.lang.Class)'> (0x0000000710adb318) 
thrown [s\open\src\hotspot\share\interpreter\linkResolver.cpp, line 773]
Event: 1.009 Thread 0x000002a34421cd00 Exception <a 'java/lang/NoSuchMethodError'{0x0000000710adbce8}: 'void java.lang.invoke.DirectMethodHandle$Holder.invokeSpecial(java.lang.Object, java.lang.Object, java.lang.Object)'> (0x0000000710adbce8) 
thrown [s\open\src\hotspot\share\interpreter\linkResolver.cpp, line 773]
Event: 1.013 Thread 0x000002a34421cd00 Exception <a 'java/lang/NoSuchMethodError'{0x0000000710aefd88}: 'java.lang.Object java.lang.invoke.DirectMethodHandle$Holder.invokeStatic(java.lang.Object, java.lang.Object, int)'> (0x0000000710aefd88) 
thrown [s\open\src\hotspot\share\interpreter\linkResolver.cpp, line 773]
Event: 1.015 Thread 0x000002a34421cd00 Exception <a 'java/lang/NoSuchMethodError'{0x0000000710afb288}: 'void java.lang.invoke.DelegatingMethodHandle$Holder.delegate(java.lang.Object, java.lang.Object, int, java.lang.Object)'> (0x0000000710afb288) 
thrown [s\open\src\hotspot\share\interpreter\linkResolver.cpp, line 773]
Event: 1.015 Thread 0x000002a34421cd00 Exception <a 'java/lang/NoSuchMethodError'{0x0000000710aff070}: 'int java.lang.invoke.DirectMethodHandle$Holder.invokeSpecial(java.lang.Object, java.lang.Object, java.lang.Object)'> (0x0000000710aff070) 
thrown [s\open\src\hotspot\share\interpreter\linkResolver.cpp, line 773]
Event: 1.045 Thread 0x000002a34421cd00 Exception <a 'java/lang/NoSuchMethodError'{0x0000000710b1b5d8}: 'void java.lang.System.loadLibrary(java.lang.String, java.lang.Class)'> (0x0000000710b1b5d8) 
thrown [s\open\src\hotspot\share\interpreter\linkResolver.cpp, line 773]
Event: 1.084 Thread 0x000002a34421cd00 Exception <a 'sun/nio/fs/WindowsException'{0x0000000710bef420}> (0x0000000710bef420) 
thrown [s\open\src\hotspot\share\prims\jni.cpp, line 519]
Event: 1.084 Thread 0x000002a34421cd00 Exception <a 'sun/nio/fs/WindowsException'{0x0000000710bf0a30}> (0x0000000710bf0a30) 
thrown [s\open\src\hotspot\share\prims\jni.cpp, line 519]
Event: 1.100 Thread 0x000002a34421cd00 Exception <a 'sun/nio/fs/WindowsException'{0x0000000710813b68}> (0x0000000710813b68) 
thrown [s\open\src\hotspot\share\prims\jni.cpp, line 519]
Event: 1.100 Thread 0x000002a34421cd00 Exception <a 'sun/nio/fs/WindowsException'{0x0000000710813ed8}> (0x0000000710813ed8) 
thrown [s\open\src\hotspot\share\prims\jni.cpp, line 519]
Event: 1.335 Thread 0x000002a34421cd00 Exception <a 'java/lang/NoSuchMethodError'{0x00000007106db7a8}: 'int java.lang.invoke.Invokers$Holder.invokeExact_MT(java.lang.Object, java.lang.Object)'> (0x00000007106db7a8) 
thrown [s\open\src\hotspot\share\interpreter\linkResolver.cpp, line 773]
Event: 1.583 Thread 0x000002a34421cd00 Exception <a 'java/lang/NoSuchMethodError'{0x00000007107a6b80}: 'void java.lang.System.load(java.lang.String, java.lang.Class)'> (0x00000007107a6b80) 
thrown [s\open\src\hotspot\share\interpreter\linkResolver.cpp, line 773]
Event: 1.583 Thread 0x000002a34421cd00 Exception <a 'java/lang/NoSuchMethodError'{0x00000007107a9968}: 'void java.lang.System.loadLibrary(java.lang.String, java.lang.Class)'> (0x00000007107a9968) 
thrown [s\open\src\hotspot\share\interpreter\linkResolver.cpp, line 773]
Event: 1.592 Thread 0x000002a34421cd00 Exception <a 'sun/nio/fs/WindowsException'{0x00000007107b94f8}> (0x00000007107b94f8) 
thrown [s\open\src\hotspot\share\prims\jni.cpp, line 519]
Event: 1.592 Thread 0x000002a34421cd00 Exception <a 'sun/nio/fs/WindowsException'{0x00000007107b98a8}> (0x00000007107b98a8) 
thrown [s\open\src\hotspot\share\prims\jni.cpp, line 519]
Event: 1.599 Thread 0x000002a34421cd00 Exception <a 'sun/nio/fs/WindowsException'{0x00000007107c34b0}> (0x00000007107c34b0) 
thrown [s\open\src\hotspot\share\prims\jni.cpp, line 519]
Event: 1.599 Thread 0x000002a34421cd00 Exception <a 'sun/nio/fs/WindowsException'{0x00000007107c3798}> (0x00000007107c3798) 
thrown [s\open\src\hotspot\share\prims\jni.cpp, line 519]
Event: 1.900 Thread 0x000002a34421cd00 Exception <a 'java/lang/NoSuchMethodError'{0x000000070fc9b128}: 'long java.lang.invoke.DelegatingMethodHandle$Holder.reinvoke_L(java.lang.Object, java.lang.Object)'> (0x000000070fc9b128) 
thrown [s\open\src\hotspot\share\interpreter\linkResolver.cpp, line 773]
Event: 1.902 Thread 0x000002a34421cd00 Exception <a 'java/lang/NoSuchMethodError'{0x000000070fca15c8}: 'long java.lang.invoke.Invokers$Holder.invokeExact_MT(java.lang.Object, java.lang.Object, java.lang.Object)'> (0x000000070fca15c8) 
thrown [s\open\src\hotspot\share\interpreter\linkResolver.cpp, line 773]

VM Operations (18 events):
Event: 0.211 Executing VM operation: HandshakeAllThreads
Event: 0.211 Executing VM operation: HandshakeAllThreads done
Event: 0.397 Executing VM operation: ChangeBreakpoints
Event: 0.397 Executing VM operation: ChangeBreakpoints done
Event: 0.851 Executing VM operation: HandshakeAllThreads
Event: 0.851 Executing VM operation: HandshakeAllThreads done
Event: 0.859 Executing VM operation: ChangeBreakpoints
Event: 0.859 Executing VM operation: ChangeBreakpoints done
Event: 0.977 Executing VM operation: G1CollectForAllocation
Event: 0.986 Executing VM operation: G1CollectForAllocation done
Event: 1.013 Executing VM operation: HandshakeAllThreads
Event: 1.013 Executing VM operation: HandshakeAllThreads done
Event: 1.056 Executing VM operation: HandshakeAllThreads
Event: 1.056 Executing VM operation: HandshakeAllThreads done
Event: 1.649 Executing VM operation: HandshakeAllThreads
Event: 1.649 Executing VM operation: HandshakeAllThreads done
Event: 1.714 Executing VM operation: G1CollectForAllocation
Event: 1.717 Executing VM operation: G1CollectForAllocation done

Events (18 events):
Event: 0.024 Thread 0x000002a3209dada0 Thread added: 0x000002a3209dada0
Event: 0.075 Thread 0x000002a33f74de10 Thread added: 0x000002a33f74de10
Event: 0.075 Thread 0x000002a33f74e950 Thread added: 0x000002a33f74e950
Event: 0.076 Thread 0x000002a33f750990 Thread added: 0x000002a33f750990
Event: 0.076 Thread 0x000002a33f7542f0 Thread added: 0x000002a33f7542f0
Event: 0.076 Thread 0x000002a33f754c30 Thread added: 0x000002a33f754c30
Event: 0.076 Thread 0x000002a33f755570 Thread added: 0x000002a33f755570
Event: 0.076 Thread 0x000002a33f7561e0 Thread added: 0x000002a33f7561e0
Event: 0.131 Thread 0x000002a33f79dfa0 Thread added: 0x000002a33f79dfa0
Event: 0.204 Thread 0x000002a3439905e0 Thread added: 0x000002a3439905e0
Event: 0.238 Thread 0x000002a343af4ac0 Thread added: 0x000002a343af4ac0
Event: 0.238 Thread 0x000002a343af5230 Thread added: 0x000002a343af5230
Event: 0.240 Thread 0x000002a343af5790 Thread added: 0x000002a343af5790
Event: 0.712 Thread 0x000002a3441a6120 Thread added: 0x000002a3441a6120
Event: 0.873 Thread 0x000002a34421cd00 Thread added: 0x000002a34421cd00
Event: 0.874 Thread 0x000002a3209dada0 Thread exited: 0x000002a3209dada0
Event: 0.874 Thread 0x000002a3209dada0 Thread added: 0x000002a3209dada0
Event: 1.639 Thread 0x000002a3442195b0 Thread added: 0x000002a3442195b0


Dynamic libraries:
0x00007ff604ba0000 - 0x00007ff604bb0000 	C:\Program Files\Java\jdk-20\bin\javaw.exe
0x00007fff58a50000 - 0x00007fff58c48000 	C:\Windows\SYSTEM32\ntdll.dll
0x00007fff57410000 - 0x00007fff574cf000 	C:\Windows\System32\KERNEL32.DLL
0x00007fff56130000 - 0x00007fff56426000 	C:\Windows\System32\KERNELBASE.dll
0x00007fff56780000 - 0x00007fff56880000 	C:\Windows\System32\ucrtbase.dll
0x00007fff34770000 - 0x00007fff34789000 	C:\Program Files\Java\jdk-20\bin\jli.dll
0x00007fff57540000 - 0x00007fff575ef000 	C:\Windows\System32\ADVAPI32.dll
0x00007fff57fc0000 - 0x00007fff5805e000 	C:\Windows\System32\msvcrt.dll
0x00007fff57f00000 - 0x00007fff57f9c000 	C:\Windows\System32\sechost.dll
0x00007fff57230000 - 0x00007fff57356000 	C:\Windows\System32\RPCRT4.dll
0x00007fff58060000 - 0x00007fff581fd000 	C:\Windows\System32\USER32.dll
0x00007fff569e0000 - 0x00007fff56a02000 	C:\Windows\System32\win32u.dll
0x00007fff57780000 - 0x00007fff577ac000 	C:\Windows\System32\GDI32.dll
0x00007fff56660000 - 0x00007fff56775000 	C:\Windows\System32\gdi32full.dll
0x00007fff56480000 - 0x00007fff5651d000 	C:\Windows\System32\msvcp_win.dll
0x00007fff3fbb0000 - 0x00007fff3fbcb000 	C:\Windows\SYSTEM32\VCRUNTIME140.dll
0x00007fff412c0000 - 0x00007fff4155a000 	C:\Windows\WinSxS\amd64_microsoft.windows.common-controls_6595b64144ccf1df_6.0.19041.1110_none_60b5254171f9507e\COMCTL32.dll
0x00007fff4fc20000 - 0x00007fff4fc2a000 	C:\Windows\SYSTEM32\VERSION.dll
0x00007fff57370000 - 0x00007fff573a0000 	C:\Windows\System32\IMM32.DLL
0x00007fff28400000 - 0x00007fff2841b000 	C:\Program Files\Java\jdk-20\bin\vcruntime140.dll
0x00007fff350a0000 - 0x00007fff350ac000 	C:\Program Files\Java\jdk-20\bin\vcruntime140_1.dll
0x00007fff276b0000 - 0x00007fff2773e000 	C:\Program Files\Java\jdk-20\bin\msvcp140.dll
0x00007ffea9a70000 - 0x00007ffeaa707000 	C:\Program Files\Java\jdk-20\bin\server\jvm.dll
0x00007fff3f680000 - 0x00007fff3f689000 	C:\Windows\SYSTEM32\WSOCK32.dll
0x00007fff573a0000 - 0x00007fff5740b000 	C:\Windows\System32\WS2_32.dll
0x00007fff4f5c0000 - 0x00007fff4f5e7000 	C:\Windows\SYSTEM32\WINMM.dll
0x00007fff53fb0000 - 0x00007fff53fc2000 	C:\Windows\SYSTEM32\kernel.appcore.dll
0x00007fff3fa00000 - 0x00007fff3fa0a000 	C:\Program Files\Java\jdk-20\bin\jimage.dll
0x00007fff42820000 - 0x00007fff42a04000 	C:\Windows\SYSTEM32\DBGHELP.DLL
0x00007fff281c0000 - 0x00007fff281f4000 	C:\Windows\SYSTEM32\dbgcore.DLL
0x00007fff56520000 - 0x00007fff565a2000 	C:\Windows\System32\bcryptPrimitives.dll
0x00007fff1dd60000 - 0x00007fff1dd9c000 	C:\Program Files\Java\jdk-20\bin\jdwp.dll
0x00007fff2aa90000 - 0x00007fff2aa9e000 	C:\Program Files\Java\jdk-20\bin\instrument.dll
0x00007fff27f90000 - 0x00007fff27fb6000 	C:\Program Files\Java\jdk-20\bin\java.dll
0x00007ffec3430000 - 0x00007ffec3507000 	C:\Program Files\Java\jdk-20\bin\jsvml.dll
0x00007fff577b0000 - 0x00007fff57ef4000 	C:\Windows\System32\SHELL32.dll
0x00007fff541b0000 - 0x00007fff54943000 	C:\Windows\SYSTEM32\windows.storage.dll
0x00007fff56b90000 - 0x00007fff56ee4000 	C:\Windows\System32\combase.dll
0x00007fff55a90000 - 0x00007fff55abe000 	C:\Windows\SYSTEM32\Wldp.dll
0x00007fff56f70000 - 0x00007fff5701d000 	C:\Windows\System32\SHCORE.dll
0x00007fff574e0000 - 0x00007fff57535000 	C:\Windows\System32\shlwapi.dll
0x00007fff56060000 - 0x00007fff56085000 	C:\Windows\SYSTEM32\profapi.dll
0x00007fff296f0000 - 0x00007fff296fc000 	C:\Program Files\Java\jdk-20\bin\dt_socket.dll
0x00007fff55530000 - 0x00007fff5556b000 	C:\Windows\SYSTEM32\IPHLPAPI.DLL
0x00007fff55870000 - 0x00007fff558da000 	C:\Windows\system32\mswsock.dll
0x00007fff55570000 - 0x00007fff5563a000 	C:\Windows\SYSTEM32\DNSAPI.dll
0x00007fff57360000 - 0x00007fff57368000 	C:\Windows\System32\NSI.dll
0x00007fff44300000 - 0x00007fff4430a000 	C:\Windows\System32\rasadhlp.dll
0x00007fff42790000 - 0x00007fff42812000 	C:\Windows\System32\fwpuclnt.dll
0x00007fff56a10000 - 0x00007fff56a37000 	C:\Windows\System32\bcrypt.dll
0x00007fff280b0000 - 0x00007fff280c8000 	C:\Program Files\Java\jdk-20\bin\zip.dll
0x00007fff28290000 - 0x00007fff282a3000 	C:\Program Files\Java\jdk-20\bin\net.dll
0x00007fff4fc30000 - 0x00007fff4fd3a000 	C:\Windows\SYSTEM32\WINHTTP.dll
0x00007fff28250000 - 0x00007fff28266000 	C:\Program Files\Java\jdk-20\bin\nio.dll
0x00007fff3f720000 - 0x00007fff3f730000 	C:\Program Files\Java\jdk-20\bin\verify.dll
0x00007ffec32f0000 - 0x00007ffec3354000 	C:\Users\smsmk\AppData\Local\Temp\lwjglsmsmk\3.2.3-build-13\lwjgl.dll
0x00007ffec0eb0000 - 0x00007ffec0f12000 	C:\Users\smsmk\AppData\Local\Temp\lwjglsmsmk\3.2.3-build-13\glfw.dll
0x00007fff53ae0000 - 0x00007fff53b7e000 	C:\Windows\system32\uxtheme.dll
0x00007ffec0e60000 - 0x00007ffec0ea5000 	C:\Windows\SYSTEM32\dinput8.dll
0x00007fff37b50000 - 0x00007fff37b61000 	C:\Windows\SYSTEM32\xinput1_4.dll
0x00007fff56430000 - 0x00007fff5647e000 	C:\Windows\System32\cfgmgr32.dll
0x00007fff55ec0000 - 0x00007fff55ef3000 	C:\Windows\SYSTEM32\DEVOBJ.dll
0x00007fff53ea0000 - 0x00007fff53ecf000 	C:\Windows\SYSTEM32\dwmapi.dll
0x00007fff4d4e0000 - 0x00007fff4d632000 	C:\Windows\SYSTEM32\inputhost.dll
0x00007fff58720000 - 0x00007fff587ed000 	C:\Windows\System32\OLEAUT32.dll
0x00007fff536c0000 - 0x00007fff537b2000 	C:\Windows\SYSTEM32\CoreMessaging.dll
0x00007fff51c40000 - 0x00007fff51d36000 	C:\Windows\SYSTEM32\PROPSYS.dll
0x00007fff52bf0000 - 0x00007fff52d44000 	C:\Windows\SYSTEM32\wintypes.dll
0x00007fff53360000 - 0x00007fff536be000 	C:\Windows\SYSTEM32\CoreUIComponents.dll
0x00007fff55250000 - 0x00007fff55283000 	C:\Windows\SYSTEM32\ntmarta.dll
0x00007fff58800000 - 0x00007fff58914000 	C:\Windows\System32\MSCTF.dll
0x00007fff54950000 - 0x00007fff5495d000 	C:\Windows\SYSTEM32\HID.DLL
0x00007fff58200000 - 0x00007fff5866e000 	C:\Windows\System32\SETUPAPI.DLL
0x00007fff56a40000 - 0x00007fff56aa7000 	C:\Windows\System32\WINTRUST.dll
0x00007fff56880000 - 0x00007fff569de000 	C:\Windows\System32\CRYPT32.dll
0x00007fff55ea0000 - 0x00007fff55eb2000 	C:\Windows\SYSTEM32\MSASN1.dll
0x00007ffec0d30000 - 0x00007ffec0e55000 	C:\Windows\SYSTEM32\opengl32.dll
0x00007fff27680000 - 0x00007fff276ac000 	C:\Windows\SYSTEM32\GLU32.dll
0x00007fff58670000 - 0x00007fff58719000 	C:\Windows\System32\clbcatq.dll
0x00007ffea57e0000 - 0x00007ffea9a6d000 	C:\Windows\System32\DriverStore\FileRepository\nvmdi.inf_amd64_6444f5939bb26330\nvoglv64.dll
0x00007fff57650000 - 0x00007fff5777a000 	C:\Windows\System32\ole32.dll
0x00007fff51db0000 - 0x00007fff51dc4000 	C:\Windows\SYSTEM32\WTSAPI32.dll
0x00007fff4fd60000 - 0x00007fff4fd91000 	C:\Windows\SYSTEM32\cryptnet.dll
0x00007fff4f780000 - 0x00007fff4f8c8000 	C:\Windows\SYSTEM32\drvstore.dll
0x00007fff55a00000 - 0x00007fff55a0c000 	C:\Windows\SYSTEM32\cryptbase.dll
0x00007fff4d950000 - 0x00007fff4d98b000 	C:\Windows\SYSTEM32\dxcore.dll
0x00007fff2b2a0000 - 0x00007fff2b571000 	C:\Windows\system32\nvspcap64.dll
0x00007fff55640000 - 0x00007fff5568b000 	C:\Windows\SYSTEM32\powrprof.dll
0x00007fff55510000 - 0x00007fff55522000 	C:\Windows\SYSTEM32\UMPDC.dll
0x00007fff54dd0000 - 0x00007fff54e2b000 	C:\Windows\SYSTEM32\WINSTA.dll
0x00007fff4d3e0000 - 0x00007fff4d4da000 	C:\Windows\SYSTEM32\textinputframework.dll
0x00007ffec0cd0000 - 0x00007ffec0d29000 	C:\Users\smsmk\AppData\Local\Temp\lwjglsmsmk\3.2.3-build-13\lwjgl_opengl.dll

dbghelp: loaded successfully - version: 4.0.5 - missing functions: none
symbol engine: initialized successfully - sym options: 0x614 - pdb path: .;C:\Program Files\Java\jdk-20\bin;C:\Windows\SYSTEM32;C:\Windows\WinSxS\amd64_microsoft.windows.common-controls_6595b64144ccf1df_6.0.19041.1110_none_60b5254171f9507e;C:\Program Files\Java\jdk-20\bin\server;C:\Users\smsmk\AppData\Local\Temp\lwjglsmsmk\3.2.3-build-13;C:\Windows\System32\DriverStore\FileRepository\nvmdi.inf_amd64_6444f5939bb26330

VM Arguments:
jvm_args: -XX:+ShowCodeDetailsInExceptionMessages -agentlib:jdwp=transport=dt_socket,suspend=y,address=localhost:55486 -javaagent:D:\eclipse\java-2023-06\eclipse\configuration\org.eclipse.osgi\248\0\.cp\lib\javaagent-shaded.jar -Dfile.encoding=UTF-8 
java_command: com.Anix.Main.Core
java_class_path (initial): D:\GitHub\Anix-Java\Anix\bin;D:\GitHub\Anix-Java\Anix\includes\lwjgl.jar;D:\GitHub\Anix-Java\Anix\includes\lwjgl-assimp.jar;D:\GitHub\Anix-Java\Anix\includes\lwjgl-assimp-natives-windows.jar;D:\GitHub\Anix-Java\Anix\includes\lwjgl-bgfx.jar;D:\GitHub\Anix-Java\Anix\includes\lwjgl-bgfx-natives-windows.jar;D:\GitHub\Anix-Java\Anix\includes\lwjgl-glfw.jar;D:\GitHub\Anix-Java\Anix\includes\lwjgl-glfw-natives-windows.jar;D:\GitHub\Anix-Java\Anix\includes\lwjgl-nanovg.jar;D:\GitHub\Anix-Java\Anix\includes\lwjgl-nanovg-natives-windows.jar;D:\GitHub\Anix-Java\Anix\includes\lwjgl-natives-windows.jar;D:\GitHub\Anix-Java\Anix\includes\lwjgl-nuklear.jar;D:\GitHub\Anix-Java\Anix\includes\lwjgl-nuklear-natives-windows.jar;D:\GitHub\Anix-Java\Anix\includes\lwjgl-openal.jar;D:\GitHub\Anix-Java\Anix\includes\lwjgl-openal-natives-windows.jar;D:\GitHub\Anix-Java\Anix\includes\lwjgl-opengl.jar;D:\GitHub\Anix-Java\Anix\includes\lwjgl-opengl-natives-windows.jar;D:\GitHub\Anix-Java\Anix\includes\lwjgl-par.jar;D:\GitHub\Anix-Java\Anix\includes\lwjgl-par-natives-windows.jar;D:\GitHub\Anix-Java\Anix\includes\lwjgl-stb.jar;D:\GitHub\Anix-Java\Anix\includes\lwjgl-stb-natives-windows.jar;D:\GitHub\Anix-Java\Anix\includes\lwjgl-vulkan.jar;D:\GitHub\Anix-Java\Anix\includes\slick-util3.jar;D:\GitHub\Anix-Java\Anix\includes\TWL.jar;D:\GitHub\Anix-Java\Anix\includes\tiny\lwjgl-tinyfd.jar;D:\GitHub\Anix-Java\Anix\includes\tiny\lwjgl-tinyfd-javadoc.jar;D:\GitHub\Anix-Java\Anix\includes\tiny\lwjgl-tinyfd-natives-windows.jar;D:\GitHub\Anix-Java\Anix\includes\tiny\lwjgl-tinyfd-sources.jar;D:\GitHub\Anix-Java\Anix\includes\imgui\imgui-app-1.86.6.jar;D:\GitHub\Anix-Java\Anix\includes\imgui\imgui-app-1.86.6-all.jar;D:\GitHub\Anix-Java\Anix\includes\imgui\imgui-app-1.86.6-javadoc.jar;D:\GitHub\Anix-Java\Anix\includes\imgui\imgui-app-1.86.6-sources.jar;D:\GitHub\Anix-Java\Anix\includes\imgui\imgui-binding-1.86.6.jar;D:\GitHub\Anix-Java\Anix\includes\imgui\imgui-binding-1.86.6-javadoc.jar;D:\GitHub\Anix-Java\Anix\includes\imgui\imgui-binding-1.86.6-sources.jar;D:\GitHub\Anix-Java\Anix\includes\imgui\imgui-lwjgl3-1.86.6.jar;D:\GitHub\Anix-Java\Anix\includes\imgui\imgui-lwjgl3-1.86.6-javadoc.jar;D:\GitHub\Anix-Java\Anix\includes\imgui\imgui-lwjgl3-1.86.6-sources.jar;D:\GitHub\Anix-Java\Anix\includes\Debug\lwjgl-sources.jar;D:\GitHub\Anix-Java\Anix\includes\Debug\lwjglx-debug-1.0.0.jar
Launcher Type: SUN_STANDARD

[Global flags]
     intx CICompilerCount                          = 3                                         {product} {ergonomic}
     uint ConcGCThreads                            = 1                                         {product} {ergonomic}
     uint G1ConcRefinementThreads                  = 4                                         {product} {ergonomic}
   size_t G1HeapRegionSize                         = 2097152                                   {product} {ergonomic}
    uintx GCDrainStackTargetSize                   = 64                                        {product} {ergonomic}
   size_t InitialHeapSize                          = 268435456                                 {product} {ergonomic}
   size_t MarkStackSize                            = 4194304                                   {product} {ergonomic}
   size_t MaxHeapSize                              = 4282384384                                {product} {ergonomic}
   size_t MaxNewSize                               = 2569011200                                {product} {ergonomic}
   size_t MinHeapDeltaBytes                        = 2097152                                   {product} {ergonomic}
   size_t MinHeapSize                              = 8388608                                   {product} {ergonomic}
    uintx NonNMethodCodeHeapSize                   = 5832780                                {pd product} {ergonomic}
    uintx NonProfiledCodeHeapSize                  = 122912730                              {pd product} {ergonomic}
    uintx ProfiledCodeHeapSize                     = 122912730                              {pd product} {ergonomic}
    uintx ReservedCodeCacheSize                    = 251658240                              {pd product} {ergonomic}
     bool SegmentedCodeCache                       = true                                      {product} {ergonomic}
     bool ShowCodeDetailsInExceptionMessages       = true                                   {manageable} {command line}
   size_t SoftMaxHeapSize                          = 4282384384                             {manageable} {ergonomic}
     bool UseCompressedClassPointers               = true                           {product lp64_product} {ergonomic}
     bool UseCompressedOops                        = true                           {product lp64_product} {ergonomic}
     bool UseG1GC                                  = true                                      {product} {ergonomic}
     bool UseLargePagesIndividualAllocation        = false                                  {pd product} {ergonomic}

Logging:
Log output configuration:
 #0: stdout all=warning uptime,level,tags foldmultilines=false
 #1: stderr all=off uptime,level,tags foldmultilines=false

Environment Variables:
PATH=C:/Program Files/Java/jdk-20/bin/server;C:/Program Files/Java/jdk-20/bin;C:/Users/smsmk/AppData/Local/Temp/eoi6FFC.tmp//plugins/org.eclipse.justj.openjdk.hotspot.jre.minimal.stripped.win32.x86_64_17.0.7.v20230425-1502/jre/bin/server;C:/Users/smsmk/AppData/Local/Temp/eoi6FFC.tmp//plugins/org.eclipse.justj.openjdk.hotspot.jre.minimal.stripped.win32.x86_64_17.0.7.v20230425-1502/jre/bin;C:\Program Files\Mozilla Firefox;C:\Program Files\Common Files\Oracle\Java\javapath;C:\Program Files (x86)\Common Files\Oracle\Java\javapath;C:\Program Files (x86)\Razer Chroma SDK\bin;C:\Program Files\Razer Chroma SDK\bin;C:\Program Files (x86)\Razer\ChromaBroadcast\bin;C:\Program Files\Razer\ChromaBroadcast\bin;C:\Windows\system32;C:\Windows;C:\Windows\System32\Wbem;C:\Windows\System32\WindowsPowerShell\v1.0\;C:\Windows\System32\OpenSSH\;C:\Program Files\NVIDIA Corporation\NVIDIA NvDLISR;C:\Program Files\dotnet\;C:\Users\smsmk\AppData\Local\Microsoft\WindowsApps;C:\Users\smsmk\.dotnet\tools;C:\ProgramData\chocolatey\bin;C:\Program Files (x86)\NVIDIA Corporation\PhysX\Common;D:\Git\cmd;C:\Program Files\Docker\Docker\resources\bin;C:\Program Files\nodejs\;C:\Windows\system32\config\systemprofile\AppData\Local\Microsoft\WindowsApps;C:\Program Files\Microsoft SQL Server\120\Tools\Binn\;C:\Program Files\Common Files\Autodesk Shared\;C:\Users\smsmk\AppData\Local\Microsoft\WindowsApps;C:\Users\smsmk\.dotnet\tools;C:\Program Files\heroku\bin;C:\ProgramData\smsmk\GitHubDesktop\bin;C:\Program Files\PostgreSQL\15\bin;C:\Program Files\PostgreSQL\15\lib;C:\Users\smsmk\AppData\Roaming\npm;D:\Microsoft VS Code\bin;C:\Users\smsmk\Downloads;;C:\Users\smsmk\Downloads;
USERNAME=smsmk
OS=Windows_NT
PROCESSOR_IDENTIFIER=Intel64 Family 6 Model 158 Stepping 9, GenuineIntel
TMP=C:\Users\smsmk\AppData\Local\Temp
TEMP=C:\Users\smsmk\AppData\Local\Temp




---------------  S Y S T E M  ---------------

OS:
 Windows 10 , 64 bit Build 19041 (10.0.19041.3155)
OS uptime: 0 days 16:07 hours
Hyper-V role detected

CPU: total 4 (initial active 4) (4 cores per cpu, 1 threads per core) family 6 model 158 stepping 9 microcode 0xb4, cx8, cmov, fxsr, mmx, 3dnowpref, sse, sse2, sse3, ssse3, sse4.1, sse4.2, popcnt, lzcnt, tsc, tscinvbit, avx, avx2, aes, erms, clmul, bmi1, bmi2, adx, fma, vzeroupper, clflush, clflushopt, hv, rdtscp, f16c

Memory: 4k page, system-wide physical 16328M (4620M free)
TotalPageFile size 25032M (AvailPageFile size 7964M)
current process WorkingSet (physical memory assigned to process): 123M, peak: 129M
current process commit charge ("private bytes"): 409M, peak: 415M

vm_info: Java HotSpot(TM) 64-Bit Server VM (20.0.1+9-29) for windows-amd64 JRE (20.0.1+9-29), built on 2023-03-07T13:56:11Z by "mach5one" with MS VC++ 17.1 (VS2022)

END.
