#
# A fatal error has been detected by the Java Runtime Environment:
#
#  EXCEPTION_ACCESS_VIOLATION (0xc0000005) at pc=0x00007ffdd8c2f823, pid=7880, tid=4548
#
# JRE version: OpenJDK Runtime Environment Temurin-17.0.4.1+1 (17.0.4.1+1) (build 17.0.4.1+1)
# Java VM: OpenJDK 64-Bit Server VM Temurin-17.0.4.1+1 (17.0.4.1+1, mixed mode, tiered, compressed oops, compressed class ptrs, g1 gc, windows-amd64)
# Problematic frame:
# C  [nvoglv64.dll+0x11ef823]
#
# No core dump will be written. Minidumps are not enabled by default on client versions of Windows
#
# If you would like to submit a bug report, please visit:
#   https://github.com/adoptium/adoptium-support/issues
# The crash happened outside the Java Virtual Machine in native code.
# See problematic frame for where to report the bug.
#

---------------  S U M M A R Y ------------

Command Line: -Dfile.encoding=UTF-8 -XX:+ShowCodeDetailsInExceptionMessages com.Anix.Main.Core

Host: Intel(R) Core(TM) i5-7400 CPU @ 3.00GHz, 4 cores, 15G,  Windows 10 , 64 bit Build 19041 (10.0.19041.2364)
Time: Fri Jan 27 22:26:24 2023 GMT Standard Time elapsed time: 54.986946 seconds (0d 0h 0m 54s)

---------------  T H R E A D  ---------------

Current thread (0x000002b94ede3510):  JavaThread "Main Thread" [_thread_in_native, id=4548, stack(0x000000db86b00000,0x000000db86c00000)]

Stack: [0x000000db86b00000,0x000000db86c00000],  sp=0x000000db86bff0f0,  free space=1020k
Native frames: (J=compiled Java code, j=interpreted, Vv=VM code, C=native code)
C  [nvoglv64.dll+0x11ef823]

Java frames: (J=compiled Java code, j=interpreted, Vv=VM code)
J 3308  org.lwjgl.opengl.GL11C.nglDrawElements(IIIJ)V (0 bytes) @ 0x000002b93b305776 [0x000002b93b305720+0x0000000000000056]
J 3743 c2 org.lwjgl.opengl.GL11.glDrawElements(IIIJ)V (8 bytes) @ 0x000002b93b360334 [0x000002b93b360320+0x0000000000000014]
J 3593 c1 com.Anix.Engine.Graphics.MasterRenderer.r2()V (294 bytes) @ 0x000002b93436ed7c [0x000002b93436df00+0x0000000000000e7c]
J 3671 c1 com.Anix.Engine.Graphics.MasterRenderer.render()V (58 bytes) @ 0x000002b93439990c [0x000002b934399300+0x000000000000060c]
J 3643 c1 com.Anix.Main.Core.render()V (19 bytes) @ 0x000002b934391f4c [0x000002b934391dc0+0x000000000000018c]
j  com.Anix.Main.Core.run()V+462
j  java.lang.Thread.run()V+11 java.base@17.0.4.1
v  ~StubRoutines::call_stub

siginfo: EXCEPTION_ACCESS_VIOLATION (0xc0000005), reading address 0x000000000000008c


Register to memory mapping:

RIP=0x00007ffdd8c2f823 nvoglv64.dll
RAX=0x0000001afb267170 is an unknown value
RBX=0x0000000000000001 is an unknown value
RCX=0x000069650e2b1f10 is an unknown value
RDX=0x0000001afb267170 is an unknown value
RSP=0x000000db86bff0f0 is pointing into the stack for thread: 0x000002b94ede3510
RBP=0x0000000000000024 is an unknown value
RSI=0x0000000000000024 is an unknown value
RDI=0x0 is NULL
R8 =0x00000000000001b6 is an unknown value
R9 =0x0 is NULL
R10=0x00000000546c6148 is an unknown value
R11=0x0000005cc46764f6 is an unknown value
R12=0x0000000000000004 is an unknown value
R13=0x000002b950631080 points into unknown readable memory: 0x0000000000000000 | 00 00 00 00 00 00 00 00
R14=0x0 is NULL
R15=0x0000000000001405 is an unknown value


Registers:
RAX=0x0000001afb267170, RBX=0x0000000000000001, RCX=0x000069650e2b1f10, RDX=0x0000001afb267170
RSP=0x000000db86bff0f0, RBP=0x0000000000000024, RSI=0x0000000000000024, RDI=0x0000000000000000
R8 =0x00000000000001b6, R9 =0x0000000000000000, R10=0x00000000546c6148, R11=0x0000005cc46764f6
R12=0x0000000000000004, R13=0x000002b950631080, R14=0x0000000000000000, R15=0x0000000000001405
RIP=0x00007ffdd8c2f823, EFLAGS=0x0000000000010246

Top of Stack: (sp=0x000000db86bff0f0)
0x000000db86bff0f0:   0000000000000001 00007ffdd889a05d
0x000000db86bff100:   000000db86bff1a0 0000000000000004
0x000000db86bff110:   0000000000000002 00007ffdd8d19780
0x000000db86bff120:   000002b950631080 0000000700dd2158
0x000000db86bff130:   000002b94f38e8ba 000002b93b304c8c
0x000000db86bff140:   000002b950633150 00007ffdd8aa5604
0x000000db86bff150:   0000010dcf805d49 000000000000000b
0x000000db86bff160:   0000000000000002 0000000000000000
0x000000db86bff170:   000000db86bff2a0 0000000000001405
0x000000db86bff180:   0000000000000004 000002b950631080
0x000000db86bff190:   0000000000000024 000000db86bff2b0
0x000000db86bff1a0:   0000000000000000 00007ffdd88902e6
0x000000db86bff1b0:   000002b950631080 00007ffd00000004
0x000000db86bff1c0:   000000db00000000 0000000000000000
0x000000db86bff1d0:   000002b900000090 000000db00001405
0x000000db86bff1e0:   0000000000000000 000002b900000000 

Instructions: (pc=0x00007ffdd8c2f823)
0x00007ffdd8c2f723:   d5 83 e1 03 48 89 44 24 50 d3 e2 45 8b 9a 10 06
0x00007ffdd8c2f733:   00 00 45 0b 9a 0c 06 00 00 41 8b 82 18 06 00 00
0x00007ffdd8c2f743:   41 8b 8a 14 06 00 00 f7 d0 44 23 d8 89 94 24 e0
0x00007ffdd8c2f753:   00 00 00 41 8b 82 08 06 00 00 41 0b cb f7 d1 23
0x00007ffdd8c2f763:   c8 c1 e8 14 a8 01 0f 85 81 08 00 00 41 80 bd bc
0x00007ffdd8c2f773:   08 8e 00 00 0f 85 73 08 00 00 41 3b f9 0f 82 6a
0x00007ffdd8c2f783:   08 00 00 85 ed 0f 8e 62 08 00 00 41 83 f8 0e 0f
0x00007ffdd8c2f793:   87 58 08 00 00 41 3b 95 28 0b 8e 00 0f 8f 4b 08
0x00007ffdd8c2f7a3:   00 00 41 83 ba 00 06 00 00 00 0f 85 3d 08 00 00
0x00007ffdd8c2f7b3:   41 80 ba 29 06 00 00 00 0f 85 2f 08 00 00 41 80
0x00007ffdd8c2f7c3:   ba 28 06 00 00 00 0f 85 21 08 00 00 41 80 bd 45
0x00007ffdd8c2f7d3:   e5 8c 00 00 0f 85 13 08 00 00 41 80 bd 4c e5 8c
0x00007ffdd8c2f7e3:   00 00 0f 85 05 08 00 00 f7 c1 00 00 03 00 0f 85
0x00007ffdd8c2f7f3:   f9 07 00 00 44 0b d9 45 85 9a 48 08 00 00 0f 85
0x00007ffdd8c2f803:   e9 07 00 00 bb 01 00 00 00 49 8d 8d 80 0c 8e 00
0x00007ffdd8c2f813:   8b d3 e8 56 9a e7 ff 41 81 ff 05 14 00 00 75 18
0x00007ffdd8c2f823:   41 8b 44 ae fc 4c 8d 65 ff 41 8b 0e 8b f8 3b c8
0x00007ffdd8c2f833:   0f 47 f9 0f 42 c1 eb 5d 41 81 ff 03 14 00 00 75
0x00007ffdd8c2f843:   24 41 0f b7 4c 6e fe 4c 8d 65 ff 41 0f b7 16 0f
0x00007ffdd8c2f853:   b7 c1 66 3b d1 66 0f 47 c2 66 0f 42 ca 0f b7 f8
0x00007ffdd8c2f863:   0f b7 c1 eb 30 41 81 ff 01 14 00 00 0f 85 7b 07
0x00007ffdd8c2f873:   00 00 42 0f b6 54 35 ff 4c 8d 65 ff 45 0f b6 06
0x00007ffdd8c2f883:   8b ca 44 3a c2 41 0f 47 c8 0f b6 f9 8b ca 41 0f
0x00007ffdd8c2f893:   42 c8 0f b6 c1 48 8b 4c 24 50 8d 75 ff 2b f8 e8
0x00007ffdd8c2f8a3:   49 0b 00 00 48 8b 44 24 50 44 8b 50 20 41 8b c2
0x00007ffdd8c2f8b3:   0f af c7 44 89 94 24 c0 00 00 00 41 3b 85 2c 0b
0x00007ffdd8c2f8c3:   8e 00 0f 8f 1e 07 00 00 0f 29 74 24 60 41 81 ff
0x00007ffdd8c2f8d3:   05 14 00 00 0f 85 f8 00 00 00 45 8b 3e 41 8b ff
0x00007ffdd8c2f8e3:   49 8d 56 04 3b eb 0f 8e 72 03 00 00 83 fe 08 0f
0x00007ffdd8c2f8f3:   82 b3 00 00 00 83 3d 31 06 41 02 02 0f 8c a6 00
0x00007ffdd8c2f903:   00 00 81 e6 07 00 00 80 7d 07 ff ce 83 ce f8 ff
0x00007ffdd8c2f913:   c6 66 41 0f 6e cf 8b c5 66 0f 70 c9 00 2b c6 66 


Stack slot to memory mapping:
stack at sp + 0 slots: 0x0000000000000001 is an unknown value
stack at sp + 1 slots: 0x00007ffdd889a05d nvoglv64.dll
stack at sp + 2 slots: 0x000000db86bff1a0 is pointing into the stack for thread: 0x000002b94ede3510
stack at sp + 3 slots: 0x0000000000000004 is an unknown value
stack at sp + 4 slots: 0x0000000000000002 is an unknown value
stack at sp + 5 slots: 0x00007ffdd8d19780 nvoglv64.dll
stack at sp + 6 slots: 0x000002b950631080 points into unknown readable memory: 0x0000000000000000 | 00 00 00 00 00 00 00 00
stack at sp + 7 slots: 0x0000000700dd2158 is an oop: org.lwjgl.system.MemoryStack 
{0x0000000700dd2158} - klass: 'org/lwjgl/system/MemoryStack'
 - ---- fields (total size 5 words):
 - protected 'address' 'J' @16  2994921269440 (4f37e8c0 2b9)
 - private final 'size' 'I' @12  65536 (10000)
 - private 'pointer' 'I' @24  65536 (10000)
 - protected 'frameIndex' 'I' @28  0
 - private final 'container' 'Ljava/nio/ByteBuffer;' @32  a 'java/nio/DirectByteBuffer'{0x0000000700cd10e0} (e019a21c)
 - private 'frames' '[I' @36  [I{0x0000000700dd2180} (e01ba430)


---------------  P R O C E S S  ---------------

Threads class SMR info:
_java_thread_list=0x000002b95b104d50, length=17, elements={
0x000002b94ec277f0, 0x000002b94ec294a0, 0x000002b94ec50070, 0x000002b94ec50930,
0x000002b94ec62f20, 0x000002b94ec66fe0, 0x000002b94ec69210, 0x000002b94ec6a3a0,
0x000002b94ec7ed10, 0x000002b94ede3040, 0x000002b94ede2b70, 0x000002b94ede3510,
0x000002b94ede4380, 0x000002b94ede3eb0, 0x000002b94ede6530, 0x000002b95ad199d0,
0x000002b94ede51f0
}

Java Threads: ( => current thread )
  0x000002b94ec277f0 JavaThread "Reference Handler" daemon [_thread_blocked, id=7908, stack(0x000000db85f00000,0x000000db86000000)]
  0x000002b94ec294a0 JavaThread "Finalizer" daemon [_thread_blocked, id=10440, stack(0x000000db86000000,0x000000db86100000)]
  0x000002b94ec50070 JavaThread "Signal Dispatcher" daemon [_thread_blocked, id=12472, stack(0x000000db86100000,0x000000db86200000)]
  0x000002b94ec50930 JavaThread "Attach Listener" daemon [_thread_blocked, id=6720, stack(0x000000db86200000,0x000000db86300000)]
  0x000002b94ec62f20 JavaThread "Service Thread" daemon [_thread_blocked, id=3812, stack(0x000000db86300000,0x000000db86400000)]
  0x000002b94ec66fe0 JavaThread "Monitor Deflation Thread" daemon [_thread_blocked, id=10652, stack(0x000000db86400000,0x000000db86500000)]
  0x000002b94ec69210 JavaThread "C2 CompilerThread0" daemon [_thread_blocked, id=4540, stack(0x000000db86500000,0x000000db86600000)]
  0x000002b94ec6a3a0 JavaThread "C1 CompilerThread0" daemon [_thread_blocked, id=11476, stack(0x000000db86600000,0x000000db86700000)]
  0x000002b94ec7ed10 JavaThread "Sweeper thread" daemon [_thread_blocked, id=17120, stack(0x000000db86700000,0x000000db86800000)]
  0x000002b94ede3040 JavaThread "Notification Thread" daemon [_thread_blocked, id=10380, stack(0x000000db86800000,0x000000db86900000)]
  0x000002b94ede2b70 JavaThread "Common-Cleaner" daemon [_thread_blocked, id=12488, stack(0x000000db86a00000,0x000000db86b00000)]
=>0x000002b94ede3510 JavaThread "Main Thread" [_thread_in_native, id=4548, stack(0x000000db86b00000,0x000000db86c00000)]
  0x000002b94ede4380 JavaThread "DestroyJavaVM" [_thread_blocked, id=9780, stack(0x000000db85800000,0x000000db85900000)]
  0x000002b94ede3eb0 JavaThread "MasterRenderer Thread" [_thread_blocked, id=6796, stack(0x000000db87600000,0x000000db87700000)]
  0x000002b94ede6530 JavaThread "Input Thread" [_thread_blocked, id=14776, stack(0x000000db87900000,0x000000db87a00000)]
  0x000002b95ad199d0 JavaThread "C2 CompilerThread1" daemon [_thread_blocked, id=9616, stack(0x000000db87700000,0x000000db87800000)]
  0x000002b94ede51f0 JavaThread "Thread-4" daemon [_thread_in_native, id=12908, stack(0x000000db87000000,0x000000db87100000)]

Other Threads:
  0x000002b94e367330 VMThread "VM Thread" [stack: 0x000000db85e00000,0x000000db85f00000] [id=14100]
  0x000002b94ed0e1b0 WatcherThread [stack: 0x000000db86900000,0x000000db86a00000] [id=6944]
  0x000002b93007d2f0 GCTaskThread "GC Thread#0" [stack: 0x000000db85900000,0x000000db85a00000] [id=2940]
  0x000002b9555f36b0 GCTaskThread "GC Thread#1" [stack: 0x000000db87300000,0x000000db87400000] [id=12196]
  0x000002b9555e4010 GCTaskThread "GC Thread#2" [stack: 0x000000db87400000,0x000000db87500000] [id=8328]
  0x000002b9555e42c0 GCTaskThread "GC Thread#3" [stack: 0x000000db87500000,0x000000db87600000] [id=10192]
  0x000002b93008e180 ConcurrentGCThread "G1 Main Marker" [stack: 0x000000db85a00000,0x000000db85b00000] [id=3212]
  0x000002b930090480 ConcurrentGCThread "G1 Conc#0" [stack: 0x000000db85b00000,0x000000db85c00000] [id=5368]
  0x000002b9300ee100 ConcurrentGCThread "G1 Refine#0" [stack: 0x000000db85c00000,0x000000db85d00000] [id=16140]
  0x000002b9562c2230 ConcurrentGCThread "G1 Refine#1" [stack: 0x000000db87800000,0x000000db87900000] [id=14248]
  0x000002b9300eec60 ConcurrentGCThread "G1 Service" [stack: 0x000000db85d00000,0x000000db85e00000] [id=8012]

Threads with active compile tasks:

VM state: not at safepoint (normal execution)

VM Mutex/Monitor currently owned by a thread: None

Heap address: 0x0000000700c00000, size: 4084 MB, Compressed Oops mode: Zero based, Oop shift amount: 3

CDS archive(s) not mapped
Compressed class space mapped at: 0x0000000800000000-0x0000000840000000, reserved size: 1073741824
Narrow klass base: 0x0000000800000000, Narrow klass shift: 0, Narrow klass range: 0x40000000

GC Precious Log:
 CPUs: 4 total, 4 available
 Memory: 16328M
 Large Page Support: Disabled
 NUMA Support: Disabled
 Compressed Oops: Enabled (Zero based)
 Heap Region Size: 2M
 Heap Min Capacity: 8M
 Heap Initial Capacity: 256M
 Heap Max Capacity: 4084M
 Pre-touch: Disabled
 Parallel Workers: 4
 Concurrent Workers: 1
 Concurrent Refinement Workers: 4
 Periodic GC: Disabled

Heap:
 garbage-first heap   total 28672K, used 10028K [0x0000000700c00000, 0x0000000800000000)
  region size 2048K, 2 young (4096K), 0 survivors (0K)
 Metaspace       used 28394K, committed 28736K, reserved 1081344K
  class space    used 2517K, committed 2688K, reserved 1048576K

Heap Regions: E=young(eden), S=young(survivor), O=old, HS=humongous(starts), HC=humongous(continues), CS=collection set, F=free, OA=open archive, CA=closed archive, TAMS=top-at-mark-start (previous, next)
|   0|0x0000000700c00000, 0x0000000700e00000, 0x0000000700e00000|100%| O|  |TAMS 0x0000000700e00000, 0x0000000700c00000| Untracked 
|   1|0x0000000700e00000, 0x0000000701000000, 0x0000000701000000|100%| O|  |TAMS 0x0000000701000000, 0x0000000700e00000| Untracked 
|   2|0x0000000701000000, 0x00000007011cb208, 0x0000000701200000| 89%| O|  |TAMS 0x0000000701000000, 0x0000000701000000| Untracked 
|   3|0x0000000701200000, 0x0000000701200000, 0x0000000701400000|  0%| F|  |TAMS 0x0000000701200000, 0x0000000701200000| Untracked 
|   4|0x0000000701400000, 0x00000007015ffff8, 0x0000000701600000| 99%| O|  |TAMS 0x00000007015ffff8, 0x0000000701400000| Untracked 
|   5|0x0000000701600000, 0x0000000701600000, 0x0000000701800000|  0%| F|  |TAMS 0x0000000701600000, 0x0000000701600000| Untracked 
|   6|0x0000000701800000, 0x0000000701800000, 0x0000000701a00000|  0%| F|  |TAMS 0x0000000701800000, 0x0000000701800000| Untracked 
|   7|0x0000000701a00000, 0x0000000701a00000, 0x0000000701c00000|  0%| F|  |TAMS 0x0000000701a00000, 0x0000000701a00000| Untracked 
|   8|0x0000000701c00000, 0x0000000701c00000, 0x0000000701e00000|  0%| F|  |TAMS 0x0000000701c00000, 0x0000000701c00000| Untracked 
|   9|0x0000000701e00000, 0x0000000701e00000, 0x0000000702000000|  0%| F|  |TAMS 0x0000000701e00000, 0x0000000701e00000| Untracked 
|  10|0x0000000702000000, 0x0000000702000000, 0x0000000702200000|  0%| F|  |TAMS 0x0000000702000000, 0x0000000702000000| Untracked 
|  11|0x0000000702200000, 0x0000000702200000, 0x0000000702400000|  0%| F|  |TAMS 0x0000000702200000, 0x0000000702200000| Untracked 
|  12|0x0000000702400000, 0x00000007024aafa8, 0x0000000702600000| 33%| E|  |TAMS 0x0000000702400000, 0x0000000702400000| Complete 
|  13|0x0000000702600000, 0x0000000702800000, 0x0000000702800000|100%| E|CS|TAMS 0x0000000702600000, 0x0000000702600000| Complete 

Card table byte_map: [0x000002b942ee0000,0x000002b9436e0000] _byte_map_base: 0x000002b93f6da000

Marking Bits (Prev, Next): (CMBitMap*) 0x000002b93007d940, (CMBitMap*) 0x000002b93007d900
 Prev Bits: [0x000002b947eb0000, 0x000002b94be80000)
 Next Bits: [0x000002b943ee0000, 0x000002b947eb0000)

Polling page: 0x000002b92de40000

Metaspace:

Usage:
  Non-class:     25.27 MB used.
      Class:      2.46 MB used.
       Both:     27.73 MB used.

Virtual space:
  Non-class space:       32.00 MB reserved,      25.44 MB ( 79%) committed,  4 nodes.
      Class space:        1.00 GB reserved,       2.62 MB ( <1%) committed,  1 nodes.
             Both:        1.03 GB reserved,      28.06 MB (  3%) committed. 

Chunk freelists:
   Non-Class:  2.12 MB
       Class:  1.23 MB
        Both:  3.35 MB

MaxMetaspaceSize: unlimited
CompressedClassSpaceSize: 1.00 GB
Initial GC threshold: 21.00 MB
Current GC threshold: 46.81 MB
CDS: off
MetaspaceReclaimPolicy: balanced
 - commit_granule_bytes: 65536.
 - commit_granule_words: 8192.
 - virtual_space_node_default_size: 1048576.
 - enlarge_chunks_in_place: 1.
 - new_chunks_are_fully_committed: 0.
 - uncommit_free_chunks: 1.
 - use_allocation_guard: 0.
 - handle_deallocations: 1.


Internal statistics:

num_allocs_failed_limit: 3.
num_arena_births: 240.
num_arena_deaths: 2.
num_vsnodes_births: 5.
num_vsnodes_deaths: 0.
num_space_committed: 447.
num_space_uncommitted: 0.
num_chunks_returned_to_freelist: 7.
num_chunks_taken_from_freelist: 903.
num_chunk_merges: 1.
num_chunk_splits: 630.
num_chunks_enlarged: 481.
num_purges: 2.
num_inconsistent_stats: 0.

CodeHeap 'non-profiled nmethods': size=120000Kb used=2655Kb max_used=2655Kb free=117344Kb
 bounds [0x000002b93b1b0000, 0x000002b93b450000, 0x000002b9426e0000]
CodeHeap 'profiled nmethods': size=120000Kb used=10187Kb max_used=10187Kb free=109812Kb
 bounds [0x000002b933c80000, 0x000002b934680000, 0x000002b93b1b0000]
CodeHeap 'non-nmethods': size=5760Kb used=1814Kb max_used=1949Kb free=3945Kb
 bounds [0x000002b9336e0000, 0x000002b933950000, 0x000002b933c80000]
 total_blobs=6177 nmethods=4873 adapters=1216
 compilation: enabled
              stopped_count=0, restarted_count=0
 full_count=0

Compilation events (20 events):
Event: 54.812 Thread 0x000002b95ad199d0 nmethod 4862 0x000002b93b436d10 code [0x000002b93b436f20, 0x000002b93b437660]
Event: 54.812 Thread 0x000002b95ad199d0 4860   !   4       java.lang.reflect.Field::declaredAnnotations (82 bytes)
Event: 54.816 Thread 0x000002b95ad199d0 nmethod 4860 0x000002b93b437c10 code [0x000002b93b437de0, 0x000002b93b438760]
Event: 54.816 Thread 0x000002b95ad199d0 4863       4       java.lang.Class::getFields (26 bytes)
Event: 54.836 Thread 0x000002b95ad199d0 nmethod 4863 0x000002b93b438b10 code [0x000002b93b438d60, 0x000002b93b439980]
Event: 54.840 Thread 0x000002b94ec6a3a0 4865       3       sun.nio.fs.WindowsPath::toRealPath (6 bytes)
Event: 54.841 Thread 0x000002b94ec6a3a0 nmethod 4865 0x000002b93466de10 code [0x000002b93466e020, 0x000002b93466e738]
Event: 54.841 Thread 0x000002b94ec6a3a0 4866       3       sun.nio.fs.WindowsPath::toRealPath (22 bytes)
Event: 54.841 Thread 0x000002b94ec6a3a0 nmethod 4866 0x000002b93466e990 code [0x000002b93466eb80, 0x000002b93466f1b8]
Event: 54.842 Thread 0x000002b94ec6a3a0 4867   !   3       java.security.AccessController::doPrivileged (22 bytes)
Event: 54.842 Thread 0x000002b94ec6a3a0 nmethod 4867 0x000002b93466f390 code [0x000002b93466f580, 0x000002b93466fa28]
Event: 54.874 Thread 0x000002b95ad199d0 4868       4       java.lang.Class::getSimpleName (26 bytes)
Event: 54.877 Thread 0x000002b95ad199d0 nmethod 4868 0x000002b93b43a190 code [0x000002b93b43a320, 0x000002b93b43a618]
Event: 54.912 Thread 0x000002b95ad199d0 4869 %     4       java.util.Arrays::fill @ 10 (28 bytes)
Event: 54.912 Thread 0x000002b94ec6a3a0 4870 %     3       java.util.Arrays::fill @ 10 (28 bytes)
Event: 54.912 Thread 0x000002b94ec6a3a0 nmethod 4870% 0x000002b93466fc90 code [0x000002b93466fe60, 0x000002b934670288]
Event: 54.964 Thread 0x000002b95ad199d0 nmethod 4869% 0x000002b93b43a810 code [0x000002b93b43a9a0, 0x000002b93b43ac18]
Event: 54.971 Thread 0x000002b94ec6a3a0 4871       3       java.io.BufferedWriter::ensureOpen (18 bytes)
Event: 54.971 Thread 0x000002b94ec6a3a0 nmethod 4871 0x000002b934670410 code [0x000002b9346705c0, 0x000002b9346707c8]
Event: 54.975 Thread 0x000002b94ec69210 nmethod 4864 0x000002b93b43ad10 code [0x000002b93b43b260, 0x000002b93b440150]

GC Heap History (20 events):
Event: 53.916 GC heap before
{Heap before GC invocations=17 (full 1):
 garbage-first heap   total 49152K, used 31222K [0x0000000700c00000, 0x0000000800000000)
  region size 2048K, 11 young (22528K), 2 survivors (4096K)
 Metaspace       used 28317K, committed 28672K, reserved 1081344K
  class space    used 2515K, committed 2688K, reserved 1048576K
}
Event: 53.922 GC heap after
{Heap after GC invocations=18 (full 1):
 garbage-first heap   total 49152K, used 14859K [0x0000000700c00000, 0x0000000800000000)
  region size 2048K, 2 young (4096K), 2 survivors (4096K)
 Metaspace       used 28317K, committed 28672K, reserved 1081344K
  class space    used 2515K, committed 2688K, reserved 1048576K
}
Event: 54.791 GC heap before
{Heap before GC invocations=18 (full 1):
 garbage-first heap   total 49152K, used 31243K [0x0000000700c00000, 0x0000000800000000)
  region size 2048K, 10 young (20480K), 2 survivors (4096K)
 Metaspace       used 28407K, committed 28736K, reserved 1081344K
  class space    used 2521K, committed 2688K, reserved 1048576K
}
Event: 54.796 GC heap after
{Heap after GC invocations=19 (full 1):
 garbage-first heap   total 49152K, used 16986K [0x0000000700c00000, 0x0000000800000000)
  region size 2048K, 2 young (4096K), 2 survivors (4096K)
 Metaspace       used 28407K, committed 28736K, reserved 1081344K
  class space    used 2521K, committed 2688K, reserved 1048576K
}
Event: 54.801 GC heap before
{Heap before GC invocations=19 (full 1):
 garbage-first heap   total 49152K, used 29274K [0x0000000700c00000, 0x0000000800000000)
  region size 2048K, 8 young (16384K), 2 survivors (4096K)
 Metaspace       used 28407K, committed 28736K, reserved 1081344K
  class space    used 2521K, committed 2688K, reserved 1048576K
}
Event: 54.803 GC heap after
{Heap after GC invocations=20 (full 1):
 garbage-first heap   total 49152K, used 17291K [0x0000000700c00000, 0x0000000800000000)
  region size 2048K, 1 young (2048K), 1 survivors (2048K)
 Metaspace       used 28407K, committed 28736K, reserved 1081344K
  class space    used 2521K, committed 2688K, reserved 1048576K
}
Event: 54.807 GC heap before
{Heap before GC invocations=20 (full 1):
 garbage-first heap   total 49152K, used 29579K [0x0000000700c00000, 0x0000000800000000)
  region size 2048K, 7 young (14336K), 1 survivors (2048K)
 Metaspace       used 28407K, committed 28736K, reserved 1081344K
  class space    used 2521K, committed 2688K, reserved 1048576K
}
Event: 54.808 GC heap after
{Heap after GC invocations=21 (full 1):
 garbage-first heap   total 49152K, used 17046K [0x0000000700c00000, 0x0000000800000000)
  region size 2048K, 1 young (2048K), 1 survivors (2048K)
 Metaspace       used 28407K, committed 28736K, reserved 1081344K
  class space    used 2521K, committed 2688K, reserved 1048576K
}
Event: 54.822 GC heap before
{Heap before GC invocations=21 (full 1):
 garbage-first heap   total 49152K, used 31382K [0x0000000700c00000, 0x0000000800000000)
  region size 2048K, 8 young (16384K), 1 survivors (2048K)
 Metaspace       used 28407K, committed 28736K, reserved 1081344K
  class space    used 2521K, committed 2688K, reserved 1048576K
}
Event: 54.823 GC heap after
{Heap after GC invocations=22 (full 1):
 garbage-first heap   total 49152K, used 17009K [0x0000000700c00000, 0x0000000800000000)
  region size 2048K, 1 young (2048K), 1 survivors (2048K)
 Metaspace       used 28407K, committed 28736K, reserved 1081344K
  class space    used 2521K, committed 2688K, reserved 1048576K
}
Event: 54.859 GC heap before
{Heap before GC invocations=23 (full 1):
 garbage-first heap   total 49152K, used 31345K [0x0000000700c00000, 0x0000000800000000)
  region size 2048K, 8 young (16384K), 1 survivors (2048K)
 Metaspace       used 28392K, committed 28736K, reserved 1081344K
  class space    used 2516K, committed 2688K, reserved 1048576K
}
Event: 54.859 GC heap after
{Heap after GC invocations=24 (full 1):
 garbage-first heap   total 49152K, used 17003K [0x0000000700c00000, 0x0000000800000000)
  region size 2048K, 1 young (2048K), 1 survivors (2048K)
 Metaspace       used 28392K, committed 28736K, reserved 1081344K
  class space    used 2516K, committed 2688K, reserved 1048576K
}
Event: 54.860 GC heap before
{Heap before GC invocations=24 (full 1):
 garbage-first heap   total 49152K, used 19051K [0x0000000700c00000, 0x0000000800000000)
  region size 2048K, 2 young (4096K), 1 survivors (2048K)
 Metaspace       used 28392K, committed 28736K, reserved 1081344K
  class space    used 2516K, committed 2688K, reserved 1048576K
}
Event: 54.861 GC heap after
{Heap after GC invocations=25 (full 1):
 garbage-first heap   total 49152K, used 13984K [0x0000000700c00000, 0x0000000800000000)
  region size 2048K, 1 young (2048K), 1 survivors (2048K)
 Metaspace       used 28392K, committed 28736K, reserved 1081344K
  class space    used 2516K, committed 2688K, reserved 1048576K
}
Event: 54.862 GC heap before
{Heap before GC invocations=25 (full 1):
 garbage-first heap   total 49152K, used 16032K [0x0000000700c00000, 0x0000000800000000)
  region size 2048K, 2 young (4096K), 1 survivors (2048K)
 Metaspace       used 28392K, committed 28736K, reserved 1081344K
  class space    used 2516K, committed 2688K, reserved 1048576K
}
Event: 54.866 GC heap after
{Heap after GC invocations=26 (full 1):
 garbage-first heap   total 155648K, used 11906K [0x0000000700c00000, 0x0000000800000000)
  region size 2048K, 1 young (2048K), 1 survivors (2048K)
 Metaspace       used 28392K, committed 28736K, reserved 1081344K
  class space    used 2516K, committed 2688K, reserved 1048576K
}
Event: 54.913 GC heap before
{Heap before GC invocations=26 (full 1):
 garbage-first heap   total 155648K, used 61058K [0x0000000700c00000, 0x0000000800000000)
  region size 2048K, 26 young (53248K), 1 survivors (2048K)
 Metaspace       used 28392K, committed 28736K, reserved 1081344K
  class space    used 2516K, committed 2688K, reserved 1048576K
}
Event: 54.932 GC heap after
{Heap after GC invocations=27 (full 2):
 garbage-first heap   total 34816K, used 7980K [0x0000000700c00000, 0x0000000800000000)
  region size 2048K, 0 young (0K), 0 survivors (0K)
 Metaspace       used 28392K, committed 28736K, reserved 1081344K
  class space    used 2516K, committed 2688K, reserved 1048576K
}
Event: 54.934 GC heap before
{Heap before GC invocations=27 (full 2):
 garbage-first heap   total 34816K, used 7980K [0x0000000700c00000, 0x0000000800000000)
  region size 2048K, 1 young (2048K), 0 survivors (0K)
 Metaspace       used 28392K, committed 28736K, reserved 1081344K
  class space    used 2516K, committed 2688K, reserved 1048576K
}
Event: 54.963 GC heap after
{Heap after GC invocations=28 (full 3):
 garbage-first heap   total 28672K, used 7980K [0x0000000700c00000, 0x0000000800000000)
  region size 2048K, 0 young (0K), 0 survivors (0K)
 Metaspace       used 28392K, committed 28736K, reserved 1081344K
  class space    used 2516K, committed 2688K, reserved 1048576K
}

Deoptimization events (20 events):
Event: 54.786 Thread 0x000002b94ede3510 Uncommon trap: trap_request=0xffffff45 fr.pc=0x000002b93b2fa368 relative=0x0000000000004b28
Event: 54.787 Thread 0x000002b94ede3510 Uncommon trap: reason=unstable_if action=reinterpret pc=0x000002b93b2fa368 method=java.lang.Class.privateGetPublicFields()[Ljava/lang/reflect/Field; @ 15 c2
Event: 54.787 Thread 0x000002b94ede3510 DEOPT PACKING pc=0x000002b93b2fa368 sp=0x000000db86bff130
Event: 54.787 Thread 0x000002b94ede3510 DEOPT UNPACKING pc=0x000002b9337323a3 sp=0x000000db86bff040 mode 2
Event: 54.787 Thread 0x000002b94ede3510 Uncommon trap: trap_request=0xffffff45 fr.pc=0x000002b93b2f1834 relative=0x0000000000000594
Event: 54.787 Thread 0x000002b94ede3510 Uncommon trap: reason=unstable_if action=reinterpret pc=0x000002b93b2f1834 method=java.lang.reflect.Field.declaredAnnotations()Ljava/util/Map; @ 28 c2
Event: 54.787 Thread 0x000002b94ede3510 DEOPT PACKING pc=0x000002b93b2f1834 sp=0x000000db86bff050
Event: 54.787 Thread 0x000002b94ede3510 DEOPT UNPACKING pc=0x000002b9337323a3 sp=0x000000db86bfef78 mode 2
Event: 54.787 Thread 0x000002b94ede3510 Uncommon trap: trap_request=0xffffff45 fr.pc=0x000002b93b2f3180 relative=0x00000000000006c0
Event: 54.787 Thread 0x000002b94ede3510 Uncommon trap: reason=unstable_if action=reinterpret pc=0x000002b93b2f3180 method=java.lang.Class.privateGetPublicFields()[Ljava/lang/reflect/Field; @ 15 c2
Event: 54.787 Thread 0x000002b94ede3510 DEOPT PACKING pc=0x000002b93b2f3180 sp=0x000000db86bff0e0
Event: 54.787 Thread 0x000002b94ede3510 DEOPT UNPACKING pc=0x000002b9337323a3 sp=0x000000db86bff040 mode 2
Event: 54.787 Thread 0x000002b94ede3510 Uncommon trap: trap_request=0xffffff45 fr.pc=0x000002b93b2f0e6c relative=0x000000000000014c
Event: 54.787 Thread 0x000002b94ede3510 Uncommon trap: reason=unstable_if action=reinterpret pc=0x000002b93b2f0e6c method=java.lang.Class.privateGetPublicFields()[Ljava/lang/reflect/Field; @ 15 c2
Event: 54.787 Thread 0x000002b94ede3510 DEOPT PACKING pc=0x000002b93b2f0e6c sp=0x000000db86bff090
Event: 54.787 Thread 0x000002b94ede3510 DEOPT UNPACKING pc=0x000002b9337323a3 sp=0x000000db86bff038 mode 2
Event: 54.912 Thread 0x000002b94ede3510 Uncommon trap: trap_request=0xffffff76 fr.pc=0x000002b93b37e2fc relative=0x00000000000001dc
Event: 54.912 Thread 0x000002b94ede3510 Uncommon trap: reason=predicate action=maybe_recompile pc=0x000002b93b37e2fc method=java.util.Arrays.fill([Ljava/lang/Object;IILjava/lang/Object;)V @ 13 c2
Event: 54.912 Thread 0x000002b94ede3510 DEOPT PACKING pc=0x000002b93b37e2fc sp=0x000000db86bff060
Event: 54.912 Thread 0x000002b94ede3510 DEOPT UNPACKING pc=0x000002b9337323a3 sp=0x000000db86bff020 mode 2

Classes unloaded (7 events):
Event: 54.827 Thread 0x000002b94e367330 Unloading class 0x0000000800283788 'BiomeGenerator'
Event: 54.827 Thread 0x000002b94e367330 Unloading class 0x00000008002834d0 'Player'
Event: 54.827 Thread 0x000002b94e367330 Unloading class 0x00000008002832b8 'Terrain'
Event: 54.827 Thread 0x000002b94e367330 Unloading class 0x0000000800282d70 'World$1'
Event: 54.827 Thread 0x000002b94e367330 Unloading class 0x0000000800283000 'World'
Event: 54.827 Thread 0x000002b94e367330 Unloading class 0x0000000800282ab8 'Ore'
Event: 54.827 Thread 0x000002b94e367330 Unloading class 0x0000000800282800 'PlayerMovement'

Classes redefined (0 events):
No events

Internal exceptions (20 events):
Event: 53.451 Thread 0x000002b94ede3510 Exception <a 'sun/nio/fs/WindowsException'{0x0000000702bfa7a0}> (0x0000000702bfa7a0) 
thrown [s\src\hotspot\share\prims\jni.cpp, line 516]
Event: 53.451 Thread 0x000002b94ede3510 Exception <a 'sun/nio/fs/WindowsException'{0x0000000702bfaaa0}> (0x0000000702bfaaa0) 
thrown [s\src\hotspot\share\prims\jni.cpp, line 516]
Event: 53.456 Thread 0x000002b94ede3510 Exception <a 'sun/nio/fs/WindowsException'{0x000000070285e258}> (0x000000070285e258) 
thrown [s\src\hotspot\share\prims\jni.cpp, line 516]
Event: 53.456 Thread 0x000002b94ede3510 Exception <a 'sun/nio/fs/WindowsException'{0x000000070285e688}> (0x000000070285e688) 
thrown [s\src\hotspot\share\prims\jni.cpp, line 516]
Event: 53.536 Thread 0x000002b94ede3510 Exception <a 'sun/nio/fs/WindowsException'{0x0000000703af3d60}> (0x0000000703af3d60) 
thrown [s\src\hotspot\share\prims\jni.cpp, line 516]
Event: 53.536 Thread 0x000002b94ede3510 Exception <a 'sun/nio/fs/WindowsException'{0x0000000703af4080}> (0x0000000703af4080) 
thrown [s\src\hotspot\share\prims\jni.cpp, line 516]
Event: 53.723 Thread 0x000002b94ede3510 Exception <a 'sun/nio/fs/WindowsException'{0x0000000703235bd8}> (0x0000000703235bd8) 
thrown [s\src\hotspot\share\prims\jni.cpp, line 516]
Event: 53.737 Thread 0x000002b94ede3510 Exception <a 'sun/nio/fs/WindowsException'{0x0000000703374bc0}> (0x0000000703374bc0) 
thrown [s\src\hotspot\share\prims\jni.cpp, line 516]
Event: 53.738 Thread 0x000002b94ede3510 Exception <a 'sun/nio/fs/WindowsException'{0x0000000703377308}> (0x0000000703377308) 
thrown [s\src\hotspot\share\prims\jni.cpp, line 516]
Event: 53.739 Thread 0x000002b94ede3510 Exception <a 'sun/nio/fs/WindowsException'{0x000000070337c2f0}> (0x000000070337c2f0) 
thrown [s\src\hotspot\share\prims\jni.cpp, line 516]
Event: 53.745 Thread 0x000002b94ede3510 Exception <a 'sun/nio/fs/WindowsException'{0x00000007030519f0}> (0x00000007030519f0) 
thrown [s\src\hotspot\share\prims\jni.cpp, line 516]
Event: 53.753 Thread 0x000002b94ede3510 Exception <a 'sun/nio/fs/WindowsException'{0x0000000703081958}> (0x0000000703081958) 
thrown [s\src\hotspot\share\prims\jni.cpp, line 516]
Event: 53.753 Thread 0x000002b94ede3510 Exception <a 'sun/nio/fs/WindowsException'{0x0000000703081b88}> (0x0000000703081b88) 
thrown [s\src\hotspot\share\prims\jni.cpp, line 516]
Event: 53.772 Thread 0x000002b94ede3510 Exception <a 'sun/nio/fs/WindowsException'{0x0000000702c6b820}> (0x0000000702c6b820) 
thrown [s\src\hotspot\share\prims\jni.cpp, line 516]
Event: 53.796 Thread 0x000002b94ede3510 Exception <a 'sun/nio/fs/WindowsException'{0x0000000702c893f8}> (0x0000000702c893f8) 
thrown [s\src\hotspot\share\prims\jni.cpp, line 516]
Event: 53.798 Thread 0x000002b94ede3510 Exception <a 'sun/nio/fs/WindowsException'{0x0000000702ca65d0}> (0x0000000702ca65d0) 
thrown [s\src\hotspot\share\prims\jni.cpp, line 516]
Event: 53.806 Thread 0x000002b94ede3510 Exception <a 'sun/nio/fs/WindowsException'{0x0000000702d18820}> (0x0000000702d18820) 
thrown [s\src\hotspot\share\prims\jni.cpp, line 516]
Event: 54.028 Thread 0x000002b94ede3510 Implicit null exception at 0x000002b93b3752af to 0x000002b93b37596c
Event: 54.786 Thread 0x000002b94ede3510 Implicit null exception at 0x000002b93b2f6201 to 0x000002b93b2fa338
Event: 54.787 Thread 0x000002b94ede3510 Implicit null exception at 0x000002b93b2f2b6d to 0x000002b93b2f3164

VM Operations (20 events):
Event: 54.801 Executing VM operation: G1CollectForAllocation
Event: 54.803 Executing VM operation: G1CollectForAllocation done
Event: 54.807 Executing VM operation: G1CollectForAllocation
Event: 54.808 Executing VM operation: G1CollectForAllocation done
Event: 54.822 Executing VM operation: G1CollectForAllocation
Event: 54.826 Executing VM operation: G1CollectForAllocation done
Event: 54.826 Executing VM operation: G1Concurrent
Event: 54.831 Executing VM operation: G1Concurrent done
Event: 54.838 Executing VM operation: G1Concurrent
Event: 54.838 Executing VM operation: G1Concurrent done
Event: 54.859 Executing VM operation: G1CollectForAllocation
Event: 54.859 Executing VM operation: G1CollectForAllocation done
Event: 54.860 Executing VM operation: G1CollectForAllocation
Event: 54.861 Executing VM operation: G1CollectForAllocation done
Event: 54.862 Executing VM operation: G1CollectForAllocation
Event: 54.866 Executing VM operation: G1CollectForAllocation done
Event: 54.912 Executing VM operation: G1CollectFull
Event: 54.934 Executing VM operation: G1CollectFull done
Event: 54.934 Executing VM operation: G1CollectFull
Event: 54.964 Executing VM operation: G1CollectFull done

Events (20 events):
Event: 25.136 Thread 0x000002b95ad1bd40 Thread added: 0x000002b95ad1bd40
Event: 25.531 Thread 0x000002b95ad1bd40 Thread exited: 0x000002b95ad1bd40
Event: 50.900 loading class java/io/ObjectOutputStream$BlockDataOutputStream
Event: 50.900 loading class java/io/ObjectOutputStream$BlockDataOutputStream done
Event: 50.900 loading class java/io/ObjectOutputStream$HandleTable
Event: 50.900 loading class java/io/ObjectOutputStream$HandleTable done
Event: 50.900 loading class java/io/ObjectOutputStream$ReplaceTable
Event: 50.900 loading class java/io/ObjectOutputStream$ReplaceTable done
Event: 50.902 loading class java/nio/charset/CharacterCodingException
Event: 50.902 loading class java/nio/charset/CharacterCodingException done
Event: 51.085 Thread 0x000002b95ad1bd40 Thread added: 0x000002b95ad1bd40
Event: 51.326 Thread 0x000002b94ede51f0 Thread added: 0x000002b94ede51f0
Event: 51.326 Thread 0x000002b94ede51f0 Thread exited: 0x000002b94ede51f0
Event: 52.431 Thread 0x000002b95ad1bd40 Thread exited: 0x000002b95ad1bd40
Event: 52.537 Thread 0x000002b95ad1ae10 Thread added: 0x000002b95ad1ae10
Event: 53.271 Thread 0x000002b95ad1ae10 Thread exited: 0x000002b95ad1ae10
Event: 53.530 Thread 0x000002b95ad199d0 Thread added: 0x000002b95ad199d0
Event: 54.399 Thread 0x000002b95ad199d0 Thread exited: 0x000002b95ad199d0
Event: 54.803 Thread 0x000002b95ad199d0 Thread added: 0x000002b95ad199d0
Event: 54.971 Thread 0x000002b94ede51f0 Thread added: 0x000002b94ede51f0


Dynamic libraries:
0x00007ff6da560000 - 0x00007ff6da56e000 	C:\Users\smsmk\.p2\pool\plugins\org.eclipse.justj.openjdk.hotspot.jre.full.win32.x86_64_17.0.4.v20221004-1257\jre\bin\javaw.exe
0x00007ffe44310000 - 0x00007ffe44508000 	C:\Windows\SYSTEM32\ntdll.dll
0x00007ffe43900000 - 0x00007ffe439bf000 	C:\Windows\System32\KERNEL32.DLL
0x00007ffe41c10000 - 0x00007ffe41ee2000 	C:\Windows\System32\KERNELBASE.dll
0x00007ffe42170000 - 0x00007ffe42270000 	C:\Windows\System32\ucrtbase.dll
0x00007ffe35d00000 - 0x00007ffe35d18000 	C:\Users\smsmk\.p2\pool\plugins\org.eclipse.justj.openjdk.hotspot.jre.full.win32.x86_64_17.0.4.v20221004-1257\jre\bin\jli.dll
0x00007ffe42510000 - 0x00007ffe426b1000 	C:\Windows\System32\USER32.dll
0x00007ffe42320000 - 0x00007ffe42342000 	C:\Windows\System32\win32u.dll
0x00007ffe42720000 - 0x00007ffe4274b000 	C:\Windows\System32\GDI32.dll
0x00007ffe41a70000 - 0x00007ffe41b7f000 	C:\Windows\System32\gdi32full.dll
0x00007ffe41ef0000 - 0x00007ffe41f8d000 	C:\Windows\System32\msvcp_win.dll
0x00007ffe35340000 - 0x00007ffe35359000 	C:\Users\smsmk\.p2\pool\plugins\org.eclipse.justj.openjdk.hotspot.jre.full.win32.x86_64_17.0.4.v20221004-1257\jre\bin\VCRUNTIME140.dll
0x00007ffe34b80000 - 0x00007ffe34e1a000 	C:\Windows\WinSxS\amd64_microsoft.windows.common-controls_6595b64144ccf1df_6.0.19041.1110_none_60b5254171f9507e\COMCTL32.dll
0x00007ffe441f0000 - 0x00007ffe4428e000 	C:\Windows\System32\msvcrt.dll
0x00007ffe44290000 - 0x00007ffe442c2000 	C:\Windows\System32\IMM32.DLL
0x00007ffe3cf40000 - 0x00007ffe3cf4c000 	C:\Users\smsmk\.p2\pool\plugins\org.eclipse.justj.openjdk.hotspot.jre.full.win32.x86_64_17.0.4.v20221004-1257\jre\bin\vcruntime140_1.dll
0x00007ffe1a8e0000 - 0x00007ffe1a971000 	C:\Users\smsmk\.p2\pool\plugins\org.eclipse.justj.openjdk.hotspot.jre.full.win32.x86_64_17.0.4.v20221004-1257\jre\bin\msvcp140.dll
0x00007ffded290000 - 0x00007ffdeded6000 	C:\Users\smsmk\.p2\pool\plugins\org.eclipse.justj.openjdk.hotspot.jre.full.win32.x86_64_17.0.4.v20221004-1257\jre\bin\server\jvm.dll
0x00007ffe439c0000 - 0x00007ffe43a6e000 	C:\Windows\System32\ADVAPI32.dll
0x00007ffe42470000 - 0x00007ffe4250c000 	C:\Windows\System32\sechost.dll
0x00007ffe429b0000 - 0x00007ffe42ad5000 	C:\Windows\System32\RPCRT4.dll
0x00007ffe43a70000 - 0x00007ffe43a78000 	C:\Windows\System32\PSAPI.DLL
0x00007ffe37b00000 - 0x00007ffe37b27000 	C:\Windows\SYSTEM32\WINMM.dll
0x00007ffe3d450000 - 0x00007ffe3d459000 	C:\Windows\SYSTEM32\WSOCK32.dll
0x00007ffe42c20000 - 0x00007ffe42c8b000 	C:\Windows\System32\WS2_32.dll
0x00007ffe39f30000 - 0x00007ffe39f3a000 	C:\Windows\SYSTEM32\VERSION.dll
0x00007ffe3f8e0000 - 0x00007ffe3f8f2000 	C:\Windows\SYSTEM32\kernel.appcore.dll
0x00007ffe3f1c0000 - 0x00007ffe3f1ca000 	C:\Users\smsmk\.p2\pool\plugins\org.eclipse.justj.openjdk.hotspot.jre.full.win32.x86_64_17.0.4.v20221004-1257\jre\bin\jimage.dll
0x00007ffe35b00000 - 0x00007ffe35ce4000 	C:\Windows\SYSTEM32\DBGHELP.DLL
0x00007ffe2a200000 - 0x00007ffe2a235000 	C:\Windows\SYSTEM32\dbgcore.DLL
0x00007ffe41b80000 - 0x00007ffe41c02000 	C:\Windows\System32\bcryptPrimitives.dll
0x00007ffe3ca90000 - 0x00007ffe3cab5000 	C:\Users\smsmk\.p2\pool\plugins\org.eclipse.justj.openjdk.hotspot.jre.full.win32.x86_64_17.0.4.v20221004-1257\jre\bin\java.dll
0x00007ffe3ca40000 - 0x00007ffe3ca58000 	C:\Users\smsmk\.p2\pool\plugins\org.eclipse.justj.openjdk.hotspot.jre.full.win32.x86_64_17.0.4.v20221004-1257\jre\bin\zip.dll
0x00007ffe43a80000 - 0x00007ffe441c4000 	C:\Windows\System32\SHELL32.dll
0x00007ffe3fae0000 - 0x00007ffe40272000 	C:\Windows\SYSTEM32\windows.storage.dll
0x00007ffe433f0000 - 0x00007ffe43745000 	C:\Windows\System32\combase.dll
0x00007ffe41460000 - 0x00007ffe41490000 	C:\Windows\SYSTEM32\Wldp.dll
0x00007ffe42750000 - 0x00007ffe427fd000 	C:\Windows\System32\SHCORE.dll
0x00007ffe42350000 - 0x00007ffe423a5000 	C:\Windows\System32\shlwapi.dll
0x00007ffe41940000 - 0x00007ffe4195f000 	C:\Windows\SYSTEM32\profapi.dll
0x00007ffe3b750000 - 0x00007ffe3b769000 	C:\Users\smsmk\.p2\pool\plugins\org.eclipse.justj.openjdk.hotspot.jre.full.win32.x86_64_17.0.4.v20221004-1257\jre\bin\net.dll
0x00007ffe39f40000 - 0x00007ffe3a04c000 	C:\Windows\SYSTEM32\WINHTTP.dll
0x00007ffe41150000 - 0x00007ffe411ba000 	C:\Windows\system32\mswsock.dll
0x00007ffe37570000 - 0x00007ffe37585000 	C:\Users\smsmk\.p2\pool\plugins\org.eclipse.justj.openjdk.hotspot.jre.full.win32.x86_64_17.0.4.v20221004-1257\jre\bin\nio.dll
0x00007ffe19980000 - 0x00007ffe199e4000 	C:\Users\smsmk\AppData\Local\Temp\lwjglsmsmk\3.2.3-build-13\lwjgl.dll
0x00007ffe19500000 - 0x00007ffe19562000 	C:\Users\smsmk\AppData\Local\Temp\lwjglsmsmk\3.2.3-build-13\glfw.dll
0x00007ffe3f410000 - 0x00007ffe3f4ae000 	C:\Windows\system32\uxtheme.dll
0x00007ffe1ea20000 - 0x00007ffe1ea65000 	C:\Windows\SYSTEM32\dinput8.dll
0x00007ffe0ccb0000 - 0x00007ffe0ccc1000 	C:\Windows\SYSTEM32\xinput1_4.dll
0x00007ffe42120000 - 0x00007ffe4216e000 	C:\Windows\System32\cfgmgr32.dll
0x00007ffe417b0000 - 0x00007ffe417dc000 	C:\Windows\SYSTEM32\DEVOBJ.dll
0x00007ffe3f700000 - 0x00007ffe3f72f000 	C:\Windows\SYSTEM32\dwmapi.dll
0x00007ffe2cb30000 - 0x00007ffe2cc82000 	C:\Windows\SYSTEM32\inputhost.dll
0x00007ffe428e0000 - 0x00007ffe429ad000 	C:\Windows\System32\OLEAUT32.dll
0x00007ffe3ef10000 - 0x00007ffe3f002000 	C:\Windows\SYSTEM32\CoreMessaging.dll
0x00007ffe3d580000 - 0x00007ffe3d676000 	C:\Windows\SYSTEM32\PROPSYS.dll
0x00007ffe3e4e0000 - 0x00007ffe3e634000 	C:\Windows\SYSTEM32\wintypes.dll
0x00007ffe3ebb0000 - 0x00007ffe3ef0e000 	C:\Windows\SYSTEM32\CoreUIComponents.dll
0x00007ffe40b20000 - 0x00007ffe40b53000 	C:\Windows\SYSTEM32\ntmarta.dll
0x00007ffe42db0000 - 0x00007ffe42ec5000 	C:\Windows\System32\MSCTF.dll
0x00007ffe40280000 - 0x00007ffe4028d000 	C:\Windows\SYSTEM32\HID.DLL
0x00007ffe42f80000 - 0x00007ffe433e8000 	C:\Windows\System32\SETUPAPI.DLL
0x00007ffe41f90000 - 0x00007ffe41fb7000 	C:\Windows\System32\bcrypt.dll
0x00007ffe41a00000 - 0x00007ffe41a69000 	C:\Windows\System32\WINTRUST.dll
0x00007ffe41fc0000 - 0x00007ffe42116000 	C:\Windows\System32\CRYPT32.dll
0x00007ffe415f0000 - 0x00007ffe41602000 	C:\Windows\SYSTEM32\MSASN1.dll
0x00007ffe0ed50000 - 0x00007ffe0ee75000 	C:\Windows\SYSTEM32\opengl32.dll
0x00007ffe2eaa0000 - 0x00007ffe2eacc000 	C:\Windows\SYSTEM32\GLU32.dll
0x00007ffe42ed0000 - 0x00007ffe42f7f000 	C:\Windows\System32\clbcatq.dll
0x00007ffdd7a40000 - 0x00007ffddb374000 	C:\Windows\System32\DriverStore\FileRepository\nvmdi.inf_amd64_20573575ac789ce1\nvoglv64.dll
0x00007ffe42af0000 - 0x00007ffe42c1a000 	C:\Windows\System32\ole32.dll
0x00007ffe3d6e0000 - 0x00007ffe3d6f4000 	C:\Windows\SYSTEM32\WTSAPI32.dll
0x00007ffe39df0000 - 0x00007ffe39e21000 	C:\Windows\SYSTEM32\cryptnet.dll
0x00007ffe39c40000 - 0x00007ffe39d88000 	C:\Windows\SYSTEM32\drvstore.dll
0x00007ffe41360000 - 0x00007ffe4136c000 	C:\Windows\SYSTEM32\cryptbase.dll
0x00007ffe38df0000 - 0x00007ffe38e2b000 	C:\Windows\SYSTEM32\dxcore.dll
0x00007ffdefb80000 - 0x00007ffdefe4f000 	C:\Windows\system32\nvspcap64.dll
0x00007ffe413c0000 - 0x00007ffe4140b000 	C:\Windows\SYSTEM32\powrprof.dll
0x00007ffe41340000 - 0x00007ffe41352000 	C:\Windows\SYSTEM32\UMPDC.dll
0x00007ffe40e10000 - 0x00007ffe40e74000 	C:\Windows\SYSTEM32\WINSTA.dll
0x00007ffe2a7d0000 - 0x00007ffe2a8c9000 	C:\Windows\SYSTEM32\textinputframework.dll
0x00007ffe19a40000 - 0x00007ffe19a99000 	C:\Users\smsmk\AppData\Local\Temp\lwjglsmsmk\3.2.3-build-13\lwjgl_opengl.dll
0x0000000064a00000 - 0x000000006580f000 	C:\Users\smsmk\AppData\Local\Temp\imgui-java-natives_1674858330884\imgui-java64.dll
0x00007ffe18570000 - 0x00007ffe185e7000 	C:\Users\smsmk\AppData\Local\Temp\lwjglsmsmk\3.2.3-build-13\lwjgl_stb.dll
0x00007ffe41370000 - 0x00007ffe41388000 	C:\Windows\SYSTEM32\CRYPTSP.dll
0x00007ffe40a00000 - 0x00007ffe40a34000 	C:\Windows\system32\rsaenh.dll
0x00007ffe418c0000 - 0x00007ffe418ee000 	C:\Windows\SYSTEM32\USERENV.dll
0x00007ffe40dd0000 - 0x00007ffe40e0b000 	C:\Windows\SYSTEM32\IPHLPAPI.DLL
0x00007ffe42d20000 - 0x00007ffe42d28000 	C:\Windows\System32\NSI.dll
0x00007ffe3ab10000 - 0x00007ffe3ab27000 	C:\Windows\SYSTEM32\dhcpcsvc6.DLL
0x00007ffe3aaf0000 - 0x00007ffe3ab0d000 	C:\Windows\SYSTEM32\dhcpcsvc.DLL
0x00007ffe40e80000 - 0x00007ffe40f4a000 	C:\Windows\SYSTEM32\DNSAPI.dll
0x00007ffe03b20000 - 0x00007ffe03cae000 	C:\Users\smsmk\.p2\pool\plugins\org.eclipse.justj.openjdk.hotspot.jre.full.win32.x86_64_17.0.4.v20221004-1257\jre\bin\awt.dll
0x00007ffe3f230000 - 0x00007ffe3f2c1000 	C:\Windows\SYSTEM32\apphelp.dll

dbghelp: loaded successfully - version: 4.0.5 - missing functions: none
symbol engine: initialized successfully - sym options: 0x614 - pdb path: .;C:\Users\smsmk\.p2\pool\plugins\org.eclipse.justj.openjdk.hotspot.jre.full.win32.x86_64_17.0.4.v20221004-1257\jre\bin;C:\Windows\SYSTEM32;C:\Windows\WinSxS\amd64_microsoft.windows.common-controls_6595b64144ccf1df_6.0.19041.1110_none_60b5254171f9507e;C:\Users\smsmk\.p2\pool\plugins\org.eclipse.justj.openjdk.hotspot.jre.full.win32.x86_64_17.0.4.v20221004-1257\jre\bin\server;C:\Users\smsmk\AppData\Local\Temp\lwjglsmsmk\3.2.3-build-13;C:\Windows\System32\DriverStore\FileRepository\nvmdi.inf_amd64_20573575ac789ce1;C:\Users\smsmk\AppData\Local\Temp\imgui-java-natives_1674858330884

VM Arguments:
jvm_args: -Dfile.encoding=UTF-8 -XX:+ShowCodeDetailsInExceptionMessages 
java_command: com.Anix.Main.Core
java_class_path (initial): C:\Users\smsmk\git\Anix-Java\Anix\bin;C:\Users\smsmk\git\Anix-Java\Anix\includes\lwjgl.jar;C:\Users\smsmk\git\Anix-Java\Anix\includes\lwjgl-assimp.jar;C:\Users\smsmk\git\Anix-Java\Anix\includes\lwjgl-assimp-natives-windows.jar;C:\Users\smsmk\git\Anix-Java\Anix\includes\lwjgl-bgfx.jar;C:\Users\smsmk\git\Anix-Java\Anix\includes\lwjgl-bgfx-natives-windows.jar;C:\Users\smsmk\git\Anix-Java\Anix\includes\lwjgl-glfw.jar;C:\Users\smsmk\git\Anix-Java\Anix\includes\lwjgl-glfw-natives-windows.jar;C:\Users\smsmk\git\Anix-Java\Anix\includes\lwjgl-nanovg.jar;C:\Users\smsmk\git\Anix-Java\Anix\includes\lwjgl-nanovg-natives-windows.jar;C:\Users\smsmk\git\Anix-Java\Anix\includes\lwjgl-natives-windows.jar;C:\Users\smsmk\git\Anix-Java\Anix\includes\lwjgl-nuklear.jar;C:\Users\smsmk\git\Anix-Java\Anix\includes\lwjgl-nuklear-natives-windows.jar;C:\Users\smsmk\git\Anix-Java\Anix\includes\lwjgl-openal.jar;C:\Users\smsmk\git\Anix-Java\Anix\includes\lwjgl-openal-natives-windows.jar;C:\Users\smsmk\git\Anix-Java\Anix\includes\lwjgl-opengl.jar;C:\Users\smsmk\git\Anix-Java\Anix\includes\lwjgl-opengl-natives-windows.jar;C:\Users\smsmk\git\Anix-Java\Anix\includes\lwjgl-par.jar;C:\Users\smsmk\git\Anix-Java\Anix\includes\lwjgl-par-natives-windows.jar;C:\Users\smsmk\git\Anix-Java\Anix\includes\lwjgl-stb.jar;C:\Users\smsmk\git\Anix-Java\Anix\includes\lwjgl-stb-natives-windows.jar;C:\Users\smsmk\git\Anix-Java\Anix\includes\lwjgl-vulkan.jar;C:\Users\smsmk\git\Anix-Java\Anix\includes\slick-util3.jar;C:\Users\smsmk\git\Anix-Java\Anix\includes\TWL.jar;C:\Users\smsmk\git\Anix-Java\Anix\includes\tiny\lwjgl-tinyfd.jar;C:\Users\smsmk\git\Anix-Java\Anix\includes\tiny\lwjgl-tinyfd-javadoc.jar;C:\Users\smsmk\git\Anix-Java\Anix\includes\tiny\lwjgl-tinyfd-natives-windows.jar;C:\Users\smsmk\git\Anix-Java\Anix\includes\tiny\lwjgl-tinyfd-sources.jar;C:\Users\smsmk\git\Anix-Java\Anix\includes\imgui\imgui-app-1.86.4.jar;C:\Users\smsmk\git\Anix-Java\Anix\includes\imgui\imgui-app-1.86.4-javadoc
Launcher Type: SUN_STANDARD

[Global flags]
     intx CICompilerCount                          = 3                                         {product} {ergonomic}
     uint ConcGCThreads                            = 1                                         {product} {ergonomic}
     uint G1ConcRefinementThreads                  = 4                                         {product} {ergonomic}
   size_t G1HeapRegionSize                         = 2097152                                   {product} {ergonomic}
    uintx GCDrainStackTargetSize                   = 64                                        {product} {ergonomic}
   size_t InitialHeapSize                          = 268435456                                 {product} {ergonomic}
   size_t MarkStackSize                            = 4194304                                   {product} {ergonomic}
   size_t MaxHeapSize                              = 4282384384                                {product} {ergonomic}
   size_t MaxNewSize                               = 2569011200                                {product} {ergonomic}
   size_t MinHeapDeltaBytes                        = 2097152                                   {product} {ergonomic}
   size_t MinHeapSize                              = 8388608                                   {product} {ergonomic}
    uintx NonNMethodCodeHeapSize                   = 5832780                                {pd product} {ergonomic}
    uintx NonProfiledCodeHeapSize                  = 122912730                              {pd product} {ergonomic}
    uintx ProfiledCodeHeapSize                     = 122912730                              {pd product} {ergonomic}
    uintx ReservedCodeCacheSize                    = 251658240                              {pd product} {ergonomic}
     bool SegmentedCodeCache                       = true                                      {product} {ergonomic}
     bool ShowCodeDetailsInExceptionMessages       = true                                   {manageable} {command line}
   size_t SoftMaxHeapSize                          = 4282384384                             {manageable} {ergonomic}
     bool UseCompressedClassPointers               = true                           {product lp64_product} {ergonomic}
     bool UseCompressedOops                        = true                           {product lp64_product} {ergonomic}
     bool UseG1GC                                  = true                                      {product} {ergonomic}
     bool UseLargePagesIndividualAllocation        = false                                  {pd product} {ergonomic}

Logging:
Log output configuration:
 #0: stdout all=warning uptime,level,tags
 #1: stderr all=off uptime,level,tags

Environment Variables:
PATH=C:/Users/smsmk/.p2/pool/plugins/org.eclipse.justj.openjdk.hotspot.jre.full.win32.x86_64_17.0.4.v20221004-1257/jre/bin/server;C:/Users/smsmk/.p2/pool/plugins/org.eclipse.justj.openjdk.hotspot.jre.full.win32.x86_64_17.0.4.v20221004-1257/jre/bin;C:\Program Files (x86)\Common Files\Oracle\Java\javapath;C:\Windows\system32;C:\Windows;C:\Windows\System32\Wbem;C:\Windows\System32\WindowsPowerShell\v1.0\;C:\Windows\System32\OpenSSH\;C:\Program Files (x86)\NVIDIA Corporation\PhysX\Common;C:\Program Files\NVIDIA Corporation\NVIDIA NvDLISR;C:\Program Files\dotnet\;C:\Program Files\Git\cmd;C:\Program Files (x86)\Windows Kits\10\Windows Performance Toolkit\;C:\Program Files\nodejs\;C:\Users\smsmk\AppData\Local\Microsoft\WindowsApps;C:\Users\smsmk\AppData\Local\GitHubDesktop\bin;C:\Users\smsmk\.dotnet\tools;C:\Users\smsmk\AppData\Local\Programs\Microsoft VS Code\bin;C:\Users\smsmk\AppData\Roaming\npm;C:\Windows\System32;
USERNAME=smsmk
OS=Windows_NT
PROCESSOR_IDENTIFIER=Intel64 Family 6 Model 158 Stepping 9, GenuineIntel
TMP=C:\Users\smsmk\AppData\Local\Temp
TEMP=C:\Users\smsmk\AppData\Local\Temp



---------------  S Y S T E M  ---------------

OS:
 Windows 10 , 64 bit Build 19041 (10.0.19041.2364)
OS uptime: 1 days 8:11 hours

CPU: total 4 (initial active 4) (4 cores per cpu, 1 threads per core) family 6 model 158 stepping 9 microcode 0xb4, cx8, cmov, fxsr, mmx, 3dnowpref, sse, sse2, sse3, ssse3, sse4.1, sse4.2, popcnt, lzcnt, tsc, tscinvbit, avx, avx2, aes, erms, clmul, bmi1, bmi2, adx, fma, vzeroupper, clflush, clflushopt

Memory: 4k page, system-wide physical 16328M (8849M free)
TotalPageFile size 19272M (AvailPageFile size 7523M)
current process WorkingSet (physical memory assigned to process): 225M, peak: 300M
current process commit charge ("private bytes"): 349M, peak: 488M

vm_info: OpenJDK 64-Bit Server VM (17.0.4.1+1) for windows-amd64 JRE (17.0.4.1+1), built on Aug 17 2022 07:42:43 by "temurin" with MS VC++ 16.7 (VS2019)

END.
