#
# A fatal error has been detected by the Java Runtime Environment:
#
#  EXCEPTION_ACCESS_VIOLATION (0xc0000005) at pc=0x00007ff8d8caeef3, pid=12196, tid=10956
#
# JRE version: OpenJDK Runtime Environment Temurin-17.0.4.1+1 (17.0.4.1+1) (build 17.0.4.1+1)
# Java VM: OpenJDK 64-Bit Server VM Temurin-17.0.4.1+1 (17.0.4.1+1, mixed mode, tiered, compressed oops, compressed class ptrs, g1 gc, windows-amd64)
# Problematic frame:
# C  [nvoglv64.dll+0x11eeef3]
#
# No core dump will be written. Minidumps are not enabled by default on client versions of Windows
#
# If you would like to submit a bug report, please visit:
#   https://github.com/adoptium/adoptium-support/issues
# The crash happened outside the Java Virtual Machine in native code.
# See problematic frame for where to report the bug.
#

---------------  S U M M A R Y ------------

Command Line: -Dfile.encoding=UTF-8 -XX:+ShowCodeDetailsInExceptionMessages com.Anix.Main.Core

Host: Intel(R) Core(TM) i5-7400 CPU @ 3.00GHz, 4 cores, 15G,  Windows 10 , 64 bit Build 19041 (10.0.19041.2364)
Time: Mon Jan 23 17:57:50 2023 GMT Standard Time elapsed time: 5.890242 seconds (0d 0h 0m 5s)

---------------  T H R E A D  ---------------

Current thread (0x000001d98f9f4ef0):  JavaThread "Main Thread" [_thread_in_native, id=10956, stack(0x0000009419b00000,0x0000009419c00000)]

Stack: [0x0000009419b00000,0x0000009419c00000],  sp=0x0000009419bff290,  free space=1020k
Native frames: (J=compiled Java code, j=interpreted, Vv=VM code, C=native code)
C  [nvoglv64.dll+0x11eeef3]

Java frames: (J=compiled Java code, j=interpreted, Vv=VM code)
j  org.lwjgl.opengl.GL11C.nglDrawElements(IIIJ)V+0
j  org.lwjgl.opengl.GL11C.glDrawElements(IIIJ)V+4
j  org.lwjgl.opengl.GL11.glDrawElements(IIIJ)V+4
j  com.Anix.Engine.Graphics.MasterRenderer.r2()V+455
j  com.Anix.Engine.Graphics.MasterRenderer.render()V+57
j  com.Anix.Main.Core.render()V+15
j  com.Anix.Main.Core.run()V+462
j  java.lang.Thread.run()V+11 java.base@17.0.4.1
v  ~StubRoutines::call_stub

siginfo: EXCEPTION_ACCESS_VIOLATION (0xc0000005), reading address 0x000000000000002c


Register to memory mapping:

RIP=0x00007ff8d8caeef3 nvoglv64.dll
RAX=0x000000044852074c is an unknown value
RBX=0x0000000000000001 is an unknown value
RCX=0x000010ba806c82d4 is an unknown value
RDX=0x000000044852074c is an unknown value
RSP=0x0000009419bff290 is pointing into the stack for thread: 0x000001d98f9f4ef0
RBP=0x000000000000000c is an unknown value
RSI=0x000000000000000c is an unknown value
RDI=0x0 is NULL
R8 =0x0000000000000014 is an unknown value
R9 =0x0 is NULL
R10=0x00000000546c6148 is an unknown value
R11=0xfffffffff23895cc is an unknown value
R12=0x0000000000000004 is an unknown value
R13=0x000001d99138f080 points into unknown readable memory: 0x0000000000000000 | 00 00 00 00 00 00 00 00
R14=0x0 is NULL
R15=0x0000000000001405 is an unknown value


Registers:
RAX=0x000000044852074c, RBX=0x0000000000000001, RCX=0x000010ba806c82d4, RDX=0x000000044852074c
RSP=0x0000009419bff290, RBP=0x000000000000000c, RSI=0x000000000000000c, RDI=0x0000000000000000
R8 =0x0000000000000014, R9 =0x0000000000000000, R10=0x00000000546c6148, R11=0xfffffffff23895cc
R12=0x0000000000000004, R13=0x000001d99138f080, R14=0x0000000000000000, R15=0x0000000000001405
RIP=0x00007ff8d8caeef3, EFLAGS=0x0000000000010246

Top of Stack: (sp=0x0000009419bff290)
0x0000009419bff290:   0000000000000001 000001d987ae9893
0x0000009419bff2a0:   0000000000000000 0000009419bff300
0x0000009419bff2b0:   0000000000000103 000000941850b000
0x0000009419bff2c0:   0000000000002fa4 0000000000003f94
0x0000009419bff2d0:   000000000000000f 000000000000000b
0x0000009419bff2e0:   000001d991391150 00007ff907259b8e
0x0000009419bff2f0:   000001d99138f080 00000008000da828
0x0000009419bff300:   0000009419bff408 0000000000000000
0x0000009419bff310:   0000009419bff4b0 0000000000001405
0x0000009419bff320:   0000000000000004 000001d99138f080
0x0000009419bff330:   000000000000000c 0000009419bff470
0x0000009419bff340:   0000000000000000 00007ff8d890f9b6
0x0000009419bff350:   0000009419bff3f0 00007ff800000004
0x0000009419bff360:   0000000000000000 00007ff900000000
0x0000009419bff370:   0000000700000030 0000000700001405
0x0000009419bff380:   0000000000000000 0000009400000000 

Instructions: (pc=0x00007ff8d8caeef3)
0x00007ff8d8caedf3:   d5 83 e1 03 48 89 44 24 50 d3 e2 45 8b 9a 10 06
0x00007ff8d8caee03:   00 00 45 0b 9a 0c 06 00 00 41 8b 82 18 06 00 00
0x00007ff8d8caee13:   41 8b 8a 14 06 00 00 f7 d0 44 23 d8 89 94 24 e0
0x00007ff8d8caee23:   00 00 00 41 8b 82 08 06 00 00 41 0b cb f7 d1 23
0x00007ff8d8caee33:   c8 c1 e8 14 a8 01 0f 85 81 08 00 00 41 80 bd bc
0x00007ff8d8caee43:   08 8e 00 00 0f 85 73 08 00 00 41 3b f9 0f 82 6a
0x00007ff8d8caee53:   08 00 00 85 ed 0f 8e 62 08 00 00 41 83 f8 0e 0f
0x00007ff8d8caee63:   87 58 08 00 00 41 3b 95 28 0b 8e 00 0f 8f 4b 08
0x00007ff8d8caee73:   00 00 41 83 ba 00 06 00 00 00 0f 85 3d 08 00 00
0x00007ff8d8caee83:   41 80 ba 29 06 00 00 00 0f 85 2f 08 00 00 41 80
0x00007ff8d8caee93:   ba 28 06 00 00 00 0f 85 21 08 00 00 41 80 bd 45
0x00007ff8d8caeea3:   e5 8c 00 00 0f 85 13 08 00 00 41 80 bd 4c e5 8c
0x00007ff8d8caeeb3:   00 00 0f 85 05 08 00 00 f7 c1 00 00 03 00 0f 85
0x00007ff8d8caeec3:   f9 07 00 00 44 0b d9 45 85 9a 48 08 00 00 0f 85
0x00007ff8d8caeed3:   e9 07 00 00 bb 01 00 00 00 49 8d 8d 80 0c 8e 00
0x00007ff8d8caeee3:   8b d3 e8 56 9a e7 ff 41 81 ff 05 14 00 00 75 18
0x00007ff8d8caeef3:   41 8b 44 ae fc 4c 8d 65 ff 41 8b 0e 8b f8 3b c8
0x00007ff8d8caef03:   0f 47 f9 0f 42 c1 eb 5d 41 81 ff 03 14 00 00 75
0x00007ff8d8caef13:   24 41 0f b7 4c 6e fe 4c 8d 65 ff 41 0f b7 16 0f
0x00007ff8d8caef23:   b7 c1 66 3b d1 66 0f 47 c2 66 0f 42 ca 0f b7 f8
0x00007ff8d8caef33:   0f b7 c1 eb 30 41 81 ff 01 14 00 00 0f 85 7b 07
0x00007ff8d8caef43:   00 00 42 0f b6 54 35 ff 4c 8d 65 ff 45 0f b6 06
0x00007ff8d8caef53:   8b ca 44 3a c2 41 0f 47 c8 0f b6 f9 8b ca 41 0f
0x00007ff8d8caef63:   42 c8 0f b6 c1 48 8b 4c 24 50 8d 75 ff 2b f8 e8
0x00007ff8d8caef73:   49 0b 00 00 48 8b 44 24 50 44 8b 50 20 41 8b c2
0x00007ff8d8caef83:   0f af c7 44 89 94 24 c0 00 00 00 41 3b 85 2c 0b
0x00007ff8d8caef93:   8e 00 0f 8f 1e 07 00 00 0f 29 74 24 60 41 81 ff
0x00007ff8d8caefa3:   05 14 00 00 0f 85 f8 00 00 00 45 8b 3e 41 8b ff
0x00007ff8d8caefb3:   49 8d 56 04 3b eb 0f 8e 72 03 00 00 83 fe 08 0f
0x00007ff8d8caefc3:   82 b3 00 00 00 83 3d 51 ff 40 02 02 0f 8c a6 00
0x00007ff8d8caefd3:   00 00 81 e6 07 00 00 80 7d 07 ff ce 83 ce f8 ff
0x00007ff8d8caefe3:   c6 66 41 0f 6e cf 8b c5 66 0f 70 c9 00 2b c6 66 


Stack slot to memory mapping:
stack at sp + 0 slots: 0x0000000000000001 is an unknown value
stack at sp + 1 slots: 0x000001d987ae9893 is at entry_point+243 in (nmethod*)0x000001d987ae9610
stack at sp + 2 slots: 0x0 is NULL
stack at sp + 3 slots: 0x0000009419bff300 is pointing into the stack for thread: 0x000001d98f9f4ef0
stack at sp + 4 slots: 0x0000000000000103 is an unknown value
stack at sp + 5 slots: 0x000000941850b000 points into unknown readable memory: 0x0000000000000000 | 00 00 00 00 00 00 00 00
stack at sp + 6 slots: 0x0000000000002fa4 is an unknown value
stack at sp + 7 slots: 0x0000000000003f94 is an unknown value


---------------  P R O C E S S  ---------------

Threads class SMR info:
_java_thread_list=0x000001d992858c50, length=15, elements={
0x000001d98f8413e0, 0x000001d98f809df0, 0x000001d9ff6aa400, 0x000001d9ff6ac9d0,
0x000001d9ff6adb20, 0x000001d98f84df90, 0x000001d98f84f8c0, 0x000001d98f86a020,
0x000001d98f86d510, 0x000001d98f9f4550, 0x000001d98f9f53c0, 0x000001d98f9f4ef0,
0x000001d98f9f6230, 0x000001d98f9f36e0, 0x000001d98f9f2870
}

Java Threads: ( => current thread )
  0x000001d98f8413e0 JavaThread "Reference Handler" daemon [_thread_blocked, id=9116, stack(0x0000009418f00000,0x0000009419000000)]
  0x000001d98f809df0 JavaThread "Finalizer" daemon [_thread_blocked, id=10584, stack(0x0000009419000000,0x0000009419100000)]
  0x000001d9ff6aa400 JavaThread "Signal Dispatcher" daemon [_thread_blocked, id=16328, stack(0x0000009419100000,0x0000009419200000)]
  0x000001d9ff6ac9d0 JavaThread "Attach Listener" daemon [_thread_blocked, id=9872, stack(0x0000009419200000,0x0000009419300000)]
  0x000001d9ff6adb20 JavaThread "Service Thread" daemon [_thread_blocked, id=13392, stack(0x0000009419300000,0x0000009419400000)]
  0x000001d98f84df90 JavaThread "Monitor Deflation Thread" daemon [_thread_blocked, id=8768, stack(0x0000009419400000,0x0000009419500000)]
  0x000001d98f84f8c0 JavaThread "C2 CompilerThread0" daemon [_thread_blocked, id=4328, stack(0x0000009419500000,0x0000009419600000)]
  0x000001d98f86a020 JavaThread "C1 CompilerThread0" daemon [_thread_blocked, id=16284, stack(0x0000009419600000,0x0000009419700000)]
  0x000001d98f86d510 JavaThread "Sweeper thread" daemon [_thread_blocked, id=5800, stack(0x0000009419700000,0x0000009419800000)]
  0x000001d98f9f4550 JavaThread "Notification Thread" daemon [_thread_blocked, id=9244, stack(0x0000009419800000,0x0000009419900000)]
  0x000001d98f9f53c0 JavaThread "Common-Cleaner" daemon [_thread_blocked, id=2336, stack(0x0000009419a00000,0x0000009419b00000)]
=>0x000001d98f9f4ef0 JavaThread "Main Thread" [_thread_in_native, id=10956, stack(0x0000009419b00000,0x0000009419c00000)]
  0x000001d98f9f6230 JavaThread "DestroyJavaVM" [_thread_blocked, id=8980, stack(0x0000009418800000,0x0000009418900000)]
  0x000001d98f9f36e0 JavaThread "Input Thread" [_thread_blocked, id=3396, stack(0x000000941a800000,0x000000941a900000)]
  0x000001d98f9f2870 JavaThread "Thread-2" daemon [_thread_in_native, id=16276, stack(0x000000941a000000,0x000000941a100000)]

Other Threads:
  0x000001d9ff6629d0 VMThread "VM Thread" [stack: 0x0000009418e00000,0x0000009418f00000] [id=12184]
  0x000001d98f9fdbf0 WatcherThread [stack: 0x0000009419900000,0x0000009419a00000] [id=2384]
  0x000001d9f037bc70 GCTaskThread "GC Thread#0" [stack: 0x0000009418900000,0x0000009418a00000] [id=6984]
  0x000001d98fda2160 GCTaskThread "GC Thread#1" [stack: 0x000000941a400000,0x000000941a500000] [id=6900]
  0x000001d98fda2410 GCTaskThread "GC Thread#2" [stack: 0x000000941a500000,0x000000941a600000] [id=15960]
  0x000001d992274070 GCTaskThread "GC Thread#3" [stack: 0x000000941a600000,0x000000941a700000] [id=10180]
  0x000001d9f038caf0 ConcurrentGCThread "G1 Main Marker" [stack: 0x0000009418a00000,0x0000009418b00000] [id=14236]
  0x000001d9f038edf0 ConcurrentGCThread "G1 Conc#0" [stack: 0x0000009418b00000,0x0000009418c00000] [id=1912]
  0x000001d9f03ee6f0 ConcurrentGCThread "G1 Refine#0" [stack: 0x0000009418c00000,0x0000009418d00000] [id=14140]
  0x000001d99b943c20 ConcurrentGCThread "G1 Refine#1" [stack: 0x000000941a700000,0x000000941a800000] [id=15324]
  0x000001d9ff516b20 ConcurrentGCThread "G1 Service" [stack: 0x0000009418d00000,0x0000009418e00000] [id=5880]

Threads with active compile tasks:

VM state: not at safepoint (normal execution)

VM Mutex/Monitor currently owned by a thread: None

Heap address: 0x0000000700c00000, size: 4084 MB, Compressed Oops mode: Zero based, Oop shift amount: 3

CDS archive(s) not mapped
Compressed class space mapped at: 0x0000000800000000-0x0000000840000000, reserved size: 1073741824
Narrow klass base: 0x0000000800000000, Narrow klass shift: 0, Narrow klass range: 0x40000000

GC Precious Log:
 CPUs: 4 total, 4 available
 Memory: 16328M
 Large Page Support: Disabled
 NUMA Support: Disabled
 Compressed Oops: Enabled (Zero based)
 Heap Region Size: 2M
 Heap Min Capacity: 8M
 Heap Initial Capacity: 256M
 Heap Max Capacity: 4084M
 Pre-touch: Disabled
 Parallel Workers: 4
 Concurrent Workers: 1
 Concurrent Refinement Workers: 4
 Periodic GC: Disabled

Heap:
 garbage-first heap   total 34816K, used 16707K [0x0000000700c00000, 0x0000000800000000)
  region size 2048K, 5 young (10240K), 1 survivors (2048K)
 Metaspace       used 26824K, committed 27136K, reserved 1073152K
  class space    used 2495K, committed 2688K, reserved 1048576K

Heap Regions: E=young(eden), S=young(survivor), O=old, HS=humongous(starts), HC=humongous(continues), CS=collection set, F=free, OA=open archive, CA=closed archive, TAMS=top-at-mark-start (previous, next)
|   0|0x0000000700c00000, 0x0000000700e00000, 0x0000000700e00000|100%| O|  |TAMS 0x0000000700e00000, 0x0000000700c00000| Untracked 
|   1|0x0000000700e00000, 0x0000000700e00000, 0x0000000701000000|  0%| F|  |TAMS 0x0000000700e00000, 0x0000000700e00000| Untracked 
|   2|0x0000000701000000, 0x0000000701200000, 0x0000000701200000|100%| O|  |TAMS 0x0000000701000000, 0x0000000701000000| Untracked 
|   3|0x0000000701200000, 0x0000000701400000, 0x0000000701400000|100%| O|  |TAMS 0x0000000701200000, 0x0000000701200000| Untracked 
|   4|0x0000000701400000, 0x0000000701400000, 0x0000000701600000|  0%| F|  |TAMS 0x0000000701400000, 0x0000000701400000| Untracked 
|   5|0x0000000701600000, 0x0000000701600000, 0x0000000701800000|  0%| F|  |TAMS 0x0000000701600000, 0x0000000701600000| Untracked 
|   6|0x0000000701800000, 0x0000000701a00000, 0x0000000701a00000|100%| O|  |TAMS 0x0000000701800000, 0x0000000701800000| Untracked 
|   7|0x0000000701a00000, 0x0000000701a50e00, 0x0000000701c00000| 15%| O|  |TAMS 0x0000000701a00000, 0x0000000701a00000| Untracked 
|   8|0x0000000701c00000, 0x0000000701c00000, 0x0000000701e00000|  0%| F|  |TAMS 0x0000000701c00000, 0x0000000701c00000| Untracked 
|   9|0x0000000701e00000, 0x0000000701e00000, 0x0000000702000000|  0%| F|  |TAMS 0x0000000701e00000, 0x0000000701e00000| Untracked 
|  10|0x0000000702000000, 0x0000000702200000, 0x0000000702200000|100%| S|CS|TAMS 0x0000000702000000, 0x0000000702000000| Complete 
|  11|0x0000000702200000, 0x0000000702200000, 0x0000000702400000|  0%| F|  |TAMS 0x0000000702200000, 0x0000000702200000| Untracked 
|  12|0x0000000702400000, 0x0000000702400000, 0x0000000702600000|  0%| F|  |TAMS 0x0000000702400000, 0x0000000702400000| Untracked 
|  13|0x0000000702600000, 0x00000007026e1628, 0x0000000702800000| 44%| E|  |TAMS 0x0000000702600000, 0x0000000702600000| Complete 
| 113|0x000000070ee00000, 0x000000070f000000, 0x000000070f000000|100%| E|CS|TAMS 0x000000070ee00000, 0x000000070ee00000| Complete 
| 114|0x000000070f000000, 0x000000070f200000, 0x000000070f200000|100%| E|CS|TAMS 0x000000070f000000, 0x000000070f000000| Complete 
| 127|0x0000000710a00000, 0x0000000710c00000, 0x0000000710c00000|100%| E|CS|TAMS 0x0000000710a00000, 0x0000000710a00000| Complete 

Card table byte_map: [0x000001d9f41e0000,0x000001d9f49e0000] _byte_map_base: 0x000001d9f09da000

Marking Bits (Prev, Next): (CMBitMap*) 0x000001d9f037c2c0, (CMBitMap*) 0x000001d9f037c280
 Prev Bits: [0x000001d9f91b0000, 0x000001d9fd180000)
 Next Bits: [0x000001d9f51e0000, 0x000001d9f91b0000)

Polling page: 0x000001d9efaf0000

Metaspace:

Usage:
  Non-class:     23.76 MB used.
      Class:      2.44 MB used.
       Both:     26.20 MB used.

Virtual space:
  Non-class space:       24.00 MB reserved,      23.88 MB (>99%) committed,  3 nodes.
      Class space:        1.00 GB reserved,       2.62 MB ( <1%) committed,  1 nodes.
             Both:        1.02 GB reserved,      26.50 MB (  3%) committed. 

Chunk freelists:
   Non-Class:  88.00 KB
       Class:  1.25 MB
        Both:  1.33 MB

MaxMetaspaceSize: unlimited
CompressedClassSpaceSize: 1.00 GB
Initial GC threshold: 21.00 MB
Current GC threshold: 35.12 MB
CDS: off
MetaspaceReclaimPolicy: balanced
 - commit_granule_bytes: 65536.
 - commit_granule_words: 8192.
 - virtual_space_node_default_size: 1048576.
 - enlarge_chunks_in_place: 1.
 - new_chunks_are_fully_committed: 0.
 - uncommit_free_chunks: 1.
 - use_allocation_guard: 0.
 - handle_deallocations: 1.


Internal statistics:

num_allocs_failed_limit: 3.
num_arena_births: 226.
num_arena_deaths: 0.
num_vsnodes_births: 4.
num_vsnodes_deaths: 0.
num_space_committed: 422.
num_space_uncommitted: 0.
num_chunks_returned_to_freelist: 3.
num_chunks_taken_from_freelist: 850.
num_chunk_merges: 3.
num_chunk_splits: 575.
num_chunks_enlarged: 435.
num_purges: 0.
num_inconsistent_stats: 0.

CodeHeap 'non-profiled nmethods': size=120000Kb used=1107Kb max_used=1107Kb free=118892Kb
 bounds [0x000001d987ad0000, 0x000001d987d40000, 0x000001d98f000000]
CodeHeap 'profiled nmethods': size=120000Kb used=5500Kb max_used=5500Kb free=114499Kb
 bounds [0x000001d9805a0000, 0x000001d980b00000, 0x000001d987ad0000]
CodeHeap 'non-nmethods': size=5760Kb used=1812Kb max_used=1874Kb free=3947Kb
 bounds [0x000001d980000000, 0x000001d980270000, 0x000001d9805a0000]
 total_blobs=4270 nmethods=2972 adapters=1210
 compilation: enabled
              stopped_count=0, restarted_count=0
 full_count=0

Compilation events (20 events):
Event: 5.869 Thread 0x000001d98f86a020 nmethod 2955 0x000001d980af3210 code [0x000001d980af33c0, 0x000001d980af35d8]
Event: 5.869 Thread 0x000001d98f86a020 2962       3       java.util.concurrent.atomic.AtomicLong::compareAndSet (13 bytes)
Event: 5.869 Thread 0x000001d98f86a020 nmethod 2962 0x000001d980af3690 code [0x000001d980af3820, 0x000001d980af3958]
Event: 5.869 Thread 0x000001d98f86a020 2964       3       java.util.Random::nextBoolean (14 bytes)
Event: 5.869 Thread 0x000001d98f86a020 nmethod 2964 0x000001d980af3a10 code [0x000001d980af3bc0, 0x000001d980af3de8]
Event: 5.869 Thread 0x000001d98f86a020 2965       3       java.util.Random::next (47 bytes)
Event: 5.869 Thread 0x000001d98f86a020 nmethod 2965 0x000001d980af3e90 code [0x000001d980af4040, 0x000001d980af42c8]
Event: 5.869 Thread 0x000001d98f86a020 2966       3       sun.security.provider.ByteArrayAccess::b2iBig64 (231 bytes)
Event: 5.871 Thread 0x000001d98f84f8c0 nmethod 2961 0x000001d987be4390 code [0x000001d987be4540, 0x000001d987be4828]
Event: 5.871 Thread 0x000001d98f84f8c0 2963       4       jdk.internal.misc.Unsafe::getIntUnaligned (12 bytes)
Event: 5.871 Thread 0x000001d98f84f8c0 nmethod 2963 0x000001d987be4c10 code [0x000001d987be4d80, 0x000001d987be4e38]
Event: 5.874 Thread 0x000001d98f86a020 nmethod 2966 0x000001d980af4410 code [0x000001d980af4ee0, 0x000001d980afb3b8]
Event: 5.874 Thread 0x000001d98f86a020 2968       3       sun.invoke.util.Wrapper::isSubwordOrInt (20 bytes)
Event: 5.874 Thread 0x000001d98f86a020 nmethod 2968 0x000001d980afd110 code [0x000001d980afd2c0, 0x000001d980afd6d8]
Event: 5.874 Thread 0x000001d98f86a020 2970       3       sun.invoke.util.Wrapper::isIntegral (23 bytes)
Event: 5.875 Thread 0x000001d98f86a020 nmethod 2970 0x000001d980afd810 code [0x000001d980afd9c0, 0x000001d980afdc18]
Event: 5.875 Thread 0x000001d98f86a020 2971       3       sun.invoke.util.Wrapper::isNumeric (16 bytes)
Event: 5.875 Thread 0x000001d98f86a020 nmethod 2971 0x000001d980afdd10 code [0x000001d980afdea0, 0x000001d980afe018]
Event: 5.875 Thread 0x000001d98f86a020 2972       3       java.lang.invoke.LambdaForm$BasicType::basicType (187 bytes)
Event: 5.875 Thread 0x000001d98f86a020 nmethod 2972 0x000001d980afe090 code [0x000001d980afe320, 0x000001d980afee68]

GC Heap History (12 events):
Event: 0.800 GC heap before
{Heap before GC invocations=0 (full 0):
 garbage-first heap   total 262144K, used 10240K [0x0000000700c00000, 0x0000000800000000)
  region size 2048K, 6 young (12288K), 0 survivors (0K)
 Metaspace       used 11090K, committed 11328K, reserved 1064960K
  class space    used 833K, committed 960K, reserved 1048576K
}
Event: 0.803 GC heap after
{Heap after GC invocations=1 (full 0):
 garbage-first heap   total 262144K, used 2470K [0x0000000700c00000, 0x0000000800000000)
  region size 2048K, 1 young (2048K), 1 survivors (2048K)
 Metaspace       used 11090K, committed 11328K, reserved 1064960K
  class space    used 833K, committed 960K, reserved 1048576K
}
Event: 1.252 GC heap before
{Heap before GC invocations=1 (full 0):
 garbage-first heap   total 262144K, used 12710K [0x0000000700c00000, 0x0000000800000000)
  region size 2048K, 7 young (14336K), 1 survivors (2048K)
 Metaspace       used 15495K, committed 15680K, reserved 1064960K
  class space    used 1191K, committed 1280K, reserved 1048576K
}
Event: 1.255 GC heap after
{Heap after GC invocations=2 (full 0):
 garbage-first heap   total 262144K, used 3170K [0x0000000700c00000, 0x0000000800000000)
  region size 2048K, 1 young (2048K), 1 survivors (2048K)
 Metaspace       used 15495K, committed 15680K, reserved 1064960K
  class space    used 1191K, committed 1280K, reserved 1048576K
}
Event: 1.579 GC heap before
{Heap before GC invocations=2 (full 0):
 garbage-first heap   total 262144K, used 25698K [0x0000000700c00000, 0x0000000800000000)
  region size 2048K, 13 young (26624K), 1 survivors (2048K)
 Metaspace       used 21341K, committed 21504K, reserved 1073152K
  class space    used 1885K, committed 1984K, reserved 1048576K
}
Event: 1.582 GC heap after
{Heap after GC invocations=3 (full 0):
 garbage-first heap   total 262144K, used 4511K [0x0000000700c00000, 0x0000000800000000)
  region size 2048K, 2 young (4096K), 2 survivors (4096K)
 Metaspace       used 21341K, committed 21504K, reserved 1073152K
  class space    used 1885K, committed 1984K, reserved 1048576K
}
Event: 1.899 GC heap before
{Heap before GC invocations=4 (full 0):
 garbage-first heap   total 34816K, used 22943K [0x0000000700c00000, 0x0000000800000000)
  region size 2048K, 11 young (22528K), 2 survivors (4096K)
 Metaspace       used 23263K, committed 23488K, reserved 1073152K
  class space    used 2077K, committed 2176K, reserved 1048576K
}
Event: 1.904 GC heap after
{Heap after GC invocations=5 (full 0):
 garbage-first heap   total 34816K, used 8443K [0x0000000700c00000, 0x0000000800000000)
  region size 2048K, 2 young (4096K), 2 survivors (4096K)
 Metaspace       used 23263K, committed 23488K, reserved 1073152K
  class space    used 2077K, committed 2176K, reserved 1048576K
}
Event: 1.919 GC heap before
{Heap before GC invocations=5 (full 0):
 garbage-first heap   total 34816K, used 10491K [0x0000000700c00000, 0x0000000800000000)
  region size 2048K, 3 young (6144K), 2 survivors (4096K)
 Metaspace       used 23317K, committed 23488K, reserved 1073152K
  class space    used 2085K, committed 2176K, reserved 1048576K
}
Event: 1.923 GC heap after
{Heap after GC invocations=6 (full 0):
 garbage-first heap   total 34816K, used 9267K [0x0000000700c00000, 0x0000000800000000)
  region size 2048K, 1 young (2048K), 1 survivors (2048K)
 Metaspace       used 23317K, committed 23488K, reserved 1073152K
  class space    used 2085K, committed 2176K, reserved 1048576K
}
Event: 2.025 GC heap before
{Heap before GC invocations=6 (full 0):
 garbage-first heap   total 34816K, used 19507K [0x0000000700c00000, 0x0000000800000000)
  region size 2048K, 6 young (12288K), 1 survivors (2048K)
 Metaspace       used 24097K, committed 24320K, reserved 1073152K
  class space    used 2196K, committed 2304K, reserved 1048576K
}
Event: 2.026 GC heap after
{Heap after GC invocations=7 (full 0):
 garbage-first heap   total 34816K, used 10563K [0x0000000700c00000, 0x0000000800000000)
  region size 2048K, 1 young (2048K), 1 survivors (2048K)
 Metaspace       used 24097K, committed 24320K, reserved 1073152K
  class space    used 2196K, committed 2304K, reserved 1048576K
}

Deoptimization events (20 events):
Event: 2.099 Thread 0x000001d98f9f4ef0 Uncommon trap: trap_request=0xffffffde fr.pc=0x000001d987b18d48 relative=0x0000000000001228
Event: 2.099 Thread 0x000001d98f9f4ef0 Uncommon trap: reason=class_check action=maybe_recompile pc=0x000001d987b18d48 method=jdk.internal.loader.URLClassPath.getLoader(I)Ljdk/internal/loader/URLClassPath$Loader; @ 88 c2
Event: 2.099 Thread 0x000001d98f9f4ef0 DEOPT PACKING pc=0x000001d987b18d48 sp=0x0000009419bfe470
Event: 2.099 Thread 0x000001d98f9f4ef0 DEOPT UNPACKING pc=0x000001d9800523a3 sp=0x0000009419bfe460 mode 2
Event: 2.141 Thread 0x000001d98f9f4ef0 Uncommon trap: trap_request=0xffffff45 fr.pc=0x000001d987ba3174 relative=0x0000000000000074
Event: 2.141 Thread 0x000001d98f9f4ef0 Uncommon trap: reason=unstable_if action=reinterpret pc=0x000001d987ba3174 method=jdk.internal.misc.Unsafe.convEndian(ZI)I @ 4 c2
Event: 2.141 Thread 0x000001d98f9f4ef0 DEOPT PACKING pc=0x000001d987ba3174 sp=0x0000009419bfe990
Event: 2.141 Thread 0x000001d98f9f4ef0 DEOPT UNPACKING pc=0x000001d9800523a3 sp=0x0000009419bfe898 mode 2
Event: 2.684 Thread 0x000001d98f9f4ef0 Uncommon trap: trap_request=0xffffff45 fr.pc=0x000001d987b8d040 relative=0x00000000000000a0
Event: 2.684 Thread 0x000001d98f9f4ef0 Uncommon trap: reason=unstable_if action=reinterpret pc=0x000001d987b8d040 method=java.lang.StringLatin1.lastIndexOf([BI[BII)I @ 32 c2
Event: 2.684 Thread 0x000001d98f9f4ef0 DEOPT PACKING pc=0x000001d987b8d040 sp=0x0000009419bff360
Event: 2.684 Thread 0x000001d98f9f4ef0 DEOPT UNPACKING pc=0x000001d9800523a3 sp=0x0000009419bff2b8 mode 2
Event: 4.588 Thread 0x000001d98f9f4ef0 Uncommon trap: trap_request=0xffffff5c fr.pc=0x000001d987bda45c relative=0x000000000000005c
Event: 4.588 Thread 0x000001d98f9f4ef0 Uncommon trap: reason=speculate_null_check action=make_not_entrant pc=0x000001d987bda45c method=sun.misc.Unsafe.putLong(Ljava/lang/Object;JJ)V @ 7 c2
Event: 4.588 Thread 0x000001d98f9f4ef0 DEOPT PACKING pc=0x000001d987bda45c sp=0x0000009419bff2f0
Event: 4.588 Thread 0x000001d98f9f4ef0 DEOPT UNPACKING pc=0x000001d9800523a3 sp=0x0000009419bff268 mode 2
Event: 5.875 Thread 0x000001d98f9f2870 Uncommon trap: trap_request=0xffffff45 fr.pc=0x000001d987b1fbb8 relative=0x0000000000000118
Event: 5.875 Thread 0x000001d98f9f2870 Uncommon trap: reason=unstable_if action=reinterpret pc=0x000001d987b1fbb8 method=java.lang.ThreadLocal.get()Ljava/lang/Object; @ 11 c2
Event: 5.875 Thread 0x000001d98f9f2870 DEOPT PACKING pc=0x000001d987b1fbb8 sp=0x000000941a0febb0
Event: 5.875 Thread 0x000001d98f9f2870 DEOPT UNPACKING pc=0x000001d9800523a3 sp=0x000000941a0feb40 mode 2

Classes unloaded (0 events):
No events

Classes redefined (0 events):
No events

Internal exceptions (20 events):
Event: 1.978 Thread 0x000001d98f9f4ef0 Exception <a 'java/lang/NoSuchMethodError'{0x000000070efd8620}: 'void java.lang.invoke.DirectMethodHandle$Holder.invokeVirtual(java.lang.Object, java.lang.Object)'> (0x000000070efd8620) 
thrown [s\src\hotspot\share\interpreter\linkResolver.cpp, line 759]
Event: 1.985 Thread 0x000001d98f9f4ef0 Exception <a 'java/lang/NoSuchMethodError'{0x00000007026284c0}: 'java.lang.Object java.lang.invoke.DirectMethodHandle$Holder.newInvokeSpecial(java.lang.Object, java.lang.Object, java.lang.Object, int)'> (0x00000007026284c0) 
thrown [s\src\hotspot\share\interpreter\linkResolver.cpp, line 759]
Event: 1.985 Thread 0x000001d98f9f4ef0 Exception <a 'java/lang/NoSuchMethodError'{0x000000070262cb48}: 'java.lang.Object java.lang.invoke.DirectMethodHandle$Holder.invokeSpecial(java.lang.Object, java.lang.Object, java.lang.Object, java.lang.Object, int)'> (0x000000070262cb48) 
thrown [s\src\hotspot\share\interpreter\linkResolver.cpp, line 759]
Event: 1.985 Thread 0x000001d98f9f4ef0 Exception <a 'java/lang/NoSuchMethodError'{0x00000007026309b8}: 'java.lang.Object java.lang.invoke.Invokers$Holder.linkToTargetMethod(java.lang.Object, java.lang.Object, int, java.lang.Object)'> (0x00000007026309b8) 
thrown [s\src\hotspot\share\interpreter\linkResolver.cpp, line 759]
Event: 2.008 Thread 0x000001d98f9f4ef0 Exception <a 'sun/nio/fs/WindowsException'{0x000000070231a3e0}> (0x000000070231a3e0) 
thrown [s\src\hotspot\share\prims\jni.cpp, line 516]
Event: 2.045 Thread 0x000001d98f9f4ef0 Exception <a 'java/lang/NoSuchMethodError'{0x0000000710ad1a40}: 'int java.lang.invoke.DirectMethodHandle$Holder.invokeVirtual(java.lang.Object, java.lang.Object, java.lang.Object, java.lang.Object)'> (0x0000000710ad1a40) 
thrown [s\src\hotspot\share\interpreter\linkResolver.cpp, line 759]
Event: 2.046 Thread 0x000001d98f9f4ef0 Exception <a 'java/lang/NoSuchMethodError'{0x0000000710adf0f8}: 'java.lang.Object java.lang.invoke.DirectMethodHandle$Holder.newInvokeSpecial(java.lang.Object, java.lang.Object, int, java.lang.Object)'> (0x0000000710adf0f8) 
thrown [s\src\hotspot\share\interpreter\linkResolver.cpp, line 759]
Event: 2.046 Thread 0x000001d98f9f4ef0 Exception <a 'java/lang/NoSuchMethodError'{0x0000000710ae31e8}: 'java.lang.Object java.lang.invoke.DirectMethodHandle$Holder.invokeSpecial(java.lang.Object, java.lang.Object, java.lang.Object, int, java.lang.Object)'> (0x0000000710ae31e8) 
thrown [s\src\hotspot\share\interpreter\linkResolver.cpp, line 759]
Event: 2.160 Thread 0x000001d98f9f4ef0 Exception <a 'java/lang/ClassNotFoundException'{0x000000070ee9da10}: sun/awt/resources/spi/awtProvider> (0x000000070ee9da10) 
thrown [s\src\hotspot\share\classfile\systemDictionary.cpp, line 256]
Event: 2.166 Thread 0x000001d98f9f4ef0 Exception <a 'java/io/FileNotFoundException'{0x000000070eec03b8}> (0x000000070eec03b8) 
thrown [s\src\hotspot\share\prims\jni.cpp, line 516]
Event: 2.167 Thread 0x000001d98f9f4ef0 Exception <a 'java/io/FileNotFoundException'{0x000000070eec1928}> (0x000000070eec1928) 
thrown [s\src\hotspot\share\prims\jni.cpp, line 516]
Event: 2.672 Thread 0x000001d98f9f4ef0 Exception <a 'sun/nio/fs/WindowsException'{0x000000070eee70b0}> (0x000000070eee70b0) 
thrown [s\src\hotspot\share\prims\jni.cpp, line 516]
Event: 2.672 Thread 0x000001d98f9f4ef0 Exception <a 'sun/nio/fs/WindowsException'{0x000000070eee73d0}> (0x000000070eee73d0) 
thrown [s\src\hotspot\share\prims\jni.cpp, line 516]
Event: 2.672 Thread 0x000001d98f9f4ef0 Exception <a 'java/io/FileNotFoundException'{0x000000070eee7b80}> (0x000000070eee7b80) 
thrown [s\src\hotspot\share\prims\jni.cpp, line 516]
Event: 2.672 Thread 0x000001d98f9f4ef0 Exception <a 'sun/nio/fs/WindowsException'{0x000000070eee8620}> (0x000000070eee8620) 
thrown [s\src\hotspot\share\prims\jni.cpp, line 516]
Event: 2.672 Thread 0x000001d98f9f4ef0 Exception <a 'sun/nio/fs/WindowsException'{0x000000070eee87b0}> (0x000000070eee87b0) 
thrown [s\src\hotspot\share\prims\jni.cpp, line 516]
Event: 2.672 Thread 0x000001d98f9f4ef0 Exception <a 'java/io/FileNotFoundException'{0x000000070eee8ee0}> (0x000000070eee8ee0) 
thrown [s\src\hotspot\share\prims\jni.cpp, line 516]
Event: 5.819 Thread 0x000001d98f9f4ef0 Exception <a 'java/lang/NoSuchMethodError'{0x000000070eff50f0}: 'java.lang.Object java.lang.invoke.DirectMethodHandle$Holder.invokeStaticInit(java.lang.Object, int, int, int, int)'> (0x000000070eff50f0) 
thrown [s\src\hotspot\share\interpreter\linkResolver.cpp, line 759]
Event: 5.869 Thread 0x000001d98f9f4ef0 Exception <a 'java/lang/NoSuchMethodError'{0x00000007026bbae0}: 'java.lang.Object java.lang.invoke.DirectMethodHandle$Holder.invokeStaticInit(java.lang.Object, java.lang.Object, int, int, int, int)'> (0x00000007026bbae0) 
thrown [s\src\hotspot\share\interpreter\linkResolver.cpp, line 759]
Event: 5.875 Thread 0x000001d98f9f2870 Implicit null exception at 0x000001d987b1fae0 to 0x000001d987b1fba4

VM Operations (20 events):
Event: 1.879 Executing VM operation: ICBufferFull
Event: 1.879 Executing VM operation: ICBufferFull done
Event: 1.899 Executing VM operation: G1CollectForAllocation
Event: 1.904 Executing VM operation: G1CollectForAllocation done
Event: 1.919 Executing VM operation: G1CollectForAllocation
Event: 1.923 Executing VM operation: G1CollectForAllocation done
Event: 2.016 Executing VM operation: ICBufferFull
Event: 2.016 Executing VM operation: ICBufferFull done
Event: 2.025 Executing VM operation: G1CollectForAllocation
Event: 2.027 Executing VM operation: G1CollectForAllocation done
Event: 2.146 Executing VM operation: HandshakeAllThreads
Event: 2.146 Executing VM operation: HandshakeAllThreads done
Event: 2.146 Executing VM operation: ICBufferFull
Event: 2.146 Executing VM operation: ICBufferFull done
Event: 3.154 Executing VM operation: Cleanup
Event: 3.154 Executing VM operation: Cleanup done
Event: 5.809 Executing VM operation: HandshakeAllThreads
Event: 5.809 Executing VM operation: HandshakeAllThreads done
Event: 5.833 Executing VM operation: HandshakeAllThreads
Event: 5.833 Executing VM operation: HandshakeAllThreads done

Events (20 events):
Event: 5.835 loading class java/net/InetAddress$NameService
Event: 5.835 loading class java/net/InetAddress$NameService done
Event: 5.835 loading class java/net/InetAddress$PlatformNameService done
Event: 5.835 loading class java/net/Inet4Address
Event: 5.835 loading class java/net/Inet4Address done
Event: 5.835 loading class java/net/Inet6Address
Event: 5.836 loading class java/net/Inet6Address done
Event: 5.836 loading class java/net/Inet6Address$Inet6AddressHolder
Event: 5.836 loading class java/net/Inet6Address$Inet6AddressHolder done
Event: 5.836 loading class java/net/DefaultInterface
Event: 5.836 loading class java/net/DefaultInterface done
Event: 5.849 loading class java/net/NetworkInterface$1
Event: 5.849 loading class java/net/NetworkInterface$1 done
Event: 5.870 loading class sun/security/provider/AbstractDrbg$NonceProvider
Event: 5.871 loading class sun/security/provider/AbstractDrbg$NonceProvider done
Event: 5.871 loading class sun/security/provider/SHA2$SHA256
Event: 5.871 loading class sun/security/provider/SHA2
Event: 5.871 loading class sun/security/provider/SHA2 done
Event: 5.871 loading class sun/security/provider/SHA2$SHA256 done
Event: 5.874 Thread 0x000001d98f9f2870 Thread added: 0x000001d98f9f2870


Dynamic libraries:
0x00007ff73d970000 - 0x00007ff73d97e000 	C:\Users\smsmk\.p2\pool\plugins\org.eclipse.justj.openjdk.hotspot.jre.full.win32.x86_64_17.0.4.v20221004-1257\jre\bin\javaw.exe
0x00007ff92b690000 - 0x00007ff92b888000 	C:\Windows\SYSTEM32\ntdll.dll
0x00007ff92a1f0000 - 0x00007ff92a2af000 	C:\Windows\System32\KERNEL32.DLL
0x00007ff9292c0000 - 0x00007ff929592000 	C:\Windows\System32\KERNELBASE.dll
0x00007ff928d80000 - 0x00007ff928e80000 	C:\Windows\System32\ucrtbase.dll
0x00007ff924800000 - 0x00007ff924818000 	C:\Users\smsmk\.p2\pool\plugins\org.eclipse.justj.openjdk.hotspot.jre.full.win32.x86_64_17.0.4.v20221004-1257\jre\bin\jli.dll
0x00007ff92b4a0000 - 0x00007ff92b641000 	C:\Windows\System32\USER32.dll
0x00007ff929150000 - 0x00007ff929172000 	C:\Windows\System32\win32u.dll
0x00007ff92a3a0000 - 0x00007ff92a3cb000 	C:\Windows\System32\GDI32.dll
0x00007ff929180000 - 0x00007ff92928f000 	C:\Windows\System32\gdi32full.dll
0x00007ff929630000 - 0x00007ff9296cd000 	C:\Windows\System32\msvcp_win.dll
0x00007ff9247e0000 - 0x00007ff9247f9000 	C:\Users\smsmk\.p2\pool\plugins\org.eclipse.justj.openjdk.hotspot.jre.full.win32.x86_64_17.0.4.v20221004-1257\jre\bin\VCRUNTIME140.dll
0x00007ff91a590000 - 0x00007ff91a82a000 	C:\Windows\WinSxS\amd64_microsoft.windows.common-controls_6595b64144ccf1df_6.0.19041.1110_none_60b5254171f9507e\COMCTL32.dll
0x00007ff92adc0000 - 0x00007ff92ae5e000 	C:\Windows\System32\msvcrt.dll
0x00007ff92a360000 - 0x00007ff92a392000 	C:\Windows\System32\IMM32.DLL
0x00007ff908d40000 - 0x00007ff908d4c000 	C:\Users\smsmk\.p2\pool\plugins\org.eclipse.justj.openjdk.hotspot.jre.full.win32.x86_64_17.0.4.v20221004-1257\jre\bin\vcruntime140_1.dll
0x00007ff906b90000 - 0x00007ff906c21000 	C:\Users\smsmk\.p2\pool\plugins\org.eclipse.justj.openjdk.hotspot.jre.full.win32.x86_64_17.0.4.v20221004-1257\jre\bin\msvcp140.dll
0x00007ff906e50000 - 0x00007ff907a96000 	C:\Users\smsmk\.p2\pool\plugins\org.eclipse.justj.openjdk.hotspot.jre.full.win32.x86_64_17.0.4.v20221004-1257\jre\bin\server\jvm.dll
0x00007ff929b70000 - 0x00007ff929c1e000 	C:\Windows\System32\ADVAPI32.dll
0x00007ff92a150000 - 0x00007ff92a1ec000 	C:\Windows\System32\sechost.dll
0x00007ff92ac90000 - 0x00007ff92adb5000 	C:\Windows\System32\RPCRT4.dll
0x00007ff92a460000 - 0x00007ff92a468000 	C:\Windows\System32\PSAPI.DLL
0x00007ff9248f0000 - 0x00007ff9248f9000 	C:\Windows\SYSTEM32\WSOCK32.dll
0x00007ff92a3d0000 - 0x00007ff92a43b000 	C:\Windows\System32\WS2_32.dll
0x00007ff91d520000 - 0x00007ff91d547000 	C:\Windows\SYSTEM32\WINMM.dll
0x00007ff920d60000 - 0x00007ff920d6a000 	C:\Windows\SYSTEM32\VERSION.dll
0x00007ff926c60000 - 0x00007ff926c72000 	C:\Windows\SYSTEM32\kernel.appcore.dll
0x00007ff9248e0000 - 0x00007ff9248ea000 	C:\Users\smsmk\.p2\pool\plugins\org.eclipse.justj.openjdk.hotspot.jre.full.win32.x86_64_17.0.4.v20221004-1257\jre\bin\jimage.dll
0x00007ff91f0f0000 - 0x00007ff91f2d4000 	C:\Windows\SYSTEM32\DBGHELP.DLL
0x00007ff910b20000 - 0x00007ff910b55000 	C:\Windows\SYSTEM32\dbgcore.DLL
0x00007ff9295a0000 - 0x00007ff929622000 	C:\Windows\System32\bcryptPrimitives.dll
0x00007ff912760000 - 0x00007ff912785000 	C:\Users\smsmk\.p2\pool\plugins\org.eclipse.justj.openjdk.hotspot.jre.full.win32.x86_64_17.0.4.v20221004-1257\jre\bin\java.dll
0x00007ff912740000 - 0x00007ff912758000 	C:\Users\smsmk\.p2\pool\plugins\org.eclipse.justj.openjdk.hotspot.jre.full.win32.x86_64_17.0.4.v20221004-1257\jre\bin\zip.dll
0x00007ff92a4e0000 - 0x00007ff92ac24000 	C:\Windows\System32\SHELL32.dll
0x00007ff926e60000 - 0x00007ff9275f2000 	C:\Windows\SYSTEM32\windows.storage.dll
0x00007ff929d40000 - 0x00007ff92a095000 	C:\Windows\System32\combase.dll
0x00007ff9287e0000 - 0x00007ff928810000 	C:\Windows\SYSTEM32\Wldp.dll
0x00007ff92a0a0000 - 0x00007ff92a14d000 	C:\Windows\System32\SHCORE.dll
0x00007ff92ac30000 - 0x00007ff92ac85000 	C:\Windows\System32\shlwapi.dll
0x00007ff928cc0000 - 0x00007ff928cdf000 	C:\Windows\SYSTEM32\profapi.dll
0x00007ff908de0000 - 0x00007ff908df9000 	C:\Users\smsmk\.p2\pool\plugins\org.eclipse.justj.openjdk.hotspot.jre.full.win32.x86_64_17.0.4.v20221004-1257\jre\bin\net.dll
0x00007ff920820000 - 0x00007ff92092c000 	C:\Windows\SYSTEM32\WINHTTP.dll
0x00007ff928540000 - 0x00007ff9285aa000 	C:\Windows\system32\mswsock.dll
0x00007ff908dc0000 - 0x00007ff908dd5000 	C:\Users\smsmk\.p2\pool\plugins\org.eclipse.justj.openjdk.hotspot.jre.full.win32.x86_64_17.0.4.v20221004-1257\jre\bin\nio.dll
0x00007ff906b20000 - 0x00007ff906b84000 	C:\Users\smsmk\AppData\Local\Temp\lwjglsmsmk\3.2.3-build-13\lwjgl.dll
0x00007ff906ab0000 - 0x00007ff906b12000 	C:\Users\smsmk\AppData\Local\Temp\lwjglsmsmk\3.2.3-build-13\glfw.dll
0x00007ff926790000 - 0x00007ff92682e000 	C:\Windows\system32\uxtheme.dll
0x00007ff906a60000 - 0x00007ff906aa5000 	C:\Windows\SYSTEM32\dinput8.dll
0x00007ff8e41e0000 - 0x00007ff8e41f1000 	C:\Windows\SYSTEM32\xinput1_4.dll
0x00007ff929100000 - 0x00007ff92914e000 	C:\Windows\System32\cfgmgr32.dll
0x00007ff928b30000 - 0x00007ff928b5c000 	C:\Windows\SYSTEM32\DEVOBJ.dll
0x00007ff926970000 - 0x00007ff92699f000 	C:\Windows\SYSTEM32\dwmapi.dll
0x00007ff912d00000 - 0x00007ff912e52000 	C:\Windows\SYSTEM32\inputhost.dll
0x00007ff929970000 - 0x00007ff929a3d000 	C:\Windows\System32\OLEAUT32.dll
0x00007ff924900000 - 0x00007ff9249f6000 	C:\Windows\SYSTEM32\PROPSYS.dll
0x00007ff926290000 - 0x00007ff926382000 	C:\Windows\SYSTEM32\CoreMessaging.dll
0x00007ff925f30000 - 0x00007ff92628e000 	C:\Windows\SYSTEM32\CoreUIComponents.dll
0x00007ff925860000 - 0x00007ff9259b4000 	C:\Windows\SYSTEM32\wintypes.dll
0x00007ff927f10000 - 0x00007ff927f43000 	C:\Windows\SYSTEM32\ntmarta.dll
0x00007ff929c20000 - 0x00007ff929d35000 	C:\Windows\System32\MSCTF.dll
0x00007ff927600000 - 0x00007ff92760d000 	C:\Windows\SYSTEM32\HID.DLL
0x00007ff92b030000 - 0x00007ff92b498000 	C:\Windows\System32\SETUPAPI.DLL
0x00007ff929290000 - 0x00007ff9292b7000 	C:\Windows\System32\bcrypt.dll
0x00007ff928e80000 - 0x00007ff928ee9000 	C:\Windows\System32\WINTRUST.dll
0x00007ff928ef0000 - 0x00007ff929046000 	C:\Windows\System32\CRYPT32.dll
0x00007ff928970000 - 0x00007ff928982000 	C:\Windows\SYSTEM32\MSASN1.dll
0x00007ff8f8bc0000 - 0x00007ff8f8ce5000 	C:\Windows\SYSTEM32\opengl32.dll
0x00007ff908d10000 - 0x00007ff908d3c000 	C:\Windows\SYSTEM32\GLU32.dll
0x00007ff92a2b0000 - 0x00007ff92a35f000 	C:\Windows\System32\clbcatq.dll
0x00007ff8d7ac0000 - 0x00007ff8db3f3000 	C:\Windows\System32\DriverStore\FileRepository\nvmdi.inf_amd64_2f8b15057bd04fc7\nvoglv64.dll
0x00007ff929a40000 - 0x00007ff929b6a000 	C:\Windows\System32\ole32.dll
0x00007ff924a60000 - 0x00007ff924a74000 	C:\Windows\SYSTEM32\WTSAPI32.dll
0x00007ff920bf0000 - 0x00007ff920c21000 	C:\Windows\SYSTEM32\cryptnet.dll
0x00007ff9209a0000 - 0x00007ff920ae8000 	C:\Windows\SYSTEM32\drvstore.dll
0x00007ff928750000 - 0x00007ff92875c000 	C:\Windows\SYSTEM32\cryptbase.dll
0x00007ff91e280000 - 0x00007ff91e2bb000 	C:\Windows\SYSTEM32\dxcore.dll
0x00007ff8f0d20000 - 0x00007ff8f0fef000 	C:\Windows\system32\nvspcap64.dll
0x00007ff928350000 - 0x00007ff92839b000 	C:\Windows\SYSTEM32\powrprof.dll
0x00007ff9281c0000 - 0x00007ff9281d2000 	C:\Windows\SYSTEM32\UMPDC.dll
0x00007ff927ac0000 - 0x00007ff927b24000 	C:\Windows\SYSTEM32\WINSTA.dll
0x00007ff910d00000 - 0x00007ff910df9000 	C:\Windows\SYSTEM32\textinputframework.dll
0x00007ff8f0cc0000 - 0x00007ff8f0d19000 	C:\Users\smsmk\AppData\Local\Temp\lwjglsmsmk\3.2.3-build-13\lwjgl_opengl.dll
0x0000000064a00000 - 0x000000006580f000 	C:\Users\smsmk\AppData\Local\Temp\imgui-java-natives_1674496665419\imgui-java64.dll
0x00007ff8f0c40000 - 0x00007ff8f0cb7000 	C:\Users\smsmk\AppData\Local\Temp\lwjglsmsmk\3.2.3-build-13\lwjgl_stb.dll
0x00007ff8e5570000 - 0x00007ff8e56fe000 	C:\Users\smsmk\.p2\pool\plugins\org.eclipse.justj.openjdk.hotspot.jre.full.win32.x86_64_17.0.4.v20221004-1257\jre\bin\awt.dll
0x00007ff9265a0000 - 0x00007ff926631000 	C:\Windows\SYSTEM32\apphelp.dll
0x00007ff928730000 - 0x00007ff928748000 	C:\Windows\SYSTEM32\CRYPTSP.dll
0x00007ff927df0000 - 0x00007ff927e24000 	C:\Windows\system32\rsaenh.dll
0x00007ff928c80000 - 0x00007ff928cae000 	C:\Windows\SYSTEM32\USERENV.dll
0x00007ff9281e0000 - 0x00007ff92821b000 	C:\Windows\SYSTEM32\IPHLPAPI.DLL
0x00007ff92afc0000 - 0x00007ff92afc8000 	C:\Windows\System32\NSI.dll
0x00007ff921350000 - 0x00007ff921367000 	C:\Windows\SYSTEM32\dhcpcsvc6.DLL
0x00007ff921330000 - 0x00007ff92134d000 	C:\Windows\SYSTEM32\dhcpcsvc.DLL
0x00007ff928220000 - 0x00007ff9282ea000 	C:\Windows\SYSTEM32\DNSAPI.dll

dbghelp: loaded successfully - version: 4.0.5 - missing functions: none
symbol engine: initialized successfully - sym options: 0x614 - pdb path: .;C:\Users\smsmk\.p2\pool\plugins\org.eclipse.justj.openjdk.hotspot.jre.full.win32.x86_64_17.0.4.v20221004-1257\jre\bin;C:\Windows\SYSTEM32;C:\Windows\WinSxS\amd64_microsoft.windows.common-controls_6595b64144ccf1df_6.0.19041.1110_none_60b5254171f9507e;C:\Users\smsmk\.p2\pool\plugins\org.eclipse.justj.openjdk.hotspot.jre.full.win32.x86_64_17.0.4.v20221004-1257\jre\bin\server;C:\Users\smsmk\AppData\Local\Temp\lwjglsmsmk\3.2.3-build-13;C:\Windows\System32\DriverStore\FileRepository\nvmdi.inf_amd64_2f8b15057bd04fc7;C:\Users\smsmk\AppData\Local\Temp\imgui-java-natives_1674496665419

VM Arguments:
jvm_args: -Dfile.encoding=UTF-8 -XX:+ShowCodeDetailsInExceptionMessages 
java_command: com.Anix.Main.Core
java_class_path (initial): C:\Users\smsmk\git\Anix-Java\Anix\bin;C:\Users\smsmk\git\Anix-Java\Anix\includes\lwjgl.jar;C:\Users\smsmk\git\Anix-Java\Anix\includes\lwjgl-assimp.jar;C:\Users\smsmk\git\Anix-Java\Anix\includes\lwjgl-assimp-natives-windows.jar;C:\Users\smsmk\git\Anix-Java\Anix\includes\lwjgl-bgfx.jar;C:\Users\smsmk\git\Anix-Java\Anix\includes\lwjgl-bgfx-natives-windows.jar;C:\Users\smsmk\git\Anix-Java\Anix\includes\lwjgl-glfw.jar;C:\Users\smsmk\git\Anix-Java\Anix\includes\lwjgl-glfw-natives-windows.jar;C:\Users\smsmk\git\Anix-Java\Anix\includes\lwjgl-nanovg.jar;C:\Users\smsmk\git\Anix-Java\Anix\includes\lwjgl-nanovg-natives-windows.jar;C:\Users\smsmk\git\Anix-Java\Anix\includes\lwjgl-natives-windows.jar;C:\Users\smsmk\git\Anix-Java\Anix\includes\lwjgl-nuklear.jar;C:\Users\smsmk\git\Anix-Java\Anix\includes\lwjgl-nuklear-natives-windows.jar;C:\Users\smsmk\git\Anix-Java\Anix\includes\lwjgl-openal.jar;C:\Users\smsmk\git\Anix-Java\Anix\includes\lwjgl-openal-natives-windows.jar;C:\Users\smsmk\git\Anix-Java\Anix\includes\lwjgl-opengl.jar;C:\Users\smsmk\git\Anix-Java\Anix\includes\lwjgl-opengl-natives-windows.jar;C:\Users\smsmk\git\Anix-Java\Anix\includes\lwjgl-par.jar;C:\Users\smsmk\git\Anix-Java\Anix\includes\lwjgl-par-natives-windows.jar;C:\Users\smsmk\git\Anix-Java\Anix\includes\lwjgl-stb.jar;C:\Users\smsmk\git\Anix-Java\Anix\includes\lwjgl-stb-natives-windows.jar;C:\Users\smsmk\git\Anix-Java\Anix\includes\lwjgl-vulkan.jar;C:\Users\smsmk\git\Anix-Java\Anix\includes\slick-util3.jar;C:\Users\smsmk\git\Anix-Java\Anix\includes\TWL.jar;C:\Users\smsmk\git\Anix-Java\Anix\includes\tiny\lwjgl-tinyfd.jar;C:\Users\smsmk\git\Anix-Java\Anix\includes\tiny\lwjgl-tinyfd-javadoc.jar;C:\Users\smsmk\git\Anix-Java\Anix\includes\tiny\lwjgl-tinyfd-natives-windows.jar;C:\Users\smsmk\git\Anix-Java\Anix\includes\tiny\lwjgl-tinyfd-sources.jar;C:\Users\smsmk\git\Anix-Java\Anix\includes\imgui\imgui-app-1.86.4.jar;C:\Users\smsmk\git\Anix-Java\Anix\includes\imgui\imgui-app-1.86.4-javadoc
Launcher Type: SUN_STANDARD

[Global flags]
     intx CICompilerCount                          = 3                                         {product} {ergonomic}
     uint ConcGCThreads                            = 1                                         {product} {ergonomic}
     uint G1ConcRefinementThreads                  = 4                                         {product} {ergonomic}
   size_t G1HeapRegionSize                         = 2097152                                   {product} {ergonomic}
    uintx GCDrainStackTargetSize                   = 64                                        {product} {ergonomic}
   size_t InitialHeapSize                          = 268435456                                 {product} {ergonomic}
   size_t MarkStackSize                            = 4194304                                   {product} {ergonomic}
   size_t MaxHeapSize                              = 4282384384                                {product} {ergonomic}
   size_t MaxNewSize                               = 2569011200                                {product} {ergonomic}
   size_t MinHeapDeltaBytes                        = 2097152                                   {product} {ergonomic}
   size_t MinHeapSize                              = 8388608                                   {product} {ergonomic}
    uintx NonNMethodCodeHeapSize                   = 5832780                                {pd product} {ergonomic}
    uintx NonProfiledCodeHeapSize                  = 122912730                              {pd product} {ergonomic}
    uintx ProfiledCodeHeapSize                     = 122912730                              {pd product} {ergonomic}
    uintx ReservedCodeCacheSize                    = 251658240                              {pd product} {ergonomic}
     bool SegmentedCodeCache                       = true                                      {product} {ergonomic}
     bool ShowCodeDetailsInExceptionMessages       = true                                   {manageable} {command line}
   size_t SoftMaxHeapSize                          = 4282384384                             {manageable} {ergonomic}
     bool UseCompressedClassPointers               = true                           {product lp64_product} {ergonomic}
     bool UseCompressedOops                        = true                           {product lp64_product} {ergonomic}
     bool UseG1GC                                  = true                                      {product} {ergonomic}
     bool UseLargePagesIndividualAllocation        = false                                  {pd product} {ergonomic}

Logging:
Log output configuration:
 #0: stdout all=warning uptime,level,tags
 #1: stderr all=off uptime,level,tags

Environment Variables:
PATH=C:/Users/smsmk/.p2/pool/plugins/org.eclipse.justj.openjdk.hotspot.jre.full.win32.x86_64_17.0.4.v20221004-1257/jre/bin/server;C:/Users/smsmk/.p2/pool/plugins/org.eclipse.justj.openjdk.hotspot.jre.full.win32.x86_64_17.0.4.v20221004-1257/jre/bin;C:\Program Files (x86)\Common Files\Oracle\Java\javapath;C:\Windows\system32;C:\Windows;C:\Windows\System32\Wbem;C:\Windows\System32\WindowsPowerShell\v1.0\;C:\Windows\System32\OpenSSH\;C:\Program Files (x86)\NVIDIA Corporation\PhysX\Common;C:\Program Files\NVIDIA Corporation\NVIDIA NvDLISR;C:\Program Files\dotnet\;C:\Program Files\Git\cmd;C:\Program Files (x86)\Windows Kits\10\Windows Performance Toolkit\;C:\Program Files\nodejs\;C:\Users\smsmk\AppData\Local\Microsoft\WindowsApps;C:\Users\smsmk\AppData\Local\GitHubDesktop\bin;C:\Users\smsmk\.dotnet\tools;C:\Users\smsmk\AppData\Local\Programs\Microsoft VS Code\bin;C:\Users\smsmk\AppData\Roaming\npm;C:\Windows\system32;
USERNAME=smsmk
OS=Windows_NT
PROCESSOR_IDENTIFIER=Intel64 Family 6 Model 158 Stepping 9, GenuineIntel
TMP=C:\Users\smsmk\AppData\Local\Temp
TEMP=C:\Users\smsmk\AppData\Local\Temp



---------------  S Y S T E M  ---------------

OS:
 Windows 10 , 64 bit Build 19041 (10.0.19041.2364)
OS uptime: 0 days 5:06 hours

CPU: total 4 (initial active 4) (4 cores per cpu, 1 threads per core) family 6 model 158 stepping 9 microcode 0xb4, cx8, cmov, fxsr, mmx, 3dnowpref, sse, sse2, sse3, ssse3, sse4.1, sse4.2, popcnt, lzcnt, tsc, tscinvbit, avx, avx2, aes, erms, clmul, bmi1, bmi2, adx, fma, vzeroupper, clflush, clflushopt

Memory: 4k page, system-wide physical 16328M (9839M free)
TotalPageFile size 19016M (AvailPageFile size 8155M)
current process WorkingSet (physical memory assigned to process): 173M, peak: 181M
current process commit charge ("private bytes"): 294M, peak: 455M

vm_info: OpenJDK 64-Bit Server VM (17.0.4.1+1) for windows-amd64 JRE (17.0.4.1+1), built on Aug 17 2022 07:42:43 by "temurin" with MS VC++ 16.7 (VS2019)

END.
