#
# A fatal error has been detected by the Java Runtime Environment:
#
#  EXCEPTION_ACCESS_VIOLATION (0xc0000005) at pc=0x00007ff87194682c, pid=7080, tid=16108
#
# JRE version: Java(TM) SE Runtime Environment (20.0.1+9) (build 20.0.1+9-29)
# Java VM: Java HotSpot(TM) 64-Bit Server VM (20.0.1+9-29, mixed mode, sharing, tiered, compressed oops, compressed class ptrs, g1 gc, windows-amd64)
# Problematic frame:
# C  [jdwp.dll+0x2682c]
#
# No core dump will be written. Minidumps are not enabled by default on client versions of Windows
#
# If you would like to submit a bug report, please visit:
#   https://bugreport.java.com/bugreport/crash.jsp
# The crash happened outside the Java Virtual Machine in native code.
# See problematic frame for where to report the bug.
#

---------------  S U M M A R Y ------------

Command Line: -XX:+ShowCodeDetailsInExceptionMessages -agentlib:jdwp=transport=dt_socket,suspend=y,address=localhost:57199 -javaagent:D:\eclipse\java-2023-062\eclipse\configuration\org.eclipse.osgi\248\0\.cp\lib\javaagent-shaded.jar -Dfile.encoding=UTF-8 com.Anix.Main.Core

Host: Intel(R) Core(TM) i5-7400 CPU @ 3.00GHz, 4 cores, 15G,  Windows 10 , 64 bit Build 19041 (10.0.19041.3155)
Time: Fri Aug 25 05:21:16 2023 GMT Summer Time elapsed time: 1.813144 seconds (0d 0h 0m 1s)

---------------  T H R E A D  ---------------

Current thread (0x000002191da51150):  JavaThread "Main Thread" [_thread_in_native, id=16108, stack(0x0000002018f00000,0x0000002019000000)]

Stack: [0x0000002018f00000,0x0000002019000000],  sp=0x0000002018ffe558,  free space=1017k
Native frames: (J=compiled Java code, j=interpreted, Vv=VM code, C=native code)
C  [jdwp.dll+0x2682c]

Java frames: (J=compiled Java code, j=interpreted, Vv=VM code)
j  com.Anix.IO.Application.create()V+159
j  com.Anix.Main.Core.run()V+48
j  java.lang.Thread.runWith(Ljava/lang/Object;Ljava/lang/Runnable;)V+5 java.base@20.0.1
j  java.lang.Thread.run()V+19 java.base@20.0.1
v  ~StubRoutines::call_stub 0x000002190f52100d

siginfo: EXCEPTION_ACCESS_VIOLATION (0xc0000005), reading address 0xffffffffffffffff


Registers:
RAX=0x0000021922323730, RBX=0x000002191d9bb6e0, RCX=0x000002191da51430, RDX=0x000002191d9bb6e0
RSP=0x0000002018ffe558, RBP=0x0000000000000002, RSI=0x0000002018ffe600, RDI=0x000002191da51430
R8 =0x0000000000010002, R9 =0x0000000000000000, R10=0x00007ff87a7f0000, R11=0x0000002018ffe528
R12=0x0000000000000007, R13=0x000002197698aef0, R14=0x00007ff871950300, R15=0x0000000000000000
RIP=0x00007ff87194682c, EFLAGS=0x0000000000010206


Register to memory mapping:

RIP=0x00007ff87194682c jdwp.dll
RAX=0x0000021922323730 points into unknown readable memory: 0x0000000000000000 | 00 00 00 00 00 00 00 00
RBX=0x000002191d9bb6e0 points into unknown readable memory: 0x0000000700c30f20 | 20 0f c3 00 07 00 00 00
RCX=0x000002191da51430 points into unknown readable memory: 0x0000021922323730 | 30 37 32 22 19 02 00 00
RDX=0x000002191d9bb6e0 points into unknown readable memory: 0x0000000700c30f20 | 20 0f c3 00 07 00 00 00
RSP=0x0000002018ffe558 is pointing into the stack for thread: 0x000002191da51150
RBP=0x0000000000000002 is an unknown value
RSI=0x0000002018ffe600 is pointing into the stack for thread: 0x000002191da51150
RDI=0x000002191da51430 points into unknown readable memory: 0x0000021922323730 | 30 37 32 22 19 02 00 00
R8 =0x0000000000010002 is an unknown value
R9 =0x0 is NULL
R10=0x00007ff87a7f0000 VCRUNTIME140.dll
R11=0x0000002018ffe528 is pointing into the stack for thread: 0x000002191da51150
R12=0x0000000000000007 is an unknown value
R13=0x000002197698aef0 points into unknown readable memory: 0x00007ff81a48e370 | 70 e3 48 1a f8 7f 00 00
R14=0x00007ff871950300 jdwp.dll
R15=0x0 is NULL


Top of Stack: (sp=0x0000002018ffe558)
0x0000002018ffe558:   00007ff87193611f 000002191d9bb6e0
0x0000002018ffe568:   0000002018ffe600 0000000000000000
0x0000002018ffe578:   0000000000000000 00007ff81a5313f0
0x0000002018ffe588:   00007ff81a5313f0 000002191d15f988
0x0000002018ffe598:   00007ff871950348 000002191d9bb6e0
0x0000002018ffe5a8:   00007ff87193279f 000002191d9bb6e0
0x0000002018ffe5b8:   0000000000000002 000002191da51430
0x0000002018ffe5c8:   000002191d9bb6e8 0000002018ffe760
0x0000002018ffe5d8:   00007ff819edd4cd 00000008010a40a4
0x0000002018ffe5e8:   0000002018ffe760 0000002018ffe760
0x0000002018ffe5f8:   00007ff819fd11ef 0000000000000007
0x0000002018ffe608:   000002191d9bb6e0 0000000000000000
0x0000002018ffe618:   000002191d9bb6e8 0000000000000000
0x0000002018ffe628:   0000000000000000 0000000000000000
0x0000002018ffe638:   0000000000000000 0000000000000000
0x0000002018ffe648:   0000000000000000 0000000000000000
0x0000002018ffe658:   000002191d9bb6e0 00000008010a4000
0x0000002018ffe668:   00007ff819eb8f85 000002191d9bb6e8
0x0000002018ffe678:   000002191da682c0 000002191da51150
0x0000002018ffe688:   00007ff819ede6f5 000002191d15f948
0x0000002018ffe698:   00007ff819d08a26 0000000000000000
0x0000002018ffe6a8:   000002197699c720 000002191da51150
0x0000002018ffe6b8:   000000080060e6c0 000002191d952670
0x0000002018ffe6c8:   000002191d1d8cd0 000002191d1d8ce0
0x0000002018ffe6d8:   000002191d1d90b8 00000000000003d8
0x0000002018ffe6e8:   000002191da51150 000002191da51150
0x0000002018ffe6f8:   000002191d952e70 000002191d120040
0x0000002018ffe708:   000002191d120088 000002191d120128
0x0000002018ffe718:   00000000000000d8 0000002018ffe730
0x0000002018ffe728:   0000002018ffe860 000002191da51150
0x0000002018ffe738:   000002191d952e70 000002191d120040
0x0000002018ffe748:   000002191d120088 000002191d120128 

Instructions: (pc=0x00007ff87194682c)
0x00007ff87194672c:   05 ff 09 01 00 48 8b 03 48 8b d7 4d 8b 40 30 48
0x00007ff87194673c:   8b cb 48 8b 5c 24 30 48 83 c4 20 5f 48 ff a0 00
0x00007ff87194674c:   01 00 00 cc 48 89 5c 24 08 57 48 83 ec 20 48 8b
0x00007ff87194675c:   f9 e8 f2 ea ff ff 4c 8b 05 c7 09 01 00 48 8b d8
0x00007ff87194676c:   41 f6 80 10 02 00 00 02 74 33 41 b8 1f 06 00 00
0x00007ff87194677c:   48 8d 15 e5 c3 00 00 48 8d 0d 7a 5c 00 00 e8 71
0x00007ff87194678c:   49 ff ff 48 8d 15 62 9a 00 00 48 8d 0d 7b 5c 00
0x00007ff87194679c:   00 e8 06 4a ff ff 4c 8b 05 87 09 01 00 48 8b 03
0x00007ff8719467ac:   48 8b d7 4d 8b 40 38 48 8b cb 48 8b 5c 24 30 48
0x00007ff8719467bc:   83 c4 20 5f 48 ff a0 00 01 00 00 cc 48 89 5c 24
0x00007ff8719467cc:   08 57 48 83 ec 20 48 8b f9 e8 7a ea ff ff 48 8b
0x00007ff8719467dc:   15 4f 09 01 00 48 8b d8 f6 82 10 02 00 00 02 74
0x00007ff8719467ec:   2c 41 b8 11 06 00 00 48 8d 15 6e c3 00 00 48 8d
0x00007ff8719467fc:   0d 03 5c 00 00 e8 fa 48 ff ff 48 8d 15 e3 6c 00
0x00007ff87194680c:   00 48 8d 0d 04 5c 00 00 e8 8f 49 ff ff 48 8b 03
0x00007ff87194681c:   48 8b d7 48 8b cb 48 8b 5c 24 30 48 83 c4 20 5f
0x00007ff87194682c:   48 ff a0 50 07 00 00 cc 48 89 5c 24 08 48 89 74
0x00007ff87194683c:   24 10 48 89 7c 24 18 41 56 48 83 ec 20 4c 63 f2
0x00007ff87194684c:   49 8b d8 48 8b d1 41 8b f9 48 8b cb 4d 8d 46 ff
0x00007ff87194685c:   ff 15 0e 5a 00 00 85 c0 75 3c 41 0f be 44 1e ff
0x00007ff87194686c:   3b c7 75 32 49 03 de eb 10 0f be c8 ff 15 e2 59
0x00007ff87194687c:   00 00 85 c0 74 09 48 ff c3 8a 03 84 c0 75 ea 80
0x00007ff87194688c:   3b 3b 74 12 8b d7 48 8b cb e8 78 4a 00 00 48 85
0x00007ff87194689c:   c0 0f 94 c0 eb 02 32 c0 48 8b 5c 24 30 48 8b 74
0x00007ff8719468ac:   24 38 48 8b 7c 24 40 48 83 c4 20 41 5e c3 cc cc
0x00007ff8719468bc:   0f b6 d1 83 fa 1e 0f 87 83 00 00 00 74 7b 83 fa
0x00007ff8719468cc:   07 77 41 74 39 83 ea 01 74 2e 83 ea 01 74 23 83
0x00007ff8719468dc:   ea 01 74 18 83 ea 01 74 0d 83 fa 02 0f 85 8a 00
0x00007ff8719468ec:   00 00 8d 42 03 c3 b8 04 00 00 00 c3 b8 03 00 00
0x00007ff8719468fc:   00 c3 b8 02 00 00 00 c3 b8 01 00 00 00 c3 b8 06
0x00007ff87194690c:   00 00 00 c3 b8 08 00 00 00 2b d0 74 26 83 ea 01
0x00007ff87194691c:   0f 84 88 00 00 00 83 ea 01 74 12 b8 0a 00 00 00 


Stack slot to memory mapping:
stack at sp + 0 slots: 0x00007ff87193611f jdwp.dll
stack at sp + 1 slots: 0x000002191d9bb6e0 points into unknown readable memory: 0x0000000700c30f20 | 20 0f c3 00 07 00 00 00
stack at sp + 2 slots: 0x0000002018ffe600 is pointing into the stack for thread: 0x000002191da51150
stack at sp + 3 slots: 0x0 is NULL
stack at sp + 4 slots: 0x0 is NULL
stack at sp + 5 slots: 0x00007ff81a5313f0 jvm.dll
stack at sp + 6 slots: 0x00007ff81a5313f0 jvm.dll
stack at sp + 7 slots: 0x000002191d15f988 points into unknown readable memory: 0x8000000600000001 | 01 00 00 00 06 00 00 80


---------------  P R O C E S S  ---------------

Threads class SMR info:
_java_thread_list=0x000002191d4035a0, length=16, elements={
0x000002197e680690, 0x000002197e681b10, 0x000002197e684910, 0x000002197e685450,
0x000002197e688db0, 0x000002197e6896f0, 0x000002197e68c370, 0x000002191d11d500,
0x000002191d1c5490, 0x000002191d29bbb0, 0x000002191d2a2aa0, 0x000002191d287df0,
0x000002191d967610, 0x000002191da51150, 0x00000219769a0670, 0x0000021921b8a7a0
}

Java Threads: ( => current thread )
  0x000002197e680690 JavaThread "Reference Handler" daemon [_thread_blocked, id=1720, stack(0x0000002018100000,0x0000002018200000)]
  0x000002197e681b10 JavaThread "Finalizer" daemon [_thread_blocked, id=2888, stack(0x0000002018200000,0x0000002018300000)]
  0x000002197e684910 JavaThread "Signal Dispatcher" daemon [_thread_blocked, id=8088, stack(0x0000002018300000,0x0000002018400000)]
  0x000002197e685450 JavaThread "Attach Listener" daemon [_thread_blocked, id=15328, stack(0x0000002018400000,0x0000002018500000)]
  0x000002197e688db0 JavaThread "Service Thread" daemon [_thread_blocked, id=9652, stack(0x0000002018500000,0x0000002018600000)]
  0x000002197e6896f0 JavaThread "Monitor Deflation Thread" daemon [_thread_blocked, id=15068, stack(0x0000002018600000,0x0000002018700000)]
  0x000002197e68c370 JavaThread "C2 CompilerThread0" daemon [_thread_blocked, id=7052, stack(0x0000002018700000,0x0000002018800000)]
  0x000002191d11d500 JavaThread "C1 CompilerThread0" daemon [_thread_blocked, id=17548, stack(0x0000002018800000,0x0000002018900000)]
  0x000002191d1c5490 JavaThread "Common-Cleaner" daemon [_thread_blocked, id=16520, stack(0x0000002018900000,0x0000002018a00000)]
  0x000002191d29bbb0 JavaThread "JDWP Transport Listener: dt_socket" daemon [_thread_blocked, id=16796, stack(0x0000002018a00000,0x0000002018b00000)]
  0x000002191d2a2aa0 JavaThread "JDWP Event Helper Thread" daemon [_thread_blocked, id=15320, stack(0x0000002018b00000,0x0000002018c00000)]
  0x000002191d287df0 JavaThread "JDWP Command Reader" daemon [_thread_in_native, id=17588, stack(0x0000002018c00000,0x0000002018d00000)]
  0x000002191d967610 JavaThread "Notification Thread" daemon [_thread_blocked, id=15152, stack(0x0000002018d00000,0x0000002018e00000)]
=>0x000002191da51150 JavaThread "Main Thread" [_thread_in_native, id=16108, stack(0x0000002018f00000,0x0000002019000000)]
  0x00000219769a0670 JavaThread "DestroyJavaVM" [_thread_blocked, id=10244, stack(0x0000002017900000,0x0000002017a00000)]
  0x0000021921b8a7a0 JavaThread "C2 CompilerThread1" daemon [_thread_blocked, id=17692, stack(0x0000002019a00000,0x0000002019b00000)]

Other Threads:
  0x000002197e660f60 VMThread "VM Thread" [stack: 0x0000002018000000,0x0000002018100000] [id=17472]
  0x000002191d967b60 WatcherThread "VM Periodic Task Thread" [stack: 0x0000002018e00000,0x0000002018f00000] [id=16756]
  0x0000021976a0f2f0 WorkerThread "GC Thread#0" [stack: 0x0000002017b00000,0x0000002017c00000] [id=18260]
  0x000002191da92e30 WorkerThread "GC Thread#1" [stack: 0x0000002019000000,0x0000002019100000] [id=8136]
  0x000002191da93100 WorkerThread "GC Thread#2" [stack: 0x0000002019100000,0x0000002019200000] [id=18212]
  0x000002191da933d0 WorkerThread "GC Thread#3" [stack: 0x0000002019200000,0x0000002019300000] [id=9156]
  0x0000021976a21150 ConcurrentGCThread "G1 Main Marker" [stack: 0x0000002017c00000,0x0000002017d00000] [id=17460]
  0x0000021976a224c0 WorkerThread "G1 Conc#0" [stack: 0x0000002017d00000,0x0000002017e00000] [id=17544]
  0x000002197e5134d0 ConcurrentGCThread "G1 Refine#0" [stack: 0x0000002017e00000,0x0000002017f00000] [id=10848]
  0x000002197e513d80 ConcurrentGCThread "G1 Service" [stack: 0x0000002017f00000,0x0000002018000000] [id=13736]

Threads with active compile tasks:

VM state: not at safepoint (normal execution)

VM Mutex/Monitor currently owned by a thread: None

Heap address: 0x0000000700c00000, size: 4084 MB, Compressed Oops mode: Zero based, Oop shift amount: 3

CDS archive(s) mapped at: [0x0000000800000000-0x0000000800c60000-0x0000000800c60000), size 12976128, SharedBaseAddress: 0x0000000800000000, ArchiveRelocationMode: 0.
Compressed class space mapped at: 0x0000000801000000-0x0000000841000000, reserved size: 1073741824
Narrow klass base: 0x0000000800000000, Narrow klass shift: 0, Narrow klass range: 0x100000000

GC Precious Log:
 CardTable entry size: 512
 Card Set container configuration: InlinePtr #cards 4 size 8 Array Of Cards #cards 16 size 48 Howl #buckets 8 coarsen threshold 3686 Howl Bitmap #cards 512 size 80 coarsen threshold 460 Card regions per heap region 1 cards per card region 4096
 CPUs: 4 total, 4 available
 Memory: 16328M
 Large Page Support: Disabled
 NUMA Support: Disabled
 Compressed Oops: Enabled (Zero based)
 Heap Region Size: 2M
 Heap Min Capacity: 8M
 Heap Initial Capacity: 256M
 Heap Max Capacity: 4084M
 Pre-touch: Disabled
 Parallel Workers: 4
 Concurrent Workers: 1
 Concurrent Refinement Workers: 4
 Periodic GC: Disabled

Heap:
 garbage-first heap   total 262144K, used 19873K [0x0000000700c00000, 0x0000000800000000)
  region size 2048K, 10 young (20480K), 1 survivors (2048K)
 Metaspace       used 8643K, committed 8832K, reserved 1114112K
  class space    used 553K, committed 640K, reserved 1048576K

Heap Regions: E=young(eden), S=young(survivor), O=old, HS=humongous(starts), HC=humongous(continues), CS=collection set, F=free, OA=open archive, CA=closed archive, TAMS=top-at-mark-start, PB=parsable bottom
|   0|0x0000000700c00000, 0x0000000700e00000, 0x0000000700e00000|100%| O|  |TAMS 0x0000000700c00000| PB 0x0000000700c00000| Untracked 
|   1|0x0000000700e00000, 0x0000000700e31600, 0x0000000701000000|  9%| O|  |TAMS 0x0000000700e00000| PB 0x0000000700e00000| Untracked 
|   2|0x0000000701000000, 0x0000000701000000, 0x0000000701200000|  0%| F|  |TAMS 0x0000000701000000| PB 0x0000000701000000| Untracked 
|   3|0x0000000701200000, 0x0000000701200000, 0x0000000701400000|  0%| F|  |TAMS 0x0000000701200000| PB 0x0000000701200000| Untracked 
|   4|0x0000000701400000, 0x0000000701400000, 0x0000000701600000|  0%| F|  |TAMS 0x0000000701400000| PB 0x0000000701400000| Untracked 
|   5|0x0000000701600000, 0x0000000701600000, 0x0000000701800000|  0%| F|  |TAMS 0x0000000701600000| PB 0x0000000701600000| Untracked 
|   6|0x0000000701800000, 0x0000000701800000, 0x0000000701a00000|  0%| F|  |TAMS 0x0000000701800000| PB 0x0000000701800000| Untracked 
|   7|0x0000000701a00000, 0x0000000701a00000, 0x0000000701c00000|  0%| F|  |TAMS 0x0000000701a00000| PB 0x0000000701a00000| Untracked 
|   8|0x0000000701c00000, 0x0000000701c00000, 0x0000000701e00000|  0%| F|  |TAMS 0x0000000701c00000| PB 0x0000000701c00000| Untracked 
|   9|0x0000000701e00000, 0x0000000701e00000, 0x0000000702000000|  0%| F|  |TAMS 0x0000000701e00000| PB 0x0000000701e00000| Untracked 
|  10|0x0000000702000000, 0x0000000702000000, 0x0000000702200000|  0%| F|  |TAMS 0x0000000702000000| PB 0x0000000702000000| Untracked 
|  11|0x0000000702200000, 0x0000000702200000, 0x0000000702400000|  0%| F|  |TAMS 0x0000000702200000| PB 0x0000000702200000| Untracked 
|  12|0x0000000702400000, 0x0000000702400000, 0x0000000702600000|  0%| F|  |TAMS 0x0000000702400000| PB 0x0000000702400000| Untracked 
|  13|0x0000000702600000, 0x0000000702600000, 0x0000000702800000|  0%| F|  |TAMS 0x0000000702600000| PB 0x0000000702600000| Untracked 
|  14|0x0000000702800000, 0x0000000702800000, 0x0000000702a00000|  0%| F|  |TAMS 0x0000000702800000| PB 0x0000000702800000| Untracked 
|  15|0x0000000702a00000, 0x0000000702a00000, 0x0000000702c00000|  0%| F|  |TAMS 0x0000000702a00000| PB 0x0000000702a00000| Untracked 
|  16|0x0000000702c00000, 0x0000000702c00000, 0x0000000702e00000|  0%| F|  |TAMS 0x0000000702c00000| PB 0x0000000702c00000| Untracked 
|  17|0x0000000702e00000, 0x0000000702e00000, 0x0000000703000000|  0%| F|  |TAMS 0x0000000702e00000| PB 0x0000000702e00000| Untracked 
|  18|0x0000000703000000, 0x0000000703000000, 0x0000000703200000|  0%| F|  |TAMS 0x0000000703000000| PB 0x0000000703000000| Untracked 
|  19|0x0000000703200000, 0x0000000703200000, 0x0000000703400000|  0%| F|  |TAMS 0x0000000703200000| PB 0x0000000703200000| Untracked 
|  20|0x0000000703400000, 0x0000000703400000, 0x0000000703600000|  0%| F|  |TAMS 0x0000000703400000| PB 0x0000000703400000| Untracked 
|  21|0x0000000703600000, 0x0000000703600000, 0x0000000703800000|  0%| F|  |TAMS 0x0000000703600000| PB 0x0000000703600000| Untracked 
|  22|0x0000000703800000, 0x0000000703800000, 0x0000000703a00000|  0%| F|  |TAMS 0x0000000703800000| PB 0x0000000703800000| Untracked 
|  23|0x0000000703a00000, 0x0000000703a00000, 0x0000000703c00000|  0%| F|  |TAMS 0x0000000703a00000| PB 0x0000000703a00000| Untracked 
|  24|0x0000000703c00000, 0x0000000703c00000, 0x0000000703e00000|  0%| F|  |TAMS 0x0000000703c00000| PB 0x0000000703c00000| Untracked 
|  25|0x0000000703e00000, 0x0000000703e00000, 0x0000000704000000|  0%| F|  |TAMS 0x0000000703e00000| PB 0x0000000703e00000| Untracked 
|  26|0x0000000704000000, 0x0000000704000000, 0x0000000704200000|  0%| F|  |TAMS 0x0000000704000000| PB 0x0000000704000000| Untracked 
|  27|0x0000000704200000, 0x0000000704200000, 0x0000000704400000|  0%| F|  |TAMS 0x0000000704200000| PB 0x0000000704200000| Untracked 
|  28|0x0000000704400000, 0x0000000704400000, 0x0000000704600000|  0%| F|  |TAMS 0x0000000704400000| PB 0x0000000704400000| Untracked 
|  29|0x0000000704600000, 0x0000000704600000, 0x0000000704800000|  0%| F|  |TAMS 0x0000000704600000| PB 0x0000000704600000| Untracked 
|  30|0x0000000704800000, 0x0000000704800000, 0x0000000704a00000|  0%| F|  |TAMS 0x0000000704800000| PB 0x0000000704800000| Untracked 
|  31|0x0000000704a00000, 0x0000000704a00000, 0x0000000704c00000|  0%| F|  |TAMS 0x0000000704a00000| PB 0x0000000704a00000| Untracked 
|  32|0x0000000704c00000, 0x0000000704c00000, 0x0000000704e00000|  0%| F|  |TAMS 0x0000000704c00000| PB 0x0000000704c00000| Untracked 
|  33|0x0000000704e00000, 0x0000000704e00000, 0x0000000705000000|  0%| F|  |TAMS 0x0000000704e00000| PB 0x0000000704e00000| Untracked 
|  34|0x0000000705000000, 0x0000000705000000, 0x0000000705200000|  0%| F|  |TAMS 0x0000000705000000| PB 0x0000000705000000| Untracked 
|  35|0x0000000705200000, 0x0000000705200000, 0x0000000705400000|  0%| F|  |TAMS 0x0000000705200000| PB 0x0000000705200000| Untracked 
|  36|0x0000000705400000, 0x0000000705400000, 0x0000000705600000|  0%| F|  |TAMS 0x0000000705400000| PB 0x0000000705400000| Untracked 
|  37|0x0000000705600000, 0x0000000705600000, 0x0000000705800000|  0%| F|  |TAMS 0x0000000705600000| PB 0x0000000705600000| Untracked 
|  38|0x0000000705800000, 0x0000000705800000, 0x0000000705a00000|  0%| F|  |TAMS 0x0000000705800000| PB 0x0000000705800000| Untracked 
|  39|0x0000000705a00000, 0x0000000705a00000, 0x0000000705c00000|  0%| F|  |TAMS 0x0000000705a00000| PB 0x0000000705a00000| Untracked 
|  40|0x0000000705c00000, 0x0000000705c00000, 0x0000000705e00000|  0%| F|  |TAMS 0x0000000705c00000| PB 0x0000000705c00000| Untracked 
|  41|0x0000000705e00000, 0x0000000705e00000, 0x0000000706000000|  0%| F|  |TAMS 0x0000000705e00000| PB 0x0000000705e00000| Untracked 
|  42|0x0000000706000000, 0x0000000706000000, 0x0000000706200000|  0%| F|  |TAMS 0x0000000706000000| PB 0x0000000706000000| Untracked 
|  43|0x0000000706200000, 0x0000000706200000, 0x0000000706400000|  0%| F|  |TAMS 0x0000000706200000| PB 0x0000000706200000| Untracked 
|  44|0x0000000706400000, 0x0000000706400000, 0x0000000706600000|  0%| F|  |TAMS 0x0000000706400000| PB 0x0000000706400000| Untracked 
|  45|0x0000000706600000, 0x0000000706600000, 0x0000000706800000|  0%| F|  |TAMS 0x0000000706600000| PB 0x0000000706600000| Untracked 
|  46|0x0000000706800000, 0x0000000706800000, 0x0000000706a00000|  0%| F|  |TAMS 0x0000000706800000| PB 0x0000000706800000| Untracked 
|  47|0x0000000706a00000, 0x0000000706a00000, 0x0000000706c00000|  0%| F|  |TAMS 0x0000000706a00000| PB 0x0000000706a00000| Untracked 
|  48|0x0000000706c00000, 0x0000000706c00000, 0x0000000706e00000|  0%| F|  |TAMS 0x0000000706c00000| PB 0x0000000706c00000| Untracked 
|  49|0x0000000706e00000, 0x0000000706e00000, 0x0000000707000000|  0%| F|  |TAMS 0x0000000706e00000| PB 0x0000000706e00000| Untracked 
|  50|0x0000000707000000, 0x0000000707000000, 0x0000000707200000|  0%| F|  |TAMS 0x0000000707000000| PB 0x0000000707000000| Untracked 
|  51|0x0000000707200000, 0x0000000707200000, 0x0000000707400000|  0%| F|  |TAMS 0x0000000707200000| PB 0x0000000707200000| Untracked 
|  52|0x0000000707400000, 0x0000000707400000, 0x0000000707600000|  0%| F|  |TAMS 0x0000000707400000| PB 0x0000000707400000| Untracked 
|  53|0x0000000707600000, 0x0000000707600000, 0x0000000707800000|  0%| F|  |TAMS 0x0000000707600000| PB 0x0000000707600000| Untracked 
|  54|0x0000000707800000, 0x0000000707800000, 0x0000000707a00000|  0%| F|  |TAMS 0x0000000707800000| PB 0x0000000707800000| Untracked 
|  55|0x0000000707a00000, 0x0000000707a00000, 0x0000000707c00000|  0%| F|  |TAMS 0x0000000707a00000| PB 0x0000000707a00000| Untracked 
|  56|0x0000000707c00000, 0x0000000707c00000, 0x0000000707e00000|  0%| F|  |TAMS 0x0000000707c00000| PB 0x0000000707c00000| Untracked 
|  57|0x0000000707e00000, 0x0000000707e00000, 0x0000000708000000|  0%| F|  |TAMS 0x0000000707e00000| PB 0x0000000707e00000| Untracked 
|  58|0x0000000708000000, 0x0000000708000000, 0x0000000708200000|  0%| F|  |TAMS 0x0000000708000000| PB 0x0000000708000000| Untracked 
|  59|0x0000000708200000, 0x0000000708200000, 0x0000000708400000|  0%| F|  |TAMS 0x0000000708200000| PB 0x0000000708200000| Untracked 
|  60|0x0000000708400000, 0x0000000708400000, 0x0000000708600000|  0%| F|  |TAMS 0x0000000708400000| PB 0x0000000708400000| Untracked 
|  61|0x0000000708600000, 0x0000000708600000, 0x0000000708800000|  0%| F|  |TAMS 0x0000000708600000| PB 0x0000000708600000| Untracked 
|  62|0x0000000708800000, 0x0000000708800000, 0x0000000708a00000|  0%| F|  |TAMS 0x0000000708800000| PB 0x0000000708800000| Untracked 
|  63|0x0000000708a00000, 0x0000000708a00000, 0x0000000708c00000|  0%| F|  |TAMS 0x0000000708a00000| PB 0x0000000708a00000| Untracked 
|  64|0x0000000708c00000, 0x0000000708c00000, 0x0000000708e00000|  0%| F|  |TAMS 0x0000000708c00000| PB 0x0000000708c00000| Untracked 
|  65|0x0000000708e00000, 0x0000000708e00000, 0x0000000709000000|  0%| F|  |TAMS 0x0000000708e00000| PB 0x0000000708e00000| Untracked 
|  66|0x0000000709000000, 0x0000000709000000, 0x0000000709200000|  0%| F|  |TAMS 0x0000000709000000| PB 0x0000000709000000| Untracked 
|  67|0x0000000709200000, 0x0000000709200000, 0x0000000709400000|  0%| F|  |TAMS 0x0000000709200000| PB 0x0000000709200000| Untracked 
|  68|0x0000000709400000, 0x0000000709400000, 0x0000000709600000|  0%| F|  |TAMS 0x0000000709400000| PB 0x0000000709400000| Untracked 
|  69|0x0000000709600000, 0x0000000709600000, 0x0000000709800000|  0%| F|  |TAMS 0x0000000709600000| PB 0x0000000709600000| Untracked 
|  70|0x0000000709800000, 0x0000000709800000, 0x0000000709a00000|  0%| F|  |TAMS 0x0000000709800000| PB 0x0000000709800000| Untracked 
|  71|0x0000000709a00000, 0x0000000709a00000, 0x0000000709c00000|  0%| F|  |TAMS 0x0000000709a00000| PB 0x0000000709a00000| Untracked 
|  72|0x0000000709c00000, 0x0000000709c00000, 0x0000000709e00000|  0%| F|  |TAMS 0x0000000709c00000| PB 0x0000000709c00000| Untracked 
|  73|0x0000000709e00000, 0x0000000709e00000, 0x000000070a000000|  0%| F|  |TAMS 0x0000000709e00000| PB 0x0000000709e00000| Untracked 
|  74|0x000000070a000000, 0x000000070a000000, 0x000000070a200000|  0%| F|  |TAMS 0x000000070a000000| PB 0x000000070a000000| Untracked 
|  75|0x000000070a200000, 0x000000070a200000, 0x000000070a400000|  0%| F|  |TAMS 0x000000070a200000| PB 0x000000070a200000| Untracked 
|  76|0x000000070a400000, 0x000000070a400000, 0x000000070a600000|  0%| F|  |TAMS 0x000000070a400000| PB 0x000000070a400000| Untracked 
|  77|0x000000070a600000, 0x000000070a600000, 0x000000070a800000|  0%| F|  |TAMS 0x000000070a600000| PB 0x000000070a600000| Untracked 
|  78|0x000000070a800000, 0x000000070a800000, 0x000000070aa00000|  0%| F|  |TAMS 0x000000070a800000| PB 0x000000070a800000| Untracked 
|  79|0x000000070aa00000, 0x000000070aa00000, 0x000000070ac00000|  0%| F|  |TAMS 0x000000070aa00000| PB 0x000000070aa00000| Untracked 
|  80|0x000000070ac00000, 0x000000070ac00000, 0x000000070ae00000|  0%| F|  |TAMS 0x000000070ac00000| PB 0x000000070ac00000| Untracked 
|  81|0x000000070ae00000, 0x000000070ae00000, 0x000000070b000000|  0%| F|  |TAMS 0x000000070ae00000| PB 0x000000070ae00000| Untracked 
|  82|0x000000070b000000, 0x000000070b000000, 0x000000070b200000|  0%| F|  |TAMS 0x000000070b000000| PB 0x000000070b000000| Untracked 
|  83|0x000000070b200000, 0x000000070b200000, 0x000000070b400000|  0%| F|  |TAMS 0x000000070b200000| PB 0x000000070b200000| Untracked 
|  84|0x000000070b400000, 0x000000070b400000, 0x000000070b600000|  0%| F|  |TAMS 0x000000070b400000| PB 0x000000070b400000| Untracked 
|  85|0x000000070b600000, 0x000000070b600000, 0x000000070b800000|  0%| F|  |TAMS 0x000000070b600000| PB 0x000000070b600000| Untracked 
|  86|0x000000070b800000, 0x000000070b800000, 0x000000070ba00000|  0%| F|  |TAMS 0x000000070b800000| PB 0x000000070b800000| Untracked 
|  87|0x000000070ba00000, 0x000000070ba00000, 0x000000070bc00000|  0%| F|  |TAMS 0x000000070ba00000| PB 0x000000070ba00000| Untracked 
|  88|0x000000070bc00000, 0x000000070bc00000, 0x000000070be00000|  0%| F|  |TAMS 0x000000070bc00000| PB 0x000000070bc00000| Untracked 
|  89|0x000000070be00000, 0x000000070be00000, 0x000000070c000000|  0%| F|  |TAMS 0x000000070be00000| PB 0x000000070be00000| Untracked 
|  90|0x000000070c000000, 0x000000070c000000, 0x000000070c200000|  0%| F|  |TAMS 0x000000070c000000| PB 0x000000070c000000| Untracked 
|  91|0x000000070c200000, 0x000000070c200000, 0x000000070c400000|  0%| F|  |TAMS 0x000000070c200000| PB 0x000000070c200000| Untracked 
|  92|0x000000070c400000, 0x000000070c400000, 0x000000070c600000|  0%| F|  |TAMS 0x000000070c400000| PB 0x000000070c400000| Untracked 
|  93|0x000000070c600000, 0x000000070c600000, 0x000000070c800000|  0%| F|  |TAMS 0x000000070c600000| PB 0x000000070c600000| Untracked 
|  94|0x000000070c800000, 0x000000070c800000, 0x000000070ca00000|  0%| F|  |TAMS 0x000000070c800000| PB 0x000000070c800000| Untracked 
|  95|0x000000070ca00000, 0x000000070ca00000, 0x000000070cc00000|  0%| F|  |TAMS 0x000000070ca00000| PB 0x000000070ca00000| Untracked 
|  96|0x000000070cc00000, 0x000000070cc00000, 0x000000070ce00000|  0%| F|  |TAMS 0x000000070cc00000| PB 0x000000070cc00000| Untracked 
|  97|0x000000070ce00000, 0x000000070ce00000, 0x000000070d000000|  0%| F|  |TAMS 0x000000070ce00000| PB 0x000000070ce00000| Untracked 
|  98|0x000000070d000000, 0x000000070d000000, 0x000000070d200000|  0%| F|  |TAMS 0x000000070d000000| PB 0x000000070d000000| Untracked 
|  99|0x000000070d200000, 0x000000070d200000, 0x000000070d400000|  0%| F|  |TAMS 0x000000070d200000| PB 0x000000070d200000| Untracked 
| 100|0x000000070d400000, 0x000000070d400000, 0x000000070d600000|  0%| F|  |TAMS 0x000000070d400000| PB 0x000000070d400000| Untracked 
| 101|0x000000070d600000, 0x000000070d600000, 0x000000070d800000|  0%| F|  |TAMS 0x000000070d600000| PB 0x000000070d600000| Untracked 
| 102|0x000000070d800000, 0x000000070d800000, 0x000000070da00000|  0%| F|  |TAMS 0x000000070d800000| PB 0x000000070d800000| Untracked 
| 103|0x000000070da00000, 0x000000070da00000, 0x000000070dc00000|  0%| F|  |TAMS 0x000000070da00000| PB 0x000000070da00000| Untracked 
| 104|0x000000070dc00000, 0x000000070dc00000, 0x000000070de00000|  0%| F|  |TAMS 0x000000070dc00000| PB 0x000000070dc00000| Untracked 
| 105|0x000000070de00000, 0x000000070de00000, 0x000000070e000000|  0%| F|  |TAMS 0x000000070de00000| PB 0x000000070de00000| Untracked 
| 106|0x000000070e000000, 0x000000070e000000, 0x000000070e200000|  0%| F|  |TAMS 0x000000070e000000| PB 0x000000070e000000| Untracked 
| 107|0x000000070e200000, 0x000000070e200000, 0x000000070e400000|  0%| F|  |TAMS 0x000000070e200000| PB 0x000000070e200000| Untracked 
| 108|0x000000070e400000, 0x000000070e400000, 0x000000070e600000|  0%| F|  |TAMS 0x000000070e400000| PB 0x000000070e400000| Untracked 
| 109|0x000000070e600000, 0x000000070e600000, 0x000000070e800000|  0%| F|  |TAMS 0x000000070e600000| PB 0x000000070e600000| Untracked 
| 110|0x000000070e800000, 0x000000070e800000, 0x000000070ea00000|  0%| F|  |TAMS 0x000000070e800000| PB 0x000000070e800000| Untracked 
| 111|0x000000070ea00000, 0x000000070ea00000, 0x000000070ec00000|  0%| F|  |TAMS 0x000000070ea00000| PB 0x000000070ea00000| Untracked 
| 112|0x000000070ec00000, 0x000000070ec00000, 0x000000070ee00000|  0%| F|  |TAMS 0x000000070ec00000| PB 0x000000070ec00000| Untracked 
| 113|0x000000070ee00000, 0x000000070ee00000, 0x000000070f000000|  0%| F|  |TAMS 0x000000070ee00000| PB 0x000000070ee00000| Untracked 
| 114|0x000000070f000000, 0x000000070f000000, 0x000000070f200000|  0%| F|  |TAMS 0x000000070f000000| PB 0x000000070f000000| Untracked 
| 115|0x000000070f200000, 0x000000070f200000, 0x000000070f400000|  0%| F|  |TAMS 0x000000070f200000| PB 0x000000070f200000| Untracked 
| 116|0x000000070f400000, 0x000000070f400000, 0x000000070f600000|  0%| F|  |TAMS 0x000000070f400000| PB 0x000000070f400000| Untracked 
| 117|0x000000070f600000, 0x000000070f600000, 0x000000070f800000|  0%| F|  |TAMS 0x000000070f600000| PB 0x000000070f600000| Untracked 
| 118|0x000000070f800000, 0x000000070f8a6330, 0x000000070fa00000| 32%| E|  |TAMS 0x000000070f800000| PB 0x000000070f800000| Complete 
| 119|0x000000070fa00000, 0x000000070fb36f30, 0x000000070fc00000| 60%| S|CS|TAMS 0x000000070fa00000| PB 0x000000070fa00000| Complete 
| 120|0x000000070fc00000, 0x000000070fe00000, 0x000000070fe00000|100%| E|CS|TAMS 0x000000070fc00000| PB 0x000000070fc00000| Complete 
| 121|0x000000070fe00000, 0x0000000710000000, 0x0000000710000000|100%| E|CS|TAMS 0x000000070fe00000| PB 0x000000070fe00000| Complete 
| 122|0x0000000710000000, 0x0000000710200000, 0x0000000710200000|100%| E|CS|TAMS 0x0000000710000000| PB 0x0000000710000000| Complete 
| 123|0x0000000710200000, 0x0000000710400000, 0x0000000710400000|100%| E|CS|TAMS 0x0000000710200000| PB 0x0000000710200000| Complete 
| 124|0x0000000710400000, 0x0000000710600000, 0x0000000710600000|100%| E|CS|TAMS 0x0000000710400000| PB 0x0000000710400000| Complete 
| 125|0x0000000710600000, 0x0000000710800000, 0x0000000710800000|100%| E|CS|TAMS 0x0000000710600000| PB 0x0000000710600000| Complete 
| 126|0x0000000710800000, 0x0000000710a00000, 0x0000000710a00000|100%| E|CS|TAMS 0x0000000710800000| PB 0x0000000710800000| Complete 
| 127|0x0000000710a00000, 0x0000000710c00000, 0x0000000710c00000|100%| E|CS|TAMS 0x0000000710a00000| PB 0x0000000710a00000| Complete 

Card table byte_map: [0x0000021979070000,0x0000021979870000] _byte_map_base: 0x000002197586a000

Marking Bits: (CMBitMap*) 0x0000021976a10930
 Bits: [0x000002197a070000, 0x000002197e040000)

Polling page: 0x0000021976a70000

Metaspace:

Usage:
  Non-class:      7.90 MB used.
      Class:    553.88 KB used.
       Both:      8.44 MB used.

Virtual space:
  Non-class space:       64.00 MB reserved,       8.00 MB ( 12%) committed,  1 nodes.
      Class space:        1.00 GB reserved,     640.00 KB ( <1%) committed,  1 nodes.
             Both:        1.06 GB reserved,       8.62 MB ( <1%) committed. 

Chunk freelists:
   Non-Class:  3.42 MB
       Class:  3.36 MB
        Both:  6.77 MB

MaxMetaspaceSize: unlimited
CompressedClassSpaceSize: 1.00 GB
Initial GC threshold: 21.00 MB
Current GC threshold: 21.00 MB
CDS: on
MetaspaceReclaimPolicy: balanced
 - commit_granule_bytes: 65536.
 - commit_granule_words: 8192.
 - virtual_space_node_default_size: 8388608.
 - enlarge_chunks_in_place: 1.
 - new_chunks_are_fully_committed: 0.
 - uncommit_free_chunks: 1.
 - use_allocation_guard: 0.


Internal statistics:

num_allocs_failed_limit: 0.
num_arena_births: 76.
num_arena_deaths: 0.
num_vsnodes_births: 2.
num_vsnodes_deaths: 0.
num_space_committed: 136.
num_space_uncommitted: 0.
num_chunks_returned_to_freelist: 0.
num_chunks_taken_from_freelist: 261.
num_chunk_merges: 0.
num_chunk_splits: 200.
num_chunks_enlarged: 163.
num_inconsistent_stats: 0.

CodeHeap 'non-profiled nmethods': size=120000Kb used=493Kb max_used=493Kb free=119506Kb
 bounds [0x000002190fac0000, 0x000002190fd30000, 0x0000021916ff0000]
CodeHeap 'profiled nmethods': size=120000Kb used=2404Kb max_used=2404Kb free=117595Kb
 bounds [0x0000021907ff0000, 0x0000021908260000, 0x000002190f520000]
CodeHeap 'non-nmethods': size=5760Kb used=2210Kb max_used=2253Kb free=3549Kb
 bounds [0x000002190f520000, 0x000002190f790000, 0x000002190fac0000]
 total_blobs=2323 nmethods=1255 adapters=979
 compilation: enabled
              stopped_count=0, restarted_count=0
 full_count=0

Compilation events (20 events):
Event: 1.787 Thread 0x000002191d11d500 1243       3       org.lwjgl.system.CheckIntrinsics::checkIndex (6 bytes)
Event: 1.788 Thread 0x000002191d11d500 nmethod 1243 0x0000021908244f10 code [0x00000219082450a0, 0x0000021908245238]
Event: 1.794 Thread 0x0000021921b8a7a0 nmethod 1100 0x000002190fb30410 code [0x000002190fb30620, 0x000002190fb312c0]
Event: 1.795 Thread 0x0000021921b8a7a0 1248       4       java.util.concurrent.ConcurrentHashMap::get (162 bytes)
Event: 1.798 Thread 0x0000021921b8a7a0 nmethod 1248 0x000002190fb31e90 code [0x000002190fb32020, 0x000002190fb323e0]
Event: 1.798 Thread 0x0000021921b8a7a0 1247       4       java.lang.invoke.LambdaForm::uncustomize (57 bytes)
Event: 1.799 Thread 0x0000021921b8a7a0 nmethod 1247 0x000002190fb32710 code [0x000002190fb32880, 0x000002190fb32928]
Event: 1.799 Thread 0x0000021921b8a7a0 1249       4       java.lang.invoke.MethodHandle::<init> (37 bytes)
Event: 1.801 Thread 0x000002191d11d500 1251       3       jdk.internal.loader.BuiltinClassLoader::getAndVerifyPackage (113 bytes)
Event: 1.802 Thread 0x0000021921b8a7a0 nmethod 1249 0x000002190fb33090 code [0x000002190fb33220, 0x000002190fb335f0]
Event: 1.802 Thread 0x000002191d11d500 nmethod 1251 0x0000021908245310 code [0x0000021908245620, 0x0000021908246660]
Event: 1.802 Thread 0x0000021921b8a7a0 1250       4       java.lang.invoke.LambdaForm::prepare (112 bytes)
Event: 1.802 Thread 0x000002191d11d500 1253       3       java.security.CodeSource::matchCerts (254 bytes)
Event: 1.802 Thread 0x000002191d11d500 nmethod 1253 0x0000021908246c90 code [0x0000021908246ee0, 0x0000021908247ac0]
Event: 1.802 Thread 0x000002191d11d500 1252       3       java.security.SecureClassLoader$CodeSourceKey::equals (60 bytes)
Event: 1.803 Thread 0x0000021921b8a7a0 nmethod 1250 0x000002190fb33810 code [0x000002190fb33980, 0x000002190fb33a78]
Event: 1.803 Thread 0x0000021921b8a7a0 1094       4       org.eclipse.jdt.launching.internal.org.objectweb.asm.MethodWriter::computeMethodInfoSize (571 bytes)
Event: 1.803 Thread 0x000002191d11d500 nmethod 1252 0x0000021908247f10 code [0x0000021908248100, 0x00000219082487a0]
Event: 1.803 Thread 0x000002191d11d500 1254       3       java.lang.ClassLoader::defineClass (43 bytes)
Event: 1.803 Thread 0x000002191d11d500 nmethod 1254 0x0000021908248990 code [0x0000021908248b80, 0x00000219082490c0]

GC Heap History (4 events):
Event: 0.808 GC heap before
{Heap before GC invocations=0 (full 0):
 garbage-first heap   total 262144K, used 12288K [0x0000000700c00000, 0x0000000800000000)
  region size 2048K, 6 young (12288K), 0 survivors (0K)
 Metaspace       used 3690K, committed 3840K, reserved 1114112K
  class space    used 318K, committed 384K, reserved 1048576K
}
Event: 0.810 GC heap after
{Heap after GC invocations=1 (full 0):
 garbage-first heap   total 262144K, used 2221K [0x0000000700c00000, 0x0000000800000000)
  region size 2048K, 1 young (2048K), 1 survivors (2048K)
 Metaspace       used 3690K, committed 3840K, reserved 1114112K
  class space    used 318K, committed 384K, reserved 1048576K
}
Event: 1.564 GC heap before
{Heap before GC invocations=1 (full 0):
 garbage-first heap   total 262144K, used 14509K [0x0000000700c00000, 0x0000000800000000)
  region size 2048K, 8 young (16384K), 1 survivors (2048K)
 Metaspace       used 6317K, committed 6464K, reserved 1114112K
  class space    used 459K, committed 512K, reserved 1048576K
}
Event: 1.567 GC heap after
{Heap after GC invocations=2 (full 0):
 garbage-first heap   total 262144K, used 3489K [0x0000000700c00000, 0x0000000800000000)
  region size 2048K, 1 young (2048K), 1 survivors (2048K)
 Metaspace       used 6317K, committed 6464K, reserved 1114112K
  class space    used 459K, committed 512K, reserved 1048576K
}

Dll operation events (11 events):
Event: 0.079 Loaded shared library C:\Program Files\Java\jdk-20\bin\java.dll
Event: 0.093 Loaded shared library C:\Program Files\Java\jdk-20\bin\jsvml.dll
Event: 0.447 Loaded shared library C:\Program Files\Java\jdk-20\bin\zip.dll
Event: 0.453 Loaded shared library C:\Program Files\Java\jdk-20\bin\instrument.dll
Event: 0.460 Loaded shared library C:\Program Files\Java\jdk-20\bin\net.dll
Event: 0.461 Loaded shared library C:\Program Files\Java\jdk-20\bin\nio.dll
Event: 0.465 Loaded shared library C:\Program Files\Java\jdk-20\bin\zip.dll
Event: 0.591 Loaded shared library C:\Program Files\Java\jdk-20\bin\jimage.dll
Event: 0.668 Loaded shared library C:\Program Files\Java\jdk-20\bin\verify.dll
Event: 0.857 Loaded shared library C:\Users\smsmk\AppData\Local\Temp\lwjglsmsmk\3.2.3-build-13\lwjgl.dll
Event: 1.443 Loaded shared library C:\Users\smsmk\AppData\Local\Temp\lwjglsmsmk\3.2.3-build-13\lwjgl_opengl.dll

Deoptimization events (20 events):
Event: 1.144 Thread 0x000002191da51150 DEOPT PACKING pc=0x0000021908132244 sp=0x0000002018ffc980
Event: 1.144 Thread 0x000002191da51150 DEOPT UNPACKING pc=0x000002190f58a4c2 sp=0x0000002018ffbe28 mode 1
Event: 1.498 Thread 0x000002191da51150 Uncommon trap: trap_request=0xffffff45 fr.pc=0x000002190fae0b70 relative=0x0000000000000070
Event: 1.498 Thread 0x000002191da51150 Uncommon trap: reason=unstable_if action=reinterpret pc=0x000002190fae0b70 method=java.lang.String.isLatin1()Z @ 10 c2
Event: 1.498 Thread 0x000002191da51150 DEOPT PACKING pc=0x000002190fae0b70 sp=0x0000002018ffe580
Event: 1.498 Thread 0x000002191da51150 DEOPT UNPACKING pc=0x000002190f589d22 sp=0x0000002018ffe520 mode 2
Event: 1.498 Thread 0x000002191da51150 Uncommon trap: trap_request=0xffffff45 fr.pc=0x000002190fade4d4 relative=0x0000000000000054
Event: 1.498 Thread 0x000002191da51150 Uncommon trap: reason=unstable_if action=reinterpret pc=0x000002190fade4d4 method=java.lang.CharacterData.of(I)Ljava/lang/CharacterData; @ 4 c2
Event: 1.498 Thread 0x000002191da51150 DEOPT PACKING pc=0x000002190fade4d4 sp=0x0000002018ffe0c0
Event: 1.498 Thread 0x000002191da51150 DEOPT UNPACKING pc=0x000002190f589d22 sp=0x0000002018ffe060 mode 2
Event: 1.500 Thread 0x000002191da51150 Uncommon trap: trap_request=0xffffff54 fr.pc=0x000002190fb1147c relative=0x000000000000007c
Event: 1.500 Thread 0x000002191da51150 Uncommon trap: reason=speculate_null_assert action=make_not_entrant pc=0x000002190fb1147c method=sun.misc.Unsafe.putLong(Ljava/lang/Object;JJ)V @ 7 c2
Event: 1.500 Thread 0x000002191da51150 DEOPT PACKING pc=0x000002190fb1147c sp=0x0000002018ffebf0
Event: 1.500 Thread 0x000002191da51150 DEOPT UNPACKING pc=0x000002190f589d22 sp=0x0000002018ffeb88 mode 2
Event: 1.505 Thread 0x000002191da51150 Uncommon trap: trap_request=0xffffff54 fr.pc=0x000002190fb13278 relative=0x0000000000000078
Event: 1.505 Thread 0x000002191da51150 Uncommon trap: reason=speculate_null_assert action=make_not_entrant pc=0x000002190fb13278 method=sun.misc.Unsafe.getLong(Ljava/lang/Object;J)J @ 5 c2
Event: 1.505 Thread 0x000002191da51150 DEOPT PACKING pc=0x000002190fb13278 sp=0x0000002018ffea80
Event: 1.505 Thread 0x000002191da51150 DEOPT UNPACKING pc=0x000002190f589d22 sp=0x0000002018ffea18 mode 2
Event: 1.703 Thread 0x000002191da51150 DEOPT PACKING pc=0x000002190812c75b sp=0x0000002018ffc2d0
Event: 1.703 Thread 0x000002191da51150 DEOPT UNPACKING pc=0x000002190f58a4c2 sp=0x0000002018ffb7d0 mode 0

Classes loaded (20 events):
Event: 1.488 Loading class sun/util/resources/LocaleData$CommonResourceBundleProvider
Event: 1.488 Loading class sun/util/resources/LocaleData$LocaleDataResourceBundleProvider
Event: 1.488 Loading class java/util/spi/ResourceBundleProvider
Event: 1.488 Loading class java/util/spi/ResourceBundleProvider done
Event: 1.488 Loading class sun/util/resources/LocaleData$LocaleDataResourceBundleProvider done
Event: 1.488 Loading class sun/util/resources/LocaleData$CommonResourceBundleProvider done
Event: 1.489 Loading class java/util/ArrayList$SubList$1
Event: 1.489 Loading class java/util/ArrayList$SubList$1 done
Event: 1.491 Loading class sun/text/resources/cldr/FormatData_en
Event: 1.491 Loading class sun/text/resources/cldr/FormatData_en done
Event: 1.491 Loading class sun/util/resources/Bundles$2
Event: 1.491 Loading class sun/util/resources/Bundles$2 done
Event: 1.537 Loading class jdk/internal/foreign/MemorySessionImpl
Event: 1.537 Loading class java/lang/foreign/SegmentScope
Event: 1.537 Loading class java/lang/foreign/SegmentScope done
Event: 1.537 Loading class java/lang/foreign/SegmentAllocator
Event: 1.537 Loading class java/lang/foreign/SegmentAllocator done
Event: 1.537 Loading class jdk/internal/foreign/MemorySessionImpl done
Event: 1.738 Loading class jdk/internal/reflect/MethodHandleLongFieldAccessorImpl
Event: 1.738 Loading class jdk/internal/reflect/MethodHandleLongFieldAccessorImpl done

Classes unloaded (0 events):
No events

Classes redefined (0 events):
No events

Internal exceptions (20 events):
Event: 0.822 Thread 0x000002191da51150 Exception <a 'java/lang/NoSuchMethodError'{0x0000000710acdba0}: 'void java.lang.invoke.DirectMethodHandle$Holder.invokeStatic(java.lang.Object, java.lang.Object)'> (0x0000000710acdba0) 
thrown [s\open\src\hotspot\share\interpreter\linkResolver.cpp, line 773]
Event: 0.824 Thread 0x000002191da51150 Exception <a 'java/lang/NoSuchMethodError'{0x0000000710ad5268}: 'void java.lang.System.load(java.lang.String, java.lang.Class)'> (0x0000000710ad5268) 
thrown [s\open\src\hotspot\share\interpreter\linkResolver.cpp, line 773]
Event: 0.824 Thread 0x000002191da51150 Exception <a 'java/lang/NoSuchMethodError'{0x0000000710ad5c38}: 'void java.lang.invoke.DirectMethodHandle$Holder.invokeSpecial(java.lang.Object, java.lang.Object, java.lang.Object)'> (0x0000000710ad5c38) 
thrown [s\open\src\hotspot\share\interpreter\linkResolver.cpp, line 773]
Event: 0.827 Thread 0x000002191da51150 Exception <a 'java/lang/NoSuchMethodError'{0x0000000710ae9ca0}: 'java.lang.Object java.lang.invoke.DirectMethodHandle$Holder.invokeStatic(java.lang.Object, java.lang.Object, int)'> (0x0000000710ae9ca0) 
thrown [s\open\src\hotspot\share\interpreter\linkResolver.cpp, line 773]
Event: 0.828 Thread 0x000002191da51150 Exception <a 'java/lang/NoSuchMethodError'{0x0000000710af51a0}: 'void java.lang.invoke.DelegatingMethodHandle$Holder.delegate(java.lang.Object, java.lang.Object, int, java.lang.Object)'> (0x0000000710af51a0) 
thrown [s\open\src\hotspot\share\interpreter\linkResolver.cpp, line 773]
Event: 0.829 Thread 0x000002191da51150 Exception <a 'java/lang/NoSuchMethodError'{0x0000000710af8f88}: 'int java.lang.invoke.DirectMethodHandle$Holder.invokeSpecial(java.lang.Object, java.lang.Object, java.lang.Object)'> (0x0000000710af8f88) 
thrown [s\open\src\hotspot\share\interpreter\linkResolver.cpp, line 773]
Event: 0.833 Thread 0x000002191da51150 Exception <a 'java/lang/NoSuchMethodError'{0x0000000710b15520}: 'void java.lang.System.loadLibrary(java.lang.String, java.lang.Class)'> (0x0000000710b15520) 
thrown [s\open\src\hotspot\share\interpreter\linkResolver.cpp, line 773]
Event: 0.862 Thread 0x000002191da51150 Exception <a 'sun/nio/fs/WindowsException'{0x0000000710be9768}> (0x0000000710be9768) 
thrown [s\open\src\hotspot\share\prims\jni.cpp, line 519]
Event: 0.862 Thread 0x000002191da51150 Exception <a 'sun/nio/fs/WindowsException'{0x0000000710bead78}> (0x0000000710bead78) 
thrown [s\open\src\hotspot\share\prims\jni.cpp, line 519]
Event: 0.871 Thread 0x000002191da51150 Exception <a 'sun/nio/fs/WindowsException'{0x0000000710bff148}> (0x0000000710bff148) 
thrown [s\open\src\hotspot\share\prims\jni.cpp, line 519]
Event: 0.871 Thread 0x000002191da51150 Exception <a 'sun/nio/fs/WindowsException'{0x0000000710bff4b8}> (0x0000000710bff4b8) 
thrown [s\open\src\hotspot\share\prims\jni.cpp, line 519]
Event: 1.152 Thread 0x000002191da51150 Exception <a 'java/lang/NoSuchMethodError'{0x00000007106d59f0}: 'int java.lang.invoke.Invokers$Holder.invokeExact_MT(java.lang.Object, java.lang.Object)'> (0x00000007106d59f0) 
thrown [s\open\src\hotspot\share\interpreter\linkResolver.cpp, line 773]
Event: 1.437 Thread 0x000002191da51150 Exception <a 'java/lang/NoSuchMethodError'{0x00000007107a0b28}: 'void java.lang.System.load(java.lang.String, java.lang.Class)'> (0x00000007107a0b28) 
thrown [s\open\src\hotspot\share\interpreter\linkResolver.cpp, line 773]
Event: 1.438 Thread 0x000002191da51150 Exception <a 'java/lang/NoSuchMethodError'{0x00000007107a3910}: 'void java.lang.System.loadLibrary(java.lang.String, java.lang.Class)'> (0x00000007107a3910) 
thrown [s\open\src\hotspot\share\interpreter\linkResolver.cpp, line 773]
Event: 1.442 Thread 0x000002191da51150 Exception <a 'sun/nio/fs/WindowsException'{0x00000007107b34a0}> (0x00000007107b34a0) 
thrown [s\open\src\hotspot\share\prims\jni.cpp, line 519]
Event: 1.442 Thread 0x000002191da51150 Exception <a 'sun/nio/fs/WindowsException'{0x00000007107b3850}> (0x00000007107b3850) 
thrown [s\open\src\hotspot\share\prims\jni.cpp, line 519]
Event: 1.445 Thread 0x000002191da51150 Exception <a 'sun/nio/fs/WindowsException'{0x00000007107bd2f8}> (0x00000007107bd2f8) 
thrown [s\open\src\hotspot\share\prims\jni.cpp, line 519]
Event: 1.445 Thread 0x000002191da51150 Exception <a 'sun/nio/fs/WindowsException'{0x00000007107bd5e0}> (0x00000007107bd5e0) 
thrown [s\open\src\hotspot\share\prims\jni.cpp, line 519]
Event: 1.739 Thread 0x000002191da51150 Exception <a 'java/lang/NoSuchMethodError'{0x000000070fc60b48}: 'long java.lang.invoke.DelegatingMethodHandle$Holder.reinvoke_L(java.lang.Object, java.lang.Object)'> (0x000000070fc60b48) 
thrown [s\open\src\hotspot\share\interpreter\linkResolver.cpp, line 773]
Event: 1.740 Thread 0x000002191da51150 Exception <a 'java/lang/NoSuchMethodError'{0x000000070fc66fe8}: 'long java.lang.invoke.Invokers$Holder.invokeExact_MT(java.lang.Object, java.lang.Object, java.lang.Object)'> (0x000000070fc66fe8) 
thrown [s\open\src\hotspot\share\interpreter\linkResolver.cpp, line 773]

VM Operations (18 events):
Event: 0.245 Executing VM operation: HandshakeAllThreads
Event: 0.245 Executing VM operation: HandshakeAllThreads done
Event: 0.397 Executing VM operation: ChangeBreakpoints
Event: 0.398 Executing VM operation: ChangeBreakpoints done
Event: 0.750 Executing VM operation: HandshakeAllThreads
Event: 0.750 Executing VM operation: HandshakeAllThreads done
Event: 0.756 Executing VM operation: ChangeBreakpoints
Event: 0.757 Executing VM operation: ChangeBreakpoints done
Event: 0.808 Executing VM operation: G1CollectForAllocation
Event: 0.810 Executing VM operation: G1CollectForAllocation done
Event: 0.827 Executing VM operation: HandshakeAllThreads
Event: 0.827 Executing VM operation: HandshakeAllThreads done
Event: 0.842 Executing VM operation: HandshakeAllThreads
Event: 0.842 Executing VM operation: HandshakeAllThreads done
Event: 1.499 Executing VM operation: HandshakeAllThreads
Event: 1.499 Executing VM operation: HandshakeAllThreads done
Event: 1.564 Executing VM operation: G1CollectForAllocation
Event: 1.567 Executing VM operation: G1CollectForAllocation done

Events (18 events):
Event: 0.094 Thread 0x00000219769a0670 Thread added: 0x00000219769a0670
Event: 0.123 Thread 0x000002197e680690 Thread added: 0x000002197e680690
Event: 0.123 Thread 0x000002197e681b10 Thread added: 0x000002197e681b10
Event: 0.124 Thread 0x000002197e684910 Thread added: 0x000002197e684910
Event: 0.124 Thread 0x000002197e685450 Thread added: 0x000002197e685450
Event: 0.124 Thread 0x000002197e688db0 Thread added: 0x000002197e688db0
Event: 0.124 Thread 0x000002197e6896f0 Thread added: 0x000002197e6896f0
Event: 0.124 Thread 0x000002197e68c370 Thread added: 0x000002197e68c370
Event: 0.135 Thread 0x000002191d11d500 Thread added: 0x000002191d11d500
Event: 0.229 Thread 0x000002191d1c5490 Thread added: 0x000002191d1c5490
Event: 0.294 Thread 0x000002191d29bbb0 Thread added: 0x000002191d29bbb0
Event: 0.294 Thread 0x000002191d2a2aa0 Thread added: 0x000002191d2a2aa0
Event: 0.295 Thread 0x000002191d287df0 Thread added: 0x000002191d287df0
Event: 0.660 Thread 0x000002191d967610 Thread added: 0x000002191d967610
Event: 0.765 Thread 0x000002191da51150 Thread added: 0x000002191da51150
Event: 0.766 Thread 0x00000219769a0670 Thread exited: 0x00000219769a0670
Event: 0.766 Thread 0x00000219769a0670 Thread added: 0x00000219769a0670
Event: 1.484 Thread 0x0000021921b8a7a0 Thread added: 0x0000021921b8a7a0


Dynamic libraries:
0x00007ff6d91d0000 - 0x00007ff6d91e0000 	C:\Program Files\Java\jdk-20\bin\javaw.exe
0x00007ff8943f0000 - 0x00007ff8945e8000 	C:\Windows\SYSTEM32\ntdll.dll
0x00007ff892c90000 - 0x00007ff892d4f000 	C:\Windows\System32\KERNEL32.DLL
0x00007ff891da0000 - 0x00007ff892096000 	C:\Windows\System32\KERNELBASE.dll
0x00007ff892200000 - 0x00007ff892300000 	C:\Windows\System32\ucrtbase.dll
0x00007ff87b8c0000 - 0x00007ff87b8d9000 	C:\Program Files\Java\jdk-20\bin\jli.dll
0x00007ff892ac0000 - 0x00007ff892b6f000 	C:\Windows\System32\ADVAPI32.dll
0x00007ff892450000 - 0x00007ff8924ee000 	C:\Windows\System32\msvcrt.dll
0x00007ff8942f0000 - 0x00007ff89438c000 	C:\Windows\System32\sechost.dll
0x00007ff8924f0000 - 0x00007ff892616000 	C:\Windows\System32\RPCRT4.dll
0x00007ff8940a0000 - 0x00007ff89423d000 	C:\Windows\System32\USER32.dll
0x00007ff8923b0000 - 0x00007ff8923d2000 	C:\Windows\System32\win32u.dll
0x00007ff892b70000 - 0x00007ff892b9c000 	C:\Windows\System32\GDI32.dll
0x00007ff891bf0000 - 0x00007ff891d05000 	C:\Windows\System32\gdi32full.dll
0x00007ff891b50000 - 0x00007ff891bed000 	C:\Windows\System32\msvcp_win.dll
0x00007ff87a7f0000 - 0x00007ff87a80b000 	C:\Program Files\Java\jdk-20\bin\VCRUNTIME140.dll
0x00007ff886a40000 - 0x00007ff886cda000 	C:\Windows\WinSxS\amd64_microsoft.windows.common-controls_6595b64144ccf1df_6.0.19041.1110_none_60b5254171f9507e\COMCTL32.dll
0x00007ff88bc10000 - 0x00007ff88bc1a000 	C:\Windows\SYSTEM32\VERSION.dll
0x00007ff893930000 - 0x00007ff893960000 	C:\Windows\System32\IMM32.DLL
0x00007ff8894d0000 - 0x00007ff8894dc000 	C:\Program Files\Java\jdk-20\bin\vcruntime140_1.dll
0x00007ff86e270000 - 0x00007ff86e2fe000 	C:\Program Files\Java\jdk-20\bin\msvcp140.dll
0x00007ff819940000 - 0x00007ff81a5d7000 	C:\Program Files\Java\jdk-20\bin\server\jvm.dll
0x00007ff87a760000 - 0x00007ff87a769000 	C:\Windows\SYSTEM32\WSOCK32.dll
0x00007ff893650000 - 0x00007ff8936bb000 	C:\Windows\System32\WS2_32.dll
0x00007ff888e20000 - 0x00007ff888e47000 	C:\Windows\SYSTEM32\WINMM.dll
0x00007ff88f840000 - 0x00007ff88f852000 	C:\Windows\SYSTEM32\kernel.appcore.dll
0x00007ff883570000 - 0x00007ff88357a000 	C:\Program Files\Java\jdk-20\bin\jimage.dll
0x00007ff887b10000 - 0x00007ff887cf4000 	C:\Windows\SYSTEM32\DBGHELP.DLL
0x00007ff868c40000 - 0x00007ff868c74000 	C:\Windows\SYSTEM32\dbgcore.DLL
0x00007ff891d10000 - 0x00007ff891d92000 	C:\Windows\System32\bcryptPrimitives.dll
0x00007ff871920000 - 0x00007ff87195c000 	C:\Program Files\Java\jdk-20\bin\jdwp.dll
0x00007ff889780000 - 0x00007ff88978e000 	C:\Program Files\Java\jdk-20\bin\instrument.dll
0x00007ff872580000 - 0x00007ff8725a6000 	C:\Program Files\Java\jdk-20\bin\java.dll
0x00007ff86a530000 - 0x00007ff86a607000 	C:\Program Files\Java\jdk-20\bin\jsvml.dll
0x00007ff892f00000 - 0x00007ff893644000 	C:\Windows\System32\SHELL32.dll
0x00007ff88fb50000 - 0x00007ff8902e3000 	C:\Windows\SYSTEM32\windows.storage.dll
0x00007ff892620000 - 0x00007ff892974000 	C:\Windows\System32\combase.dll
0x00007ff891430000 - 0x00007ff89145e000 	C:\Windows\SYSTEM32\Wldp.dll
0x00007ff894240000 - 0x00007ff8942ed000 	C:\Windows\System32\SHCORE.dll
0x00007ff892ba0000 - 0x00007ff892bf5000 	C:\Windows\System32\shlwapi.dll
0x00007ff891a00000 - 0x00007ff891a25000 	C:\Windows\SYSTEM32\profapi.dll
0x00007ff8734f0000 - 0x00007ff8734fc000 	C:\Program Files\Java\jdk-20\bin\dt_socket.dll
0x00007ff890ed0000 - 0x00007ff890f0b000 	C:\Windows\SYSTEM32\IPHLPAPI.DLL
0x00007ff891210000 - 0x00007ff89127a000 	C:\Windows\system32\mswsock.dll
0x00007ff890f20000 - 0x00007ff890fea000 	C:\Windows\SYSTEM32\DNSAPI.dll
0x00007ff893960000 - 0x00007ff893968000 	C:\Windows\System32\NSI.dll
0x00007ff88b200000 - 0x00007ff88b20a000 	C:\Windows\System32\rasadhlp.dll
0x00007ff8898c0000 - 0x00007ff889942000 	C:\Windows\System32\fwpuclnt.dll
0x00007ff891b20000 - 0x00007ff891b47000 	C:\Windows\System32\bcrypt.dll
0x00007ff872560000 - 0x00007ff872578000 	C:\Program Files\Java\jdk-20\bin\zip.dll
0x00007ff877bd0000 - 0x00007ff877be3000 	C:\Program Files\Java\jdk-20\bin\net.dll
0x00007ff88b5c0000 - 0x00007ff88b6ca000 	C:\Windows\SYSTEM32\WINHTTP.dll
0x00007ff8734d0000 - 0x00007ff8734e6000 	C:\Program Files\Java\jdk-20\bin\nio.dll
0x00007ff87a7e0000 - 0x00007ff87a7f0000 	C:\Program Files\Java\jdk-20\bin\verify.dll
0x00007ff86e1b0000 - 0x00007ff86e214000 	C:\Users\smsmk\AppData\Local\Temp\lwjglsmsmk\3.2.3-build-13\lwjgl.dll
0x00007ff86e140000 - 0x00007ff86e1a2000 	C:\Users\smsmk\AppData\Local\Temp\lwjglsmsmk\3.2.3-build-13\glfw.dll
0x00007ff88f480000 - 0x00007ff88f51e000 	C:\Windows\system32\uxtheme.dll
0x00007ff86de60000 - 0x00007ff86dea5000 	C:\Windows\SYSTEM32\dinput8.dll
0x00007ff858040000 - 0x00007ff858051000 	C:\Windows\SYSTEM32\xinput1_4.dll
0x00007ff891ad0000 - 0x00007ff891b1e000 	C:\Windows\System32\cfgmgr32.dll
0x00007ff891860000 - 0x00007ff891893000 	C:\Windows\SYSTEM32\DEVOBJ.dll
0x00007ff88f8b0000 - 0x00007ff88f8df000 	C:\Windows\SYSTEM32\dwmapi.dll
0x00007ff87b110000 - 0x00007ff87b262000 	C:\Windows\SYSTEM32\inputhost.dll
0x00007ff8936c0000 - 0x00007ff89378d000 	C:\Windows\System32\OLEAUT32.dll
0x00007ff88f140000 - 0x00007ff88f232000 	C:\Windows\SYSTEM32\CoreMessaging.dll
0x00007ff88d5e0000 - 0x00007ff88d6d6000 	C:\Windows\SYSTEM32\PROPSYS.dll
0x00007ff88e710000 - 0x00007ff88e864000 	C:\Windows\SYSTEM32\wintypes.dll
0x00007ff88ede0000 - 0x00007ff88f13e000 	C:\Windows\SYSTEM32\CoreUIComponents.dll
0x00007ff890bf0000 - 0x00007ff890c23000 	C:\Windows\SYSTEM32\ntmarta.dll
0x00007ff893f80000 - 0x00007ff894094000 	C:\Windows\System32\MSCTF.dll
0x00007ff8902f0000 - 0x00007ff8902fd000 	C:\Windows\SYSTEM32\HID.DLL
0x00007ff893ab0000 - 0x00007ff893f1e000 	C:\Windows\System32\SETUPAPI.DLL
0x00007ff8923e0000 - 0x00007ff892447000 	C:\Windows\System32\WINTRUST.dll
0x00007ff8920a0000 - 0x00007ff8921fe000 	C:\Windows\System32\CRYPT32.dll
0x00007ff891820000 - 0x00007ff891832000 	C:\Windows\SYSTEM32\MSASN1.dll
0x00007ff81ec20000 - 0x00007ff81ed45000 	C:\Windows\SYSTEM32\opengl32.dll
0x00007ff8758c0000 - 0x00007ff8758ec000 	C:\Windows\SYSTEM32\GLU32.dll
0x00007ff8937a0000 - 0x00007ff893849000 	C:\Windows\System32\clbcatq.dll
0x00007ff8055b0000 - 0x00007ff809842000 	C:\Windows\System32\DriverStore\FileRepository\nvmdi.inf_amd64_faac8d1bca70beae\nvoglv64.dll
0x00007ff893970000 - 0x00007ff893a9a000 	C:\Windows\System32\ole32.dll
0x00007ff88d740000 - 0x00007ff88d754000 	C:\Windows\SYSTEM32\WTSAPI32.dll
0x00007ff88b220000 - 0x00007ff88b251000 	C:\Windows\SYSTEM32\cryptnet.dll
0x00007ff88a920000 - 0x00007ff88aa68000 	C:\Windows\SYSTEM32\drvstore.dll
0x00007ff8913a0000 - 0x00007ff8913ac000 	C:\Windows\SYSTEM32\cryptbase.dll
0x00007ff88a740000 - 0x00007ff88a77b000 	C:\Windows\SYSTEM32\dxcore.dll
0x00007ff8667d0000 - 0x00007ff866aa1000 	C:\Windows\system32\nvspcap64.dll
0x00007ff891040000 - 0x00007ff89108b000 	C:\Windows\SYSTEM32\powrprof.dll
0x00007ff890eb0000 - 0x00007ff890ec2000 	C:\Windows\SYSTEM32\UMPDC.dll
0x00007ff890770000 - 0x00007ff8907cb000 	C:\Windows\SYSTEM32\WINSTA.dll
0x00007ff87aaf0000 - 0x00007ff87abea000 	C:\Windows\SYSTEM32\textinputframework.dll
0x00007ff86dc50000 - 0x00007ff86dca9000 	C:\Users\smsmk\AppData\Local\Temp\lwjglsmsmk\3.2.3-build-13\lwjgl_opengl.dll

dbghelp: loaded successfully - version: 4.0.5 - missing functions: none
symbol engine: initialized successfully - sym options: 0x614 - pdb path: .;C:\Program Files\Java\jdk-20\bin;C:\Windows\SYSTEM32;C:\Windows\WinSxS\amd64_microsoft.windows.common-controls_6595b64144ccf1df_6.0.19041.1110_none_60b5254171f9507e;C:\Program Files\Java\jdk-20\bin\server;C:\Users\smsmk\AppData\Local\Temp\lwjglsmsmk\3.2.3-build-13;C:\Windows\System32\DriverStore\FileRepository\nvmdi.inf_amd64_faac8d1bca70beae

VM Arguments:
jvm_args: -XX:+ShowCodeDetailsInExceptionMessages -agentlib:jdwp=transport=dt_socket,suspend=y,address=localhost:57199 -javaagent:D:\eclipse\java-2023-062\eclipse\configuration\org.eclipse.osgi\248\0\.cp\lib\javaagent-shaded.jar -Dfile.encoding=UTF-8 
java_command: com.Anix.Main.Core
java_class_path (initial): D:\GitHub\Anix-Java\Anix\bin;D:\GitHub\Anix-Java\Anix\includes\lwjgl.jar;D:\GitHub\Anix-Java\Anix\includes\lwjgl-assimp.jar;D:\GitHub\Anix-Java\Anix\includes\lwjgl-assimp-natives-windows.jar;D:\GitHub\Anix-Java\Anix\includes\lwjgl-bgfx.jar;D:\GitHub\Anix-Java\Anix\includes\lwjgl-bgfx-natives-windows.jar;D:\GitHub\Anix-Java\Anix\includes\lwjgl-glfw.jar;D:\GitHub\Anix-Java\Anix\includes\lwjgl-glfw-natives-windows.jar;D:\GitHub\Anix-Java\Anix\includes\lwjgl-nanovg.jar;D:\GitHub\Anix-Java\Anix\includes\lwjgl-nanovg-natives-windows.jar;D:\GitHub\Anix-Java\Anix\includes\lwjgl-natives-windows.jar;D:\GitHub\Anix-Java\Anix\includes\lwjgl-nuklear.jar;D:\GitHub\Anix-Java\Anix\includes\lwjgl-nuklear-natives-windows.jar;D:\GitHub\Anix-Java\Anix\includes\lwjgl-openal.jar;D:\GitHub\Anix-Java\Anix\includes\lwjgl-openal-natives-windows.jar;D:\GitHub\Anix-Java\Anix\includes\lwjgl-opengl.jar;D:\GitHub\Anix-Java\Anix\includes\lwjgl-opengl-natives-windows.jar;D:\GitHub\Anix-Java\Anix\includes\lwjgl-par.jar;D:\GitHub\Anix-Java\Anix\includes\lwjgl-par-natives-windows.jar;D:\GitHub\Anix-Java\Anix\includes\lwjgl-stb.jar;D:\GitHub\Anix-Java\Anix\includes\lwjgl-stb-natives-windows.jar;D:\GitHub\Anix-Java\Anix\includes\lwjgl-vulkan.jar;D:\GitHub\Anix-Java\Anix\includes\slick-util3.jar;D:\GitHub\Anix-Java\Anix\includes\TWL.jar;D:\GitHub\Anix-Java\Anix\includes\tiny\lwjgl-tinyfd.jar;D:\GitHub\Anix-Java\Anix\includes\tiny\lwjgl-tinyfd-javadoc.jar;D:\GitHub\Anix-Java\Anix\includes\tiny\lwjgl-tinyfd-natives-windows.jar;D:\GitHub\Anix-Java\Anix\includes\tiny\lwjgl-tinyfd-sources.jar;D:\GitHub\Anix-Java\Anix\includes\imgui\imgui-app-1.86.6.jar;D:\GitHub\Anix-Java\Anix\includes\imgui\imgui-app-1.86.6-all.jar;D:\GitHub\Anix-Java\Anix\includes\imgui\imgui-app-1.86.6-javadoc.jar;D:\GitHub\Anix-Java\Anix\includes\imgui\imgui-app-1.86.6-sources.jar;D:\GitHub\Anix-Java\Anix\includes\imgui\imgui-binding-1.86.6.jar;D:\GitHub\Anix-Java\Anix\includes\imgui\imgui-binding-1.86.6-javadoc.jar;D:\GitHub\Anix-Java\Anix\includes\imgui\imgui-binding-1.86.6-sources.jar;D:\GitHub\Anix-Java\Anix\includes\imgui\imgui-lwjgl3-1.86.6.jar;D:\GitHub\Anix-Java\Anix\includes\imgui\imgui-lwjgl3-1.86.6-javadoc.jar;D:\GitHub\Anix-Java\Anix\includes\imgui\imgui-lwjgl3-1.86.6-sources.jar;D:\GitHub\Anix-Java\Anix\includes\Debug\lwjgl-sources.jar;D:\GitHub\Anix-Java\Anix\includes\Debug\lwjglx-debug-1.0.0.jar
Launcher Type: SUN_STANDARD

[Global flags]
     intx CICompilerCount                          = 3                                         {product} {ergonomic}
     uint ConcGCThreads                            = 1                                         {product} {ergonomic}
     uint G1ConcRefinementThreads                  = 4                                         {product} {ergonomic}
   size_t G1HeapRegionSize                         = 2097152                                   {product} {ergonomic}
    uintx GCDrainStackTargetSize                   = 64                                        {product} {ergonomic}
   size_t InitialHeapSize                          = 268435456                                 {product} {ergonomic}
   size_t MarkStackSize                            = 4194304                                   {product} {ergonomic}
   size_t MaxHeapSize                              = 4282384384                                {product} {ergonomic}
   size_t MaxNewSize                               = 2569011200                                {product} {ergonomic}
   size_t MinHeapDeltaBytes                        = 2097152                                   {product} {ergonomic}
   size_t MinHeapSize                              = 8388608                                   {product} {ergonomic}
    uintx NonNMethodCodeHeapSize                   = 5832780                                {pd product} {ergonomic}
    uintx NonProfiledCodeHeapSize                  = 122912730                              {pd product} {ergonomic}
    uintx ProfiledCodeHeapSize                     = 122912730                              {pd product} {ergonomic}
    uintx ReservedCodeCacheSize                    = 251658240                              {pd product} {ergonomic}
     bool SegmentedCodeCache                       = true                                      {product} {ergonomic}
     bool ShowCodeDetailsInExceptionMessages       = true                                   {manageable} {command line}
   size_t SoftMaxHeapSize                          = 4282384384                             {manageable} {ergonomic}
     bool UseCompressedClassPointers               = true                           {product lp64_product} {ergonomic}
     bool UseCompressedOops                        = true                           {product lp64_product} {ergonomic}
     bool UseG1GC                                  = true                                      {product} {ergonomic}
     bool UseLargePagesIndividualAllocation        = false                                  {pd product} {ergonomic}

Logging:
Log output configuration:
 #0: stdout all=warning uptime,level,tags foldmultilines=false
 #1: stderr all=off uptime,level,tags foldmultilines=false

Environment Variables:
PATH=C:\Program Files\Common Files\Oracle\Java\javapath;C:\Program Files (x86)\Common Files\Oracle\Java\javapath;C:\Program Files (x86)\Razer Chroma SDK\bin;C:\Program Files\Razer Chroma SDK\bin;C:\Program Files (x86)\Razer\ChromaBroadcast\bin;C:\Program Files\Razer\ChromaBroadcast\bin;C:\Windows\system32;C:\Windows;C:\Windows\System32\Wbem;C:\Windows\System32\WindowsPowerShell\v1.0\;C:\Windows\System32\OpenSSH\;C:\Program Files\NVIDIA Corporation\NVIDIA NvDLISR;C:\Program Files\dotnet\;C:\Users\smsmk\AppData\Local\Microsoft\WindowsApps;C:\Users\smsmk\.dotnet\tools;C:\ProgramData\chocolatey\bin;C:\Program Files (x86)\NVIDIA Corporation\PhysX\Common;D:\Git\cmd;C:\Program Files\Docker\Docker\resources\bin;C:\Program Files\nodejs\;C:\Windows\system32\config\systemprofile\AppData\Local\Microsoft\WindowsApps;C:\Program Files\Microsoft SQL Server\120\Tools\Binn\;C:\Program Files\Common Files\Autodesk Shared\;C:\Users\smsmk\AppData\Local\Microsoft\WindowsApps;C:\Users\smsmk\.dotnet\tools;C:\Program Files\heroku\bin;C:\ProgramData\smsmk\GitHubDesktop\bin;C:\Program Files\PostgreSQL\15\bin;C:\Program Files\PostgreSQL\15\lib;C:\Users\smsmk\AppData\Roaming\npm;D:\Microsoft VS Code\bin;D:\JetBrains\IntelliJ IDEA Community Edition 2023.2\bin;
USERNAME=smsmk
OS=Windows_NT
PROCESSOR_IDENTIFIER=Intel64 Family 6 Model 158 Stepping 9, GenuineIntel
TMP=C:\Users\smsmk\AppData\Local\Temp
TEMP=C:\Users\smsmk\AppData\Local\Temp




---------------  S Y S T E M  ---------------

OS:
 Windows 10 , 64 bit Build 19041 (10.0.19041.3155)
OS uptime: 0 days 13:54 hours
Hyper-V role detected

CPU: total 4 (initial active 4) (4 cores per cpu, 1 threads per core) family 6 model 158 stepping 9 microcode 0xb4, cx8, cmov, fxsr, mmx, 3dnowpref, sse, sse2, sse3, ssse3, sse4.1, sse4.2, popcnt, lzcnt, tsc, tscinvbit, avx, avx2, aes, erms, clmul, bmi1, bmi2, adx, fma, vzeroupper, clflush, clflushopt, hv, rdtscp, f16c

Memory: 4k page, system-wide physical 16328M (3590M free)
TotalPageFile size 26056M (AvailPageFile size 7627M)
current process WorkingSet (physical memory assigned to process): 124M, peak: 128M
current process commit charge ("private bytes"): 410M, peak: 415M

vm_info: Java HotSpot(TM) 64-Bit Server VM (20.0.1+9-29) for windows-amd64 JRE (20.0.1+9-29), built on 2023-03-07T13:56:11Z by "mach5one" with MS VC++ 17.1 (VS2022)

END.
