#
# A fatal error has been detected by the Java Runtime Environment:
#
#  EXCEPTION_ACCESS_VIOLATION (0xc0000005) at pc=0x0000000000000000, pid=15420, tid=7124
#
# JRE version: Java(TM) SE Runtime Environment (20.0.1+9) (build 20.0.1+9-29)
# Java VM: Java HotSpot(TM) 64-Bit Server VM (20.0.1+9-29, mixed mode, sharing, tiered, compressed oops, compressed class ptrs, g1 gc, windows-amd64)
# Problematic frame:
# C  [jdwp.dll+0x1611f]
#
# No core dump will be written. Minidumps are not enabled by default on client versions of Windows
#
# If you would like to submit a bug report, please visit:
#   https://bugreport.java.com/bugreport/crash.jsp
# The crash happened outside the Java Virtual Machine in native code.
# See problematic frame for where to report the bug.
#

---------------  S U M M A R Y ------------

Command Line: -XX:+ShowCodeDetailsInExceptionMessages -agentlib:jdwp=transport=dt_socket,suspend=y,address=localhost:57215 -javaagent:D:\eclipse\java-2023-062\eclipse\configuration\org.eclipse.osgi\248\0\.cp\lib\javaagent-shaded.jar -Dfile.encoding=UTF-8 com.Anix.Main.Core

Host: Intel(R) Core(TM) i5-7400 CPU @ 3.00GHz, 4 cores, 15G,  Windows 10 , 64 bit Build 19041 (10.0.19041.3155)
Time: Fri Aug 25 05:21:22 2023 GMT Summer Time elapsed time: 1.291482 seconds (0d 0h 0m 1s)

---------------  T H R E A D  ---------------

Current thread (0x000001f6308f41d0):  JavaThread "Main Thread" [_thread_in_native, id=7124, stack(0x000000363c200000,0x000000363c300000)]

Stack: [0x000000363c200000,0x000000363c300000],  sp=0x000000363c2fe6f0,  free space=1017k
Native frames: (J=compiled Java code, j=interpreted, Vv=VM code, C=native code)

Java frames: (J=compiled Java code, j=interpreted, Vv=VM code)
j  com.Anix.IO.Application.create()V+159
j  com.Anix.Main.Core.run()V+48
j  java.lang.Thread.runWith(Ljava/lang/Object;Ljava/lang/Runnable;)V+5 java.base@20.0.1
j  java.lang.Thread.run()V+19 java.base@20.0.1
v  ~StubRoutines::call_stub 0x000001f61cd3100d

siginfo: EXCEPTION_ACCESS_VIOLATION (0xc0000005), data execution prevention violation at address 0x0000000000000000


Registers:
RAX=0x000001f6350fc0a0, RBX=0x000001f631094f50, RCX=0x000001f6308f44b0, RDX=0x000001f631094f50
RSP=0x000000363c2fe6e8, RBP=0x0000000000000002, RSI=0x000000363c2fe790, RDI=0x000001f6308f44b0
R8 =0x0000000000010002, R9 =0x0000000000000000, R10=0x00007ff87a7f0000, R11=0x000000363c2fe6b8
R12=0x0000000000000007, R13=0x000001f60d72c5a0, R14=0x00007ff871950300, R15=0x0000000000000000
RIP=0x0000000000000000, EFLAGS=0x0000000000010202


Register to memory mapping:

RIP=0x0 is NULL
RAX=0x000001f6350fc0a0 points into unknown readable memory: 0x0000000000000000 | 00 00 00 00 00 00 00 00
RBX=0x000001f631094f50 points into unknown readable memory: 0x0000000700c38f30 | 30 8f c3 00 07 00 00 00
RCX=0x000001f6308f44b0 points into unknown readable memory: 0x000001f6350fc0a0 | a0 c0 0f 35 f6 01 00 00
RDX=0x000001f631094f50 points into unknown readable memory: 0x0000000700c38f30 | 30 8f c3 00 07 00 00 00
RSP=0x000000363c2fe6e8 is pointing into the stack for thread: 0x000001f6308f41d0
RBP=0x0000000000000002 is an unknown value
RSI=0x000000363c2fe790 is pointing into the stack for thread: 0x000001f6308f41d0
RDI=0x000001f6308f44b0 points into unknown readable memory: 0x000001f6350fc0a0 | a0 c0 0f 35 f6 01 00 00
R8 =0x0000000000010002 is an unknown value
R9 =0x0 is NULL
R10=0x00007ff87a7f0000 VCRUNTIME140.dll
R11=0x000000363c2fe6b8 is pointing into the stack for thread: 0x000001f6308f41d0
R12=0x0000000000000007 is an unknown value
R13=0x000001f60d72c5a0 points into unknown readable memory: 0x00007ff81a48e370 | 70 e3 48 1a f8 7f 00 00
R14=0x00007ff871950300 jdwp.dll
R15=0x0 is NULL


Top of Stack: (sp=0x000000363c2fe6e8)
0x000000363c2fe6e8:   00007ff87193611f 000001f631094f50
0x000000363c2fe6f8:   000000363c2fe790 0000000000000000
0x000000363c2fe708:   0000000000000000 00007ff81a5313f0
0x000000363c2fe718:   00007ff81a5313f0 000001f62c4d1678
0x000000363c2fe728:   00007ff871950348 000001f631094f50
0x000000363c2fe738:   00007ff87193279f 000001f631094f50
0x000000363c2fe748:   0000000000000002 000001f6308f44b0
0x000000363c2fe758:   000001f631094f58 000000363c2fe8f0
0x000000363c2fe768:   00007ff819edd4cd 00000008010a40a4
0x000000363c2fe778:   000000363c2fe8f0 000000363c2fe8f0
0x000000363c2fe788:   00007ff819fd11ef 0000000000000007
0x000000363c2fe798:   000001f631094f50 0000000000000000
0x000000363c2fe7a8:   000001f631094f58 0000000000000000
0x000000363c2fe7b8:   0000000000000000 0000000000000000
0x000000363c2fe7c8:   0000000000000000 0000000000000000
0x000000363c2fe7d8:   0000000000000000 0000000000000000
0x000000363c2fe7e8:   000001f631094f50 00000008010a4000
0x000000363c2fe7f8:   00007ff819eb8f85 000001f631094f58
0x000000363c2fe808:   000001f6311c62a0 000001f6308f41d0
0x000000363c2fe818:   00007ff819ede6f5 000001f62c4d1638
0x000000363c2fe828:   00007ff819d08a26 0000000000000000
0x000000363c2fe838:   000001f60d73d670 000001f6308f41d0
0x000000363c2fe848:   000000080060e6c0 000001f63107ec80
0x000000363c2fe858:   000001f6308233c0 000001f6308233d0
0x000000363c2fe868:   000001f6308237a8 00000000000003d8
0x000000363c2fe878:   000001f6308f41d0 000001f6308f41d0
0x000000363c2fe888:   000001f63107e6c0 000001f62c4fc7a0
0x000000363c2fe898:   000001f62c4fc7e8 000001f62c4fc888
0x000000363c2fe8a8:   00000000000000d8 000000363c2fe8c0
0x000000363c2fe8b8:   000000363c2fe9f0 000001f6308f41d0
0x000000363c2fe8c8:   000001f63107e6c0 000001f62c4fc7a0
0x000000363c2fe8d8:   000001f62c4fc7e8 000001f62c4fc888 

Instructions: (pc=0x00007ff87193611f)
0x00007ff87193601f:   2c 41 b8 61 02 00 00 48 8d 0d 6b 6f 01 00 48 8b
0x00007ff87193602f:   d3 e8 cb 50 00 00 41 8b cc e8 33 a0 ff ff 48 8b
0x00007ff87193603f:   d0 48 8d 0d 49 a4 01 00 e8 5c 51 00 00 4c 8b 4e
0x00007ff87193604f:   28 48 8d 0d 51 a4 01 00 4c 8b 46 20 48 8b 56 08
0x00007ff87193605f:   e8 00 0d 01 00 48 8b 05 c5 10 02 00 f6 80 10 02
0x00007ff87193606f:   00 00 02 74 28 41 b8 6a 02 00 00 48 8d 0d 83 63
0x00007ff87193607f:   01 00 48 8b d3 e8 77 50 00 00 48 8d 15 68 64 01
0x00007ff87193608f:   00 48 8d 0d 81 63 01 00 e8 0c 51 00 00 48 8b 07
0x00007ff87193609f:   48 8b cf ff 50 78 48 8b 0d 84 10 02 00 4c 8b f8
0x00007ff8719360af:   f6 81 10 02 00 00 02 74 28 41 b8 6b 02 00 00 48
0x00007ff8719360bf:   8d 0d 3f 63 01 00 48 8b d3 e8 33 50 00 00 48 8d
0x00007ff8719360cf:   15 5c 64 01 00 48 8d 0d 3d 63 01 00 e8 c8 50 00
0x00007ff8719360df:   00 48 8b 07 48 8b cf ff 90 88 00 00 00 83 3d f9
0x00007ff8719360ef:   0b 02 00 00 76 0c e8 6e 5c ff ff 83 25 eb 0b 02
0x00007ff8719360ff:   00 00 48 8b 5e 08 48 85 db 74 4b 48 8b 05 1f 10
0x00007ff87193610f:   02 00 80 78 13 00 74 0b 48 8b cb e8 a9 06 01 00
0x00007ff87193611f:   88 46 10 4d 8b c7 48 8b d6 41 8a ce e8 d8 a0 00
0x00007ff87193612f:   00 48 8b e8 48 85 c0 75 25 48 8b cb e8 c4 44 00
0x00007ff87193613f:   00 84 c0 0f 84 ea 00 00 00 48 8b d3 41 8a ce e8
0x00007ff87193614f:   ad 13 00 00 eb e3 e8 0e 0e 00 00 48 8b e8 4c 8b
0x00007ff87193615f:   cd 44 88 74 24 20 45 8b c4 48 8b d6 48 8b cf e8
0x00007ff87193616f:   e1 00 00 00 83 3e 14 75 0b 48 8b 05 b1 0f 02 00
0x00007ff87193617f:   c6 40 10 01 48 85 db 75 08 48 8b cd e8 ac 53 ff
0x00007ff87193618f:   ff 48 8b 05 99 0f 02 00 4d 85 ff 74 43 f6 80 10
0x00007ff87193619f:   02 00 00 02 74 2c 41 b8 b3 02 00 00 48 8d 15 96
0x00007ff8719361af:   a1 01 00 48 8d 0d 4b 62 01 00 e8 42 4f 00 00 48
0x00007ff8719361bf:   8d 15 db 7d 01 00 48 8d 0d 4c 62 01 00 e8 d7 4f
0x00007ff8719361cf:   00 00 48 8b 07 49 8b d7 48 8b cf ff 50 68 eb 41
0x00007ff8719361df:   f6 80 10 02 00 00 02 74 2c 41 b8 b5 02 00 00 48
0x00007ff8719361ef:   8d 15 53 a1 01 00 48 8d 0d 08 62 01 00 e8 ff 4e
0x00007ff8719361ff:   00 00 48 8d 15 28 63 01 00 48 8d 0d 09 62 01 00
0x00007ff87193620f:   e8 94 4f 00 00 48 8b 07 48 8b cf ff 90 88 00 00 


Stack slot to memory mapping:
stack at sp + 0 slots: 0x000001f631094f50 points into unknown readable memory: 0x0000000700c38f30 | 30 8f c3 00 07 00 00 00
stack at sp + 1 slots: 0x000000363c2fe790 is pointing into the stack for thread: 0x000001f6308f41d0
stack at sp + 2 slots: 0x0 is NULL
stack at sp + 3 slots: 0x0 is NULL
stack at sp + 4 slots: 0x00007ff81a5313f0 jvm.dll
stack at sp + 5 slots: 0x00007ff81a5313f0 jvm.dll
stack at sp + 6 slots: 0x000001f62c4d1678 points into unknown readable memory: 0x8000000600000001 | 01 00 00 00 06 00 00 80
stack at sp + 7 slots: 0x00007ff871950348 jdwp.dll


---------------  P R O C E S S  ---------------

Threads class SMR info:
_java_thread_list=0x000001f6312bf230, length=16, elements={
0x000001f62c4a37b0, 0x000001f62c4a42f0, 0x000001f62c4a71b0, 0x000001f62c4a8d00,
0x000001f62c4ad760, 0x000001f62c4d35c0, 0x000001f62c4de650, 0x000001f62c4defd0,
0x000001f6308f4c70, 0x000001f630a675f0, 0x000001f630a6a190, 0x000001f630a6b700,
0x000001f6308f3730, 0x000001f6308f41d0, 0x000001f6308f3c80, 0x000001f6350b2dc0
}

Java Threads: ( => current thread )
  0x000001f62c4a37b0 JavaThread "Reference Handler" daemon [_thread_blocked, id=17512, stack(0x000000363b400000,0x000000363b500000)]
  0x000001f62c4a42f0 JavaThread "Finalizer" daemon [_thread_blocked, id=11884, stack(0x000000363b500000,0x000000363b600000)]
  0x000001f62c4a71b0 JavaThread "Signal Dispatcher" daemon [_thread_blocked, id=1576, stack(0x000000363b600000,0x000000363b700000)]
  0x000001f62c4a8d00 JavaThread "Attach Listener" daemon [_thread_blocked, id=2076, stack(0x000000363b700000,0x000000363b800000)]
  0x000001f62c4ad760 JavaThread "Service Thread" daemon [_thread_blocked, id=7992, stack(0x000000363b800000,0x000000363b900000)]
  0x000001f62c4d35c0 JavaThread "Monitor Deflation Thread" daemon [_thread_blocked, id=16248, stack(0x000000363b900000,0x000000363ba00000)]
  0x000001f62c4de650 JavaThread "C2 CompilerThread0" daemon [_thread_blocked, id=18324, stack(0x000000363ba00000,0x000000363bb00000)]
  0x000001f62c4defd0 JavaThread "C1 CompilerThread0" daemon [_thread_blocked, id=17568, stack(0x000000363bb00000,0x000000363bc00000)]
  0x000001f6308f4c70 JavaThread "Common-Cleaner" daemon [_thread_blocked, id=5504, stack(0x000000363bc00000,0x000000363bd00000)]
  0x000001f630a675f0 JavaThread "JDWP Transport Listener: dt_socket" daemon [_thread_blocked, id=14456, stack(0x000000363bd00000,0x000000363be00000)]
  0x000001f630a6a190 JavaThread "JDWP Event Helper Thread" daemon [_thread_blocked, id=16112, stack(0x000000363be00000,0x000000363bf00000)]
  0x000001f630a6b700 JavaThread "JDWP Command Reader" daemon [_thread_in_native, id=14848, stack(0x000000363bf00000,0x000000363c000000)]
  0x000001f6308f3730 JavaThread "Notification Thread" daemon [_thread_blocked, id=13304, stack(0x000000363c000000,0x000000363c100000)]
=>0x000001f6308f41d0 JavaThread "Main Thread" [_thread_in_native, id=7124, stack(0x000000363c200000,0x000000363c300000)]
  0x000001f6308f3c80 JavaThread "DestroyJavaVM" [_thread_blocked, id=16020, stack(0x000000363ad00000,0x000000363ae00000)]
  0x000001f6350b2dc0 JavaThread "C2 CompilerThread1" daemon [_thread_blocked, id=10472, stack(0x000000363cc00000,0x000000363cd00000)]

Other Threads:
  0x000001f62c485d70 VMThread "VM Thread" [stack: 0x000000363b300000,0x000000363b400000] [id=6376]
  0x000001f63105c2b0 WatcherThread "VM Periodic Task Thread" [stack: 0x000000363c100000,0x000000363c200000] [id=16592]
  0x000001f60d7af490 WorkerThread "GC Thread#0" [stack: 0x000000363ae00000,0x000000363af00000] [id=15604]
  0x000001f6311732c0 WorkerThread "GC Thread#1" [stack: 0x000000363c300000,0x000000363c400000] [id=4032]
  0x000001f631173590 WorkerThread "GC Thread#2" [stack: 0x000000363c400000,0x000000363c500000] [id=3040]
  0x000001f631173860 WorkerThread "GC Thread#3" [stack: 0x000000363c500000,0x000000363c600000] [id=6280]
  0x000001f60d7c12f0 ConcurrentGCThread "G1 Main Marker" [stack: 0x000000363af00000,0x000000363b000000] [id=9524]
  0x000001f60d7c1d20 WorkerThread "G1 Conc#0" [stack: 0x000000363b000000,0x000000363b100000] [id=8820]
  0x000001f60d80ea80 ConcurrentGCThread "G1 Refine#0" [stack: 0x000000363b100000,0x000000363b200000] [id=2228]
  0x000001f62c335dd0 ConcurrentGCThread "G1 Service" [stack: 0x000000363b200000,0x000000363b300000] [id=9300]

Threads with active compile tasks:

VM state: not at safepoint (normal execution)

VM Mutex/Monitor currently owned by a thread: None

Heap address: 0x0000000700c00000, size: 4084 MB, Compressed Oops mode: Zero based, Oop shift amount: 3

CDS archive(s) mapped at: [0x0000000800000000-0x0000000800c60000-0x0000000800c60000), size 12976128, SharedBaseAddress: 0x0000000800000000, ArchiveRelocationMode: 0.
Compressed class space mapped at: 0x0000000801000000-0x0000000841000000, reserved size: 1073741824
Narrow klass base: 0x0000000800000000, Narrow klass shift: 0, Narrow klass range: 0x100000000

GC Precious Log:
 CardTable entry size: 512
 Card Set container configuration: InlinePtr #cards 4 size 8 Array Of Cards #cards 16 size 48 Howl #buckets 8 coarsen threshold 3686 Howl Bitmap #cards 512 size 80 coarsen threshold 460 Card regions per heap region 1 cards per card region 4096
 CPUs: 4 total, 4 available
 Memory: 16328M
 Large Page Support: Disabled
 NUMA Support: Disabled
 Compressed Oops: Enabled (Zero based)
 Heap Region Size: 2M
 Heap Min Capacity: 8M
 Heap Initial Capacity: 256M
 Heap Max Capacity: 4084M
 Pre-touch: Disabled
 Parallel Workers: 4
 Concurrent Workers: 1
 Concurrent Refinement Workers: 4
 Periodic GC: Disabled

Heap:
 garbage-first heap   total 262144K, used 20023K [0x0000000700c00000, 0x0000000800000000)
  region size 2048K, 10 young (20480K), 1 survivors (2048K)
 Metaspace       used 8636K, committed 8832K, reserved 1114112K
  class space    used 553K, committed 640K, reserved 1048576K

Heap Regions: E=young(eden), S=young(survivor), O=old, HS=humongous(starts), HC=humongous(continues), CS=collection set, F=free, OA=open archive, CA=closed archive, TAMS=top-at-mark-start, PB=parsable bottom
|   0|0x0000000700c00000, 0x0000000700e00000, 0x0000000700e00000|100%| O|  |TAMS 0x0000000700c00000| PB 0x0000000700c00000| Untracked 
|   1|0x0000000700e00000, 0x0000000700e33000, 0x0000000701000000|  9%| O|  |TAMS 0x0000000700e00000| PB 0x0000000700e00000| Untracked 
|   2|0x0000000701000000, 0x0000000701000000, 0x0000000701200000|  0%| F|  |TAMS 0x0000000701000000| PB 0x0000000701000000| Untracked 
|   3|0x0000000701200000, 0x0000000701200000, 0x0000000701400000|  0%| F|  |TAMS 0x0000000701200000| PB 0x0000000701200000| Untracked 
|   4|0x0000000701400000, 0x0000000701400000, 0x0000000701600000|  0%| F|  |TAMS 0x0000000701400000| PB 0x0000000701400000| Untracked 
|   5|0x0000000701600000, 0x0000000701600000, 0x0000000701800000|  0%| F|  |TAMS 0x0000000701600000| PB 0x0000000701600000| Untracked 
|   6|0x0000000701800000, 0x0000000701800000, 0x0000000701a00000|  0%| F|  |TAMS 0x0000000701800000| PB 0x0000000701800000| Untracked 
|   7|0x0000000701a00000, 0x0000000701a00000, 0x0000000701c00000|  0%| F|  |TAMS 0x0000000701a00000| PB 0x0000000701a00000| Untracked 
|   8|0x0000000701c00000, 0x0000000701c00000, 0x0000000701e00000|  0%| F|  |TAMS 0x0000000701c00000| PB 0x0000000701c00000| Untracked 
|   9|0x0000000701e00000, 0x0000000701e00000, 0x0000000702000000|  0%| F|  |TAMS 0x0000000701e00000| PB 0x0000000701e00000| Untracked 
|  10|0x0000000702000000, 0x0000000702000000, 0x0000000702200000|  0%| F|  |TAMS 0x0000000702000000| PB 0x0000000702000000| Untracked 
|  11|0x0000000702200000, 0x0000000702200000, 0x0000000702400000|  0%| F|  |TAMS 0x0000000702200000| PB 0x0000000702200000| Untracked 
|  12|0x0000000702400000, 0x0000000702400000, 0x0000000702600000|  0%| F|  |TAMS 0x0000000702400000| PB 0x0000000702400000| Untracked 
|  13|0x0000000702600000, 0x0000000702600000, 0x0000000702800000|  0%| F|  |TAMS 0x0000000702600000| PB 0x0000000702600000| Untracked 
|  14|0x0000000702800000, 0x0000000702800000, 0x0000000702a00000|  0%| F|  |TAMS 0x0000000702800000| PB 0x0000000702800000| Untracked 
|  15|0x0000000702a00000, 0x0000000702a00000, 0x0000000702c00000|  0%| F|  |TAMS 0x0000000702a00000| PB 0x0000000702a00000| Untracked 
|  16|0x0000000702c00000, 0x0000000702c00000, 0x0000000702e00000|  0%| F|  |TAMS 0x0000000702c00000| PB 0x0000000702c00000| Untracked 
|  17|0x0000000702e00000, 0x0000000702e00000, 0x0000000703000000|  0%| F|  |TAMS 0x0000000702e00000| PB 0x0000000702e00000| Untracked 
|  18|0x0000000703000000, 0x0000000703000000, 0x0000000703200000|  0%| F|  |TAMS 0x0000000703000000| PB 0x0000000703000000| Untracked 
|  19|0x0000000703200000, 0x0000000703200000, 0x0000000703400000|  0%| F|  |TAMS 0x0000000703200000| PB 0x0000000703200000| Untracked 
|  20|0x0000000703400000, 0x0000000703400000, 0x0000000703600000|  0%| F|  |TAMS 0x0000000703400000| PB 0x0000000703400000| Untracked 
|  21|0x0000000703600000, 0x0000000703600000, 0x0000000703800000|  0%| F|  |TAMS 0x0000000703600000| PB 0x0000000703600000| Untracked 
|  22|0x0000000703800000, 0x0000000703800000, 0x0000000703a00000|  0%| F|  |TAMS 0x0000000703800000| PB 0x0000000703800000| Untracked 
|  23|0x0000000703a00000, 0x0000000703a00000, 0x0000000703c00000|  0%| F|  |TAMS 0x0000000703a00000| PB 0x0000000703a00000| Untracked 
|  24|0x0000000703c00000, 0x0000000703c00000, 0x0000000703e00000|  0%| F|  |TAMS 0x0000000703c00000| PB 0x0000000703c00000| Untracked 
|  25|0x0000000703e00000, 0x0000000703e00000, 0x0000000704000000|  0%| F|  |TAMS 0x0000000703e00000| PB 0x0000000703e00000| Untracked 
|  26|0x0000000704000000, 0x0000000704000000, 0x0000000704200000|  0%| F|  |TAMS 0x0000000704000000| PB 0x0000000704000000| Untracked 
|  27|0x0000000704200000, 0x0000000704200000, 0x0000000704400000|  0%| F|  |TAMS 0x0000000704200000| PB 0x0000000704200000| Untracked 
|  28|0x0000000704400000, 0x0000000704400000, 0x0000000704600000|  0%| F|  |TAMS 0x0000000704400000| PB 0x0000000704400000| Untracked 
|  29|0x0000000704600000, 0x0000000704600000, 0x0000000704800000|  0%| F|  |TAMS 0x0000000704600000| PB 0x0000000704600000| Untracked 
|  30|0x0000000704800000, 0x0000000704800000, 0x0000000704a00000|  0%| F|  |TAMS 0x0000000704800000| PB 0x0000000704800000| Untracked 
|  31|0x0000000704a00000, 0x0000000704a00000, 0x0000000704c00000|  0%| F|  |TAMS 0x0000000704a00000| PB 0x0000000704a00000| Untracked 
|  32|0x0000000704c00000, 0x0000000704c00000, 0x0000000704e00000|  0%| F|  |TAMS 0x0000000704c00000| PB 0x0000000704c00000| Untracked 
|  33|0x0000000704e00000, 0x0000000704e00000, 0x0000000705000000|  0%| F|  |TAMS 0x0000000704e00000| PB 0x0000000704e00000| Untracked 
|  34|0x0000000705000000, 0x0000000705000000, 0x0000000705200000|  0%| F|  |TAMS 0x0000000705000000| PB 0x0000000705000000| Untracked 
|  35|0x0000000705200000, 0x0000000705200000, 0x0000000705400000|  0%| F|  |TAMS 0x0000000705200000| PB 0x0000000705200000| Untracked 
|  36|0x0000000705400000, 0x0000000705400000, 0x0000000705600000|  0%| F|  |TAMS 0x0000000705400000| PB 0x0000000705400000| Untracked 
|  37|0x0000000705600000, 0x0000000705600000, 0x0000000705800000|  0%| F|  |TAMS 0x0000000705600000| PB 0x0000000705600000| Untracked 
|  38|0x0000000705800000, 0x0000000705800000, 0x0000000705a00000|  0%| F|  |TAMS 0x0000000705800000| PB 0x0000000705800000| Untracked 
|  39|0x0000000705a00000, 0x0000000705a00000, 0x0000000705c00000|  0%| F|  |TAMS 0x0000000705a00000| PB 0x0000000705a00000| Untracked 
|  40|0x0000000705c00000, 0x0000000705c00000, 0x0000000705e00000|  0%| F|  |TAMS 0x0000000705c00000| PB 0x0000000705c00000| Untracked 
|  41|0x0000000705e00000, 0x0000000705e00000, 0x0000000706000000|  0%| F|  |TAMS 0x0000000705e00000| PB 0x0000000705e00000| Untracked 
|  42|0x0000000706000000, 0x0000000706000000, 0x0000000706200000|  0%| F|  |TAMS 0x0000000706000000| PB 0x0000000706000000| Untracked 
|  43|0x0000000706200000, 0x0000000706200000, 0x0000000706400000|  0%| F|  |TAMS 0x0000000706200000| PB 0x0000000706200000| Untracked 
|  44|0x0000000706400000, 0x0000000706400000, 0x0000000706600000|  0%| F|  |TAMS 0x0000000706400000| PB 0x0000000706400000| Untracked 
|  45|0x0000000706600000, 0x0000000706600000, 0x0000000706800000|  0%| F|  |TAMS 0x0000000706600000| PB 0x0000000706600000| Untracked 
|  46|0x0000000706800000, 0x0000000706800000, 0x0000000706a00000|  0%| F|  |TAMS 0x0000000706800000| PB 0x0000000706800000| Untracked 
|  47|0x0000000706a00000, 0x0000000706a00000, 0x0000000706c00000|  0%| F|  |TAMS 0x0000000706a00000| PB 0x0000000706a00000| Untracked 
|  48|0x0000000706c00000, 0x0000000706c00000, 0x0000000706e00000|  0%| F|  |TAMS 0x0000000706c00000| PB 0x0000000706c00000| Untracked 
|  49|0x0000000706e00000, 0x0000000706e00000, 0x0000000707000000|  0%| F|  |TAMS 0x0000000706e00000| PB 0x0000000706e00000| Untracked 
|  50|0x0000000707000000, 0x0000000707000000, 0x0000000707200000|  0%| F|  |TAMS 0x0000000707000000| PB 0x0000000707000000| Untracked 
|  51|0x0000000707200000, 0x0000000707200000, 0x0000000707400000|  0%| F|  |TAMS 0x0000000707200000| PB 0x0000000707200000| Untracked 
|  52|0x0000000707400000, 0x0000000707400000, 0x0000000707600000|  0%| F|  |TAMS 0x0000000707400000| PB 0x0000000707400000| Untracked 
|  53|0x0000000707600000, 0x0000000707600000, 0x0000000707800000|  0%| F|  |TAMS 0x0000000707600000| PB 0x0000000707600000| Untracked 
|  54|0x0000000707800000, 0x0000000707800000, 0x0000000707a00000|  0%| F|  |TAMS 0x0000000707800000| PB 0x0000000707800000| Untracked 
|  55|0x0000000707a00000, 0x0000000707a00000, 0x0000000707c00000|  0%| F|  |TAMS 0x0000000707a00000| PB 0x0000000707a00000| Untracked 
|  56|0x0000000707c00000, 0x0000000707c00000, 0x0000000707e00000|  0%| F|  |TAMS 0x0000000707c00000| PB 0x0000000707c00000| Untracked 
|  57|0x0000000707e00000, 0x0000000707e00000, 0x0000000708000000|  0%| F|  |TAMS 0x0000000707e00000| PB 0x0000000707e00000| Untracked 
|  58|0x0000000708000000, 0x0000000708000000, 0x0000000708200000|  0%| F|  |TAMS 0x0000000708000000| PB 0x0000000708000000| Untracked 
|  59|0x0000000708200000, 0x0000000708200000, 0x0000000708400000|  0%| F|  |TAMS 0x0000000708200000| PB 0x0000000708200000| Untracked 
|  60|0x0000000708400000, 0x0000000708400000, 0x0000000708600000|  0%| F|  |TAMS 0x0000000708400000| PB 0x0000000708400000| Untracked 
|  61|0x0000000708600000, 0x0000000708600000, 0x0000000708800000|  0%| F|  |TAMS 0x0000000708600000| PB 0x0000000708600000| Untracked 
|  62|0x0000000708800000, 0x0000000708800000, 0x0000000708a00000|  0%| F|  |TAMS 0x0000000708800000| PB 0x0000000708800000| Untracked 
|  63|0x0000000708a00000, 0x0000000708a00000, 0x0000000708c00000|  0%| F|  |TAMS 0x0000000708a00000| PB 0x0000000708a00000| Untracked 
|  64|0x0000000708c00000, 0x0000000708c00000, 0x0000000708e00000|  0%| F|  |TAMS 0x0000000708c00000| PB 0x0000000708c00000| Untracked 
|  65|0x0000000708e00000, 0x0000000708e00000, 0x0000000709000000|  0%| F|  |TAMS 0x0000000708e00000| PB 0x0000000708e00000| Untracked 
|  66|0x0000000709000000, 0x0000000709000000, 0x0000000709200000|  0%| F|  |TAMS 0x0000000709000000| PB 0x0000000709000000| Untracked 
|  67|0x0000000709200000, 0x0000000709200000, 0x0000000709400000|  0%| F|  |TAMS 0x0000000709200000| PB 0x0000000709200000| Untracked 
|  68|0x0000000709400000, 0x0000000709400000, 0x0000000709600000|  0%| F|  |TAMS 0x0000000709400000| PB 0x0000000709400000| Untracked 
|  69|0x0000000709600000, 0x0000000709600000, 0x0000000709800000|  0%| F|  |TAMS 0x0000000709600000| PB 0x0000000709600000| Untracked 
|  70|0x0000000709800000, 0x0000000709800000, 0x0000000709a00000|  0%| F|  |TAMS 0x0000000709800000| PB 0x0000000709800000| Untracked 
|  71|0x0000000709a00000, 0x0000000709a00000, 0x0000000709c00000|  0%| F|  |TAMS 0x0000000709a00000| PB 0x0000000709a00000| Untracked 
|  72|0x0000000709c00000, 0x0000000709c00000, 0x0000000709e00000|  0%| F|  |TAMS 0x0000000709c00000| PB 0x0000000709c00000| Untracked 
|  73|0x0000000709e00000, 0x0000000709e00000, 0x000000070a000000|  0%| F|  |TAMS 0x0000000709e00000| PB 0x0000000709e00000| Untracked 
|  74|0x000000070a000000, 0x000000070a000000, 0x000000070a200000|  0%| F|  |TAMS 0x000000070a000000| PB 0x000000070a000000| Untracked 
|  75|0x000000070a200000, 0x000000070a200000, 0x000000070a400000|  0%| F|  |TAMS 0x000000070a200000| PB 0x000000070a200000| Untracked 
|  76|0x000000070a400000, 0x000000070a400000, 0x000000070a600000|  0%| F|  |TAMS 0x000000070a400000| PB 0x000000070a400000| Untracked 
|  77|0x000000070a600000, 0x000000070a600000, 0x000000070a800000|  0%| F|  |TAMS 0x000000070a600000| PB 0x000000070a600000| Untracked 
|  78|0x000000070a800000, 0x000000070a800000, 0x000000070aa00000|  0%| F|  |TAMS 0x000000070a800000| PB 0x000000070a800000| Untracked 
|  79|0x000000070aa00000, 0x000000070aa00000, 0x000000070ac00000|  0%| F|  |TAMS 0x000000070aa00000| PB 0x000000070aa00000| Untracked 
|  80|0x000000070ac00000, 0x000000070ac00000, 0x000000070ae00000|  0%| F|  |TAMS 0x000000070ac00000| PB 0x000000070ac00000| Untracked 
|  81|0x000000070ae00000, 0x000000070ae00000, 0x000000070b000000|  0%| F|  |TAMS 0x000000070ae00000| PB 0x000000070ae00000| Untracked 
|  82|0x000000070b000000, 0x000000070b000000, 0x000000070b200000|  0%| F|  |TAMS 0x000000070b000000| PB 0x000000070b000000| Untracked 
|  83|0x000000070b200000, 0x000000070b200000, 0x000000070b400000|  0%| F|  |TAMS 0x000000070b200000| PB 0x000000070b200000| Untracked 
|  84|0x000000070b400000, 0x000000070b400000, 0x000000070b600000|  0%| F|  |TAMS 0x000000070b400000| PB 0x000000070b400000| Untracked 
|  85|0x000000070b600000, 0x000000070b600000, 0x000000070b800000|  0%| F|  |TAMS 0x000000070b600000| PB 0x000000070b600000| Untracked 
|  86|0x000000070b800000, 0x000000070b800000, 0x000000070ba00000|  0%| F|  |TAMS 0x000000070b800000| PB 0x000000070b800000| Untracked 
|  87|0x000000070ba00000, 0x000000070ba00000, 0x000000070bc00000|  0%| F|  |TAMS 0x000000070ba00000| PB 0x000000070ba00000| Untracked 
|  88|0x000000070bc00000, 0x000000070bc00000, 0x000000070be00000|  0%| F|  |TAMS 0x000000070bc00000| PB 0x000000070bc00000| Untracked 
|  89|0x000000070be00000, 0x000000070be00000, 0x000000070c000000|  0%| F|  |TAMS 0x000000070be00000| PB 0x000000070be00000| Untracked 
|  90|0x000000070c000000, 0x000000070c000000, 0x000000070c200000|  0%| F|  |TAMS 0x000000070c000000| PB 0x000000070c000000| Untracked 
|  91|0x000000070c200000, 0x000000070c200000, 0x000000070c400000|  0%| F|  |TAMS 0x000000070c200000| PB 0x000000070c200000| Untracked 
|  92|0x000000070c400000, 0x000000070c400000, 0x000000070c600000|  0%| F|  |TAMS 0x000000070c400000| PB 0x000000070c400000| Untracked 
|  93|0x000000070c600000, 0x000000070c600000, 0x000000070c800000|  0%| F|  |TAMS 0x000000070c600000| PB 0x000000070c600000| Untracked 
|  94|0x000000070c800000, 0x000000070c800000, 0x000000070ca00000|  0%| F|  |TAMS 0x000000070c800000| PB 0x000000070c800000| Untracked 
|  95|0x000000070ca00000, 0x000000070ca00000, 0x000000070cc00000|  0%| F|  |TAMS 0x000000070ca00000| PB 0x000000070ca00000| Untracked 
|  96|0x000000070cc00000, 0x000000070cc00000, 0x000000070ce00000|  0%| F|  |TAMS 0x000000070cc00000| PB 0x000000070cc00000| Untracked 
|  97|0x000000070ce00000, 0x000000070ce00000, 0x000000070d000000|  0%| F|  |TAMS 0x000000070ce00000| PB 0x000000070ce00000| Untracked 
|  98|0x000000070d000000, 0x000000070d000000, 0x000000070d200000|  0%| F|  |TAMS 0x000000070d000000| PB 0x000000070d000000| Untracked 
|  99|0x000000070d200000, 0x000000070d200000, 0x000000070d400000|  0%| F|  |TAMS 0x000000070d200000| PB 0x000000070d200000| Untracked 
| 100|0x000000070d400000, 0x000000070d400000, 0x000000070d600000|  0%| F|  |TAMS 0x000000070d400000| PB 0x000000070d400000| Untracked 
| 101|0x000000070d600000, 0x000000070d600000, 0x000000070d800000|  0%| F|  |TAMS 0x000000070d600000| PB 0x000000070d600000| Untracked 
| 102|0x000000070d800000, 0x000000070d800000, 0x000000070da00000|  0%| F|  |TAMS 0x000000070d800000| PB 0x000000070d800000| Untracked 
| 103|0x000000070da00000, 0x000000070da00000, 0x000000070dc00000|  0%| F|  |TAMS 0x000000070da00000| PB 0x000000070da00000| Untracked 
| 104|0x000000070dc00000, 0x000000070dc00000, 0x000000070de00000|  0%| F|  |TAMS 0x000000070dc00000| PB 0x000000070dc00000| Untracked 
| 105|0x000000070de00000, 0x000000070de00000, 0x000000070e000000|  0%| F|  |TAMS 0x000000070de00000| PB 0x000000070de00000| Untracked 
| 106|0x000000070e000000, 0x000000070e000000, 0x000000070e200000|  0%| F|  |TAMS 0x000000070e000000| PB 0x000000070e000000| Untracked 
| 107|0x000000070e200000, 0x000000070e200000, 0x000000070e400000|  0%| F|  |TAMS 0x000000070e200000| PB 0x000000070e200000| Untracked 
| 108|0x000000070e400000, 0x000000070e400000, 0x000000070e600000|  0%| F|  |TAMS 0x000000070e400000| PB 0x000000070e400000| Untracked 
| 109|0x000000070e600000, 0x000000070e600000, 0x000000070e800000|  0%| F|  |TAMS 0x000000070e600000| PB 0x000000070e600000| Untracked 
| 110|0x000000070e800000, 0x000000070e800000, 0x000000070ea00000|  0%| F|  |TAMS 0x000000070e800000| PB 0x000000070e800000| Untracked 
| 111|0x000000070ea00000, 0x000000070ea00000, 0x000000070ec00000|  0%| F|  |TAMS 0x000000070ea00000| PB 0x000000070ea00000| Untracked 
| 112|0x000000070ec00000, 0x000000070ec00000, 0x000000070ee00000|  0%| F|  |TAMS 0x000000070ec00000| PB 0x000000070ec00000| Untracked 
| 113|0x000000070ee00000, 0x000000070ee00000, 0x000000070f000000|  0%| F|  |TAMS 0x000000070ee00000| PB 0x000000070ee00000| Untracked 
| 114|0x000000070f000000, 0x000000070f000000, 0x000000070f200000|  0%| F|  |TAMS 0x000000070f000000| PB 0x000000070f000000| Untracked 
| 115|0x000000070f200000, 0x000000070f200000, 0x000000070f400000|  0%| F|  |TAMS 0x000000070f200000| PB 0x000000070f200000| Untracked 
| 116|0x000000070f400000, 0x000000070f400000, 0x000000070f600000|  0%| F|  |TAMS 0x000000070f400000| PB 0x000000070f400000| Untracked 
| 117|0x000000070f600000, 0x000000070f600000, 0x000000070f800000|  0%| F|  |TAMS 0x000000070f600000| PB 0x000000070f600000| Untracked 
| 118|0x000000070f800000, 0x000000070f8d8580, 0x000000070fa00000| 42%| E|  |TAMS 0x000000070f800000| PB 0x000000070f800000| Complete 
| 119|0x000000070fa00000, 0x000000070fb5adc8, 0x000000070fc00000| 67%| S|CS|TAMS 0x000000070fa00000| PB 0x000000070fa00000| Complete 
| 120|0x000000070fc00000, 0x000000070fe00000, 0x000000070fe00000|100%| E|CS|TAMS 0x000000070fc00000| PB 0x000000070fc00000| Complete 
| 121|0x000000070fe00000, 0x0000000710000000, 0x0000000710000000|100%| E|CS|TAMS 0x000000070fe00000| PB 0x000000070fe00000| Complete 
| 122|0x0000000710000000, 0x0000000710200000, 0x0000000710200000|100%| E|CS|TAMS 0x0000000710000000| PB 0x0000000710000000| Complete 
| 123|0x0000000710200000, 0x0000000710400000, 0x0000000710400000|100%| E|CS|TAMS 0x0000000710200000| PB 0x0000000710200000| Complete 
| 124|0x0000000710400000, 0x0000000710600000, 0x0000000710600000|100%| E|CS|TAMS 0x0000000710400000| PB 0x0000000710400000| Complete 
| 125|0x0000000710600000, 0x0000000710800000, 0x0000000710800000|100%| E|CS|TAMS 0x0000000710600000| PB 0x0000000710600000| Complete 
| 126|0x0000000710800000, 0x0000000710a00000, 0x0000000710a00000|100%| E|CS|TAMS 0x0000000710800000| PB 0x0000000710800000| Complete 
| 127|0x0000000710a00000, 0x0000000710c00000, 0x0000000710c00000|100%| E|CS|TAMS 0x0000000710a00000| PB 0x0000000710a00000| Complete 

Card table byte_map: [0x000001f625000000,0x000001f625800000] _byte_map_base: 0x000001f6217fa000

Marking Bits: (CMBitMap*) 0x000001f60d7b0ad0
 Bits: [0x000001f626000000, 0x000001f629fd0000)

Polling page: 0x000001f60cf10000

Metaspace:

Usage:
  Non-class:      7.89 MB used.
      Class:    553.88 KB used.
       Both:      8.43 MB used.

Virtual space:
  Non-class space:       64.00 MB reserved,       8.00 MB ( 12%) committed,  1 nodes.
      Class space:        1.00 GB reserved,     640.00 KB ( <1%) committed,  1 nodes.
             Both:        1.06 GB reserved,       8.62 MB ( <1%) committed. 

Chunk freelists:
   Non-Class:  3.41 MB
       Class:  3.36 MB
        Both:  6.76 MB

MaxMetaspaceSize: unlimited
CompressedClassSpaceSize: 1.00 GB
Initial GC threshold: 21.00 MB
Current GC threshold: 21.00 MB
CDS: on
MetaspaceReclaimPolicy: balanced
 - commit_granule_bytes: 65536.
 - commit_granule_words: 8192.
 - virtual_space_node_default_size: 8388608.
 - enlarge_chunks_in_place: 1.
 - new_chunks_are_fully_committed: 0.
 - uncommit_free_chunks: 1.
 - use_allocation_guard: 0.


Internal statistics:

num_allocs_failed_limit: 0.
num_arena_births: 76.
num_arena_deaths: 0.
num_vsnodes_births: 2.
num_vsnodes_deaths: 0.
num_space_committed: 136.
num_space_uncommitted: 0.
num_chunks_returned_to_freelist: 0.
num_chunks_taken_from_freelist: 261.
num_chunk_merges: 0.
num_chunk_splits: 198.
num_chunks_enlarged: 164.
num_inconsistent_stats: 0.

CodeHeap 'non-profiled nmethods': size=120000Kb used=478Kb max_used=478Kb free=119521Kb
 bounds [0x000001f61d2d0000, 0x000001f61d540000, 0x000001f624800000]
CodeHeap 'profiled nmethods': size=120000Kb used=2369Kb max_used=2369Kb free=117631Kb
 bounds [0x000001f615800000, 0x000001f615a70000, 0x000001f61cd30000]
CodeHeap 'non-nmethods': size=5760Kb used=2211Kb max_used=2251Kb free=3548Kb
 bounds [0x000001f61cd30000, 0x000001f61cfa0000, 0x000001f61d2d0000]
 total_blobs=2315 nmethods=1247 adapters=979
 compilation: enabled
              stopped_count=0, restarted_count=0
 full_count=0

Compilation events (20 events):
Event: 1.279 Thread 0x000001f62c4defd0 nmethod 1229 0x000001f615a47b90 code [0x000001f615a47d40, 0x000001f615a47f98]
Event: 1.279 Thread 0x000001f62c4defd0 1230       3       org.lwjgl.PointerBuffer::put (24 bytes)
Event: 1.279 Thread 0x000001f62c4defd0 nmethod 1230 0x000001f615a48090 code [0x000001f615a48240, 0x000001f615a48598]
Event: 1.279 Thread 0x000001f62c4defd0 1231       3       org.lwjgl.system.Checks::check (17 bytes)
Event: 1.280 Thread 0x000001f62c4defd0 nmethod 1231 0x000001f615a48710 code [0x000001f615a488c0, 0x000001f615a48b30]
Event: 1.280 Thread 0x000001f62c4defd0 1238       3       java.lang.invoke.MethodHandle::isSafeToCache (14 bytes)
Event: 1.280 Thread 0x000001f62c4defd0 nmethod 1238 0x000001f615a48c90 code [0x000001f615a48e20, 0x000001f615a48fa0]
Event: 1.280 Thread 0x000001f62c4defd0 1232       3       org.lwjgl.system.CheckIntrinsics::checkIndex (6 bytes)
Event: 1.280 Thread 0x000001f62c4defd0 nmethod 1232 0x000001f615a49090 code [0x000001f615a49220, 0x000001f615a493b8]
Event: 1.281 Thread 0x000001f62c4defd0 1239       3       java.lang.invoke.MethodHandle::setAsTypeCache (33 bytes)
Event: 1.281 Thread 0x000001f62c4defd0 nmethod 1239 0x000001f615a49490 code [0x000001f615a49680, 0x000001f615a49ca8]
Event: 1.285 Thread 0x000001f6350b2dc0 nmethod 1235 0x000001f61d341290 code [0x000001f61d341460, 0x000001f61d3420a8]
Event: 1.286 Thread 0x000001f6350b2dc0 1237       4       java.lang.ref.SoftReference::get (29 bytes)
Event: 1.286 Thread 0x000001f6350b2dc0 nmethod 1237 0x000001f61d342790 code [0x000001f61d342900, 0x000001f61d342a08]
Event: 1.286 Thread 0x000001f6350b2dc0 1240       4       java.util.ImmutableCollections$List12::get (35 bytes)
Event: 1.287 Thread 0x000001f62c4defd0 1242       3       jdk.internal.loader.ClassLoaders$AppClassLoader::defineOrCheckPackage (8 bytes)
Event: 1.287 Thread 0x000001f6350b2dc0 nmethod 1240 0x000001f61d342a90 code [0x000001f61d342c00, 0x000001f61d342cb0]
Event: 1.287 Thread 0x000001f6350b2dc0 1236       4       java.lang.invoke.BoundMethodHandle::<init> (32 bytes)
Event: 1.287 Thread 0x000001f62c4defd0 nmethod 1242 0x000001f615a49e90 code [0x000001f615a4a020, 0x000001f615a4a188]
Event: 1.287 Thread 0x000001f62c4defd0 1246   !   3       jdk.internal.loader.Resource::getBytes (244 bytes)

GC Heap History (4 events):
Event: 0.465 GC heap before
{Heap before GC invocations=0 (full 0):
 garbage-first heap   total 262144K, used 12288K [0x0000000700c00000, 0x0000000800000000)
  region size 2048K, 6 young (12288K), 0 survivors (0K)
 Metaspace       used 3675K, committed 3840K, reserved 1114112K
  class space    used 318K, committed 384K, reserved 1048576K
}
Event: 0.467 GC heap after
{Heap after GC invocations=1 (full 0):
 garbage-first heap   total 262144K, used 2248K [0x0000000700c00000, 0x0000000800000000)
  region size 2048K, 1 young (2048K), 1 survivors (2048K)
 Metaspace       used 3675K, committed 3840K, reserved 1114112K
  class space    used 318K, committed 384K, reserved 1048576K
}
Event: 1.096 GC heap before
{Heap before GC invocations=1 (full 0):
 garbage-first heap   total 262144K, used 14536K [0x0000000700c00000, 0x0000000800000000)
  region size 2048K, 8 young (16384K), 1 survivors (2048K)
 Metaspace       used 6252K, committed 6400K, reserved 1114112K
  class space    used 458K, committed 512K, reserved 1048576K
}
Event: 1.099 GC heap after
{Heap after GC invocations=2 (full 0):
 garbage-first heap   total 262144K, used 3639K [0x0000000700c00000, 0x0000000800000000)
  region size 2048K, 1 young (2048K), 1 survivors (2048K)
 Metaspace       used 6252K, committed 6400K, reserved 1114112K
  class space    used 458K, committed 512K, reserved 1048576K
}

Dll operation events (11 events):
Event: 0.009 Loaded shared library C:\Program Files\Java\jdk-20\bin\java.dll
Event: 0.025 Loaded shared library C:\Program Files\Java\jdk-20\bin\jsvml.dll
Event: 0.206 Loaded shared library C:\Program Files\Java\jdk-20\bin\zip.dll
Event: 0.209 Loaded shared library C:\Program Files\Java\jdk-20\bin\instrument.dll
Event: 0.214 Loaded shared library C:\Program Files\Java\jdk-20\bin\net.dll
Event: 0.215 Loaded shared library C:\Program Files\Java\jdk-20\bin\nio.dll
Event: 0.219 Loaded shared library C:\Program Files\Java\jdk-20\bin\zip.dll
Event: 0.321 Loaded shared library C:\Program Files\Java\jdk-20\bin\jimage.dll
Event: 0.363 Loaded shared library C:\Program Files\Java\jdk-20\bin\verify.dll
Event: 0.509 Loaded shared library C:\Users\smsmk\AppData\Local\Temp\lwjglsmsmk\3.2.3-build-13\lwjgl.dll
Event: 0.980 Loaded shared library C:\Users\smsmk\AppData\Local\Temp\lwjglsmsmk\3.2.3-build-13\lwjgl_opengl.dll

Deoptimization events (20 events):
Event: 0.738 Thread 0x000001f6308f41d0 DEOPT PACKING pc=0x000001f61593c651 sp=0x000000363c2fca80
Event: 0.738 Thread 0x000001f6308f41d0 DEOPT UNPACKING pc=0x000001f61cd9a4c2 sp=0x000000363c2fbed8 mode 1
Event: 0.738 Thread 0x000001f6308f41d0 DEOPT PACKING pc=0x000001f6159378c4 sp=0x000000363c2fcb10
Event: 0.738 Thread 0x000001f6308f41d0 DEOPT UNPACKING pc=0x000001f61cd9a4c2 sp=0x000000363c2fbfb8 mode 1
Event: 1.028 Thread 0x000001f6308f41d0 Uncommon trap: trap_request=0xffffff45 fr.pc=0x000001f61d2e4170 relative=0x0000000000000070
Event: 1.028 Thread 0x000001f6308f41d0 Uncommon trap: reason=unstable_if action=reinterpret pc=0x000001f61d2e4170 method=java.lang.String.isLatin1()Z @ 10 c2
Event: 1.028 Thread 0x000001f6308f41d0 DEOPT PACKING pc=0x000001f61d2e4170 sp=0x000000363c2fe710
Event: 1.028 Thread 0x000001f6308f41d0 DEOPT UNPACKING pc=0x000001f61cd99d22 sp=0x000000363c2fe6b0 mode 2
Event: 1.028 Thread 0x000001f6308f41d0 Uncommon trap: trap_request=0xffffff45 fr.pc=0x000001f61d2ebed4 relative=0x0000000000000054
Event: 1.028 Thread 0x000001f6308f41d0 Uncommon trap: reason=unstable_if action=reinterpret pc=0x000001f61d2ebed4 method=java.lang.CharacterData.of(I)Ljava/lang/CharacterData; @ 4 c2
Event: 1.028 Thread 0x000001f6308f41d0 DEOPT PACKING pc=0x000001f61d2ebed4 sp=0x000000363c2fe250
Event: 1.028 Thread 0x000001f6308f41d0 DEOPT UNPACKING pc=0x000001f61cd99d22 sp=0x000000363c2fe1f0 mode 2
Event: 1.039 Thread 0x000001f6308f41d0 Uncommon trap: trap_request=0xffffff54 fr.pc=0x000001f61d31edfc relative=0x000000000000007c
Event: 1.039 Thread 0x000001f6308f41d0 Uncommon trap: reason=speculate_null_assert action=make_not_entrant pc=0x000001f61d31edfc method=sun.misc.Unsafe.putLong(Ljava/lang/Object;JJ)V @ 7 c2
Event: 1.039 Thread 0x000001f6308f41d0 DEOPT PACKING pc=0x000001f61d31edfc sp=0x000000363c2fecf0
Event: 1.039 Thread 0x000001f6308f41d0 DEOPT UNPACKING pc=0x000001f61cd99d22 sp=0x000000363c2fec88 mode 2
Event: 1.042 Thread 0x000001f6308f41d0 Uncommon trap: trap_request=0xffffff54 fr.pc=0x000001f61d320df8 relative=0x0000000000000078
Event: 1.042 Thread 0x000001f6308f41d0 Uncommon trap: reason=speculate_null_assert action=make_not_entrant pc=0x000001f61d320df8 method=sun.misc.Unsafe.getLong(Ljava/lang/Object;J)J @ 5 c2
Event: 1.042 Thread 0x000001f6308f41d0 DEOPT PACKING pc=0x000001f61d320df8 sp=0x000000363c2fee20
Event: 1.042 Thread 0x000001f6308f41d0 DEOPT UNPACKING pc=0x000001f61cd99d22 sp=0x000000363c2fedb8 mode 2

Classes loaded (20 events):
Event: 1.021 Loading class sun/util/resources/LocaleData$CommonResourceBundleProvider
Event: 1.021 Loading class sun/util/resources/LocaleData$LocaleDataResourceBundleProvider
Event: 1.021 Loading class java/util/spi/ResourceBundleProvider
Event: 1.021 Loading class java/util/spi/ResourceBundleProvider done
Event: 1.021 Loading class sun/util/resources/LocaleData$LocaleDataResourceBundleProvider done
Event: 1.021 Loading class sun/util/resources/LocaleData$CommonResourceBundleProvider done
Event: 1.022 Loading class java/util/ArrayList$SubList$1
Event: 1.022 Loading class java/util/ArrayList$SubList$1 done
Event: 1.023 Loading class sun/text/resources/cldr/FormatData_en
Event: 1.023 Loading class sun/text/resources/cldr/FormatData_en done
Event: 1.023 Loading class sun/util/resources/Bundles$2
Event: 1.023 Loading class sun/util/resources/Bundles$2 done
Event: 1.071 Loading class jdk/internal/foreign/MemorySessionImpl
Event: 1.071 Loading class java/lang/foreign/SegmentScope
Event: 1.071 Loading class java/lang/foreign/SegmentScope done
Event: 1.071 Loading class java/lang/foreign/SegmentAllocator
Event: 1.071 Loading class java/lang/foreign/SegmentAllocator done
Event: 1.071 Loading class jdk/internal/foreign/MemorySessionImpl done
Event: 1.232 Loading class jdk/internal/reflect/MethodHandleLongFieldAccessorImpl
Event: 1.232 Loading class jdk/internal/reflect/MethodHandleLongFieldAccessorImpl done

Classes unloaded (0 events):
No events

Classes redefined (0 events):
No events

Internal exceptions (20 events):
Event: 0.477 Thread 0x000001f6308f41d0 Exception <a 'java/lang/NoSuchMethodError'{0x0000000710acda00}: 'void java.lang.invoke.DirectMethodHandle$Holder.invokeStatic(java.lang.Object, java.lang.Object)'> (0x0000000710acda00) 
thrown [s\open\src\hotspot\share\interpreter\linkResolver.cpp, line 773]
Event: 0.478 Thread 0x000001f6308f41d0 Exception <a 'java/lang/NoSuchMethodError'{0x0000000710ad50c8}: 'void java.lang.System.load(java.lang.String, java.lang.Class)'> (0x0000000710ad50c8) 
thrown [s\open\src\hotspot\share\interpreter\linkResolver.cpp, line 773]
Event: 0.478 Thread 0x000001f6308f41d0 Exception <a 'java/lang/NoSuchMethodError'{0x0000000710ad5a98}: 'void java.lang.invoke.DirectMethodHandle$Holder.invokeSpecial(java.lang.Object, java.lang.Object, java.lang.Object)'> (0x0000000710ad5a98) 
thrown [s\open\src\hotspot\share\interpreter\linkResolver.cpp, line 773]
Event: 0.480 Thread 0x000001f6308f41d0 Exception <a 'java/lang/NoSuchMethodError'{0x0000000710ae9b98}: 'java.lang.Object java.lang.invoke.DirectMethodHandle$Holder.invokeStatic(java.lang.Object, java.lang.Object, int)'> (0x0000000710ae9b98) 
thrown [s\open\src\hotspot\share\interpreter\linkResolver.cpp, line 773]
Event: 0.481 Thread 0x000001f6308f41d0 Exception <a 'java/lang/NoSuchMethodError'{0x0000000710af5098}: 'void java.lang.invoke.DelegatingMethodHandle$Holder.delegate(java.lang.Object, java.lang.Object, int, java.lang.Object)'> (0x0000000710af5098) 
thrown [s\open\src\hotspot\share\interpreter\linkResolver.cpp, line 773]
Event: 0.481 Thread 0x000001f6308f41d0 Exception <a 'java/lang/NoSuchMethodError'{0x0000000710af8e80}: 'int java.lang.invoke.DirectMethodHandle$Holder.invokeSpecial(java.lang.Object, java.lang.Object, java.lang.Object)'> (0x0000000710af8e80) 
thrown [s\open\src\hotspot\share\interpreter\linkResolver.cpp, line 773]
Event: 0.486 Thread 0x000001f6308f41d0 Exception <a 'java/lang/NoSuchMethodError'{0x0000000710b15410}: 'void java.lang.System.loadLibrary(java.lang.String, java.lang.Class)'> (0x0000000710b15410) 
thrown [s\open\src\hotspot\share\interpreter\linkResolver.cpp, line 773]
Event: 0.513 Thread 0x000001f6308f41d0 Exception <a 'sun/nio/fs/WindowsException'{0x0000000710be95a8}> (0x0000000710be95a8) 
thrown [s\open\src\hotspot\share\prims\jni.cpp, line 519]
Event: 0.514 Thread 0x000001f6308f41d0 Exception <a 'sun/nio/fs/WindowsException'{0x0000000710beabb8}> (0x0000000710beabb8) 
thrown [s\open\src\hotspot\share\prims\jni.cpp, line 519]
Event: 0.522 Thread 0x000001f6308f41d0 Exception <a 'sun/nio/fs/WindowsException'{0x0000000710bfefa0}> (0x0000000710bfefa0) 
thrown [s\open\src\hotspot\share\prims\jni.cpp, line 519]
Event: 0.522 Thread 0x000001f6308f41d0 Exception <a 'sun/nio/fs/WindowsException'{0x0000000710bff310}> (0x0000000710bff310) 
thrown [s\open\src\hotspot\share\prims\jni.cpp, line 519]
Event: 0.741 Thread 0x000001f6308f41d0 Exception <a 'java/lang/NoSuchMethodError'{0x00000007106d5a40}: 'int java.lang.invoke.Invokers$Holder.invokeExact_MT(java.lang.Object, java.lang.Object)'> (0x00000007106d5a40) 
thrown [s\open\src\hotspot\share\interpreter\linkResolver.cpp, line 773]
Event: 0.973 Thread 0x000001f6308f41d0 Exception <a 'java/lang/NoSuchMethodError'{0x00000007107a0bd8}: 'void java.lang.System.load(java.lang.String, java.lang.Class)'> (0x00000007107a0bd8) 
thrown [s\open\src\hotspot\share\interpreter\linkResolver.cpp, line 773]
Event: 0.974 Thread 0x000001f6308f41d0 Exception <a 'java/lang/NoSuchMethodError'{0x00000007107a39c0}: 'void java.lang.System.loadLibrary(java.lang.String, java.lang.Class)'> (0x00000007107a39c0) 
thrown [s\open\src\hotspot\share\interpreter\linkResolver.cpp, line 773]
Event: 0.978 Thread 0x000001f6308f41d0 Exception <a 'sun/nio/fs/WindowsException'{0x00000007107b3550}> (0x00000007107b3550) 
thrown [s\open\src\hotspot\share\prims\jni.cpp, line 519]
Event: 0.978 Thread 0x000001f6308f41d0 Exception <a 'sun/nio/fs/WindowsException'{0x00000007107b3900}> (0x00000007107b3900) 
thrown [s\open\src\hotspot\share\prims\jni.cpp, line 519]
Event: 0.982 Thread 0x000001f6308f41d0 Exception <a 'sun/nio/fs/WindowsException'{0x00000007107bd380}> (0x00000007107bd380) 
thrown [s\open\src\hotspot\share\prims\jni.cpp, line 519]
Event: 0.982 Thread 0x000001f6308f41d0 Exception <a 'sun/nio/fs/WindowsException'{0x00000007107bd668}> (0x00000007107bd668) 
thrown [s\open\src\hotspot\share\prims\jni.cpp, line 519]
Event: 1.232 Thread 0x000001f6308f41d0 Exception <a 'java/lang/NoSuchMethodError'{0x000000070fc653d0}: 'long java.lang.invoke.DelegatingMethodHandle$Holder.reinvoke_L(java.lang.Object, java.lang.Object)'> (0x000000070fc653d0) 
thrown [s\open\src\hotspot\share\interpreter\linkResolver.cpp, line 773]
Event: 1.233 Thread 0x000001f6308f41d0 Exception <a 'java/lang/NoSuchMethodError'{0x000000070fc6b870}: 'long java.lang.invoke.Invokers$Holder.invokeExact_MT(java.lang.Object, java.lang.Object, java.lang.Object)'> (0x000000070fc6b870) 
thrown [s\open\src\hotspot\share\interpreter\linkResolver.cpp, line 773]

VM Operations (18 events):
Event: 0.092 Executing VM operation: HandshakeAllThreads
Event: 0.092 Executing VM operation: HandshakeAllThreads done
Event: 0.189 Executing VM operation: ChangeBreakpoints
Event: 0.189 Executing VM operation: ChangeBreakpoints done
Event: 0.413 Executing VM operation: HandshakeAllThreads
Event: 0.413 Executing VM operation: HandshakeAllThreads done
Event: 0.417 Executing VM operation: ChangeBreakpoints
Event: 0.417 Executing VM operation: ChangeBreakpoints done
Event: 0.465 Executing VM operation: G1CollectForAllocation
Event: 0.467 Executing VM operation: G1CollectForAllocation done
Event: 0.480 Executing VM operation: HandshakeAllThreads
Event: 0.480 Executing VM operation: HandshakeAllThreads done
Event: 0.493 Executing VM operation: HandshakeAllThreads
Event: 0.493 Executing VM operation: HandshakeAllThreads done
Event: 1.029 Executing VM operation: HandshakeAllThreads
Event: 1.029 Executing VM operation: HandshakeAllThreads done
Event: 1.096 Executing VM operation: G1CollectForAllocation
Event: 1.099 Executing VM operation: G1CollectForAllocation done

Events (18 events):
Event: 0.025 Thread 0x000001f60d741630 Thread added: 0x000001f60d741630
Event: 0.038 Thread 0x000001f62c4a37b0 Thread added: 0x000001f62c4a37b0
Event: 0.038 Thread 0x000001f62c4a42f0 Thread added: 0x000001f62c4a42f0
Event: 0.039 Thread 0x000001f62c4a71b0 Thread added: 0x000001f62c4a71b0
Event: 0.039 Thread 0x000001f62c4a8d00 Thread added: 0x000001f62c4a8d00
Event: 0.039 Thread 0x000001f62c4ad760 Thread added: 0x000001f62c4ad760
Event: 0.039 Thread 0x000001f62c4d35c0 Thread added: 0x000001f62c4d35c0
Event: 0.039 Thread 0x000001f62c4de650 Thread added: 0x000001f62c4de650
Event: 0.039 Thread 0x000001f62c4defd0 Thread added: 0x000001f62c4defd0
Event: 0.082 Thread 0x000001f6308f4c70 Thread added: 0x000001f6308f4c70
Event: 0.116 Thread 0x000001f630a675f0 Thread added: 0x000001f630a675f0
Event: 0.116 Thread 0x000001f630a6a190 Thread added: 0x000001f630a6a190
Event: 0.117 Thread 0x000001f630a6b700 Thread added: 0x000001f630a6b700
Event: 0.357 Thread 0x000001f6308f3730 Thread added: 0x000001f6308f3730
Event: 0.425 Thread 0x000001f6308f41d0 Thread added: 0x000001f6308f41d0
Event: 0.426 Thread 0x000001f60d741630 Thread exited: 0x000001f60d741630
Event: 0.426 Thread 0x000001f6308f3c80 Thread added: 0x000001f6308f3c80
Event: 1.019 Thread 0x000001f6350b2dc0 Thread added: 0x000001f6350b2dc0


Dynamic libraries:
0x00007ff6d91d0000 - 0x00007ff6d91e0000 	C:\Program Files\Java\jdk-20\bin\javaw.exe
0x00007ff8943f0000 - 0x00007ff8945e8000 	C:\Windows\SYSTEM32\ntdll.dll
0x00007ff892c90000 - 0x00007ff892d4f000 	C:\Windows\System32\KERNEL32.DLL
0x00007ff891da0000 - 0x00007ff892096000 	C:\Windows\System32\KERNELBASE.dll
0x00007ff892200000 - 0x00007ff892300000 	C:\Windows\System32\ucrtbase.dll
0x00007ff87a7f0000 - 0x00007ff87a80b000 	C:\Program Files\Java\jdk-20\bin\VCRUNTIME140.dll
0x00007ff87b8c0000 - 0x00007ff87b8d9000 	C:\Program Files\Java\jdk-20\bin\jli.dll
0x00007ff892ac0000 - 0x00007ff892b6f000 	C:\Windows\System32\ADVAPI32.dll
0x00007ff892450000 - 0x00007ff8924ee000 	C:\Windows\System32\msvcrt.dll
0x00007ff8942f0000 - 0x00007ff89438c000 	C:\Windows\System32\sechost.dll
0x00007ff8924f0000 - 0x00007ff892616000 	C:\Windows\System32\RPCRT4.dll
0x00007ff8940a0000 - 0x00007ff89423d000 	C:\Windows\System32\USER32.dll
0x00007ff8923b0000 - 0x00007ff8923d2000 	C:\Windows\System32\win32u.dll
0x00007ff892b70000 - 0x00007ff892b9c000 	C:\Windows\System32\GDI32.dll
0x00007ff891bf0000 - 0x00007ff891d05000 	C:\Windows\System32\gdi32full.dll
0x00007ff891b50000 - 0x00007ff891bed000 	C:\Windows\System32\msvcp_win.dll
0x00007ff886a40000 - 0x00007ff886cda000 	C:\Windows\WinSxS\amd64_microsoft.windows.common-controls_6595b64144ccf1df_6.0.19041.1110_none_60b5254171f9507e\COMCTL32.dll
0x00007ff88bc10000 - 0x00007ff88bc1a000 	C:\Windows\SYSTEM32\VERSION.dll
0x00007ff893930000 - 0x00007ff893960000 	C:\Windows\System32\IMM32.DLL
0x00007ff8894d0000 - 0x00007ff8894dc000 	C:\Program Files\Java\jdk-20\bin\vcruntime140_1.dll
0x00007ff86e270000 - 0x00007ff86e2fe000 	C:\Program Files\Java\jdk-20\bin\msvcp140.dll
0x00007ff819940000 - 0x00007ff81a5d7000 	C:\Program Files\Java\jdk-20\bin\server\jvm.dll
0x00007ff87a760000 - 0x00007ff87a769000 	C:\Windows\SYSTEM32\WSOCK32.dll
0x00007ff893650000 - 0x00007ff8936bb000 	C:\Windows\System32\WS2_32.dll
0x00007ff888e20000 - 0x00007ff888e47000 	C:\Windows\SYSTEM32\WINMM.dll
0x00007ff88f840000 - 0x00007ff88f852000 	C:\Windows\SYSTEM32\kernel.appcore.dll
0x00007ff883570000 - 0x00007ff88357a000 	C:\Program Files\Java\jdk-20\bin\jimage.dll
0x00007ff887b10000 - 0x00007ff887cf4000 	C:\Windows\SYSTEM32\DBGHELP.DLL
0x00007ff868c40000 - 0x00007ff868c74000 	C:\Windows\SYSTEM32\dbgcore.DLL
0x00007ff891d10000 - 0x00007ff891d92000 	C:\Windows\System32\bcryptPrimitives.dll
0x00007ff871920000 - 0x00007ff87195c000 	C:\Program Files\Java\jdk-20\bin\jdwp.dll
0x00007ff8734f0000 - 0x00007ff8734fe000 	C:\Program Files\Java\jdk-20\bin\instrument.dll
0x00007ff872580000 - 0x00007ff8725a6000 	C:\Program Files\Java\jdk-20\bin\java.dll
0x00007ff86a530000 - 0x00007ff86a607000 	C:\Program Files\Java\jdk-20\bin\jsvml.dll
0x00007ff892f00000 - 0x00007ff893644000 	C:\Windows\System32\SHELL32.dll
0x00007ff88fb50000 - 0x00007ff8902e3000 	C:\Windows\SYSTEM32\windows.storage.dll
0x00007ff892620000 - 0x00007ff892974000 	C:\Windows\System32\combase.dll
0x00007ff891430000 - 0x00007ff89145e000 	C:\Windows\SYSTEM32\Wldp.dll
0x00007ff894240000 - 0x00007ff8942ed000 	C:\Windows\System32\SHCORE.dll
0x00007ff892ba0000 - 0x00007ff892bf5000 	C:\Windows\System32\shlwapi.dll
0x00007ff891a00000 - 0x00007ff891a25000 	C:\Windows\SYSTEM32\profapi.dll
0x00007ff872600000 - 0x00007ff87260c000 	C:\Program Files\Java\jdk-20\bin\dt_socket.dll
0x00007ff890ed0000 - 0x00007ff890f0b000 	C:\Windows\SYSTEM32\IPHLPAPI.DLL
0x00007ff891210000 - 0x00007ff89127a000 	C:\Windows\system32\mswsock.dll
0x00007ff890f20000 - 0x00007ff890fea000 	C:\Windows\SYSTEM32\DNSAPI.dll
0x00007ff893960000 - 0x00007ff893968000 	C:\Windows\System32\NSI.dll
0x00007ff88b200000 - 0x00007ff88b20a000 	C:\Windows\System32\rasadhlp.dll
0x00007ff8898c0000 - 0x00007ff889942000 	C:\Windows\System32\fwpuclnt.dll
0x00007ff891b20000 - 0x00007ff891b47000 	C:\Windows\System32\bcrypt.dll
0x00007ff872560000 - 0x00007ff872578000 	C:\Program Files\Java\jdk-20\bin\zip.dll
0x00007ff877bd0000 - 0x00007ff877be3000 	C:\Program Files\Java\jdk-20\bin\net.dll
0x00007ff88b5c0000 - 0x00007ff88b6ca000 	C:\Windows\SYSTEM32\WINHTTP.dll
0x00007ff8734d0000 - 0x00007ff8734e6000 	C:\Program Files\Java\jdk-20\bin\nio.dll
0x00007ff87a7e0000 - 0x00007ff87a7f0000 	C:\Program Files\Java\jdk-20\bin\verify.dll
0x00007ff86e1b0000 - 0x00007ff86e214000 	C:\Users\smsmk\AppData\Local\Temp\lwjglsmsmk\3.2.3-build-13\lwjgl.dll
0x00007ff86e140000 - 0x00007ff86e1a2000 	C:\Users\smsmk\AppData\Local\Temp\lwjglsmsmk\3.2.3-build-13\glfw.dll
0x00007ff88f480000 - 0x00007ff88f51e000 	C:\Windows\system32\uxtheme.dll
0x00007ff86de60000 - 0x00007ff86dea5000 	C:\Windows\SYSTEM32\dinput8.dll
0x00007ff858040000 - 0x00007ff858051000 	C:\Windows\SYSTEM32\xinput1_4.dll
0x00007ff891ad0000 - 0x00007ff891b1e000 	C:\Windows\System32\cfgmgr32.dll
0x00007ff891860000 - 0x00007ff891893000 	C:\Windows\SYSTEM32\DEVOBJ.dll
0x00007ff88f8b0000 - 0x00007ff88f8df000 	C:\Windows\SYSTEM32\dwmapi.dll
0x00007ff87b110000 - 0x00007ff87b262000 	C:\Windows\SYSTEM32\inputhost.dll
0x00007ff8936c0000 - 0x00007ff89378d000 	C:\Windows\System32\OLEAUT32.dll
0x00007ff88f140000 - 0x00007ff88f232000 	C:\Windows\SYSTEM32\CoreMessaging.dll
0x00007ff88d5e0000 - 0x00007ff88d6d6000 	C:\Windows\SYSTEM32\PROPSYS.dll
0x00007ff88e710000 - 0x00007ff88e864000 	C:\Windows\SYSTEM32\wintypes.dll
0x00007ff88ede0000 - 0x00007ff88f13e000 	C:\Windows\SYSTEM32\CoreUIComponents.dll
0x00007ff890bf0000 - 0x00007ff890c23000 	C:\Windows\SYSTEM32\ntmarta.dll
0x00007ff893f80000 - 0x00007ff894094000 	C:\Windows\System32\MSCTF.dll
0x00007ff8902f0000 - 0x00007ff8902fd000 	C:\Windows\SYSTEM32\HID.DLL
0x00007ff893ab0000 - 0x00007ff893f1e000 	C:\Windows\System32\SETUPAPI.DLL
0x00007ff8923e0000 - 0x00007ff892447000 	C:\Windows\System32\WINTRUST.dll
0x00007ff8920a0000 - 0x00007ff8921fe000 	C:\Windows\System32\CRYPT32.dll
0x00007ff891820000 - 0x00007ff891832000 	C:\Windows\SYSTEM32\MSASN1.dll
0x00007ff81ec20000 - 0x00007ff81ed45000 	C:\Windows\SYSTEM32\opengl32.dll
0x00007ff8758c0000 - 0x00007ff8758ec000 	C:\Windows\SYSTEM32\GLU32.dll
0x00007ff8937a0000 - 0x00007ff893849000 	C:\Windows\System32\clbcatq.dll
0x00007ff8055b0000 - 0x00007ff809842000 	C:\Windows\System32\DriverStore\FileRepository\nvmdi.inf_amd64_faac8d1bca70beae\nvoglv64.dll
0x00007ff893970000 - 0x00007ff893a9a000 	C:\Windows\System32\ole32.dll
0x00007ff88d740000 - 0x00007ff88d754000 	C:\Windows\SYSTEM32\WTSAPI32.dll
0x00007ff88b220000 - 0x00007ff88b251000 	C:\Windows\SYSTEM32\cryptnet.dll
0x00007ff88a920000 - 0x00007ff88aa68000 	C:\Windows\SYSTEM32\drvstore.dll
0x00007ff8913a0000 - 0x00007ff8913ac000 	C:\Windows\SYSTEM32\cryptbase.dll
0x00007ff88a740000 - 0x00007ff88a77b000 	C:\Windows\SYSTEM32\dxcore.dll
0x00007ff8667d0000 - 0x00007ff866aa1000 	C:\Windows\system32\nvspcap64.dll
0x00007ff891040000 - 0x00007ff89108b000 	C:\Windows\SYSTEM32\powrprof.dll
0x00007ff890eb0000 - 0x00007ff890ec2000 	C:\Windows\SYSTEM32\UMPDC.dll
0x00007ff890770000 - 0x00007ff8907cb000 	C:\Windows\SYSTEM32\WINSTA.dll
0x00007ff87aaf0000 - 0x00007ff87abea000 	C:\Windows\SYSTEM32\textinputframework.dll
0x00007ff86dc50000 - 0x00007ff86dca9000 	C:\Users\smsmk\AppData\Local\Temp\lwjglsmsmk\3.2.3-build-13\lwjgl_opengl.dll

dbghelp: loaded successfully - version: 4.0.5 - missing functions: none
symbol engine: initialized successfully - sym options: 0x614 - pdb path: .;C:\Program Files\Java\jdk-20\bin;C:\Windows\SYSTEM32;C:\Windows\WinSxS\amd64_microsoft.windows.common-controls_6595b64144ccf1df_6.0.19041.1110_none_60b5254171f9507e;C:\Program Files\Java\jdk-20\bin\server;C:\Users\smsmk\AppData\Local\Temp\lwjglsmsmk\3.2.3-build-13;C:\Windows\System32\DriverStore\FileRepository\nvmdi.inf_amd64_faac8d1bca70beae

VM Arguments:
jvm_args: -XX:+ShowCodeDetailsInExceptionMessages -agentlib:jdwp=transport=dt_socket,suspend=y,address=localhost:57215 -javaagent:D:\eclipse\java-2023-062\eclipse\configuration\org.eclipse.osgi\248\0\.cp\lib\javaagent-shaded.jar -Dfile.encoding=UTF-8 
java_command: com.Anix.Main.Core
java_class_path (initial): D:\GitHub\Anix-Java\Anix\bin;D:\GitHub\Anix-Java\Anix\includes\lwjgl.jar;D:\GitHub\Anix-Java\Anix\includes\lwjgl-assimp.jar;D:\GitHub\Anix-Java\Anix\includes\lwjgl-assimp-natives-windows.jar;D:\GitHub\Anix-Java\Anix\includes\lwjgl-bgfx.jar;D:\GitHub\Anix-Java\Anix\includes\lwjgl-bgfx-natives-windows.jar;D:\GitHub\Anix-Java\Anix\includes\lwjgl-glfw.jar;D:\GitHub\Anix-Java\Anix\includes\lwjgl-glfw-natives-windows.jar;D:\GitHub\Anix-Java\Anix\includes\lwjgl-nanovg.jar;D:\GitHub\Anix-Java\Anix\includes\lwjgl-nanovg-natives-windows.jar;D:\GitHub\Anix-Java\Anix\includes\lwjgl-natives-windows.jar;D:\GitHub\Anix-Java\Anix\includes\lwjgl-nuklear.jar;D:\GitHub\Anix-Java\Anix\includes\lwjgl-nuklear-natives-windows.jar;D:\GitHub\Anix-Java\Anix\includes\lwjgl-openal.jar;D:\GitHub\Anix-Java\Anix\includes\lwjgl-openal-natives-windows.jar;D:\GitHub\Anix-Java\Anix\includes\lwjgl-opengl.jar;D:\GitHub\Anix-Java\Anix\includes\lwjgl-opengl-natives-windows.jar;D:\GitHub\Anix-Java\Anix\includes\lwjgl-par.jar;D:\GitHub\Anix-Java\Anix\includes\lwjgl-par-natives-windows.jar;D:\GitHub\Anix-Java\Anix\includes\lwjgl-stb.jar;D:\GitHub\Anix-Java\Anix\includes\lwjgl-stb-natives-windows.jar;D:\GitHub\Anix-Java\Anix\includes\lwjgl-vulkan.jar;D:\GitHub\Anix-Java\Anix\includes\slick-util3.jar;D:\GitHub\Anix-Java\Anix\includes\TWL.jar;D:\GitHub\Anix-Java\Anix\includes\tiny\lwjgl-tinyfd.jar;D:\GitHub\Anix-Java\Anix\includes\tiny\lwjgl-tinyfd-javadoc.jar;D:\GitHub\Anix-Java\Anix\includes\tiny\lwjgl-tinyfd-natives-windows.jar;D:\GitHub\Anix-Java\Anix\includes\tiny\lwjgl-tinyfd-sources.jar;D:\GitHub\Anix-Java\Anix\includes\imgui\imgui-app-1.86.6.jar;D:\GitHub\Anix-Java\Anix\includes\imgui\imgui-app-1.86.6-all.jar;D:\GitHub\Anix-Java\Anix\includes\imgui\imgui-app-1.86.6-javadoc.jar;D:\GitHub\Anix-Java\Anix\includes\imgui\imgui-app-1.86.6-sources.jar;D:\GitHub\Anix-Java\Anix\includes\imgui\imgui-binding-1.86.6.jar;D:\GitHub\Anix-Java\Anix\includes\imgui\imgui-binding-1.86.6-javadoc.jar;D:\GitHub\Anix-Java\Anix\includes\imgui\imgui-binding-1.86.6-sources.jar;D:\GitHub\Anix-Java\Anix\includes\imgui\imgui-lwjgl3-1.86.6.jar;D:\GitHub\Anix-Java\Anix\includes\imgui\imgui-lwjgl3-1.86.6-javadoc.jar;D:\GitHub\Anix-Java\Anix\includes\imgui\imgui-lwjgl3-1.86.6-sources.jar;D:\GitHub\Anix-Java\Anix\includes\Debug\lwjgl-sources.jar;D:\GitHub\Anix-Java\Anix\includes\Debug\lwjglx-debug-1.0.0.jar
Launcher Type: SUN_STANDARD

[Global flags]
     intx CICompilerCount                          = 3                                         {product} {ergonomic}
     uint ConcGCThreads                            = 1                                         {product} {ergonomic}
     uint G1ConcRefinementThreads                  = 4                                         {product} {ergonomic}
   size_t G1HeapRegionSize                         = 2097152                                   {product} {ergonomic}
    uintx GCDrainStackTargetSize                   = 64                                        {product} {ergonomic}
   size_t InitialHeapSize                          = 268435456                                 {product} {ergonomic}
   size_t MarkStackSize                            = 4194304                                   {product} {ergonomic}
   size_t MaxHeapSize                              = 4282384384                                {product} {ergonomic}
   size_t MaxNewSize                               = 2569011200                                {product} {ergonomic}
   size_t MinHeapDeltaBytes                        = 2097152                                   {product} {ergonomic}
   size_t MinHeapSize                              = 8388608                                   {product} {ergonomic}
    uintx NonNMethodCodeHeapSize                   = 5832780                                {pd product} {ergonomic}
    uintx NonProfiledCodeHeapSize                  = 122912730                              {pd product} {ergonomic}
    uintx ProfiledCodeHeapSize                     = 122912730                              {pd product} {ergonomic}
    uintx ReservedCodeCacheSize                    = 251658240                              {pd product} {ergonomic}
     bool SegmentedCodeCache                       = true                                      {product} {ergonomic}
     bool ShowCodeDetailsInExceptionMessages       = true                                   {manageable} {command line}
   size_t SoftMaxHeapSize                          = 4282384384                             {manageable} {ergonomic}
     bool UseCompressedClassPointers               = true                           {product lp64_product} {ergonomic}
     bool UseCompressedOops                        = true                           {product lp64_product} {ergonomic}
     bool UseG1GC                                  = true                                      {product} {ergonomic}
     bool UseLargePagesIndividualAllocation        = false                                  {pd product} {ergonomic}

Logging:
Log output configuration:
 #0: stdout all=warning uptime,level,tags foldmultilines=false
 #1: stderr all=off uptime,level,tags foldmultilines=false

Environment Variables:
PATH=C:\Program Files\Common Files\Oracle\Java\javapath;C:\Program Files (x86)\Common Files\Oracle\Java\javapath;C:\Program Files (x86)\Razer Chroma SDK\bin;C:\Program Files\Razer Chroma SDK\bin;C:\Program Files (x86)\Razer\ChromaBroadcast\bin;C:\Program Files\Razer\ChromaBroadcast\bin;C:\Windows\system32;C:\Windows;C:\Windows\System32\Wbem;C:\Windows\System32\WindowsPowerShell\v1.0\;C:\Windows\System32\OpenSSH\;C:\Program Files\NVIDIA Corporation\NVIDIA NvDLISR;C:\Program Files\dotnet\;C:\Users\smsmk\AppData\Local\Microsoft\WindowsApps;C:\Users\smsmk\.dotnet\tools;C:\ProgramData\chocolatey\bin;C:\Program Files (x86)\NVIDIA Corporation\PhysX\Common;D:\Git\cmd;C:\Program Files\Docker\Docker\resources\bin;C:\Program Files\nodejs\;C:\Windows\system32\config\systemprofile\AppData\Local\Microsoft\WindowsApps;C:\Program Files\Microsoft SQL Server\120\Tools\Binn\;C:\Program Files\Common Files\Autodesk Shared\;C:\Users\smsmk\AppData\Local\Microsoft\WindowsApps;C:\Users\smsmk\.dotnet\tools;C:\Program Files\heroku\bin;C:\ProgramData\smsmk\GitHubDesktop\bin;C:\Program Files\PostgreSQL\15\bin;C:\Program Files\PostgreSQL\15\lib;C:\Users\smsmk\AppData\Roaming\npm;D:\Microsoft VS Code\bin;D:\JetBrains\IntelliJ IDEA Community Edition 2023.2\bin;
USERNAME=smsmk
OS=Windows_NT
PROCESSOR_IDENTIFIER=Intel64 Family 6 Model 158 Stepping 9, GenuineIntel
TMP=C:\Users\smsmk\AppData\Local\Temp
TEMP=C:\Users\smsmk\AppData\Local\Temp




---------------  S Y S T E M  ---------------

OS:
 Windows 10 , 64 bit Build 19041 (10.0.19041.3155)
OS uptime: 0 days 13:54 hours
Hyper-V role detected

CPU: total 4 (initial active 4) (4 cores per cpu, 1 threads per core) family 6 model 158 stepping 9 microcode 0xb4, cx8, cmov, fxsr, mmx, 3dnowpref, sse, sse2, sse3, ssse3, sse4.1, sse4.2, popcnt, lzcnt, tsc, tscinvbit, avx, avx2, aes, erms, clmul, bmi1, bmi2, adx, fma, vzeroupper, clflush, clflushopt, hv, rdtscp, f16c

Memory: 4k page, system-wide physical 16328M (3585M free)
TotalPageFile size 26056M (AvailPageFile size 7612M)
current process WorkingSet (physical memory assigned to process): 128M, peak: 130M
current process commit charge ("private bytes"): 411M, peak: 415M

vm_info: Java HotSpot(TM) 64-Bit Server VM (20.0.1+9-29) for windows-amd64 JRE (20.0.1+9-29), built on 2023-03-07T13:56:11Z by "mach5one" with MS VC++ 17.1 (VS2022)

END.
