#
# A fatal error has been detected by the Java Runtime Environment:
#
#  EXCEPTION_ACCESS_VIOLATION (0xc0000005) at pc=0x0000000064b2123c, pid=13532, tid=10344
#
# JRE version: Java(TM) SE Runtime Environment (18.0.1.1+2) (build 18.0.1.1+2-6)
# Java VM: Java HotSpot(TM) 64-Bit Server VM (18.0.1.1+2-6, mixed mode, sharing, tiered, compressed oops, compressed class ptrs, g1 gc, windows-amd64)
# Problematic frame:
# C  [imgui-java64.dll+0x12123c]
#
# No core dump will be written. Minidumps are not enabled by default on client versions of Windows
#
# If you would like to submit a bug report, please visit:
#   https://bugreport.java.com/bugreport/crash.jsp
# The crash happened outside the Java Virtual Machine in native code.
# See problematic frame for where to report the bug.
#

---------------  S U M M A R Y ------------

Command Line: -Dfile.encoding=UTF-8 -XX:+ShowCodeDetailsInExceptionMessages com.Anix.Main.Core

Host: AMD Ryzen 7 4700U with Radeon Graphics         , 8 cores, 15G,  Windows 11 , 64 bit Build 22000 (10.0.22000.708)
Time: Tue Jul  5 10:41:48 2022 GMT Summer Time elapsed time: 1.200745 seconds (0d 0h 0m 1s)

---------------  T H R E A D  ---------------

Current thread (0x000001aafc0db520):  JavaThread "Main Thread" [_thread_in_native, id=10344, stack(0x0000001d60600000,0x0000001d60700000)]

Stack: [0x0000001d60600000,0x0000001d60700000],  sp=0x0000001d606ff390,  free space=1020k
Native frames: (J=compiled Java code, j=interpreted, Vv=VM code, C=native code)
C  [imgui-java64.dll+0x12123c]

Java frames: (J=compiled Java code, j=interpreted, Vv=VM code)
j  imgui.ImGui.setColumnWidth(IF)V+0
j  com.Anix.Main.Core.redDarkTheme()Limgui/ImGuiStyle;+578
j  com.Anix.Main.Core.run()V+66
j  java.lang.Thread.run()V+11 java.base@18.0.1.1
v  ~StubRoutines::call_stub

siginfo: EXCEPTION_ACCESS_VIOLATION (0xc0000005), reading address 0x00000000000001b8


Register to memory mapping:

RIP=0x0000000064b2123c imgui-java64.dll
RAX=0x0 is NULL
RBX={method} {0x000001aaf8835950} 'setColumnWidth' '(IF)V' in 'imgui/ImGui'
RCX=0x00000000ffffffff is an unknown value
RDX=0x0000001d606ff470 is pointing into the stack for thread: 0x000001aafc0db520
RSP=0x0000001d606ff390 is pointing into the stack for thread: 0x000001aafc0db520
RBP=0x0000001d606ff460 is pointing into the stack for thread: 0x000001aafc0db520
RSI=0x000001aaf8009ca8 is pointing into metadata
RDI=0x000001aadccf94fe is at code_begin+1118 in an Interpreter codelet
return entry points  [0x000001aadccf90a0, 0x000001aadccf9ba0]  2816 bytes
R8 =0x00000000ffffffff is an unknown value
R9 =0x0000000000000004 is an unknown value
R10=0x000001aadccfd5f2 is at code_begin+946 in an Interpreter codelet
method entry point (kind = native)  [0x000001aadccfd240, 0x000001aadccfdbc0]  2432 bytes
R11=0x00000007182e58c0 is an oop: java.lang.Class 
{0x00000007182e58c0} - klass: 'java/lang/Class'
 - ---- fields (total size 24 words):
 - private volatile transient 'classRedefinedCount' 'I' @12  0
 - abstract internal 'klass' 'J' @16  34372553200 (c389f0 8)
 - abstract internal 'array_klass' 'J' @24  0 (0 0)
 - abstract internal 'oop_size' 'I' @32  24 (18)
 - abstract internal 'static_oop_field_count' 'I' @36  19 (13)
 - private volatile transient 'cachedConstructor' 'Ljava/lang/reflect/Constructor;' @40  NULL (0)
 - private transient 'name' 'Ljava/lang/String;' @44  "imgui.ImGui"{0x00000007182e5a10} (e305cb42)
 - private transient 'module' 'Ljava/lang/Module;' @48  a 'java/lang/Module'{0x000000071926d140} (e324da28)
 - private final 'classLoader' 'Ljava/lang/ClassLoader;' @52  a 'jdk/internal/loader/ClassLoaders$AppClassLoader'{0x000000071926cf80} (e324d9f0)
 - private transient 'classData' 'Ljava/lang/Object;' @56  NULL (0)
 - private transient 'packageName' 'Ljava/lang/String;' @60  "imgui"{0x00000007191b0ee8} (e32361dd)
 - private final 'componentType' 'Ljava/lang/Class;' @64  NULL (0)
 - private volatile transient 'reflectionData' 'Ljava/lang/ref/SoftReference;' @68  NULL (0)
 - private volatile transient 'genericInfo' 'Lsun/reflect/generics/repository/ClassRepository;' @72  NULL (0)
 - private volatile transient 'enumConstants' '[Ljava/lang/Object;' @76  NULL (0)
 - private volatile transient 'enumConstantDirectory' 'Ljava/util/Map;' @80  NULL (0)
 - private volatile transient 'annotationData' 'Ljava/lang/Class$AnnotationData;' @84  NULL (0)
 - private volatile transient 'annotationType' 'Lsun/reflect/annotation/AnnotationType;' @88  NULL (0)
 - transient 'classValueMap' 'Ljava/lang/ClassValue$ClassValueMap;' @92  NULL (0)
 - abstract internal 'protection_domain' 'Ljava/lang/Object;' @96  a 'java/security/ProtectionDomain'{0x00000007191558b0} (e322ab16)
 - abstract internal 'signers_name' 'Ljava/lang/Object;' @100  NULL (0)
 - abstract internal 'source_file' 'Ljava/lang/Object;' @104  NULL (0)
 - signature: Limgui/ImGui;
 - ---- static fields (19):
 - private static final 'LIB_PATH_PROP' 'Ljava/lang/String;' @112  "imgui.library.path"{0x00000007182e5990} (e305cb32)
 - private static final 'LIB_NAME_PROP' 'Ljava/lang/String;' @116  "imgui.library.name"{0x00000007182e59d0} (e305cb3a)
 - private static final 'LIB_NAME_DEFAULT' 'Ljava/lang/String;' @120  "imgui-java64"{0x00000007182ece18} (e305d9c3)
 - private static final 'LIB_TMP_DIR_PREFIX' 'Ljava/lang/String;' @124  "imgui-java-natives_1657014108358"{0x000000071830db70} (e3061b6e)
 - private static final 'IMGUI_CONTEXT' 'Limgui/internal/ImGuiContext;' @128  a 'imgui/internal/ImGuiContext'{0x00000007183599b8} (e306b337)
 - private static final 'IMGUI_IO' 'Limgui/ImGuiIO;' @132  a 'imgui/ImGuiIO'{0x0000000718360460} (e306c08c)
 - private static final 'WINDOW_DRAW_LIST' 'Limgui/ImDrawList;' @136  a 'imgui/ImDrawList'{0x00000007183708d0} (e306e11a)
 - private static final 'BACKGROUND_DRAW_LIST' 'Limgui/ImDrawList;' @140  a 'imgui/ImDrawList'{0x00000007183708e8} (e306e11d)
 - private static final 'FOREGROUND_DRAW_LIST' 'Limgui/ImDrawList;' @144  a 'imgui/ImDrawList'{0x0000000718370900} (e306e120)
 - private static final 'IMGUI_STORAGE' 'Limgui/ImGuiStorage;' @148  a 'imgui/ImGuiStorage'{0x00000007183737f8} (e306e6ff)
 - private static final 'WINDOW_VIEWPORT' 'Limgui/ImGuiViewport;' @152  a 'imgui/ImGuiViewport'{0x000000071837cde0} (e306f9bc)
 - private static final 'FIND_VIEWPORT' 'Limgui/ImGuiViewport;' @156  a 'imgui/ImGuiViewport'{0x000000071837cdf8} (e306f9bf)
 - private static final 'DRAW_DATA' 'Limgui/ImDrawData;' @160  a 'imgui/ImDrawData'{0x000000071837ce10} (e306f9c2)
 - private static final 'FONT' 'Limgui/ImFont;' @164  a 'imgui/ImFont'{0x0000000718382268} (e307044d)
 - private static final 'STYLE' 'Limgui/ImGuiStyle;' @168  a 'imgui/ImGuiStyle'{0x000000071838b648} (e30716c9)
 - private static final 'MAIN_VIEWPORT' 'Limgui/ImGuiViewport;' @172  a 'imgui/ImGuiViewport'{0x000000071838b660} (e30716cc)
 - private static final 'PLATFORM_IO' 'Limgui/ImGuiPlatformIO;' @176  a 'imgui/ImGuiPlatformIO'{0x00000007183926c8} (e30724d9)
 - private static 'payloadRef' 'Ljava/lang/ref/WeakReference;' @180  NULL (0)
 - private static final 'PAYLOAD_PLACEHOLDER_DATA' '[B' @184  [B{0x00000007183a6470} (e3074c8e)
R12=0x0 is NULL
R13={method} {0x000001aaf8835950} 'setColumnWidth' '(IF)V' in 'imgui/ImGui'
R14=0x0000001d606ff488 is pointing into the stack for thread: 0x000001aafc0db520
R15=0x000001aafc0db520 is a thread


Registers:
RAX=0x0000000000000000, RBX=0x000001aaf8835948, RCX=0x00000000ffffffff, RDX=0x0000001d606ff470
RSP=0x0000001d606ff390, RBP=0x0000001d606ff460, RSI=0x000001aaf8009ca8, RDI=0x000001aadccf94fe
R8 =0x00000000ffffffff, R9 =0x0000000000000004, R10=0x000001aadccfd5f2, R11=0x00000007182e58c0
R12=0x0000000000000000, R13=0x000001aaf8835948, R14=0x0000001d606ff488, R15=0x000001aafc0db520
RIP=0x0000000064b2123c, EFLAGS=0x0000000000010206

Top of Stack: (sp=0x0000001d606ff390)
0x0000001d606ff390:   000001aaf8835948 000001aafc0db520
0x0000001d606ff3a0:   000001aadccf94fe 000001aadccfd48e
0x0000001d606ff3b0:   0000000000000000 0000000000000000
0x0000001d606ff3c0:   000001aafc0db520 000001aaf8835948
0x0000001d606ff3d0:   000001aaf8009ca8 000001aadccfd621
0x0000001d606ff3e0:   000001aadccf94fe 000001aadccfd352
0x0000001d606ff3f0:   000001aaf8835948 000001aaf8009ca8
0x0000001d606ff400:   0000000000000000 0000001d606ff488
0x0000001d606ff410:   000001aadccfd2f6 0000001d606ff418
0x0000001d606ff420:   000001aaf8835948 0000001d606ff488
0x0000001d606ff430:   000001aaf8840000 0000000000000000
0x0000001d606ff440:   00000007182e58c0 000001aaf8835948
0x0000001d606ff450:   0000000000000000 0000001d606ff480
0x0000001d606ff460:   0000001d606ff4d8 000001aadccf94fe
0x0000001d606ff470:   00000007182e58c0 000001aadccfaf78
0x0000001d606ff480:   0000000042c80000 00000000ffffffff 

Instructions: (pc=0x0000000064b2123c)
0x0000000064b2113c:   41 5e 41 5f c3 0f 1f 80 00 00 00 00 4c 8d 05 e9
0x0000000064b2114c:   e1 40 00 ba 96 0e 00 00 48 8d 0d 4d f8 40 00 e8
0x0000000064b2115c:   a0 ed 06 00 e9 46 fc ff ff 0f 1f 00 41 b8 92 0e
0x0000000064b2116c:   00 00 48 8d 15 c3 e1 40 00 48 8d 0d 61 f8 40 00
0x0000000064b2117c:   ff 15 96 65 ce 00 e9 14 fc ff ff 66 0f 1f 84 00
0x0000000064b2118c:   00 00 00 00 4c 8d 05 75 e1 40 00 ba 06 07 00 00
0x0000000064b2119c:   48 8d 0d 80 e1 40 00 e8 58 ed 06 00 e9 5b fc ff
0x0000000064b211ac:   ff 0f 1f 00 ba 06 07 00 00 4c 8d 05 50 e1 40 00
0x0000000064b211bc:   48 8d 0d 60 e1 40 00 e8 38 ed 06 00 48 8b 53 68
0x0000000064b211cc:   e9 b0 fe ff ff 0f 1f 80 00 00 00 00 4c 8d 05 2d
0x0000000064b211dc:   e1 40 00 ba 06 07 00 00 48 8d 0d 38 e1 40 00 e8
0x0000000064b211ec:   10 ed 06 00 e9 4b fe ff ff 0f 1f 00 4c 8d 05 0d
0x0000000064b211fc:   e1 40 00 ba 06 07 00 00 48 8d 0d 18 e1 40 00 e8
0x0000000064b2120c:   f0 ec 06 00 48 8b 43 68 e9 35 fc ff ff 0f 1f 80
0x0000000064b2121c:   00 00 00 00 56 53 48 83 ec 38 0f 11 74 24 20 48
0x0000000064b2122c:   8b 05 ee aa 43 00 48 8b 00 48 8b 80 28 1d 00 00
0x0000000064b2123c:   48 8b b0 b8 01 00 00 89 cb 0f 10 f1 48 85 f6 74
0x0000000064b2124c:   2b 85 db 79 03 8b 5e 0c 89 d9 e8 25 f8 ff ff 8d
0x0000000064b2125c:   4b 01 f3 0f 58 c6 0f 10 74 24 20 0f 10 c8 48 83
0x0000000064b2126c:   c4 38 5b 5e e9 cb fa ff ff 0f 1f 00 e8 63 ed 06
0x0000000064b2127c:   00 84 c0 74 1f 4c 8d 05 b0 e0 40 00 ba a7 0e 00
0x0000000064b2128c:   00 48 8d 0d 39 f7 40 00 e8 67 ec 06 00 eb b2 0f
0x0000000064b2129c:   1f 44 00 00 41 b8 a7 0e 00 00 48 8d 15 8b e0 40
0x0000000064b212ac:   00 48 8d 0d 29 f7 40 00 ff 15 5e 64 ce 00 eb 91
0x0000000064b212bc:   0f 1f 40 00 56 53 48 83 ec 28 48 8b 05 53 aa 43
0x0000000064b212cc:   00 48 8b 00 48 8b 80 28 1d 00 00 48 63 d9 48 8b
0x0000000064b212dc:   b0 b8 01 00 00 85 db 78 43 39 5e 60 7f 0e e8 f1
0x0000000064b212ec:   ec 06 00 84 c0 75 65 39 5e 60 7e 41 48 8b 56 68
0x0000000064b212fc:   48 8d 04 dd 00 00 00 00 45 31 c0 48 29 d8 48 8d
0x0000000064b2130c:   0c 82 48 8d 51 14 48 83 c1 0c 48 83 c4 28 5b 5e
0x0000000064b2131c:   e9 9f e7 f2 ff 0f 1f 80 00 00 00 00 48 63 5e 0c
0x0000000064b2132c:   85 db 79 b5 e8 ab ec 06 00 84 c0 75 1f 41 b8 06 


Stack slot to memory mapping:
stack at sp + 0 slots: {method} {0x000001aaf8835950} 'setColumnWidth' '(IF)V' in 'imgui/ImGui'
stack at sp + 1 slots: 0x000001aafc0db520 is a thread
stack at sp + 2 slots: 0x000001aadccf94fe is at code_begin+1118 in an Interpreter codelet
return entry points  [0x000001aadccf90a0, 0x000001aadccf9ba0]  2816 bytes
stack at sp + 3 slots: 0x000001aadccfd48e is at code_begin+590 in an Interpreter codelet
method entry point (kind = native)  [0x000001aadccfd240, 0x000001aadccfdbc0]  2432 bytes
stack at sp + 4 slots: 0x0 is NULL
stack at sp + 5 slots: 0x0 is NULL
stack at sp + 6 slots: 0x000001aafc0db520 is a thread
stack at sp + 7 slots: {method} {0x000001aaf8835950} 'setColumnWidth' '(IF)V' in 'imgui/ImGui'


---------------  P R O C E S S  ---------------

Threads class SMR info:
_java_thread_list=0x000001aa8677eba0, length=14, elements={
0x000001aaf7c534d0, 0x000001aaf7c54040, 0x000001aaf7c6c9e0, 0x000001aaf7c6d290,
0x000001aaf7c6db40, 0x000001aaf7c76400, 0x000001aaf7c793f0, 0x000001aaf7c8e9b0,
0x000001aaf7ca1290, 0x000001aafc0b4160, 0x000001aafc0b6a50, 0x000001aafc0db520,
0x000001aad53b71e0, 0x000001aa867545b0
}

Java Threads: ( => current thread )
  0x000001aaf7c534d0 JavaThread "Reference Handler" daemon [_thread_blocked, id=13156, stack(0x0000001d5fa00000,0x0000001d5fb00000)]
  0x000001aaf7c54040 JavaThread "Finalizer" daemon [_thread_blocked, id=4580, stack(0x0000001d5fb00000,0x0000001d5fc00000)]
  0x000001aaf7c6c9e0 JavaThread "Signal Dispatcher" daemon [_thread_blocked, id=10816, stack(0x0000001d5fc00000,0x0000001d5fd00000)]
  0x000001aaf7c6d290 JavaThread "Attach Listener" daemon [_thread_blocked, id=11320, stack(0x0000001d5fd00000,0x0000001d5fe00000)]
  0x000001aaf7c6db40 JavaThread "Service Thread" daemon [_thread_blocked, id=9048, stack(0x0000001d5fe00000,0x0000001d5ff00000)]
  0x000001aaf7c76400 JavaThread "Monitor Deflation Thread" daemon [_thread_blocked, id=2192, stack(0x0000001d5ff00000,0x0000001d60000000)]
  0x000001aaf7c793f0 JavaThread "C2 CompilerThread0" daemon [_thread_blocked, id=2744, stack(0x0000001d60000000,0x0000001d60100000)]
  0x000001aaf7c8e9b0 JavaThread "C1 CompilerThread0" daemon [_thread_blocked, id=9200, stack(0x0000001d60100000,0x0000001d60200000)]
  0x000001aaf7ca1290 JavaThread "Sweeper thread" daemon [_thread_blocked, id=11168, stack(0x0000001d60200000,0x0000001d60300000)]
  0x000001aafc0b4160 JavaThread "Notification Thread" daemon [_thread_blocked, id=7240, stack(0x0000001d60300000,0x0000001d60400000)]
  0x000001aafc0b6a50 JavaThread "Common-Cleaner" daemon [_thread_blocked, id=12356, stack(0x0000001d60500000,0x0000001d60600000)]
=>0x000001aafc0db520 JavaThread "Main Thread" [_thread_in_native, id=10344, stack(0x0000001d60600000,0x0000001d60700000)]
  0x000001aad53b71e0 JavaThread "DestroyJavaVM" [_thread_blocked, id=10600, stack(0x0000001d5f300000,0x0000001d5f400000)]
  0x000001aa867545b0 JavaThread "C2 CompilerThread1" daemon [_thread_blocked, id=6560, stack(0x0000001d60a00000,0x0000001d60b00000)]

Other Threads:
  0x000001aaf7c50fe0 VMThread "VM Thread" [stack: 0x0000001d5f900000,0x0000001d5fa00000] [id=11408]
  0x000001aafc0b6630 WatcherThread "VM Periodic Task Thread" [stack: 0x0000001d60400000,0x0000001d60500000] [id=9112]
  0x000001aad5426960 WorkerThread "GC Thread#0" [stack: 0x0000001d5f400000,0x0000001d5f500000] [id=13136]
  0x000001aad5438de0 ConcurrentGCThread "G1 Main Marker" [stack: 0x0000001d5f500000,0x0000001d5f600000] [id=9548]
  0x000001aad5439e70 WorkerThread "G1 Conc#0" [stack: 0x0000001d5f600000,0x0000001d5f700000] [id=2060]
  0x000001aaf7b0d0e0 ConcurrentGCThread "G1 Refine#0" [stack: 0x0000001d5f700000,0x0000001d5f800000] [id=6172]
  0x000001aaf7b0d7a0 ConcurrentGCThread "G1 Service" [stack: 0x0000001d5f800000,0x0000001d5f900000] [id=10728]

Threads with active compile tasks:

VM state: not at safepoint (normal execution)

VM Mutex/Monitor currently owned by a thread: None

Heap address: 0x0000000709c00000, size: 3940 MB, Compressed Oops mode: Zero based, Oop shift amount: 3

CDS archive(s) mapped at: [0x0000000800000000-0x0000000800ba0000-0x0000000800ba0000), size 12189696, SharedBaseAddress: 0x0000000800000000, ArchiveRelocationMode: 0.
Compressed class space mapped at: 0x0000000800c00000-0x0000000840c00000, reserved size: 1073741824
Narrow klass base: 0x0000000800000000, Narrow klass shift: 0, Narrow klass range: 0x100000000

GC Precious Log:
 CardTable entry size: 512
 Card Set container configuration: InlinePtr #cards 4 size 8 Array Of Cards #cards 16 size 48 Howl #buckets 8 coarsen threshold 3686 Howl Bitmap #cards 512 size 80 coarsen threshold 460 Card regions per heap region 1 cards per card region 4096
 CPUs: 8 total, 8 available
 Memory: 15756M
 Large Page Support: Disabled
 NUMA Support: Disabled
 Compressed Oops: Enabled (Zero based)
 Heap Region Size: 2M
 Heap Min Capacity: 8M
 Heap Initial Capacity: 248M
 Heap Max Capacity: 3940M
 Pre-touch: Disabled
 Parallel Workers: 8
 Concurrent Workers: 2
 Concurrent Refinement Workers: 8
 Periodic GC: Disabled

Heap:
 garbage-first heap   total 253952K, used 16384K [0x0000000709c00000, 0x0000000800000000)
  region size 2048K, 9 young (18432K), 0 survivors (0K)
 Metaspace       used 6427K, committed 6592K, reserved 1114112K
  class space    used 338K, committed 448K, reserved 1048576K

Heap Regions: E=young(eden), S=young(survivor), O=old, HS=humongous(starts), HC=humongous(continues), CS=collection set, F=free, OA=open archive, CA=closed archive, TAMS=top-at-mark-start (previous, next)
|   0|0x0000000709c00000, 0x0000000709c00000, 0x0000000709e00000|  0%| F|  |TAMS 0x0000000709c00000, 0x0000000709c00000| Untracked 
|   1|0x0000000709e00000, 0x0000000709e00000, 0x000000070a000000|  0%| F|  |TAMS 0x0000000709e00000, 0x0000000709e00000| Untracked 
|   2|0x000000070a000000, 0x000000070a000000, 0x000000070a200000|  0%| F|  |TAMS 0x000000070a000000, 0x000000070a000000| Untracked 
|   3|0x000000070a200000, 0x000000070a200000, 0x000000070a400000|  0%| F|  |TAMS 0x000000070a200000, 0x000000070a200000| Untracked 
|   4|0x000000070a400000, 0x000000070a400000, 0x000000070a600000|  0%| F|  |TAMS 0x000000070a400000, 0x000000070a400000| Untracked 
|   5|0x000000070a600000, 0x000000070a600000, 0x000000070a800000|  0%| F|  |TAMS 0x000000070a600000, 0x000000070a600000| Untracked 
|   6|0x000000070a800000, 0x000000070a800000, 0x000000070aa00000|  0%| F|  |TAMS 0x000000070a800000, 0x000000070a800000| Untracked 
|   7|0x000000070aa00000, 0x000000070aa00000, 0x000000070ac00000|  0%| F|  |TAMS 0x000000070aa00000, 0x000000070aa00000| Untracked 
|   8|0x000000070ac00000, 0x000000070ac00000, 0x000000070ae00000|  0%| F|  |TAMS 0x000000070ac00000, 0x000000070ac00000| Untracked 
|   9|0x000000070ae00000, 0x000000070ae00000, 0x000000070b000000|  0%| F|  |TAMS 0x000000070ae00000, 0x000000070ae00000| Untracked 
|  10|0x000000070b000000, 0x000000070b000000, 0x000000070b200000|  0%| F|  |TAMS 0x000000070b000000, 0x000000070b000000| Untracked 
|  11|0x000000070b200000, 0x000000070b200000, 0x000000070b400000|  0%| F|  |TAMS 0x000000070b200000, 0x000000070b200000| Untracked 
|  12|0x000000070b400000, 0x000000070b400000, 0x000000070b600000|  0%| F|  |TAMS 0x000000070b400000, 0x000000070b400000| Untracked 
|  13|0x000000070b600000, 0x000000070b600000, 0x000000070b800000|  0%| F|  |TAMS 0x000000070b600000, 0x000000070b600000| Untracked 
|  14|0x000000070b800000, 0x000000070b800000, 0x000000070ba00000|  0%| F|  |TAMS 0x000000070b800000, 0x000000070b800000| Untracked 
|  15|0x000000070ba00000, 0x000000070ba00000, 0x000000070bc00000|  0%| F|  |TAMS 0x000000070ba00000, 0x000000070ba00000| Untracked 
|  16|0x000000070bc00000, 0x000000070bc00000, 0x000000070be00000|  0%| F|  |TAMS 0x000000070bc00000, 0x000000070bc00000| Untracked 
|  17|0x000000070be00000, 0x000000070be00000, 0x000000070c000000|  0%| F|  |TAMS 0x000000070be00000, 0x000000070be00000| Untracked 
|  18|0x000000070c000000, 0x000000070c000000, 0x000000070c200000|  0%| F|  |TAMS 0x000000070c000000, 0x000000070c000000| Untracked 
|  19|0x000000070c200000, 0x000000070c200000, 0x000000070c400000|  0%| F|  |TAMS 0x000000070c200000, 0x000000070c200000| Untracked 
|  20|0x000000070c400000, 0x000000070c400000, 0x000000070c600000|  0%| F|  |TAMS 0x000000070c400000, 0x000000070c400000| Untracked 
|  21|0x000000070c600000, 0x000000070c600000, 0x000000070c800000|  0%| F|  |TAMS 0x000000070c600000, 0x000000070c600000| Untracked 
|  22|0x000000070c800000, 0x000000070c800000, 0x000000070ca00000|  0%| F|  |TAMS 0x000000070c800000, 0x000000070c800000| Untracked 
|  23|0x000000070ca00000, 0x000000070ca00000, 0x000000070cc00000|  0%| F|  |TAMS 0x000000070ca00000, 0x000000070ca00000| Untracked 
|  24|0x000000070cc00000, 0x000000070cc00000, 0x000000070ce00000|  0%| F|  |TAMS 0x000000070cc00000, 0x000000070cc00000| Untracked 
|  25|0x000000070ce00000, 0x000000070ce00000, 0x000000070d000000|  0%| F|  |TAMS 0x000000070ce00000, 0x000000070ce00000| Untracked 
|  26|0x000000070d000000, 0x000000070d000000, 0x000000070d200000|  0%| F|  |TAMS 0x000000070d000000, 0x000000070d000000| Untracked 
|  27|0x000000070d200000, 0x000000070d200000, 0x000000070d400000|  0%| F|  |TAMS 0x000000070d200000, 0x000000070d200000| Untracked 
|  28|0x000000070d400000, 0x000000070d400000, 0x000000070d600000|  0%| F|  |TAMS 0x000000070d400000, 0x000000070d400000| Untracked 
|  29|0x000000070d600000, 0x000000070d600000, 0x000000070d800000|  0%| F|  |TAMS 0x000000070d600000, 0x000000070d600000| Untracked 
|  30|0x000000070d800000, 0x000000070d800000, 0x000000070da00000|  0%| F|  |TAMS 0x000000070d800000, 0x000000070d800000| Untracked 
|  31|0x000000070da00000, 0x000000070da00000, 0x000000070dc00000|  0%| F|  |TAMS 0x000000070da00000, 0x000000070da00000| Untracked 
|  32|0x000000070dc00000, 0x000000070dc00000, 0x000000070de00000|  0%| F|  |TAMS 0x000000070dc00000, 0x000000070dc00000| Untracked 
|  33|0x000000070de00000, 0x000000070de00000, 0x000000070e000000|  0%| F|  |TAMS 0x000000070de00000, 0x000000070de00000| Untracked 
|  34|0x000000070e000000, 0x000000070e000000, 0x000000070e200000|  0%| F|  |TAMS 0x000000070e000000, 0x000000070e000000| Untracked 
|  35|0x000000070e200000, 0x000000070e200000, 0x000000070e400000|  0%| F|  |TAMS 0x000000070e200000, 0x000000070e200000| Untracked 
|  36|0x000000070e400000, 0x000000070e400000, 0x000000070e600000|  0%| F|  |TAMS 0x000000070e400000, 0x000000070e400000| Untracked 
|  37|0x000000070e600000, 0x000000070e600000, 0x000000070e800000|  0%| F|  |TAMS 0x000000070e600000, 0x000000070e600000| Untracked 
|  38|0x000000070e800000, 0x000000070e800000, 0x000000070ea00000|  0%| F|  |TAMS 0x000000070e800000, 0x000000070e800000| Untracked 
|  39|0x000000070ea00000, 0x000000070ea00000, 0x000000070ec00000|  0%| F|  |TAMS 0x000000070ea00000, 0x000000070ea00000| Untracked 
|  40|0x000000070ec00000, 0x000000070ec00000, 0x000000070ee00000|  0%| F|  |TAMS 0x000000070ec00000, 0x000000070ec00000| Untracked 
|  41|0x000000070ee00000, 0x000000070ee00000, 0x000000070f000000|  0%| F|  |TAMS 0x000000070ee00000, 0x000000070ee00000| Untracked 
|  42|0x000000070f000000, 0x000000070f000000, 0x000000070f200000|  0%| F|  |TAMS 0x000000070f000000, 0x000000070f000000| Untracked 
|  43|0x000000070f200000, 0x000000070f200000, 0x000000070f400000|  0%| F|  |TAMS 0x000000070f200000, 0x000000070f200000| Untracked 
|  44|0x000000070f400000, 0x000000070f400000, 0x000000070f600000|  0%| F|  |TAMS 0x000000070f400000, 0x000000070f400000| Untracked 
|  45|0x000000070f600000, 0x000000070f600000, 0x000000070f800000|  0%| F|  |TAMS 0x000000070f600000, 0x000000070f600000| Untracked 
|  46|0x000000070f800000, 0x000000070f800000, 0x000000070fa00000|  0%| F|  |TAMS 0x000000070f800000, 0x000000070f800000| Untracked 
|  47|0x000000070fa00000, 0x000000070fa00000, 0x000000070fc00000|  0%| F|  |TAMS 0x000000070fa00000, 0x000000070fa00000| Untracked 
|  48|0x000000070fc00000, 0x000000070fc00000, 0x000000070fe00000|  0%| F|  |TAMS 0x000000070fc00000, 0x000000070fc00000| Untracked 
|  49|0x000000070fe00000, 0x000000070fe00000, 0x0000000710000000|  0%| F|  |TAMS 0x000000070fe00000, 0x000000070fe00000| Untracked 
|  50|0x0000000710000000, 0x0000000710000000, 0x0000000710200000|  0%| F|  |TAMS 0x0000000710000000, 0x0000000710000000| Untracked 
|  51|0x0000000710200000, 0x0000000710200000, 0x0000000710400000|  0%| F|  |TAMS 0x0000000710200000, 0x0000000710200000| Untracked 
|  52|0x0000000710400000, 0x0000000710400000, 0x0000000710600000|  0%| F|  |TAMS 0x0000000710400000, 0x0000000710400000| Untracked 
|  53|0x0000000710600000, 0x0000000710600000, 0x0000000710800000|  0%| F|  |TAMS 0x0000000710600000, 0x0000000710600000| Untracked 
|  54|0x0000000710800000, 0x0000000710800000, 0x0000000710a00000|  0%| F|  |TAMS 0x0000000710800000, 0x0000000710800000| Untracked 
|  55|0x0000000710a00000, 0x0000000710a00000, 0x0000000710c00000|  0%| F|  |TAMS 0x0000000710a00000, 0x0000000710a00000| Untracked 
|  56|0x0000000710c00000, 0x0000000710c00000, 0x0000000710e00000|  0%| F|  |TAMS 0x0000000710c00000, 0x0000000710c00000| Untracked 
|  57|0x0000000710e00000, 0x0000000710e00000, 0x0000000711000000|  0%| F|  |TAMS 0x0000000710e00000, 0x0000000710e00000| Untracked 
|  58|0x0000000711000000, 0x0000000711000000, 0x0000000711200000|  0%| F|  |TAMS 0x0000000711000000, 0x0000000711000000| Untracked 
|  59|0x0000000711200000, 0x0000000711200000, 0x0000000711400000|  0%| F|  |TAMS 0x0000000711200000, 0x0000000711200000| Untracked 
|  60|0x0000000711400000, 0x0000000711400000, 0x0000000711600000|  0%| F|  |TAMS 0x0000000711400000, 0x0000000711400000| Untracked 
|  61|0x0000000711600000, 0x0000000711600000, 0x0000000711800000|  0%| F|  |TAMS 0x0000000711600000, 0x0000000711600000| Untracked 
|  62|0x0000000711800000, 0x0000000711800000, 0x0000000711a00000|  0%| F|  |TAMS 0x0000000711800000, 0x0000000711800000| Untracked 
|  63|0x0000000711a00000, 0x0000000711a00000, 0x0000000711c00000|  0%| F|  |TAMS 0x0000000711a00000, 0x0000000711a00000| Untracked 
|  64|0x0000000711c00000, 0x0000000711c00000, 0x0000000711e00000|  0%| F|  |TAMS 0x0000000711c00000, 0x0000000711c00000| Untracked 
|  65|0x0000000711e00000, 0x0000000711e00000, 0x0000000712000000|  0%| F|  |TAMS 0x0000000711e00000, 0x0000000711e00000| Untracked 
|  66|0x0000000712000000, 0x0000000712000000, 0x0000000712200000|  0%| F|  |TAMS 0x0000000712000000, 0x0000000712000000| Untracked 
|  67|0x0000000712200000, 0x0000000712200000, 0x0000000712400000|  0%| F|  |TAMS 0x0000000712200000, 0x0000000712200000| Untracked 
|  68|0x0000000712400000, 0x0000000712400000, 0x0000000712600000|  0%| F|  |TAMS 0x0000000712400000, 0x0000000712400000| Untracked 
|  69|0x0000000712600000, 0x0000000712600000, 0x0000000712800000|  0%| F|  |TAMS 0x0000000712600000, 0x0000000712600000| Untracked 
|  70|0x0000000712800000, 0x0000000712800000, 0x0000000712a00000|  0%| F|  |TAMS 0x0000000712800000, 0x0000000712800000| Untracked 
|  71|0x0000000712a00000, 0x0000000712a00000, 0x0000000712c00000|  0%| F|  |TAMS 0x0000000712a00000, 0x0000000712a00000| Untracked 
|  72|0x0000000712c00000, 0x0000000712c00000, 0x0000000712e00000|  0%| F|  |TAMS 0x0000000712c00000, 0x0000000712c00000| Untracked 
|  73|0x0000000712e00000, 0x0000000712e00000, 0x0000000713000000|  0%| F|  |TAMS 0x0000000712e00000, 0x0000000712e00000| Untracked 
|  74|0x0000000713000000, 0x0000000713000000, 0x0000000713200000|  0%| F|  |TAMS 0x0000000713000000, 0x0000000713000000| Untracked 
|  75|0x0000000713200000, 0x0000000713200000, 0x0000000713400000|  0%| F|  |TAMS 0x0000000713200000, 0x0000000713200000| Untracked 
|  76|0x0000000713400000, 0x0000000713400000, 0x0000000713600000|  0%| F|  |TAMS 0x0000000713400000, 0x0000000713400000| Untracked 
|  77|0x0000000713600000, 0x0000000713600000, 0x0000000713800000|  0%| F|  |TAMS 0x0000000713600000, 0x0000000713600000| Untracked 
|  78|0x0000000713800000, 0x0000000713800000, 0x0000000713a00000|  0%| F|  |TAMS 0x0000000713800000, 0x0000000713800000| Untracked 
|  79|0x0000000713a00000, 0x0000000713a00000, 0x0000000713c00000|  0%| F|  |TAMS 0x0000000713a00000, 0x0000000713a00000| Untracked 
|  80|0x0000000713c00000, 0x0000000713c00000, 0x0000000713e00000|  0%| F|  |TAMS 0x0000000713c00000, 0x0000000713c00000| Untracked 
|  81|0x0000000713e00000, 0x0000000713e00000, 0x0000000714000000|  0%| F|  |TAMS 0x0000000713e00000, 0x0000000713e00000| Untracked 
|  82|0x0000000714000000, 0x0000000714000000, 0x0000000714200000|  0%| F|  |TAMS 0x0000000714000000, 0x0000000714000000| Untracked 
|  83|0x0000000714200000, 0x0000000714200000, 0x0000000714400000|  0%| F|  |TAMS 0x0000000714200000, 0x0000000714200000| Untracked 
|  84|0x0000000714400000, 0x0000000714400000, 0x0000000714600000|  0%| F|  |TAMS 0x0000000714400000, 0x0000000714400000| Untracked 
|  85|0x0000000714600000, 0x0000000714600000, 0x0000000714800000|  0%| F|  |TAMS 0x0000000714600000, 0x0000000714600000| Untracked 
|  86|0x0000000714800000, 0x0000000714800000, 0x0000000714a00000|  0%| F|  |TAMS 0x0000000714800000, 0x0000000714800000| Untracked 
|  87|0x0000000714a00000, 0x0000000714a00000, 0x0000000714c00000|  0%| F|  |TAMS 0x0000000714a00000, 0x0000000714a00000| Untracked 
|  88|0x0000000714c00000, 0x0000000714c00000, 0x0000000714e00000|  0%| F|  |TAMS 0x0000000714c00000, 0x0000000714c00000| Untracked 
|  89|0x0000000714e00000, 0x0000000714e00000, 0x0000000715000000|  0%| F|  |TAMS 0x0000000714e00000, 0x0000000714e00000| Untracked 
|  90|0x0000000715000000, 0x0000000715000000, 0x0000000715200000|  0%| F|  |TAMS 0x0000000715000000, 0x0000000715000000| Untracked 
|  91|0x0000000715200000, 0x0000000715200000, 0x0000000715400000|  0%| F|  |TAMS 0x0000000715200000, 0x0000000715200000| Untracked 
|  92|0x0000000715400000, 0x0000000715400000, 0x0000000715600000|  0%| F|  |TAMS 0x0000000715400000, 0x0000000715400000| Untracked 
|  93|0x0000000715600000, 0x0000000715600000, 0x0000000715800000|  0%| F|  |TAMS 0x0000000715600000, 0x0000000715600000| Untracked 
|  94|0x0000000715800000, 0x0000000715800000, 0x0000000715a00000|  0%| F|  |TAMS 0x0000000715800000, 0x0000000715800000| Untracked 
|  95|0x0000000715a00000, 0x0000000715a00000, 0x0000000715c00000|  0%| F|  |TAMS 0x0000000715a00000, 0x0000000715a00000| Untracked 
|  96|0x0000000715c00000, 0x0000000715c00000, 0x0000000715e00000|  0%| F|  |TAMS 0x0000000715c00000, 0x0000000715c00000| Untracked 
|  97|0x0000000715e00000, 0x0000000715e00000, 0x0000000716000000|  0%| F|  |TAMS 0x0000000715e00000, 0x0000000715e00000| Untracked 
|  98|0x0000000716000000, 0x0000000716000000, 0x0000000716200000|  0%| F|  |TAMS 0x0000000716000000, 0x0000000716000000| Untracked 
|  99|0x0000000716200000, 0x0000000716200000, 0x0000000716400000|  0%| F|  |TAMS 0x0000000716200000, 0x0000000716200000| Untracked 
| 100|0x0000000716400000, 0x0000000716400000, 0x0000000716600000|  0%| F|  |TAMS 0x0000000716400000, 0x0000000716400000| Untracked 
| 101|0x0000000716600000, 0x0000000716600000, 0x0000000716800000|  0%| F|  |TAMS 0x0000000716600000, 0x0000000716600000| Untracked 
| 102|0x0000000716800000, 0x0000000716800000, 0x0000000716a00000|  0%| F|  |TAMS 0x0000000716800000, 0x0000000716800000| Untracked 
| 103|0x0000000716a00000, 0x0000000716a00000, 0x0000000716c00000|  0%| F|  |TAMS 0x0000000716a00000, 0x0000000716a00000| Untracked 
| 104|0x0000000716c00000, 0x0000000716c00000, 0x0000000716e00000|  0%| F|  |TAMS 0x0000000716c00000, 0x0000000716c00000| Untracked 
| 105|0x0000000716e00000, 0x0000000716e00000, 0x0000000717000000|  0%| F|  |TAMS 0x0000000716e00000, 0x0000000716e00000| Untracked 
| 106|0x0000000717000000, 0x0000000717000000, 0x0000000717200000|  0%| F|  |TAMS 0x0000000717000000, 0x0000000717000000| Untracked 
| 107|0x0000000717200000, 0x0000000717200000, 0x0000000717400000|  0%| F|  |TAMS 0x0000000717200000, 0x0000000717200000| Untracked 
| 108|0x0000000717400000, 0x0000000717400000, 0x0000000717600000|  0%| F|  |TAMS 0x0000000717400000, 0x0000000717400000| Untracked 
| 109|0x0000000717600000, 0x0000000717600000, 0x0000000717800000|  0%| F|  |TAMS 0x0000000717600000, 0x0000000717600000| Untracked 
| 110|0x0000000717800000, 0x0000000717800000, 0x0000000717a00000|  0%| F|  |TAMS 0x0000000717800000, 0x0000000717800000| Untracked 
| 111|0x0000000717a00000, 0x0000000717a00000, 0x0000000717c00000|  0%| F|  |TAMS 0x0000000717a00000, 0x0000000717a00000| Untracked 
| 112|0x0000000717c00000, 0x0000000717c00000, 0x0000000717e00000|  0%| F|  |TAMS 0x0000000717c00000, 0x0000000717c00000| Untracked 
| 113|0x0000000717e00000, 0x0000000717e00000, 0x0000000718000000|  0%| F|  |TAMS 0x0000000717e00000, 0x0000000717e00000| Untracked 
| 114|0x0000000718000000, 0x0000000718000000, 0x0000000718200000|  0%| F|  |TAMS 0x0000000718000000, 0x0000000718000000| Untracked 
| 115|0x0000000718200000, 0x0000000718400000, 0x0000000718400000|100%| E|  |TAMS 0x0000000718200000, 0x0000000718200000| Complete 
| 116|0x0000000718400000, 0x0000000718600000, 0x0000000718600000|100%| E|CS|TAMS 0x0000000718400000, 0x0000000718400000| Complete 
| 117|0x0000000718600000, 0x0000000718800000, 0x0000000718800000|100%| E|CS|TAMS 0x0000000718600000, 0x0000000718600000| Complete 
| 118|0x0000000718800000, 0x0000000718a00000, 0x0000000718a00000|100%| E|CS|TAMS 0x0000000718800000, 0x0000000718800000| Complete 
| 119|0x0000000718a00000, 0x0000000718c00000, 0x0000000718c00000|100%| E|CS|TAMS 0x0000000718a00000, 0x0000000718a00000| Complete 
| 120|0x0000000718c00000, 0x0000000718e00000, 0x0000000718e00000|100%| E|CS|TAMS 0x0000000718c00000, 0x0000000718c00000| Complete 
| 121|0x0000000718e00000, 0x0000000719000000, 0x0000000719000000|100%| E|CS|TAMS 0x0000000718e00000, 0x0000000718e00000| Complete 
| 122|0x0000000719000000, 0x0000000719200000, 0x0000000719200000|100%| E|CS|TAMS 0x0000000719000000, 0x0000000719000000| Complete 
| 123|0x0000000719200000, 0x0000000719400000, 0x0000000719400000|100%| E|CS|TAMS 0x0000000719200000, 0x0000000719200000| Complete 

Card table byte_map: [0x000001aaec7e0000,0x000001aaecfa0000] _byte_map_base: 0x000001aae8f92000

Marking Bits (Prev, Next): (CMBitMap*) 0x000001aad5428e70, (CMBitMap*) 0x000001aad5428eb0
 Prev Bits: [0x000001aaed760000, 0x000001aaf14f0000)
 Next Bits: [0x000001aaf14f0000, 0x000001aaf5280000)

Polling page: 0x000001aad3360000

Metaspace:

Usage:
  Non-class:      5.95 MB used.
      Class:    338.22 KB used.
       Both:      6.28 MB used.

Virtual space:
  Non-class space:       64.00 MB reserved,       6.00 MB (  9%) committed,  1 nodes.
      Class space:        1.00 GB reserved,     448.00 KB ( <1%) committed,  1 nodes.
             Both:        1.06 GB reserved,       6.44 MB ( <1%) committed. 

Chunk freelists:
   Non-Class:  3.51 MB
       Class:  3.48 MB
        Both:  6.98 MB

MaxMetaspaceSize: unlimited
CompressedClassSpaceSize: 1.00 GB
Initial GC threshold: 21.00 MB
Current GC threshold: 21.00 MB
CDS: on
MetaspaceReclaimPolicy: balanced
 - commit_granule_bytes: 65536.
 - commit_granule_words: 8192.
 - virtual_space_node_default_size: 8388608.
 - enlarge_chunks_in_place: 1.
 - new_chunks_are_fully_committed: 0.
 - uncommit_free_chunks: 1.
 - use_allocation_guard: 0.


Internal statistics:

num_allocs_failed_limit: 0.
num_arena_births: 104.
num_arena_deaths: 0.
num_vsnodes_births: 2.
num_vsnodes_deaths: 0.
num_space_committed: 101.
num_space_uncommitted: 0.
num_chunks_returned_to_freelist: 0.
num_chunks_taken_from_freelist: 302.
num_chunk_merges: 0.
num_chunk_splits: 215.
num_chunks_enlarged: 165.
num_inconsistent_stats: 0.

CodeHeap 'non-profiled nmethods': size=120000Kb used=307Kb max_used=307Kb free=119693Kb
 bounds [0x000001aae47c0000, 0x000001aae4a30000, 0x000001aaebcf0000]
CodeHeap 'profiled nmethods': size=120000Kb used=1762Kb max_used=1762Kb free=118237Kb
 bounds [0x000001aadd290000, 0x000001aadd500000, 0x000001aae47c0000]
CodeHeap 'non-nmethods': size=5760Kb used=1699Kb max_used=1714Kb free=4060Kb
 bounds [0x000001aadccf0000, 0x000001aadcf60000, 0x000001aadd290000]
 total_blobs=2159 nmethods=1011 adapters=1061
 compilation: enabled
              stopped_count=0, restarted_count=0
 full_count=0

Compilation events (20 events):
Event: 1.180 Thread 0x000001aaf7c8e9b0  997       3       jdk.internal.org.objectweb.asm.AnnotationWriter::putAnnotations (67 bytes)
Event: 1.180 Thread 0x000001aaf7c793f0 nmethod 988 0x000001aae480bd90 code [0x000001aae480bf20, 0x000001aae480c428]
Event: 1.181 Thread 0x000001aaf7c8e9b0 nmethod 997 0x000001aadd430210 code [0x000001aadd430420, 0x000001aadd430858]
Event: 1.181 Thread 0x000001aaf7c8e9b0 1000       3       jdk.internal.org.objectweb.asm.ClassReader::readUnsignedShort (26 bytes)
Event: 1.181 Thread 0x000001aaf7c8e9b0 nmethod 1000 0x000001aadd430b10 code [0x000001aadd430ca0, 0x000001aadd430e18]
Event: 1.181 Thread 0x000001aaf7c8e9b0  998       3       jdk.internal.org.objectweb.asm.MethodWriter::visitMethodInsn (191 bytes)
Event: 1.181 Thread 0x000001aaf7c8e9b0 nmethod 998 0x000001aadd430f10 code [0x000001aadd431140, 0x000001aadd431908]
Event: 1.181 Thread 0x000001aaf7c8e9b0  999       3       jdk.internal.org.objectweb.asm.SymbolTable::addConstantMethodref (24 bytes)
Event: 1.181 Thread 0x000001aaf7c8e9b0 nmethod 999 0x000001aadd431c10 code [0x000001aadd431dc0, 0x000001aadd431f68]
Event: 1.182 Thread 0x000001aaf7c8e9b0 1001       3       sun.net.www.ParseUtil::match (50 bytes)
Event: 1.182 Thread 0x000001aaf7c8e9b0 nmethod 1001 0x000001aadd432010 code [0x000001aadd4321c0, 0x000001aadd432478]
Event: 1.182 Thread 0x000001aa867545b0 1002       4       java.lang.String::startsWith (7 bytes)
Event: 1.182 Thread 0x000001aaf7c8e9b0 1003       3       java.lang.Object::equals (11 bytes)
Event: 1.182 Thread 0x000001aaf7c8e9b0 nmethod 1003 0x000001aadd432510 code [0x000001aadd4326a0, 0x000001aadd432818]
Event: 1.182 Thread 0x000001aaf7c8e9b0 1004       3       jdk.internal.org.objectweb.asm.SymbolTable$Entry::<init> (18 bytes)
Event: 1.183 Thread 0x000001aaf7c8e9b0 nmethod 1004 0x000001aadd432890 code [0x000001aadd432a40, 0x000001aadd432bc8]
Event: 1.184 Thread 0x000001aaf7c8e9b0 1005       3       sun.net.www.protocol.file.Handler::parseURL (18 bytes)
Event: 1.184 Thread 0x000001aaf7c8e9b0 nmethod 1005 0x000001aadd432c90 code [0x000001aadd432e40, 0x000001aadd432ff8]
Event: 1.184 Thread 0x000001aaf7c8e9b0 1006       3       java.net.URLStreamHandler::parseURL (1124 bytes)
Event: 1.185 Thread 0x000001aa867545b0 nmethod 1002 0x000001aae480c690 code [0x000001aae480c820, 0x000001aae480ca38]

GC Heap History (0 events):
No events

Deoptimization events (10 events):
Event: 0.202 Thread 0x000001aafc0db520 DEOPT PACKING pc=0x000001aadd2a6de7 sp=0x0000001d606faca0
Event: 0.202 Thread 0x000001aafc0db520 DEOPT UNPACKING pc=0x000001aadcd42b43 sp=0x0000001d606fa0c0 mode 0
Event: 0.864 Thread 0x000001aafc0db520 Uncommon trap: trap_request=0xffffff54 fr.pc=0x000001aae47e9ee0 relative=0x0000000000000060
Event: 0.864 Thread 0x000001aafc0db520 Uncommon trap: reason=speculate_null_assert action=make_not_entrant pc=0x000001aae47e9ee0 method=sun.misc.Unsafe.putLong(Ljava/lang/Object;JJ)V @ 7 c2
Event: 0.864 Thread 0x000001aafc0db520 DEOPT PACKING pc=0x000001aae47e9ee0 sp=0x0000001d606fef90
Event: 0.864 Thread 0x000001aafc0db520 DEOPT UNPACKING pc=0x000001aadcd423a3 sp=0x0000001d606fef08 mode 2
Event: 1.091 Thread 0x000001aafc0db520 Uncommon trap: trap_request=0xffffff45 fr.pc=0x000001aae47f8e54 relative=0x00000000000008b4
Event: 1.091 Thread 0x000001aafc0db520 Uncommon trap: reason=unstable_if action=reinterpret pc=0x000001aae47f8e54 method=java.util.HashMap.putVal(ILjava/lang/Object;Ljava/lang/Object;ZZ)Ljava/lang/Object; @ 69 c2
Event: 1.091 Thread 0x000001aafc0db520 DEOPT PACKING pc=0x000001aae47f8e54 sp=0x0000001d606fe5e0
Event: 1.091 Thread 0x000001aafc0db520 DEOPT UNPACKING pc=0x000001aadcd423a3 sp=0x0000001d606fe510 mode 2

Classes loaded (20 events):
Event: 0.851 Loading class sun/util/resources/LocaleData$LocaleDataResourceBundleProvider done
Event: 0.851 Loading class sun/util/resources/LocaleData$CommonResourceBundleProvider done
Event: 0.851 Loading class java/util/ArrayList$SubList$1
Event: 0.851 Loading class java/util/ArrayList$SubList$1 done
Event: 0.852 Loading class sun/text/resources/cldr/FormatData_en
Event: 0.852 Loading class sun/text/resources/cldr/FormatData_en done
Event: 0.852 Loading class sun/util/resources/Bundles$2
Event: 0.852 Loading class sun/util/resources/Bundles$2 done
Event: 0.861 Loading class jdk/internal/misc/ScopedMemoryAccess$Scope
Event: 0.861 Loading class jdk/internal/misc/ScopedMemoryAccess$Scope done
Event: 0.987 Loading class jdk/internal/reflect/MethodHandleLongFieldAccessorImpl
Event: 0.987 Loading class jdk/internal/reflect/MethodHandleLongFieldAccessorImpl done
Event: 1.075 Loading class java/io/UncheckedIOException
Event: 1.075 Loading class java/io/UncheckedIOException done
Event: 1.091 Loading class java/nio/file/StandardCopyOption
Event: 1.091 Loading class java/nio/file/StandardCopyOption done
Event: 1.147 Loading class java/io/DeleteOnExitHook
Event: 1.147 Loading class java/io/DeleteOnExitHook done
Event: 1.147 Loading class java/io/DeleteOnExitHook$1
Event: 1.147 Loading class java/io/DeleteOnExitHook$1 done

Classes unloaded (0 events):
No events

Classes redefined (0 events):
No events

Internal exceptions (20 events):
Event: 0.228 Thread 0x000001aafc0db520 Exception <a 'java/lang/NoSuchMethodError'{0x0000000718e7af38}: 'void java.lang.invoke.DirectMethodHandle$Holder.invokeSpecial(java.lang.Object, java.lang.Object, java.lang.Object)'> (0x0000000718e7af38) 
thrown [s\open\src\hotspot\share\interpreter\linkResolver.cpp, line 766]
Event: 0.231 Thread 0x000001aafc0db520 Exception <a 'java/lang/NoSuchMethodError'{0x0000000718e8e2d8}: 'java.lang.Object java.lang.invoke.DirectMethodHandle$Holder.invokeStatic(java.lang.Object, java.lang.Object, int)'> (0x0000000718e8e2d8) 
thrown [s\open\src\hotspot\share\interpreter\linkResolver.cpp, line 766]
Event: 0.233 Thread 0x000001aafc0db520 Exception <a 'java/lang/NoSuchMethodError'{0x0000000718e9a070}: 'void java.lang.invoke.DelegatingMethodHandle$Holder.delegate(java.lang.Object, java.lang.Object, int, java.lang.Object)'> (0x0000000718e9a070) 
thrown [s\open\src\hotspot\share\interpreter\linkResolver.cpp, line 766]
Event: 0.233 Thread 0x000001aafc0db520 Exception <a 'java/lang/NoSuchMethodError'{0x0000000718e9e2b8}: 'int java.lang.invoke.DirectMethodHandle$Holder.invokeSpecial(java.lang.Object, java.lang.Object, java.lang.Object)'> (0x0000000718e9e2b8) 
thrown [s\open\src\hotspot\share\interpreter\linkResolver.cpp, line 766]
Event: 0.237 Thread 0x000001aafc0db520 Exception <a 'java/lang/NoSuchMethodError'{0x0000000718eba700}: 'void java.lang.System.loadLibrary(java.lang.String, java.lang.Class)'> (0x0000000718eba700) 
thrown [s\open\src\hotspot\share\interpreter\linkResolver.cpp, line 766]
Event: 0.269 Thread 0x000001aafc0db520 Exception <a 'sun/nio/fs/WindowsException'{0x0000000718f02838}> (0x0000000718f02838) 
thrown [s\open\src\hotspot\share\prims\jni.cpp, line 516]
Event: 0.270 Thread 0x000001aafc0db520 Exception <a 'sun/nio/fs/WindowsException'{0x0000000718f02d88}> (0x0000000718f02d88) 
thrown [s\open\src\hotspot\share\prims\jni.cpp, line 516]
Event: 0.283 Thread 0x000001aafc0db520 Exception <a 'sun/nio/fs/WindowsException'{0x0000000718f2c3d0}> (0x0000000718f2c3d0) 
thrown [s\open\src\hotspot\share\prims\jni.cpp, line 516]
Event: 0.283 Thread 0x000001aafc0db520 Exception <a 'sun/nio/fs/WindowsException'{0x0000000718f2c730}> (0x0000000718f2c730) 
thrown [s\open\src\hotspot\share\prims\jni.cpp, line 516]
Event: 0.288 Thread 0x000001aafc0db520 Exception <a 'java/lang/NoSuchMethodError'{0x0000000718f511f8}: 'java.lang.Object java.lang.invoke.DirectMethodHandle$Holder.invokeStaticInit(java.lang.Object)'> (0x0000000718f511f8) 
thrown [s\open\src\hotspot\share\interpreter\linkResolver.cpp, line 766]
Event: 0.358 Thread 0x000001aafc0db520 Exception <a 'java/lang/NoSuchMethodError'{0x0000000718c05000}: 'int java.lang.invoke.Invokers$Holder.invokeExact_MT(java.lang.Object, java.lang.Object)'> (0x0000000718c05000) 
thrown [s\open\src\hotspot\share\interpreter\linkResolver.cpp, line 766]
Event: 0.800 Thread 0x000001aafc0db520 Exception <a 'java/lang/NoSuchMethodError'{0x0000000718c59338}: 'void java.lang.System.load(java.lang.String, java.lang.Class)'> (0x0000000718c59338) 
thrown [s\open\src\hotspot\share\interpreter\linkResolver.cpp, line 766]
Event: 0.801 Thread 0x000001aafc0db520 Exception <a 'java/lang/NoSuchMethodError'{0x0000000718c5c1c8}: 'void java.lang.System.loadLibrary(java.lang.String, java.lang.Class)'> (0x0000000718c5c1c8) 
thrown [s\open\src\hotspot\share\interpreter\linkResolver.cpp, line 766]
Event: 0.808 Thread 0x000001aafc0db520 Exception <a 'sun/nio/fs/WindowsException'{0x0000000718c6c1b0}> (0x0000000718c6c1b0) 
thrown [s\open\src\hotspot\share\prims\jni.cpp, line 516]
Event: 0.808 Thread 0x000001aafc0db520 Exception <a 'sun/nio/fs/WindowsException'{0x0000000718c6c550}> (0x0000000718c6c550) 
thrown [s\open\src\hotspot\share\prims\jni.cpp, line 516]
Event: 0.813 Thread 0x000001aafc0db520 Exception <a 'sun/nio/fs/WindowsException'{0x0000000718c73e40}> (0x0000000718c73e40) 
thrown [s\open\src\hotspot\share\prims\jni.cpp, line 516]
Event: 0.813 Thread 0x000001aafc0db520 Exception <a 'sun/nio/fs/WindowsException'{0x0000000718c74110}> (0x0000000718c74110) 
thrown [s\open\src\hotspot\share\prims\jni.cpp, line 516]
Event: 0.988 Thread 0x000001aafc0db520 Exception <a 'java/lang/NoSuchMethodError'{0x00000007186bc8a8}: 'long java.lang.invoke.DelegatingMethodHandle$Holder.reinvoke_L(java.lang.Object, java.lang.Object)'> (0x00000007186bc8a8) 
thrown [s\open\src\hotspot\share\interpreter\linkResolver.cpp, line 766]
Event: 0.989 Thread 0x000001aafc0db520 Exception <a 'java/lang/NoSuchMethodError'{0x00000007186c3380}: 'long java.lang.invoke.Invokers$Holder.invokeExact_MT(java.lang.Object, java.lang.Object, java.lang.Object)'> (0x00000007186c3380) 
thrown [s\open\src\hotspot\share\interpreter\linkResolver.cpp, line 766]
Event: 1.091 Thread 0x000001aafc0db520 Exception <a 'sun/nio/fs/WindowsException'{0x0000000718350e28}> (0x0000000718350e28) 
thrown [s\open\src\hotspot\share\prims\jni.cpp, line 516]

VM Operations (4 events):
Event: 0.137 Executing VM operation: HandshakeAllThreads
Event: 0.137 Executing VM operation: HandshakeAllThreads done
Event: 0.246 Executing VM operation: HandshakeAllThreads
Event: 0.246 Executing VM operation: HandshakeAllThreads done

Events (20 events):
Event: 0.037 Thread 0x000001aaf7c6c9e0 Thread added: 0x000001aaf7c6c9e0
Event: 0.037 Thread 0x000001aaf7c6d290 Thread added: 0x000001aaf7c6d290
Event: 0.037 Thread 0x000001aaf7c6db40 Thread added: 0x000001aaf7c6db40
Event: 0.037 Thread 0x000001aaf7c76400 Thread added: 0x000001aaf7c76400
Event: 0.037 Thread 0x000001aaf7c793f0 Thread added: 0x000001aaf7c793f0
Event: 0.038 Thread 0x000001aaf7c8e9b0 Thread added: 0x000001aaf7c8e9b0
Event: 0.038 Thread 0x000001aaf7ca1290 Thread added: 0x000001aaf7ca1290
Event: 0.083 Thread 0x000001aafc0b4160 Thread added: 0x000001aafc0b4160
Event: 0.087 Thread 0x000001aafc0b6a50 Thread added: 0x000001aafc0b6a50
Event: 0.107 Loaded shared library C:\Program Files\Java\jdk-18.0.1.1\bin\jimage.dll
Event: 0.121 Thread 0x000001aafc0db520 Thread added: 0x000001aafc0db520
Event: 0.121 Thread 0x000001aad53b71e0 Thread exited: 0x000001aad53b71e0
Event: 0.121 Thread 0x000001aad53b71e0 Thread added: 0x000001aad53b71e0
Event: 0.129 Loaded shared library C:\Program Files\Java\jdk-18.0.1.1\bin\net.dll
Event: 0.131 Loaded shared library C:\Program Files\Java\jdk-18.0.1.1\bin\nio.dll
Event: 0.136 Loaded shared library C:\Program Files\Java\jdk-18.0.1.1\bin\zip.dll
Event: 0.263 Loaded shared library C:\Users\Daxy\AppData\Local\Temp\lwjglDaxy\3.2.3-build-13\lwjgl.dll
Event: 0.811 Loaded shared library C:\Users\Daxy\AppData\Local\Temp\lwjglDaxy\3.2.3-build-13\lwjgl_opengl.dll
Event: 0.862 Thread 0x000001aa867545b0 Thread added: 0x000001aa867545b0
Event: 1.162 Loaded shared library C:\Users\Daxy\AppData\Local\Temp\imgui-java-natives_1657014108358\imgui-java64.dll


Dynamic libraries:
0x00007ff6efd90000 - 0x00007ff6efda0000 	C:\Program Files\Java\jdk-18.0.1.1\bin\javaw.exe
0x00007ffe15760000 - 0x00007ffe15969000 	C:\WINDOWS\SYSTEM32\ntdll.dll
0x00007ffe14810000 - 0x00007ffe148cd000 	C:\WINDOWS\System32\KERNEL32.DLL
0x00007ffe12d80000 - 0x00007ffe130f9000 	C:\WINDOWS\System32\KERNELBASE.dll
0x00007ffe13310000 - 0x00007ffe13421000 	C:\WINDOWS\System32\ucrtbase.dll
0x00007ffdfb420000 - 0x00007ffdfb438000 	C:\Program Files\Java\jdk-18.0.1.1\bin\jli.dll
0x00007ffdfb400000 - 0x00007ffdfb41a000 	C:\Program Files\Java\jdk-18.0.1.1\bin\VCRUNTIME140.dll
0x00007ffe14bd0000 - 0x00007ffe14c7e000 	C:\WINDOWS\System32\ADVAPI32.dll
0x00007ffe13e20000 - 0x00007ffe13ec3000 	C:\WINDOWS\System32\msvcrt.dll
0x00007ffe14cf0000 - 0x00007ffe14d8e000 	C:\WINDOWS\System32\sechost.dll
0x00007ffe14fa0000 - 0x00007ffe150c0000 	C:\WINDOWS\System32\RPCRT4.dll
0x00007ffe14140000 - 0x00007ffe142ec000 	C:\WINDOWS\System32\USER32.dll
0x00007ffe13100000 - 0x00007ffe13126000 	C:\WINDOWS\System32\win32u.dll
0x00007ffdfb8f0000 - 0x00007ffdfbb95000 	C:\WINDOWS\WinSxS\amd64_microsoft.windows.common-controls_6595b64144ccf1df_6.0.22000.120_none_9d947278b86cc467\COMCTL32.dll
0x00007ffe14300000 - 0x00007ffe14329000 	C:\WINDOWS\System32\GDI32.dll
0x00007ffe13430000 - 0x00007ffe13542000 	C:\WINDOWS\System32\gdi32full.dll
0x00007ffe13550000 - 0x00007ffe135ed000 	C:\WINDOWS\System32\msvcp_win.dll
0x00007ffe0ac70000 - 0x00007ffe0ac7a000 	C:\WINDOWS\SYSTEM32\VERSION.dll
0x00007ffe14e80000 - 0x00007ffe14eb1000 	C:\WINDOWS\System32\IMM32.DLL
0x00007ffdfea20000 - 0x00007ffdfea2c000 	C:\Program Files\Java\jdk-18.0.1.1\bin\vcruntime140_1.dll
0x00007ffddfee0000 - 0x00007ffddff6d000 	C:\Program Files\Java\jdk-18.0.1.1\bin\msvcp140.dll
0x00007ffdae0e0000 - 0x00007ffdaecf0000 	C:\Program Files\Java\jdk-18.0.1.1\bin\server\jvm.dll
0x00007ffe15690000 - 0x00007ffe15698000 	C:\WINDOWS\System32\PSAPI.DLL
0x00007ffe0ac30000 - 0x00007ffe0ac63000 	C:\WINDOWS\SYSTEM32\WINMM.dll
0x00007ffe0eea0000 - 0x00007ffe0eea9000 	C:\WINDOWS\SYSTEM32\WSOCK32.dll
0x00007ffe14c80000 - 0x00007ffe14cef000 	C:\WINDOWS\System32\WS2_32.dll
0x00007ffe11db0000 - 0x00007ffe11dc8000 	C:\WINDOWS\SYSTEM32\kernel.appcore.dll
0x00007ffe0f090000 - 0x00007ffe0f09a000 	C:\Program Files\Java\jdk-18.0.1.1\bin\jimage.dll
0x00007ffe10720000 - 0x00007ffe10941000 	C:\WINDOWS\SYSTEM32\DBGHELP.DLL
0x00007ffe02160000 - 0x00007ffe02191000 	C:\WINDOWS\SYSTEM32\dbgcore.DLL
0x00007ffe12c40000 - 0x00007ffe12cbf000 	C:\WINDOWS\System32\bcryptPrimitives.dll
0x00007ffe04810000 - 0x00007ffe04835000 	C:\Program Files\Java\jdk-18.0.1.1\bin\java.dll
0x00007ffdfeb80000 - 0x00007ffdfec56000 	C:\Program Files\Java\jdk-18.0.1.1\bin\jsvml.dll
0x00007ffe135f0000 - 0x00007ffe13da8000 	C:\WINDOWS\System32\SHELL32.dll
0x00007ffe10db0000 - 0x00007ffe11618000 	C:\WINDOWS\SYSTEM32\windows.storage.dll
0x00007ffe14330000 - 0x00007ffe146a9000 	C:\WINDOWS\System32\combase.dll
0x00007ffe10c40000 - 0x00007ffe10da6000 	C:\WINDOWS\SYSTEM32\wintypes.dll
0x00007ffe148d0000 - 0x00007ffe149ba000 	C:\WINDOWS\System32\SHCORE.dll
0x00007ffe147b0000 - 0x00007ffe1480d000 	C:\WINDOWS\System32\shlwapi.dll
0x00007ffe12b70000 - 0x00007ffe12b91000 	C:\WINDOWS\SYSTEM32\profapi.dll
0x00007ffe04bd0000 - 0x00007ffe04be3000 	C:\Program Files\Java\jdk-18.0.1.1\bin\net.dll
0x00007ffe0d380000 - 0x00007ffe0d48c000 	C:\WINDOWS\SYSTEM32\WINHTTP.dll
0x00007ffe12260000 - 0x00007ffe122c7000 	C:\WINDOWS\system32\mswsock.dll
0x00007ffe03c60000 - 0x00007ffe03c76000 	C:\Program Files\Java\jdk-18.0.1.1\bin\nio.dll
0x00007ffe01460000 - 0x00007ffe01478000 	C:\Program Files\Java\jdk-18.0.1.1\bin\zip.dll
0x00007ffdde1f0000 - 0x00007ffdde254000 	C:\Users\Daxy\AppData\Local\Temp\lwjglDaxy\3.2.3-build-13\lwjgl.dll
0x00007ffdda300000 - 0x00007ffdda362000 	C:\Users\Daxy\AppData\Local\Temp\lwjglDaxy\3.2.3-build-13\glfw.dll
0x00007ffe0fe90000 - 0x00007ffe0ff3c000 	C:\WINDOWS\system32\uxtheme.dll
0x00007ffddffe0000 - 0x00007ffde0025000 	C:\WINDOWS\SYSTEM32\dinput8.dll
0x00007ffdfb3e0000 - 0x00007ffdfb3f1000 	C:\WINDOWS\SYSTEM32\xinput1_4.dll
0x00007ffe12910000 - 0x00007ffe1295c000 	C:\WINDOWS\SYSTEM32\cfgmgr32.dll
0x00007ffe12960000 - 0x00007ffe1298c000 	C:\WINDOWS\SYSTEM32\DEVOBJ.dll
0x00007ffe10190000 - 0x00007ffe101bf000 	C:\WINDOWS\SYSTEM32\dwmapi.dll
0x00007ffdf76f0000 - 0x00007ffdf78b9000 	C:\WINDOWS\SYSTEM32\inputhost.dll
0x00007ffe0fa30000 - 0x00007ffe0fb62000 	C:\WINDOWS\SYSTEM32\CoreMessaging.dll
0x00007ffe15570000 - 0x00007ffe1568e000 	C:\WINDOWS\System32\MSCTF.dll
0x00007ffe124c0000 - 0x00007ffe124cc000 	C:\WINDOWS\SYSTEM32\CRYPTBASE.DLL
0x00007ffe11620000 - 0x00007ffe1162e000 	C:\WINDOWS\SYSTEM32\HID.DLL
0x00007ffe15100000 - 0x00007ffe1556c000 	C:\WINDOWS\System32\SETUPAPI.DLL
0x00007ffe132a0000 - 0x00007ffe13307000 	C:\WINDOWS\System32\WINTRUST.dll
0x00007ffe13130000 - 0x00007ffe13292000 	C:\WINDOWS\System32\CRYPT32.dll
0x00007ffe12500000 - 0x00007ffe12512000 	C:\WINDOWS\SYSTEM32\MSASN1.dll
0x00007ffdd2340000 - 0x00007ffdd2441000 	C:\WINDOWS\SYSTEM32\opengl32.dll
0x00007ffdd1d20000 - 0x00007ffdd1d4d000 	C:\WINDOWS\SYSTEM32\GLU32.dll
0x00007ffe100a0000 - 0x00007ffe100d8000 	C:\WINDOWS\SYSTEM32\dxcore.dll
0x00007ffe0da50000 - 0x00007ffe0da94000 	C:\WINDOWS\SYSTEM32\directxdatabasehelper.dll
0x00007ffe10150000 - 0x00007ffe10184000 	C:\WINDOWS\SYSTEM32\ntmarta.dll
0x00007ffe14090000 - 0x00007ffe1413f000 	C:\WINDOWS\System32\clbcatq.dll
0x00007ffdcf2b0000 - 0x00007ffdcf2dd000 	C:\WINDOWS\System32\DriverStore\FileRepository\u0379219.inf_amd64_3649648678001de4\B378972\atig6pxx.dll
0x00007ffdca880000 - 0x00007ffdcd6ff000 	C:\WINDOWS\System32\DriverStore\FileRepository\u0379219.inf_amd64_3649648678001de4\B378972\atio6axx.dll
0x00007ffe149c0000 - 0x00007ffe14b5a000 	C:\WINDOWS\System32\ole32.dll
0x00007ffe03960000 - 0x00007ffe03985000 	C:\WINDOWS\SYSTEM32\dxva2.dll
0x00007ffdce1d0000 - 0x00007ffdce20f000 	C:\WINDOWS\System32\DriverStore\FileRepository\u0379219.inf_amd64_3649648678001de4\B378972\atig6txx.dll
0x00007ffdce260000 - 0x00007ffdce436000 	C:\WINDOWS\SYSTEM32\atiadlxx.dll
0x00007ffe10950000 - 0x00007ffe10a47000 	C:\WINDOWS\SYSTEM32\PROPSYS.dll
0x00007ffdd9ec0000 - 0x00007ffdd9f0f000 	C:\WINDOWS\SYSTEM32\pdh.dll
0x00007ffdf75c0000 - 0x00007ffdf76ed000 	C:\WINDOWS\SYSTEM32\textinputframework.dll
0x00007ffe14ec0000 - 0x00007ffe14f96000 	C:\WINDOWS\System32\OLEAUT32.dll
0x00007ffe0cf30000 - 0x00007ffe0d29d000 	C:\WINDOWS\SYSTEM32\CoreUIComponents.dll
0x00007ffdf0df0000 - 0x00007ffdf0e59000 	C:\WINDOWS\system32\Oleacc.dll
0x00007ffdda240000 - 0x00007ffdda299000 	C:\Users\Daxy\AppData\Local\Temp\lwjglDaxy\3.2.3-build-13\lwjgl_opengl.dll
0x0000000064a00000 - 0x000000006580f000 	C:\Users\Daxy\AppData\Local\Temp\imgui-java-natives_1657014108358\imgui-java64.dll

dbghelp: loaded successfully - version: 4.0.5 - missing functions: none
symbol engine: initialized successfully - sym options: 0x614 - pdb path: .;C:\Program Files\Java\jdk-18.0.1.1\bin;C:\WINDOWS\SYSTEM32;C:\WINDOWS\WinSxS\amd64_microsoft.windows.common-controls_6595b64144ccf1df_6.0.22000.120_none_9d947278b86cc467;C:\Program Files\Java\jdk-18.0.1.1\bin\server;C:\Users\Daxy\AppData\Local\Temp\lwjglDaxy\3.2.3-build-13;C:\WINDOWS\System32\DriverStore\FileRepository\u0379219.inf_amd64_3649648678001de4\B378972;C:\Users\Daxy\AppData\Local\Temp\imgui-java-natives_1657014108358

VM Arguments:
jvm_args: -Dfile.encoding=UTF-8 -XX:+ShowCodeDetailsInExceptionMessages 
java_command: com.Anix.Main.Core
java_class_path (initial): C:\Users\Daxy\git\Anix-Java\Anix\bin;C:\Users\Daxy\git\Anix-Java\Anix\includes\lwjgl.jar;C:\Users\Daxy\git\Anix-Java\Anix\includes\lwjgl-assimp.jar;C:\Users\Daxy\git\Anix-Java\Anix\includes\lwjgl-assimp-natives-windows.jar;C:\Users\Daxy\git\Anix-Java\Anix\includes\lwjgl-bgfx.jar;C:\Users\Daxy\git\Anix-Java\Anix\includes\lwjgl-bgfx-natives-windows.jar;C:\Users\Daxy\git\Anix-Java\Anix\includes\lwjgl-glfw.jar;C:\Users\Daxy\git\Anix-Java\Anix\includes\lwjgl-glfw-natives-windows.jar;C:\Users\Daxy\git\Anix-Java\Anix\includes\lwjgl-nanovg.jar;C:\Users\Daxy\git\Anix-Java\Anix\includes\lwjgl-nanovg-natives-windows.jar;C:\Users\Daxy\git\Anix-Java\Anix\includes\lwjgl-natives-windows.jar;C:\Users\Daxy\git\Anix-Java\Anix\includes\lwjgl-nuklear.jar;C:\Users\Daxy\git\Anix-Java\Anix\includes\lwjgl-nuklear-natives-windows.jar;C:\Users\Daxy\git\Anix-Java\Anix\includes\lwjgl-openal.jar;C:\Users\Daxy\git\Anix-Java\Anix\includes\lwjgl-openal-natives-windows.jar;C:\Users\Daxy\git\Anix-Java\Anix\includes\lwjgl-opengl.jar;C:\Users\Daxy\git\Anix-Java\Anix\includes\lwjgl-opengl-natives-windows.jar;C:\Users\Daxy\git\Anix-Java\Anix\includes\lwjgl-par.jar;C:\Users\Daxy\git\Anix-Java\Anix\includes\lwjgl-par-natives-windows.jar;C:\Users\Daxy\git\Anix-Java\Anix\includes\lwjgl-stb.jar;C:\Users\Daxy\git\Anix-Java\Anix\includes\lwjgl-stb-natives-windows.jar;C:\Users\Daxy\git\Anix-Java\Anix\includes\lwjgl-vulkan.jar;C:\Users\Daxy\git\Anix-Java\Anix\includes\slick-util3.jar;C:\Users\Daxy\git\Anix-Java\Anix\includes\TWL.jar;C:\Users\Daxy\git\Anix-Java\Anix\includes\tiny\lwjgl-tinyfd.jar;C:\Users\Daxy\git\Anix-Java\Anix\includes\tiny\lwjgl-tinyfd-javadoc.jar;C:\Users\Daxy\git\Anix-Java\Anix\includes\tiny\lwjgl-tinyfd-natives-windows.jar;C:\Users\Daxy\git\Anix-Java\Anix\includes\tiny\lwjgl-tinyfd-sources.jar;C:\Users\Daxy\git\Anix-Java\Anix\includes\Debug\lwjgl-sources.jar;C:\Users\Daxy\git\Anix-Java\Anix\includes\Debug\lwjglx-debug-1.0.0.jar;C:\Users\Daxy\git\Anix-Java\Anix\includes\imgui\imgui-lwjgl3-1.86.4.jar;C:\Users\Daxy\git\Anix-Java\Anix\includes\imgui\imgui-lwjgl3-1.86.4-javadoc.jar;C:\Users\Daxy\git\Anix-Java\Anix\includes\imgui\imgui-lwjgl3-1.86.4-sources.jar;C:\Users\Daxy\git\Anix-Java\Anix\includes\imgui\imgui-app-1.86.4.jar;C:\Users\Daxy\git\Anix-Java\Anix\includes\imgui\imgui-app-1.86.4-javadoc.jar;C:\Users\Daxy\git\Anix-Java\Anix\includes\imgui\imgui-app-1.86.4-sources.jar;C:\Users\Daxy\git\Anix-Java\Anix\includes\imgui\imgui-binding-1.86.4.jar;C:\Users\Daxy\git\Anix-Java\Anix\includes\imgui\imgui-binding-1.86.4-javadoc.jar;C:\Users\Daxy\git\Anix-Java\Anix\includes\imgui\imgui-binding-1.86.4-sources.jar
Launcher Type: SUN_STANDARD

[Global flags]
     intx CICompilerCount                          = 4                                         {product} {ergonomic}
     uint ConcGCThreads                            = 2                                         {product} {ergonomic}
     uint G1ConcRefinementThreads                  = 8                                         {product} {ergonomic}
   size_t G1HeapRegionSize                         = 2097152                                   {product} {ergonomic}
    uintx GCDrainStackTargetSize                   = 64                                        {product} {ergonomic}
   size_t InitialHeapSize                          = 260046848                                 {product} {ergonomic}
   size_t MarkStackSize                            = 4194304                                   {product} {ergonomic}
   size_t MaxHeapSize                              = 4131389440                                {product} {ergonomic}
   size_t MaxNewSize                               = 2478833664                                {product} {ergonomic}
   size_t MinHeapDeltaBytes                        = 2097152                                   {product} {ergonomic}
   size_t MinHeapSize                              = 8388608                                   {product} {ergonomic}
    uintx NonNMethodCodeHeapSize                   = 5839372                                {pd product} {ergonomic}
    uintx NonProfiledCodeHeapSize                  = 122909434                              {pd product} {ergonomic}
    uintx ProfiledCodeHeapSize                     = 122909434                              {pd product} {ergonomic}
    uintx ReservedCodeCacheSize                    = 251658240                              {pd product} {ergonomic}
     bool SegmentedCodeCache                       = true                                      {product} {ergonomic}
     bool ShowCodeDetailsInExceptionMessages       = true                                   {manageable} {command line}
   size_t SoftMaxHeapSize                          = 4131389440                             {manageable} {ergonomic}
     bool UseCompressedClassPointers               = true                           {product lp64_product} {ergonomic}
     bool UseCompressedOops                        = true                           {product lp64_product} {ergonomic}
     bool UseG1GC                                  = true                                      {product} {ergonomic}
     bool UseLargePagesIndividualAllocation        = false                                  {pd product} {ergonomic}

Logging:
Log output configuration:
 #0: stdout all=warning uptime,level,tags foldmultilines=false
 #1: stderr all=off uptime,level,tags foldmultilines=false

Environment Variables:
PATH=C:/Program Files/Java/jdk-18.0.1.1/bin/server;C:/Program Files/Java/jdk-18.0.1.1/bin;C:\Program Files\Common Files\Oracle\Java\javapath;C:\WINDOWS\system32;C:\WINDOWS;C:\WINDOWS\System32\Wbem;C:\WINDOWS\System32\WindowsPowerShell\v1.0\;C:\WINDOWS\System32\OpenSSH\;C:\Program Files\dotnet\;C:\Users\Daxy\AppData\Local\Microsoft\WindowsApps;C:\Users\Daxy\.dotnet\tools;;C:\Users\Daxy\eclipse\java-2022-06\eclipse;
USERNAME=Daxy
OS=Windows_NT
PROCESSOR_IDENTIFIER=AMD64 Family 23 Model 96 Stepping 1, AuthenticAMD



---------------  S Y S T E M  ---------------

OS:
 Windows 11 , 64 bit Build 22000 (10.0.22000.708)
OS uptime: 0 days 2:20 hours

CPU: total 8 (initial active 8) (8 cores per cpu, 1 threads per core) family 23 model 96 stepping 1 microcode 0x0, cx8, cmov, fxsr, mmx, 3dnowpref, sse, sse2, sse3, ssse3, sse4a, sse4.1, sse4.2, popcnt, lzcnt, tsc, tscinvbit, avx, avx2, aes, clmul, bmi1, bmi2, adx, sha, fma, vzeroupper, clflush, clflushopt

Memory: 4k page, system-wide physical 15756M (9261M free)
TotalPageFile size 18700M (AvailPageFile size 9236M)
current process WorkingSet (physical memory assigned to process): 107M, peak: 107M
current process commit charge ("private bytes"): 438M, peak: 438M

vm_info: Java HotSpot(TM) 64-Bit Server VM (18.0.1.1+2-6) for windows-amd64 JRE (18.0.1.1+2-6), built on Apr 25 2022 21:53:15 by "mach5one" with MS VC++ 16.8 / 16.9 (VS2019)

END.
