#
# A fatal error has been detected by the Java Runtime Environment:
#
#  EXCEPTION_ACCESS_VIOLATION (0xc0000005) at pc=0x00000211ffae04b0, pid=18276, tid=16836
#
# JRE version: Java(TM) SE Runtime Environment (20.0.1+9) (build 20.0.1+9-29)
# Java VM: Java HotSpot(TM) 64-Bit Server VM (20.0.1+9-29, mixed mode, sharing, tiered, compressed oops, compressed class ptrs, g1 gc, windows-amd64)
# Problematic frame:
# C  0x00000211ffae04b0
#
# No core dump will be written. Minidumps are not enabled by default on client versions of Windows
#
# If you would like to submit a bug report, please visit:
#   https://bugreport.java.com/bugreport/crash.jsp
# The crash happened outside the Java Virtual Machine in native code.
# See problematic frame for where to report the bug.
#

---------------  S U M M A R Y ------------

Command Line: -XX:+ShowCodeDetailsInExceptionMessages -agentlib:jdwp=transport=dt_socket,suspend=y,address=localhost:57222 -javaagent:D:\eclipse\java-2023-062\eclipse\configuration\org.eclipse.osgi\248\0\.cp\lib\javaagent-shaded.jar -Dfile.encoding=UTF-8 com.Anix.Main.Core

Host: Intel(R) Core(TM) i5-7400 CPU @ 3.00GHz, 4 cores, 15G,  Windows 10 , 64 bit Build 19041 (10.0.19041.3155)
Time: Fri Aug 25 05:21:31 2023 GMT Summer Time elapsed time: 1.331513 seconds (0d 0h 0m 1s)

---------------  T H R E A D  ---------------

Current thread (0x00000211fce5b820):  JavaThread "Main Thread" [_thread_in_native, id=16836, stack(0x00000097c1700000,0x00000097c1800000)]

Stack: [0x00000097c1700000,0x00000097c1800000],  sp=0x00000097c17feb38,  free space=1018k
Native frames: (J=compiled Java code, j=interpreted, Vv=VM code, C=native code)
C  0x00000211ffae04b0

Java frames: (J=compiled Java code, j=interpreted, Vv=VM code)
j  com.Anix.IO.Application.create()V+159
j  com.Anix.Main.Core.run()V+48
j  java.lang.Thread.runWith(Ljava/lang/Object;Ljava/lang/Runnable;)V+5 java.base@20.0.1
j  java.lang.Thread.run()V+19 java.base@20.0.1
v  ~StubRoutines::call_stub 0x00000211ecbb100d

siginfo: EXCEPTION_ACCESS_VIOLATION (0xc0000005), data execution prevention violation at address 0x00000211ffae04b0


Registers:
RAX=0x00000211ff2cf5a0, RBX=0x00000211fcc939a0, RCX=0x00000211fce5bb00, RDX=0x00000211fcc939a0
RSP=0x00000097c17feb38, RBP=0x0000000000000002, RSI=0x00000097c17febe0, RDI=0x00000211fce5bb00
R8 =0x0000000000010002, R9 =0x0000000000000000, R10=0x00007ff87a7f0000, R11=0x00000097c17feb08
R12=0x0000000000000007, R13=0x00000211dd5ac0f0, R14=0x00007ff871950300, R15=0x0000000000000000
RIP=0x00000211ffae04b0, EFLAGS=0x0000000000010206


Register to memory mapping:

RIP=0x00000211ffae04b0 points into unknown readable memory: 0x00000211fef2ee00 | 00 ee f2 fe 11 02 00 00
RAX=0x00000211ff2cf5a0 points into unknown readable memory: 0x0000000000000000 | 00 00 00 00 00 00 00 00
RBX=0x00000211fcc939a0 points into unknown readable memory: 0x0000000700c31430 | 30 14 c3 00 07 00 00 00
RCX=0x00000211fce5bb00 points into unknown readable memory: 0x00000211ff2cf5a0 | a0 f5 2c ff 11 02 00 00
RDX=0x00000211fcc939a0 points into unknown readable memory: 0x0000000700c31430 | 30 14 c3 00 07 00 00 00
RSP=0x00000097c17feb38 is pointing into the stack for thread: 0x00000211fce5b820
RBP=0x0000000000000002 is an unknown value
RSI=0x00000097c17febe0 is pointing into the stack for thread: 0x00000211fce5b820
RDI=0x00000211fce5bb00 points into unknown readable memory: 0x00000211ff2cf5a0 | a0 f5 2c ff 11 02 00 00
R8 =0x0000000000010002 is an unknown value
R9 =0x0 is NULL
R10=0x00007ff87a7f0000 VCRUNTIME140.dll
R11=0x00000097c17feb08 is pointing into the stack for thread: 0x00000211fce5b820
R12=0x0000000000000007 is an unknown value
R13=0x00000211dd5ac0f0 points into unknown readable memory: 0x00007ff81a48e370 | 70 e3 48 1a f8 7f 00 00
R14=0x00007ff871950300 jdwp.dll
R15=0x0 is NULL


Top of Stack: (sp=0x00000097c17feb38)
0x00000097c17feb38:   00007ff87193611f 00000211fcc939a0
0x00000097c17feb48:   00000097c17febe0 0000000000000000
0x00000097c17feb58:   0000000000000000 00007ff81a5313f0
0x00000097c17feb68:   00007ff81a5313f0 00000211fce1b3f8
0x00000097c17feb78:   00007ff871950348 00000211fcc939a0
0x00000097c17feb88:   00007ff87193279f 00000211fcc939a0
0x00000097c17feb98:   0000000000000002 00000211fce5bb00
0x00000097c17feba8:   00000211fcc939a8 00000097c17fed40
0x00000097c17febb8:   00007ff819edd4cd 00000008010a4494
0x00000097c17febc8:   00000097c17fed40 00000097c17fed40
0x00000097c17febd8:   00007ff819fd11ef 0000000000000007
0x00000097c17febe8:   00000211fcc939a0 0000000000000000
0x00000097c17febf8:   00000211fcc939a8 0000000000000000
0x00000097c17fec08:   0000000000000000 0000000000000000
0x00000097c17fec18:   0000000000000000 0000000000000000
0x00000097c17fec28:   0000000000000000 0000000000000000
0x00000097c17fec38:   00000211fcc939a0 00000008010a43f0
0x00000097c17fec48:   00007ff819eb8f85 00000211fcc939a8
0x00000097c17fec58:   00000211fce83eb0 00000211fce5b820
0x00000097c17fec68:   00007ff819ede6f5 00000211fce1b3b8
0x00000097c17fec78:   00007ff819d08a26 0000000000000000
0x00000097c17fec88:   00000211dd5bc180 00000211fce5b820
0x00000097c17fec98:   000000080060e6c0 00000211fcce11b0
0x00000097c17feca8:   00000211fc38ce40 00000211fc38ce50
0x00000097c17fecb8:   00000211fc38d228 00000000000003d8
0x00000097c17fecc8:   00000211fce5b820 00000211fce5b820
0x00000097c17fecd8:   00000211fcce1ef0 00000211fc4b9840
0x00000097c17fece8:   00000211fc4b9888 00000211fc4b9928
0x00000097c17fecf8:   00000000000000d8 00000097c17fed10
0x00000097c17fed08:   00000097c17fee40 00000211fce5b820
0x00000097c17fed18:   00000211fcce1ef0 00000211fc4b9840
0x00000097c17fed28:   00000211fc4b9888 00000211fc4b9928 

Instructions: (pc=0x00000211ffae04b0)
0x00000211ffae03b0:   ff ff ff ff ff ff ff ff 02 00 00 00 00 00 00 00
0x00000211ffae03c0:   00 00 00 00 00 00 00 00 e2 00 00 00 00 00 00 00
0x00000211ffae03d0:   00 00 00 00 00 00 00 00 e0 50 03 88 11 02 00 00
0x00000211ffae03e0:   60 b1 ad ff 11 02 00 00 01 00 00 00 02 00 00 00
0x00000211ffae03f0:   08 04 ae ff 11 02 00 00 00 00 00 00 00 00 00 00
0x00000211ffae0400:   00 00 00 ff 11 02 00 00 18 04 ae ff 11 02 00 00
0x00000211ffae0410:   00 00 00 00 00 00 00 00 0b 90 9a 00 00 00 00 00
0x00000211ffae0420:   00 00 00 00 02 00 00 00 40 04 ae ff 11 02 00 00
0x00000211ffae0430:   00 00 00 00 00 00 00 00 00 00 00 00 05 00 00 00
0x00000211ffae0440:   00 00 00 00 00 00 00 00 00 00 00 00 00 00 00 00
0x00000211ffae0450:   50 30 28 1a f8 7f 00 00 0b 00 00 00 00 00 00 00
0x00000211ffae0460:   1b 00 00 00 00 00 00 00 00 00 00 00 00 00 00 00
0x00000211ffae0470:   e4 00 00 00 00 00 00 00 c0 24 a2 ff 11 02 00 00
0x00000211ffae0480:   60 b1 ad ff 11 02 00 00 0a 00 00 00 00 00 00 00
0x00000211ffae0490:   01 00 00 00 00 00 00 00 00 00 00 00 00 00 00 00
0x00000211ffae04a0:   00 00 00 00 00 00 00 00 27 8c 55 35 d7 49 e6 00
0x00000211ffae04b0:   00 ee f2 fe 11 02 00 00 30 97 3b db 11 02 00 00
0x00000211ffae04c0:   00 00 00 00 00 00 00 00 00 00 00 00 00 00 00 00
0x00000211ffae04d0:   00 00 00 00 00 00 00 00 00 00 00 00 00 00 00 00
0x00000211ffae04e0:   00 00 00 00 00 00 00 00 00 00 00 00 00 00 00 00
0x00000211ffae04f0:   00 00 00 00 00 00 00 00 00 00 00 00 00 00 00 00
0x00000211ffae0500:   00 00 00 00 00 00 00 00 00 00 00 00 00 00 00 00
0x00000211ffae0510:   00 00 00 00 00 00 00 00 df 8b 54 cb 2f 4e e6 08
0x00000211ffae0520:   20 5c 03 ff 11 02 00 00 d8 7f 00 00 00 00 00 00
0x00000211ffae0530:   90 01 00 88 11 02 00 00 90 01 00 88 11 02 00 00
0x00000211ffae0540:   90 01 00 88 11 02 00 00 90 01 00 88 11 02 00 00
0x00000211ffae0550:   90 01 00 88 11 02 00 00 90 01 00 88 11 02 00 00
0x00000211ffae0560:   90 01 00 88 11 02 00 00 90 01 00 88 11 02 00 00
0x00000211ffae0570:   90 01 00 88 11 02 00 00 90 01 00 88 11 02 00 00
0x00000211ffae0580:   90 01 00 88 11 02 00 00 90 01 00 88 11 02 00 00
0x00000211ffae0590:   90 01 00 88 11 02 00 00 90 01 00 88 11 02 00 00
0x00000211ffae05a0:   90 01 00 88 11 02 00 00 90 01 00 88 11 02 00 00 


Stack slot to memory mapping:
stack at sp + 0 slots: 0x00007ff87193611f jdwp.dll
stack at sp + 1 slots: 0x00000211fcc939a0 points into unknown readable memory: 0x0000000700c31430 | 30 14 c3 00 07 00 00 00
stack at sp + 2 slots: 0x00000097c17febe0 is pointing into the stack for thread: 0x00000211fce5b820
stack at sp + 3 slots: 0x0 is NULL
stack at sp + 4 slots: 0x0 is NULL
stack at sp + 5 slots: 0x00007ff81a5313f0 jvm.dll
stack at sp + 6 slots: 0x00007ff81a5313f0 jvm.dll
stack at sp + 7 slots: 0x00000211fce1b3f8 points into unknown readable memory: 0x8000000600000001 | 01 00 00 00 06 00 00 80


---------------  P R O C E S S  ---------------

Threads class SMR info:
_java_thread_list=0x00000211fef8b060, length=16, elements={
0x00000211fc333b50, 0x00000211fc334830, 0x00000211fc336880, 0x00000211fc337560,
0x00000211fc33d070, 0x00000211fc349060, 0x00000211fc34e0b0, 0x00000211fc351660,
0x00000211fc55e720, 0x00000211fc65c2c0, 0x00000211fc65daf0, 0x00000211fc65e050,
0x00000211fccb01c0, 0x00000211fce5b820, 0x00000211dd5c1560, 0x00000211fef8b420
}

Java Threads: ( => current thread )
  0x00000211fc333b50 JavaThread "Reference Handler" daemon [_thread_blocked, id=11608, stack(0x00000097c0700000,0x00000097c0800000)]
  0x00000211fc334830 JavaThread "Finalizer" daemon [_thread_blocked, id=16736, stack(0x00000097c0800000,0x00000097c0900000)]
  0x00000211fc336880 JavaThread "Signal Dispatcher" daemon [_thread_blocked, id=16920, stack(0x00000097c0900000,0x00000097c0a00000)]
  0x00000211fc337560 JavaThread "Attach Listener" daemon [_thread_blocked, id=18172, stack(0x00000097c0a00000,0x00000097c0b00000)]
  0x00000211fc33d070 JavaThread "Service Thread" daemon [_thread_blocked, id=10656, stack(0x00000097c0b00000,0x00000097c0c00000)]
  0x00000211fc349060 JavaThread "Monitor Deflation Thread" daemon [_thread_blocked, id=16720, stack(0x00000097c0c00000,0x00000097c0d00000)]
  0x00000211fc34e0b0 JavaThread "C2 CompilerThread0" daemon [_thread_blocked, id=15504, stack(0x00000097c0d00000,0x00000097c0e00000)]
  0x00000211fc351660 JavaThread "C1 CompilerThread0" daemon [_thread_blocked, id=13840, stack(0x00000097c0e00000,0x00000097c0f00000)]
  0x00000211fc55e720 JavaThread "Common-Cleaner" daemon [_thread_blocked, id=16976, stack(0x00000097c0f00000,0x00000097c1000000)]
  0x00000211fc65c2c0 JavaThread "JDWP Transport Listener: dt_socket" daemon [_thread_blocked, id=18188, stack(0x00000097c1000000,0x00000097c1100000)]
  0x00000211fc65daf0 JavaThread "JDWP Event Helper Thread" daemon [_thread_blocked, id=13352, stack(0x00000097c1100000,0x00000097c1200000)]
  0x00000211fc65e050 JavaThread "JDWP Command Reader" daemon [_thread_in_native, id=17200, stack(0x00000097c1200000,0x00000097c1300000)]
  0x00000211fccb01c0 JavaThread "Notification Thread" daemon [_thread_blocked, id=12604, stack(0x00000097c1500000,0x00000097c1600000)]
=>0x00000211fce5b820 JavaThread "Main Thread" [_thread_in_native, id=16836, stack(0x00000097c1700000,0x00000097c1800000)]
  0x00000211dd5c1560 JavaThread "DestroyJavaVM" [_thread_blocked, id=12856, stack(0x00000097c0000000,0x00000097c0100000)]
  0x00000211fef8b420 JavaThread "C2 CompilerThread1" daemon [_thread_blocked, id=16484, stack(0x00000097c2000000,0x00000097c2100000)]

Other Threads:
  0x00000211fc315f60 VMThread "VM Thread" [stack: 0x00000097c0600000,0x00000097c0700000] [id=16632]
  0x00000211fccf9a80 WatcherThread "VM Periodic Task Thread" [stack: 0x00000097c1600000,0x00000097c1700000] [id=10040]
  0x00000211dd6301e0 WorkerThread "GC Thread#0" [stack: 0x00000097c0100000,0x00000097c0200000] [id=1548]
  0x00000211fcf55da0 WorkerThread "GC Thread#1" [stack: 0x00000097c1800000,0x00000097c1900000] [id=2040]
  0x00000211fcf56070 WorkerThread "GC Thread#2" [stack: 0x00000097c1900000,0x00000097c1a00000] [id=16828]
  0x00000211fcf56340 WorkerThread "GC Thread#3" [stack: 0x00000097c1a00000,0x00000097c1b00000] [id=15744]
  0x00000211dd642980 ConcurrentGCThread "G1 Main Marker" [stack: 0x00000097c0200000,0x00000097c0300000] [id=5264]
  0x00000211dd6433b0 WorkerThread "G1 Conc#0" [stack: 0x00000097c0300000,0x00000097c0400000] [id=17116]
  0x00000211dd68e350 ConcurrentGCThread "G1 Refine#0" [stack: 0x00000097c0400000,0x00000097c0500000] [id=15736]
  0x00000211fc1c9100 ConcurrentGCThread "G1 Service" [stack: 0x00000097c0500000,0x00000097c0600000] [id=17492]

Threads with active compile tasks:

VM state: not at safepoint (normal execution)

VM Mutex/Monitor currently owned by a thread: None

Heap address: 0x0000000700c00000, size: 4084 MB, Compressed Oops mode: Zero based, Oop shift amount: 3

CDS archive(s) mapped at: [0x0000000800000000-0x0000000800c60000-0x0000000800c60000), size 12976128, SharedBaseAddress: 0x0000000800000000, ArchiveRelocationMode: 0.
Compressed class space mapped at: 0x0000000801000000-0x0000000841000000, reserved size: 1073741824
Narrow klass base: 0x0000000800000000, Narrow klass shift: 0, Narrow klass range: 0x100000000

GC Precious Log:
 CardTable entry size: 512
 Card Set container configuration: InlinePtr #cards 4 size 8 Array Of Cards #cards 16 size 48 Howl #buckets 8 coarsen threshold 3686 Howl Bitmap #cards 512 size 80 coarsen threshold 460 Card regions per heap region 1 cards per card region 4096
 CPUs: 4 total, 4 available
 Memory: 16328M
 Large Page Support: Disabled
 NUMA Support: Disabled
 Compressed Oops: Enabled (Zero based)
 Heap Region Size: 2M
 Heap Min Capacity: 8M
 Heap Initial Capacity: 256M
 Heap Max Capacity: 4084M
 Pre-touch: Disabled
 Parallel Workers: 4
 Concurrent Workers: 1
 Concurrent Refinement Workers: 4
 Periodic GC: Disabled

Heap:
 garbage-first heap   total 262144K, used 19989K [0x0000000700c00000, 0x0000000800000000)
  region size 2048K, 10 young (20480K), 1 survivors (2048K)
 Metaspace       used 8644K, committed 8832K, reserved 1114112K
  class space    used 554K, committed 640K, reserved 1048576K

Heap Regions: E=young(eden), S=young(survivor), O=old, HS=humongous(starts), HC=humongous(continues), CS=collection set, F=free, OA=open archive, CA=closed archive, TAMS=top-at-mark-start, PB=parsable bottom
|   0|0x0000000700c00000, 0x0000000700e00000, 0x0000000700e00000|100%| O|  |TAMS 0x0000000700c00000| PB 0x0000000700c00000| Untracked 
|   1|0x0000000700e00000, 0x0000000700e35200, 0x0000000701000000| 10%| O|  |TAMS 0x0000000700e00000| PB 0x0000000700e00000| Untracked 
|   2|0x0000000701000000, 0x0000000701000000, 0x0000000701200000|  0%| F|  |TAMS 0x0000000701000000| PB 0x0000000701000000| Untracked 
|   3|0x0000000701200000, 0x0000000701200000, 0x0000000701400000|  0%| F|  |TAMS 0x0000000701200000| PB 0x0000000701200000| Untracked 
|   4|0x0000000701400000, 0x0000000701400000, 0x0000000701600000|  0%| F|  |TAMS 0x0000000701400000| PB 0x0000000701400000| Untracked 
|   5|0x0000000701600000, 0x0000000701600000, 0x0000000701800000|  0%| F|  |TAMS 0x0000000701600000| PB 0x0000000701600000| Untracked 
|   6|0x0000000701800000, 0x0000000701800000, 0x0000000701a00000|  0%| F|  |TAMS 0x0000000701800000| PB 0x0000000701800000| Untracked 
|   7|0x0000000701a00000, 0x0000000701a00000, 0x0000000701c00000|  0%| F|  |TAMS 0x0000000701a00000| PB 0x0000000701a00000| Untracked 
|   8|0x0000000701c00000, 0x0000000701c00000, 0x0000000701e00000|  0%| F|  |TAMS 0x0000000701c00000| PB 0x0000000701c00000| Untracked 
|   9|0x0000000701e00000, 0x0000000701e00000, 0x0000000702000000|  0%| F|  |TAMS 0x0000000701e00000| PB 0x0000000701e00000| Untracked 
|  10|0x0000000702000000, 0x0000000702000000, 0x0000000702200000|  0%| F|  |TAMS 0x0000000702000000| PB 0x0000000702000000| Untracked 
|  11|0x0000000702200000, 0x0000000702200000, 0x0000000702400000|  0%| F|  |TAMS 0x0000000702200000| PB 0x0000000702200000| Untracked 
|  12|0x0000000702400000, 0x0000000702400000, 0x0000000702600000|  0%| F|  |TAMS 0x0000000702400000| PB 0x0000000702400000| Untracked 
|  13|0x0000000702600000, 0x0000000702600000, 0x0000000702800000|  0%| F|  |TAMS 0x0000000702600000| PB 0x0000000702600000| Untracked 
|  14|0x0000000702800000, 0x0000000702800000, 0x0000000702a00000|  0%| F|  |TAMS 0x0000000702800000| PB 0x0000000702800000| Untracked 
|  15|0x0000000702a00000, 0x0000000702a00000, 0x0000000702c00000|  0%| F|  |TAMS 0x0000000702a00000| PB 0x0000000702a00000| Untracked 
|  16|0x0000000702c00000, 0x0000000702c00000, 0x0000000702e00000|  0%| F|  |TAMS 0x0000000702c00000| PB 0x0000000702c00000| Untracked 
|  17|0x0000000702e00000, 0x0000000702e00000, 0x0000000703000000|  0%| F|  |TAMS 0x0000000702e00000| PB 0x0000000702e00000| Untracked 
|  18|0x0000000703000000, 0x0000000703000000, 0x0000000703200000|  0%| F|  |TAMS 0x0000000703000000| PB 0x0000000703000000| Untracked 
|  19|0x0000000703200000, 0x0000000703200000, 0x0000000703400000|  0%| F|  |TAMS 0x0000000703200000| PB 0x0000000703200000| Untracked 
|  20|0x0000000703400000, 0x0000000703400000, 0x0000000703600000|  0%| F|  |TAMS 0x0000000703400000| PB 0x0000000703400000| Untracked 
|  21|0x0000000703600000, 0x0000000703600000, 0x0000000703800000|  0%| F|  |TAMS 0x0000000703600000| PB 0x0000000703600000| Untracked 
|  22|0x0000000703800000, 0x0000000703800000, 0x0000000703a00000|  0%| F|  |TAMS 0x0000000703800000| PB 0x0000000703800000| Untracked 
|  23|0x0000000703a00000, 0x0000000703a00000, 0x0000000703c00000|  0%| F|  |TAMS 0x0000000703a00000| PB 0x0000000703a00000| Untracked 
|  24|0x0000000703c00000, 0x0000000703c00000, 0x0000000703e00000|  0%| F|  |TAMS 0x0000000703c00000| PB 0x0000000703c00000| Untracked 
|  25|0x0000000703e00000, 0x0000000703e00000, 0x0000000704000000|  0%| F|  |TAMS 0x0000000703e00000| PB 0x0000000703e00000| Untracked 
|  26|0x0000000704000000, 0x0000000704000000, 0x0000000704200000|  0%| F|  |TAMS 0x0000000704000000| PB 0x0000000704000000| Untracked 
|  27|0x0000000704200000, 0x0000000704200000, 0x0000000704400000|  0%| F|  |TAMS 0x0000000704200000| PB 0x0000000704200000| Untracked 
|  28|0x0000000704400000, 0x0000000704400000, 0x0000000704600000|  0%| F|  |TAMS 0x0000000704400000| PB 0x0000000704400000| Untracked 
|  29|0x0000000704600000, 0x0000000704600000, 0x0000000704800000|  0%| F|  |TAMS 0x0000000704600000| PB 0x0000000704600000| Untracked 
|  30|0x0000000704800000, 0x0000000704800000, 0x0000000704a00000|  0%| F|  |TAMS 0x0000000704800000| PB 0x0000000704800000| Untracked 
|  31|0x0000000704a00000, 0x0000000704a00000, 0x0000000704c00000|  0%| F|  |TAMS 0x0000000704a00000| PB 0x0000000704a00000| Untracked 
|  32|0x0000000704c00000, 0x0000000704c00000, 0x0000000704e00000|  0%| F|  |TAMS 0x0000000704c00000| PB 0x0000000704c00000| Untracked 
|  33|0x0000000704e00000, 0x0000000704e00000, 0x0000000705000000|  0%| F|  |TAMS 0x0000000704e00000| PB 0x0000000704e00000| Untracked 
|  34|0x0000000705000000, 0x0000000705000000, 0x0000000705200000|  0%| F|  |TAMS 0x0000000705000000| PB 0x0000000705000000| Untracked 
|  35|0x0000000705200000, 0x0000000705200000, 0x0000000705400000|  0%| F|  |TAMS 0x0000000705200000| PB 0x0000000705200000| Untracked 
|  36|0x0000000705400000, 0x0000000705400000, 0x0000000705600000|  0%| F|  |TAMS 0x0000000705400000| PB 0x0000000705400000| Untracked 
|  37|0x0000000705600000, 0x0000000705600000, 0x0000000705800000|  0%| F|  |TAMS 0x0000000705600000| PB 0x0000000705600000| Untracked 
|  38|0x0000000705800000, 0x0000000705800000, 0x0000000705a00000|  0%| F|  |TAMS 0x0000000705800000| PB 0x0000000705800000| Untracked 
|  39|0x0000000705a00000, 0x0000000705a00000, 0x0000000705c00000|  0%| F|  |TAMS 0x0000000705a00000| PB 0x0000000705a00000| Untracked 
|  40|0x0000000705c00000, 0x0000000705c00000, 0x0000000705e00000|  0%| F|  |TAMS 0x0000000705c00000| PB 0x0000000705c00000| Untracked 
|  41|0x0000000705e00000, 0x0000000705e00000, 0x0000000706000000|  0%| F|  |TAMS 0x0000000705e00000| PB 0x0000000705e00000| Untracked 
|  42|0x0000000706000000, 0x0000000706000000, 0x0000000706200000|  0%| F|  |TAMS 0x0000000706000000| PB 0x0000000706000000| Untracked 
|  43|0x0000000706200000, 0x0000000706200000, 0x0000000706400000|  0%| F|  |TAMS 0x0000000706200000| PB 0x0000000706200000| Untracked 
|  44|0x0000000706400000, 0x0000000706400000, 0x0000000706600000|  0%| F|  |TAMS 0x0000000706400000| PB 0x0000000706400000| Untracked 
|  45|0x0000000706600000, 0x0000000706600000, 0x0000000706800000|  0%| F|  |TAMS 0x0000000706600000| PB 0x0000000706600000| Untracked 
|  46|0x0000000706800000, 0x0000000706800000, 0x0000000706a00000|  0%| F|  |TAMS 0x0000000706800000| PB 0x0000000706800000| Untracked 
|  47|0x0000000706a00000, 0x0000000706a00000, 0x0000000706c00000|  0%| F|  |TAMS 0x0000000706a00000| PB 0x0000000706a00000| Untracked 
|  48|0x0000000706c00000, 0x0000000706c00000, 0x0000000706e00000|  0%| F|  |TAMS 0x0000000706c00000| PB 0x0000000706c00000| Untracked 
|  49|0x0000000706e00000, 0x0000000706e00000, 0x0000000707000000|  0%| F|  |TAMS 0x0000000706e00000| PB 0x0000000706e00000| Untracked 
|  50|0x0000000707000000, 0x0000000707000000, 0x0000000707200000|  0%| F|  |TAMS 0x0000000707000000| PB 0x0000000707000000| Untracked 
|  51|0x0000000707200000, 0x0000000707200000, 0x0000000707400000|  0%| F|  |TAMS 0x0000000707200000| PB 0x0000000707200000| Untracked 
|  52|0x0000000707400000, 0x0000000707400000, 0x0000000707600000|  0%| F|  |TAMS 0x0000000707400000| PB 0x0000000707400000| Untracked 
|  53|0x0000000707600000, 0x0000000707600000, 0x0000000707800000|  0%| F|  |TAMS 0x0000000707600000| PB 0x0000000707600000| Untracked 
|  54|0x0000000707800000, 0x0000000707800000, 0x0000000707a00000|  0%| F|  |TAMS 0x0000000707800000| PB 0x0000000707800000| Untracked 
|  55|0x0000000707a00000, 0x0000000707a00000, 0x0000000707c00000|  0%| F|  |TAMS 0x0000000707a00000| PB 0x0000000707a00000| Untracked 
|  56|0x0000000707c00000, 0x0000000707c00000, 0x0000000707e00000|  0%| F|  |TAMS 0x0000000707c00000| PB 0x0000000707c00000| Untracked 
|  57|0x0000000707e00000, 0x0000000707e00000, 0x0000000708000000|  0%| F|  |TAMS 0x0000000707e00000| PB 0x0000000707e00000| Untracked 
|  58|0x0000000708000000, 0x0000000708000000, 0x0000000708200000|  0%| F|  |TAMS 0x0000000708000000| PB 0x0000000708000000| Untracked 
|  59|0x0000000708200000, 0x0000000708200000, 0x0000000708400000|  0%| F|  |TAMS 0x0000000708200000| PB 0x0000000708200000| Untracked 
|  60|0x0000000708400000, 0x0000000708400000, 0x0000000708600000|  0%| F|  |TAMS 0x0000000708400000| PB 0x0000000708400000| Untracked 
|  61|0x0000000708600000, 0x0000000708600000, 0x0000000708800000|  0%| F|  |TAMS 0x0000000708600000| PB 0x0000000708600000| Untracked 
|  62|0x0000000708800000, 0x0000000708800000, 0x0000000708a00000|  0%| F|  |TAMS 0x0000000708800000| PB 0x0000000708800000| Untracked 
|  63|0x0000000708a00000, 0x0000000708a00000, 0x0000000708c00000|  0%| F|  |TAMS 0x0000000708a00000| PB 0x0000000708a00000| Untracked 
|  64|0x0000000708c00000, 0x0000000708c00000, 0x0000000708e00000|  0%| F|  |TAMS 0x0000000708c00000| PB 0x0000000708c00000| Untracked 
|  65|0x0000000708e00000, 0x0000000708e00000, 0x0000000709000000|  0%| F|  |TAMS 0x0000000708e00000| PB 0x0000000708e00000| Untracked 
|  66|0x0000000709000000, 0x0000000709000000, 0x0000000709200000|  0%| F|  |TAMS 0x0000000709000000| PB 0x0000000709000000| Untracked 
|  67|0x0000000709200000, 0x0000000709200000, 0x0000000709400000|  0%| F|  |TAMS 0x0000000709200000| PB 0x0000000709200000| Untracked 
|  68|0x0000000709400000, 0x0000000709400000, 0x0000000709600000|  0%| F|  |TAMS 0x0000000709400000| PB 0x0000000709400000| Untracked 
|  69|0x0000000709600000, 0x0000000709600000, 0x0000000709800000|  0%| F|  |TAMS 0x0000000709600000| PB 0x0000000709600000| Untracked 
|  70|0x0000000709800000, 0x0000000709800000, 0x0000000709a00000|  0%| F|  |TAMS 0x0000000709800000| PB 0x0000000709800000| Untracked 
|  71|0x0000000709a00000, 0x0000000709a00000, 0x0000000709c00000|  0%| F|  |TAMS 0x0000000709a00000| PB 0x0000000709a00000| Untracked 
|  72|0x0000000709c00000, 0x0000000709c00000, 0x0000000709e00000|  0%| F|  |TAMS 0x0000000709c00000| PB 0x0000000709c00000| Untracked 
|  73|0x0000000709e00000, 0x0000000709e00000, 0x000000070a000000|  0%| F|  |TAMS 0x0000000709e00000| PB 0x0000000709e00000| Untracked 
|  74|0x000000070a000000, 0x000000070a000000, 0x000000070a200000|  0%| F|  |TAMS 0x000000070a000000| PB 0x000000070a000000| Untracked 
|  75|0x000000070a200000, 0x000000070a200000, 0x000000070a400000|  0%| F|  |TAMS 0x000000070a200000| PB 0x000000070a200000| Untracked 
|  76|0x000000070a400000, 0x000000070a400000, 0x000000070a600000|  0%| F|  |TAMS 0x000000070a400000| PB 0x000000070a400000| Untracked 
|  77|0x000000070a600000, 0x000000070a600000, 0x000000070a800000|  0%| F|  |TAMS 0x000000070a600000| PB 0x000000070a600000| Untracked 
|  78|0x000000070a800000, 0x000000070a800000, 0x000000070aa00000|  0%| F|  |TAMS 0x000000070a800000| PB 0x000000070a800000| Untracked 
|  79|0x000000070aa00000, 0x000000070aa00000, 0x000000070ac00000|  0%| F|  |TAMS 0x000000070aa00000| PB 0x000000070aa00000| Untracked 
|  80|0x000000070ac00000, 0x000000070ac00000, 0x000000070ae00000|  0%| F|  |TAMS 0x000000070ac00000| PB 0x000000070ac00000| Untracked 
|  81|0x000000070ae00000, 0x000000070ae00000, 0x000000070b000000|  0%| F|  |TAMS 0x000000070ae00000| PB 0x000000070ae00000| Untracked 
|  82|0x000000070b000000, 0x000000070b000000, 0x000000070b200000|  0%| F|  |TAMS 0x000000070b000000| PB 0x000000070b000000| Untracked 
|  83|0x000000070b200000, 0x000000070b200000, 0x000000070b400000|  0%| F|  |TAMS 0x000000070b200000| PB 0x000000070b200000| Untracked 
|  84|0x000000070b400000, 0x000000070b400000, 0x000000070b600000|  0%| F|  |TAMS 0x000000070b400000| PB 0x000000070b400000| Untracked 
|  85|0x000000070b600000, 0x000000070b600000, 0x000000070b800000|  0%| F|  |TAMS 0x000000070b600000| PB 0x000000070b600000| Untracked 
|  86|0x000000070b800000, 0x000000070b800000, 0x000000070ba00000|  0%| F|  |TAMS 0x000000070b800000| PB 0x000000070b800000| Untracked 
|  87|0x000000070ba00000, 0x000000070ba00000, 0x000000070bc00000|  0%| F|  |TAMS 0x000000070ba00000| PB 0x000000070ba00000| Untracked 
|  88|0x000000070bc00000, 0x000000070bc00000, 0x000000070be00000|  0%| F|  |TAMS 0x000000070bc00000| PB 0x000000070bc00000| Untracked 
|  89|0x000000070be00000, 0x000000070be00000, 0x000000070c000000|  0%| F|  |TAMS 0x000000070be00000| PB 0x000000070be00000| Untracked 
|  90|0x000000070c000000, 0x000000070c000000, 0x000000070c200000|  0%| F|  |TAMS 0x000000070c000000| PB 0x000000070c000000| Untracked 
|  91|0x000000070c200000, 0x000000070c200000, 0x000000070c400000|  0%| F|  |TAMS 0x000000070c200000| PB 0x000000070c200000| Untracked 
|  92|0x000000070c400000, 0x000000070c400000, 0x000000070c600000|  0%| F|  |TAMS 0x000000070c400000| PB 0x000000070c400000| Untracked 
|  93|0x000000070c600000, 0x000000070c600000, 0x000000070c800000|  0%| F|  |TAMS 0x000000070c600000| PB 0x000000070c600000| Untracked 
|  94|0x000000070c800000, 0x000000070c800000, 0x000000070ca00000|  0%| F|  |TAMS 0x000000070c800000| PB 0x000000070c800000| Untracked 
|  95|0x000000070ca00000, 0x000000070ca00000, 0x000000070cc00000|  0%| F|  |TAMS 0x000000070ca00000| PB 0x000000070ca00000| Untracked 
|  96|0x000000070cc00000, 0x000000070cc00000, 0x000000070ce00000|  0%| F|  |TAMS 0x000000070cc00000| PB 0x000000070cc00000| Untracked 
|  97|0x000000070ce00000, 0x000000070ce00000, 0x000000070d000000|  0%| F|  |TAMS 0x000000070ce00000| PB 0x000000070ce00000| Untracked 
|  98|0x000000070d000000, 0x000000070d000000, 0x000000070d200000|  0%| F|  |TAMS 0x000000070d000000| PB 0x000000070d000000| Untracked 
|  99|0x000000070d200000, 0x000000070d200000, 0x000000070d400000|  0%| F|  |TAMS 0x000000070d200000| PB 0x000000070d200000| Untracked 
| 100|0x000000070d400000, 0x000000070d400000, 0x000000070d600000|  0%| F|  |TAMS 0x000000070d400000| PB 0x000000070d400000| Untracked 
| 101|0x000000070d600000, 0x000000070d600000, 0x000000070d800000|  0%| F|  |TAMS 0x000000070d600000| PB 0x000000070d600000| Untracked 
| 102|0x000000070d800000, 0x000000070d800000, 0x000000070da00000|  0%| F|  |TAMS 0x000000070d800000| PB 0x000000070d800000| Untracked 
| 103|0x000000070da00000, 0x000000070da00000, 0x000000070dc00000|  0%| F|  |TAMS 0x000000070da00000| PB 0x000000070da00000| Untracked 
| 104|0x000000070dc00000, 0x000000070dc00000, 0x000000070de00000|  0%| F|  |TAMS 0x000000070dc00000| PB 0x000000070dc00000| Untracked 
| 105|0x000000070de00000, 0x000000070de00000, 0x000000070e000000|  0%| F|  |TAMS 0x000000070de00000| PB 0x000000070de00000| Untracked 
| 106|0x000000070e000000, 0x000000070e000000, 0x000000070e200000|  0%| F|  |TAMS 0x000000070e000000| PB 0x000000070e000000| Untracked 
| 107|0x000000070e200000, 0x000000070e200000, 0x000000070e400000|  0%| F|  |TAMS 0x000000070e200000| PB 0x000000070e200000| Untracked 
| 108|0x000000070e400000, 0x000000070e400000, 0x000000070e600000|  0%| F|  |TAMS 0x000000070e400000| PB 0x000000070e400000| Untracked 
| 109|0x000000070e600000, 0x000000070e600000, 0x000000070e800000|  0%| F|  |TAMS 0x000000070e600000| PB 0x000000070e600000| Untracked 
| 110|0x000000070e800000, 0x000000070e800000, 0x000000070ea00000|  0%| F|  |TAMS 0x000000070e800000| PB 0x000000070e800000| Untracked 
| 111|0x000000070ea00000, 0x000000070ea00000, 0x000000070ec00000|  0%| F|  |TAMS 0x000000070ea00000| PB 0x000000070ea00000| Untracked 
| 112|0x000000070ec00000, 0x000000070ec00000, 0x000000070ee00000|  0%| F|  |TAMS 0x000000070ec00000| PB 0x000000070ec00000| Untracked 
| 113|0x000000070ee00000, 0x000000070ee00000, 0x000000070f000000|  0%| F|  |TAMS 0x000000070ee00000| PB 0x000000070ee00000| Untracked 
| 114|0x000000070f000000, 0x000000070f000000, 0x000000070f200000|  0%| F|  |TAMS 0x000000070f000000| PB 0x000000070f000000| Untracked 
| 115|0x000000070f200000, 0x000000070f200000, 0x000000070f400000|  0%| F|  |TAMS 0x000000070f200000| PB 0x000000070f200000| Untracked 
| 116|0x000000070f400000, 0x000000070f400000, 0x000000070f600000|  0%| F|  |TAMS 0x000000070f400000| PB 0x000000070f400000| Untracked 
| 117|0x000000070f600000, 0x000000070f600000, 0x000000070f800000|  0%| F|  |TAMS 0x000000070f600000| PB 0x000000070f600000| Untracked 
| 118|0x000000070f800000, 0x000000070f8d9d18, 0x000000070fa00000| 42%| E|  |TAMS 0x000000070f800000| PB 0x000000070f800000| Complete 
| 119|0x000000070fa00000, 0x000000070fb50330, 0x000000070fc00000| 65%| S|CS|TAMS 0x000000070fa00000| PB 0x000000070fa00000| Complete 
| 120|0x000000070fc00000, 0x000000070fe00000, 0x000000070fe00000|100%| E|CS|TAMS 0x000000070fc00000| PB 0x000000070fc00000| Complete 
| 121|0x000000070fe00000, 0x0000000710000000, 0x0000000710000000|100%| E|CS|TAMS 0x000000070fe00000| PB 0x000000070fe00000| Complete 
| 122|0x0000000710000000, 0x0000000710200000, 0x0000000710200000|100%| E|CS|TAMS 0x0000000710000000| PB 0x0000000710000000| Complete 
| 123|0x0000000710200000, 0x0000000710400000, 0x0000000710400000|100%| E|CS|TAMS 0x0000000710200000| PB 0x0000000710200000| Complete 
| 124|0x0000000710400000, 0x0000000710600000, 0x0000000710600000|100%| E|CS|TAMS 0x0000000710400000| PB 0x0000000710400000| Complete 
| 125|0x0000000710600000, 0x0000000710800000, 0x0000000710800000|100%| E|CS|TAMS 0x0000000710600000| PB 0x0000000710600000| Complete 
| 126|0x0000000710800000, 0x0000000710a00000, 0x0000000710a00000|100%| E|CS|TAMS 0x0000000710800000| PB 0x0000000710800000| Complete 
| 127|0x0000000710a00000, 0x0000000710c00000, 0x0000000710c00000|100%| E|CS|TAMS 0x0000000710a00000| PB 0x0000000710a00000| Complete 

Card table byte_map: [0x00000211f4e80000,0x00000211f5680000] _byte_map_base: 0x00000211f167a000

Marking Bits: (CMBitMap*) 0x00000211dd631820
 Bits: [0x00000211f5e80000, 0x00000211f9e50000)

Polling page: 0x00000211db5a0000

Metaspace:

Usage:
  Non-class:      7.90 MB used.
      Class:    554.88 KB used.
       Both:      8.44 MB used.

Virtual space:
  Non-class space:       64.00 MB reserved,       8.00 MB ( 12%) committed,  1 nodes.
      Class space:        1.00 GB reserved,     640.00 KB ( <1%) committed,  1 nodes.
             Both:        1.06 GB reserved,       8.62 MB ( <1%) committed. 

Chunk freelists:
   Non-Class:  3.41 MB
       Class:  3.36 MB
        Both:  6.76 MB

MaxMetaspaceSize: unlimited
CompressedClassSpaceSize: 1.00 GB
Initial GC threshold: 21.00 MB
Current GC threshold: 21.00 MB
CDS: on
MetaspaceReclaimPolicy: balanced
 - commit_granule_bytes: 65536.
 - commit_granule_words: 8192.
 - virtual_space_node_default_size: 8388608.
 - enlarge_chunks_in_place: 1.
 - new_chunks_are_fully_committed: 0.
 - uncommit_free_chunks: 1.
 - use_allocation_guard: 0.


Internal statistics:

num_allocs_failed_limit: 0.
num_arena_births: 76.
num_arena_deaths: 0.
num_vsnodes_births: 2.
num_vsnodes_deaths: 0.
num_space_committed: 136.
num_space_uncommitted: 0.
num_chunks_returned_to_freelist: 0.
num_chunks_taken_from_freelist: 261.
num_chunk_merges: 0.
num_chunk_splits: 200.
num_chunks_enlarged: 165.
num_inconsistent_stats: 0.

CodeHeap 'non-profiled nmethods': size=120000Kb used=492Kb max_used=492Kb free=119507Kb
 bounds [0x00000211ed150000, 0x00000211ed3c0000, 0x00000211f4680000]
CodeHeap 'profiled nmethods': size=120000Kb used=2383Kb max_used=2383Kb free=117616Kb
 bounds [0x00000211e5680000, 0x00000211e58f0000, 0x00000211ecbb0000]
CodeHeap 'non-nmethods': size=5760Kb used=2211Kb max_used=2253Kb free=3548Kb
 bounds [0x00000211ecbb0000, 0x00000211ece20000, 0x00000211ed150000]
 total_blobs=2324 nmethods=1256 adapters=979
 compilation: enabled
              stopped_count=0, restarted_count=0
 full_count=0

Compilation events (20 events):
Event: 1.308 Thread 0x00000211fc351660 nmethod 1236 0x00000211e58cca90 code [0x00000211e58ccc40, 0x00000211e58cce98]
Event: 1.308 Thread 0x00000211fc351660 1237       3       org.lwjgl.PointerBuffer::put (24 bytes)
Event: 1.308 Thread 0x00000211fc351660 nmethod 1237 0x00000211e58ccf90 code [0x00000211e58cd140, 0x00000211e58cd498]
Event: 1.308 Thread 0x00000211fc351660 1241       3       org.lwjgl.system.Checks::check (17 bytes)
Event: 1.308 Thread 0x00000211fc351660 nmethod 1241 0x00000211e58cd610 code [0x00000211e58cd7c0, 0x00000211e58cda30]
Event: 1.308 Thread 0x00000211fc351660 1242       3       org.lwjgl.system.CheckIntrinsics::checkIndex (6 bytes)
Event: 1.308 Thread 0x00000211fc351660 nmethod 1242 0x00000211e58cdb90 code [0x00000211e58cdd20, 0x00000211e58cdeb8]
Event: 1.309 Thread 0x00000211fc351660 1247       3       java.lang.invoke.MethodHandle::setAsTypeCache (33 bytes)
Event: 1.309 Thread 0x00000211fc351660 nmethod 1247 0x00000211e58cdf90 code [0x00000211e58ce180, 0x00000211e58ce7a8]
Event: 1.309 Thread 0x00000211fc351660 1248       3       java.lang.invoke.MethodHandle::isSafeToCache (14 bytes)
Event: 1.309 Thread 0x00000211fc351660 nmethod 1248 0x00000211e58ce990 code [0x00000211e58ceb20, 0x00000211e58ceca0]
Event: 1.309 Thread 0x00000211fef8b420 nmethod 1244 0x00000211ed1c4b90 code [0x00000211ed1c4d00, 0x00000211ed1c4ec8]
Event: 1.309 Thread 0x00000211fef8b420 1245       4       java.lang.ref.SoftReference::get (29 bytes)
Event: 1.310 Thread 0x00000211fef8b420 nmethod 1245 0x00000211ed1c5090 code [0x00000211ed1c5200, 0x00000211ed1c5308]
Event: 1.310 Thread 0x00000211fef8b420 1246       4       java.lang.invoke.BoundMethodHandle::<init> (32 bytes)
Event: 1.313 Thread 0x00000211fef8b420 nmethod 1246 0x00000211ed1c5390 code [0x00000211ed1c5520, 0x00000211ed1c5950]
Event: 1.314 Thread 0x00000211fc351660 1251       3       jdk.internal.loader.ClassLoaders$AppClassLoader::defineOrCheckPackage (8 bytes)
Event: 1.314 Thread 0x00000211fef8b420 1249       4       java.lang.invoke.MethodType$ConcurrentWeakInternSet::get (47 bytes)
Event: 1.314 Thread 0x00000211fc351660 nmethod 1251 0x00000211e58ced90 code [0x00000211e58cef20, 0x00000211e58cf088]
Event: 1.314 Thread 0x00000211fc351660 1256       3       java.security.CodeSource::matchCerts (254 bytes)

GC Heap History (4 events):
Event: 0.474 GC heap before
{Heap before GC invocations=0 (full 0):
 garbage-first heap   total 262144K, used 12288K [0x0000000700c00000, 0x0000000800000000)
  region size 2048K, 6 young (12288K), 0 survivors (0K)
 Metaspace       used 3687K, committed 3840K, reserved 1114112K
  class space    used 319K, committed 384K, reserved 1048576K
}
Event: 0.476 GC heap after
{Heap after GC invocations=1 (full 0):
 garbage-first heap   total 262144K, used 2229K [0x0000000700c00000, 0x0000000800000000)
  region size 2048K, 1 young (2048K), 1 survivors (2048K)
 Metaspace       used 3687K, committed 3840K, reserved 1114112K
  class space    used 319K, committed 384K, reserved 1048576K
}
Event: 1.130 GC heap before
{Heap before GC invocations=1 (full 0):
 garbage-first heap   total 262144K, used 14517K [0x0000000700c00000, 0x0000000800000000)
  region size 2048K, 8 young (16384K), 1 survivors (2048K)
 Metaspace       used 6305K, committed 6464K, reserved 1114112K
  class space    used 460K, committed 512K, reserved 1048576K
}
Event: 1.132 GC heap after
{Heap after GC invocations=2 (full 0):
 garbage-first heap   total 262144K, used 3605K [0x0000000700c00000, 0x0000000800000000)
  region size 2048K, 1 young (2048K), 1 survivors (2048K)
 Metaspace       used 6305K, committed 6464K, reserved 1114112K
  class space    used 460K, committed 512K, reserved 1048576K
}

Dll operation events (11 events):
Event: 0.012 Loaded shared library C:\Program Files\Java\jdk-20\bin\java.dll
Event: 0.022 Loaded shared library C:\Program Files\Java\jdk-20\bin\jsvml.dll
Event: 0.203 Loaded shared library C:\Program Files\Java\jdk-20\bin\zip.dll
Event: 0.206 Loaded shared library C:\Program Files\Java\jdk-20\bin\instrument.dll
Event: 0.211 Loaded shared library C:\Program Files\Java\jdk-20\bin\net.dll
Event: 0.212 Loaded shared library C:\Program Files\Java\jdk-20\bin\nio.dll
Event: 0.216 Loaded shared library C:\Program Files\Java\jdk-20\bin\zip.dll
Event: 0.305 Loaded shared library C:\Program Files\Java\jdk-20\bin\jimage.dll
Event: 0.350 Loaded shared library C:\Program Files\Java\jdk-20\bin\verify.dll
Event: 0.527 Loaded shared library C:\Users\smsmk\AppData\Local\Temp\lwjglsmsmk\3.2.3-build-13\lwjgl.dll
Event: 1.017 Loaded shared library C:\Users\smsmk\AppData\Local\Temp\lwjglsmsmk\3.2.3-build-13\lwjgl_opengl.dll

Deoptimization events (20 events):
Event: 0.379 Thread 0x00000211dd5c1560 DEOPT PACKING pc=0x00000211e571c536 sp=0x00000097c00f7e40
Event: 0.380 Thread 0x00000211dd5c1560 DEOPT UNPACKING pc=0x00000211ecc1a4c2 sp=0x00000097c00f72c8 mode 0
Event: 0.381 Thread 0x00000211dd5c1560 DEOPT PACKING pc=0x00000211e571c536 sp=0x00000097c00f7e40
Event: 0.381 Thread 0x00000211dd5c1560 DEOPT UNPACKING pc=0x00000211ecc1a4c2 sp=0x00000097c00f72c8 mode 0
Event: 0.759 Thread 0x00000211fce5b820 DEOPT PACKING pc=0x00000211e57c4851 sp=0x00000097c17fced0
Event: 0.759 Thread 0x00000211fce5b820 DEOPT UNPACKING pc=0x00000211ecc1a4c2 sp=0x00000097c17fc328 mode 1
Event: 0.759 Thread 0x00000211fce5b820 DEOPT PACKING pc=0x00000211e57c26c4 sp=0x00000097c17fcf60
Event: 0.759 Thread 0x00000211fce5b820 DEOPT UNPACKING pc=0x00000211ecc1a4c2 sp=0x00000097c17fc408 mode 1
Event: 1.066 Thread 0x00000211fce5b820 Uncommon trap: trap_request=0xffffff45 fr.pc=0x00000211ed171af0 relative=0x0000000000000070
Event: 1.066 Thread 0x00000211fce5b820 Uncommon trap: reason=unstable_if action=reinterpret pc=0x00000211ed171af0 method=java.lang.String.isLatin1()Z @ 10 c2
Event: 1.066 Thread 0x00000211fce5b820 DEOPT PACKING pc=0x00000211ed171af0 sp=0x00000097c17feb60
Event: 1.066 Thread 0x00000211fce5b820 DEOPT UNPACKING pc=0x00000211ecc19d22 sp=0x00000097c17feb00 mode 2
Event: 1.066 Thread 0x00000211fce5b820 Uncommon trap: trap_request=0xffffff45 fr.pc=0x00000211ed16c054 relative=0x0000000000000054
Event: 1.066 Thread 0x00000211fce5b820 Uncommon trap: reason=unstable_if action=reinterpret pc=0x00000211ed16c054 method=java.lang.CharacterData.of(I)Ljava/lang/CharacterData; @ 4 c2
Event: 1.066 Thread 0x00000211fce5b820 DEOPT PACKING pc=0x00000211ed16c054 sp=0x00000097c17fe6a0
Event: 1.066 Thread 0x00000211fce5b820 DEOPT UNPACKING pc=0x00000211ecc19d22 sp=0x00000097c17fe640 mode 2
Event: 1.264 Thread 0x00000211fce5b820 Uncommon trap: trap_request=0xffffff54 fr.pc=0x00000211ed1a34fc relative=0x000000000000007c
Event: 1.264 Thread 0x00000211fce5b820 Uncommon trap: reason=speculate_null_assert action=make_not_entrant pc=0x00000211ed1a34fc method=sun.misc.Unsafe.putLong(Ljava/lang/Object;JJ)V @ 7 c2
Event: 1.264 Thread 0x00000211fce5b820 DEOPT PACKING pc=0x00000211ed1a34fc sp=0x00000097c17ff0c0
Event: 1.264 Thread 0x00000211fce5b820 DEOPT UNPACKING pc=0x00000211ecc19d22 sp=0x00000097c17ff058 mode 2

Classes loaded (20 events):
Event: 1.059 Loading class sun/util/resources/LocaleData$CommonResourceBundleProvider
Event: 1.059 Loading class sun/util/resources/LocaleData$LocaleDataResourceBundleProvider
Event: 1.059 Loading class java/util/spi/ResourceBundleProvider
Event: 1.060 Loading class java/util/spi/ResourceBundleProvider done
Event: 1.060 Loading class sun/util/resources/LocaleData$LocaleDataResourceBundleProvider done
Event: 1.060 Loading class sun/util/resources/LocaleData$CommonResourceBundleProvider done
Event: 1.060 Loading class java/util/ArrayList$SubList$1
Event: 1.060 Loading class java/util/ArrayList$SubList$1 done
Event: 1.061 Loading class sun/text/resources/cldr/FormatData_en
Event: 1.061 Loading class sun/text/resources/cldr/FormatData_en done
Event: 1.061 Loading class sun/util/resources/Bundles$2
Event: 1.062 Loading class sun/util/resources/Bundles$2 done
Event: 1.103 Loading class jdk/internal/foreign/MemorySessionImpl
Event: 1.104 Loading class java/lang/foreign/SegmentScope
Event: 1.104 Loading class java/lang/foreign/SegmentScope done
Event: 1.104 Loading class java/lang/foreign/SegmentAllocator
Event: 1.104 Loading class java/lang/foreign/SegmentAllocator done
Event: 1.104 Loading class jdk/internal/foreign/MemorySessionImpl done
Event: 1.264 Loading class jdk/internal/reflect/MethodHandleLongFieldAccessorImpl
Event: 1.265 Loading class jdk/internal/reflect/MethodHandleLongFieldAccessorImpl done

Classes unloaded (0 events):
No events

Classes redefined (0 events):
No events

Internal exceptions (20 events):
Event: 0.489 Thread 0x00000211fce5b820 Exception <a 'java/lang/NoSuchMethodError'{0x0000000710acc480}: 'void java.lang.invoke.DirectMethodHandle$Holder.invokeStatic(java.lang.Object, java.lang.Object)'> (0x0000000710acc480) 
thrown [s\open\src\hotspot\share\interpreter\linkResolver.cpp, line 773]
Event: 0.490 Thread 0x00000211fce5b820 Exception <a 'java/lang/NoSuchMethodError'{0x0000000710ad3b48}: 'void java.lang.System.load(java.lang.String, java.lang.Class)'> (0x0000000710ad3b48) 
thrown [s\open\src\hotspot\share\interpreter\linkResolver.cpp, line 773]
Event: 0.490 Thread 0x00000211fce5b820 Exception <a 'java/lang/NoSuchMethodError'{0x0000000710ad4518}: 'void java.lang.invoke.DirectMethodHandle$Holder.invokeSpecial(java.lang.Object, java.lang.Object, java.lang.Object)'> (0x0000000710ad4518) 
thrown [s\open\src\hotspot\share\interpreter\linkResolver.cpp, line 773]
Event: 0.493 Thread 0x00000211fce5b820 Exception <a 'java/lang/NoSuchMethodError'{0x0000000710ae8658}: 'java.lang.Object java.lang.invoke.DirectMethodHandle$Holder.invokeStatic(java.lang.Object, java.lang.Object, int)'> (0x0000000710ae8658) 
thrown [s\open\src\hotspot\share\interpreter\linkResolver.cpp, line 773]
Event: 0.494 Thread 0x00000211fce5b820 Exception <a 'java/lang/NoSuchMethodError'{0x0000000710af3b58}: 'void java.lang.invoke.DelegatingMethodHandle$Holder.delegate(java.lang.Object, java.lang.Object, int, java.lang.Object)'> (0x0000000710af3b58) 
thrown [s\open\src\hotspot\share\interpreter\linkResolver.cpp, line 773]
Event: 0.494 Thread 0x00000211fce5b820 Exception <a 'java/lang/NoSuchMethodError'{0x0000000710af7940}: 'int java.lang.invoke.DirectMethodHandle$Holder.invokeSpecial(java.lang.Object, java.lang.Object, java.lang.Object)'> (0x0000000710af7940) 
thrown [s\open\src\hotspot\share\interpreter\linkResolver.cpp, line 773]
Event: 0.499 Thread 0x00000211fce5b820 Exception <a 'java/lang/NoSuchMethodError'{0x0000000710b13ed8}: 'void java.lang.System.loadLibrary(java.lang.String, java.lang.Class)'> (0x0000000710b13ed8) 
thrown [s\open\src\hotspot\share\interpreter\linkResolver.cpp, line 773]
Event: 0.531 Thread 0x00000211fce5b820 Exception <a 'sun/nio/fs/WindowsException'{0x0000000710be7fe0}> (0x0000000710be7fe0) 
thrown [s\open\src\hotspot\share\prims\jni.cpp, line 519]
Event: 0.531 Thread 0x00000211fce5b820 Exception <a 'sun/nio/fs/WindowsException'{0x0000000710be95f0}> (0x0000000710be95f0) 
thrown [s\open\src\hotspot\share\prims\jni.cpp, line 519]
Event: 0.539 Thread 0x00000211fce5b820 Exception <a 'sun/nio/fs/WindowsException'{0x0000000710bff9c8}> (0x0000000710bff9c8) 
thrown [s\open\src\hotspot\share\prims\jni.cpp, line 519]
Event: 0.540 Thread 0x00000211fce5b820 Exception <a 'sun/nio/fs/WindowsException'{0x0000000710bffd38}> (0x0000000710bffd38) 
thrown [s\open\src\hotspot\share\prims\jni.cpp, line 519]
Event: 0.763 Thread 0x00000211fce5b820 Exception <a 'java/lang/NoSuchMethodError'{0x00000007106d4968}: 'int java.lang.invoke.Invokers$Holder.invokeExact_MT(java.lang.Object, java.lang.Object)'> (0x00000007106d4968) 
thrown [s\open\src\hotspot\share\interpreter\linkResolver.cpp, line 773]
Event: 1.011 Thread 0x00000211fce5b820 Exception <a 'java/lang/NoSuchMethodError'{0x00000007107a01d8}: 'void java.lang.System.load(java.lang.String, java.lang.Class)'> (0x00000007107a01d8) 
thrown [s\open\src\hotspot\share\interpreter\linkResolver.cpp, line 773]
Event: 1.011 Thread 0x00000211fce5b820 Exception <a 'java/lang/NoSuchMethodError'{0x00000007107a2fc0}: 'void java.lang.System.loadLibrary(java.lang.String, java.lang.Class)'> (0x00000007107a2fc0) 
thrown [s\open\src\hotspot\share\interpreter\linkResolver.cpp, line 773]
Event: 1.015 Thread 0x00000211fce5b820 Exception <a 'sun/nio/fs/WindowsException'{0x00000007107b2b50}> (0x00000007107b2b50) 
thrown [s\open\src\hotspot\share\prims\jni.cpp, line 519]
Event: 1.015 Thread 0x00000211fce5b820 Exception <a 'sun/nio/fs/WindowsException'{0x00000007107b2f00}> (0x00000007107b2f00) 
thrown [s\open\src\hotspot\share\prims\jni.cpp, line 519]
Event: 1.019 Thread 0x00000211fce5b820 Exception <a 'sun/nio/fs/WindowsException'{0x00000007107bc990}> (0x00000007107bc990) 
thrown [s\open\src\hotspot\share\prims\jni.cpp, line 519]
Event: 1.020 Thread 0x00000211fce5b820 Exception <a 'sun/nio/fs/WindowsException'{0x00000007107bcc78}> (0x00000007107bcc78) 
thrown [s\open\src\hotspot\share\prims\jni.cpp, line 519]
Event: 1.265 Thread 0x00000211fce5b820 Exception <a 'java/lang/NoSuchMethodError'{0x000000070fc607b8}: 'long java.lang.invoke.DelegatingMethodHandle$Holder.reinvoke_L(java.lang.Object, java.lang.Object)'> (0x000000070fc607b8) 
thrown [s\open\src\hotspot\share\interpreter\linkResolver.cpp, line 773]
Event: 1.266 Thread 0x00000211fce5b820 Exception <a 'java/lang/NoSuchMethodError'{0x000000070fc66c58}: 'long java.lang.invoke.Invokers$Holder.invokeExact_MT(java.lang.Object, java.lang.Object, java.lang.Object)'> (0x000000070fc66c58) 
thrown [s\open\src\hotspot\share\interpreter\linkResolver.cpp, line 773]

VM Operations (18 events):
Event: 0.099 Executing VM operation: HandshakeAllThreads
Event: 0.099 Executing VM operation: HandshakeAllThreads done
Event: 0.186 Executing VM operation: ChangeBreakpoints
Event: 0.186 Executing VM operation: ChangeBreakpoints done
Event: 0.410 Executing VM operation: HandshakeAllThreads
Event: 0.410 Executing VM operation: HandshakeAllThreads done
Event: 0.414 Executing VM operation: ChangeBreakpoints
Event: 0.415 Executing VM operation: ChangeBreakpoints done
Event: 0.474 Executing VM operation: G1CollectForAllocation
Event: 0.476 Executing VM operation: G1CollectForAllocation done
Event: 0.492 Executing VM operation: HandshakeAllThreads
Event: 0.492 Executing VM operation: HandshakeAllThreads done
Event: 0.510 Executing VM operation: HandshakeAllThreads
Event: 0.510 Executing VM operation: HandshakeAllThreads done
Event: 1.067 Executing VM operation: HandshakeAllThreads
Event: 1.067 Executing VM operation: HandshakeAllThreads done
Event: 1.130 Executing VM operation: G1CollectForAllocation
Event: 1.132 Executing VM operation: G1CollectForAllocation done

Events (20 events):
Event: 0.022 Thread 0x00000211dd5c1560 Thread added: 0x00000211dd5c1560
Event: 0.035 Thread 0x00000211fc333b50 Thread added: 0x00000211fc333b50
Event: 0.036 Thread 0x00000211fc334830 Thread added: 0x00000211fc334830
Event: 0.036 Thread 0x00000211fc336880 Thread added: 0x00000211fc336880
Event: 0.036 Thread 0x00000211fc337560 Thread added: 0x00000211fc337560
Event: 0.036 Thread 0x00000211fc33d070 Thread added: 0x00000211fc33d070
Event: 0.036 Thread 0x00000211fc349060 Thread added: 0x00000211fc349060
Event: 0.036 Thread 0x00000211fc34e0b0 Thread added: 0x00000211fc34e0b0
Event: 0.036 Thread 0x00000211fc351660 Thread added: 0x00000211fc351660
Event: 0.085 Thread 0x00000211fc55e720 Thread added: 0x00000211fc55e720
Event: 0.141 Thread 0x00000211fc65c2c0 Thread added: 0x00000211fc65c2c0
Event: 0.141 Thread 0x00000211fc65daf0 Thread added: 0x00000211fc65daf0
Event: 0.142 Thread 0x00000211fc65e050 Thread added: 0x00000211fc65e050
Event: 0.318 Thread 0x00000211fcc95190 Thread added: 0x00000211fcc95190
Event: 0.343 Thread 0x00000211fccb01c0 Thread added: 0x00000211fccb01c0
Event: 0.425 Thread 0x00000211fce5b820 Thread added: 0x00000211fce5b820
Event: 0.425 Thread 0x00000211dd5c1560 Thread exited: 0x00000211dd5c1560
Event: 0.425 Thread 0x00000211dd5c1560 Thread added: 0x00000211dd5c1560
Event: 0.750 Thread 0x00000211fcc95190 Thread exited: 0x00000211fcc95190
Event: 1.049 Thread 0x00000211fef8b420 Thread added: 0x00000211fef8b420


Dynamic libraries:
0x00007ff6d91d0000 - 0x00007ff6d91e0000 	C:\Program Files\Java\jdk-20\bin\javaw.exe
0x00007ff8943f0000 - 0x00007ff8945e8000 	C:\Windows\SYSTEM32\ntdll.dll
0x00007ff892c90000 - 0x00007ff892d4f000 	C:\Windows\System32\KERNEL32.DLL
0x00007ff891da0000 - 0x00007ff892096000 	C:\Windows\System32\KERNELBASE.dll
0x00007ff892200000 - 0x00007ff892300000 	C:\Windows\System32\ucrtbase.dll
0x00007ff87b8c0000 - 0x00007ff87b8d9000 	C:\Program Files\Java\jdk-20\bin\jli.dll
0x00007ff892ac0000 - 0x00007ff892b6f000 	C:\Windows\System32\ADVAPI32.dll
0x00007ff892450000 - 0x00007ff8924ee000 	C:\Windows\System32\msvcrt.dll
0x00007ff8942f0000 - 0x00007ff89438c000 	C:\Windows\System32\sechost.dll
0x00007ff8924f0000 - 0x00007ff892616000 	C:\Windows\System32\RPCRT4.dll
0x00007ff8940a0000 - 0x00007ff89423d000 	C:\Windows\System32\USER32.dll
0x00007ff8923b0000 - 0x00007ff8923d2000 	C:\Windows\System32\win32u.dll
0x00007ff892b70000 - 0x00007ff892b9c000 	C:\Windows\System32\GDI32.dll
0x00007ff891bf0000 - 0x00007ff891d05000 	C:\Windows\System32\gdi32full.dll
0x00007ff891b50000 - 0x00007ff891bed000 	C:\Windows\System32\msvcp_win.dll
0x00007ff87a7f0000 - 0x00007ff87a80b000 	C:\Program Files\Java\jdk-20\bin\VCRUNTIME140.dll
0x00007ff886a40000 - 0x00007ff886cda000 	C:\Windows\WinSxS\amd64_microsoft.windows.common-controls_6595b64144ccf1df_6.0.19041.1110_none_60b5254171f9507e\COMCTL32.dll
0x00007ff88bc10000 - 0x00007ff88bc1a000 	C:\Windows\SYSTEM32\VERSION.dll
0x00007ff893930000 - 0x00007ff893960000 	C:\Windows\System32\IMM32.DLL
0x00007ff8894d0000 - 0x00007ff8894dc000 	C:\Program Files\Java\jdk-20\bin\vcruntime140_1.dll
0x00007ff86e270000 - 0x00007ff86e2fe000 	C:\Program Files\Java\jdk-20\bin\msvcp140.dll
0x00007ff819940000 - 0x00007ff81a5d7000 	C:\Program Files\Java\jdk-20\bin\server\jvm.dll
0x00007ff87a760000 - 0x00007ff87a769000 	C:\Windows\SYSTEM32\WSOCK32.dll
0x00007ff893650000 - 0x00007ff8936bb000 	C:\Windows\System32\WS2_32.dll
0x00007ff888e20000 - 0x00007ff888e47000 	C:\Windows\SYSTEM32\WINMM.dll
0x00007ff88f840000 - 0x00007ff88f852000 	C:\Windows\SYSTEM32\kernel.appcore.dll
0x00007ff883570000 - 0x00007ff88357a000 	C:\Program Files\Java\jdk-20\bin\jimage.dll
0x00007ff887b10000 - 0x00007ff887cf4000 	C:\Windows\SYSTEM32\DBGHELP.DLL
0x00007ff868c40000 - 0x00007ff868c74000 	C:\Windows\SYSTEM32\dbgcore.DLL
0x00007ff891d10000 - 0x00007ff891d92000 	C:\Windows\System32\bcryptPrimitives.dll
0x00007ff871920000 - 0x00007ff87195c000 	C:\Program Files\Java\jdk-20\bin\jdwp.dll
0x00007ff889780000 - 0x00007ff88978e000 	C:\Program Files\Java\jdk-20\bin\instrument.dll
0x00007ff872580000 - 0x00007ff8725a6000 	C:\Program Files\Java\jdk-20\bin\java.dll
0x00007ff86a530000 - 0x00007ff86a607000 	C:\Program Files\Java\jdk-20\bin\jsvml.dll
0x00007ff892f00000 - 0x00007ff893644000 	C:\Windows\System32\SHELL32.dll
0x00007ff88fb50000 - 0x00007ff8902e3000 	C:\Windows\SYSTEM32\windows.storage.dll
0x00007ff892620000 - 0x00007ff892974000 	C:\Windows\System32\combase.dll
0x00007ff891430000 - 0x00007ff89145e000 	C:\Windows\SYSTEM32\Wldp.dll
0x00007ff894240000 - 0x00007ff8942ed000 	C:\Windows\System32\SHCORE.dll
0x00007ff892ba0000 - 0x00007ff892bf5000 	C:\Windows\System32\shlwapi.dll
0x00007ff891a00000 - 0x00007ff891a25000 	C:\Windows\SYSTEM32\profapi.dll
0x00007ff8734f0000 - 0x00007ff8734fc000 	C:\Program Files\Java\jdk-20\bin\dt_socket.dll
0x00007ff890ed0000 - 0x00007ff890f0b000 	C:\Windows\SYSTEM32\IPHLPAPI.DLL
0x00007ff891210000 - 0x00007ff89127a000 	C:\Windows\system32\mswsock.dll
0x00007ff890f20000 - 0x00007ff890fea000 	C:\Windows\SYSTEM32\DNSAPI.dll
0x00007ff893960000 - 0x00007ff893968000 	C:\Windows\System32\NSI.dll
0x00007ff88b200000 - 0x00007ff88b20a000 	C:\Windows\System32\rasadhlp.dll
0x00007ff8898c0000 - 0x00007ff889942000 	C:\Windows\System32\fwpuclnt.dll
0x00007ff891b20000 - 0x00007ff891b47000 	C:\Windows\System32\bcrypt.dll
0x00007ff872560000 - 0x00007ff872578000 	C:\Program Files\Java\jdk-20\bin\zip.dll
0x00007ff877bd0000 - 0x00007ff877be3000 	C:\Program Files\Java\jdk-20\bin\net.dll
0x00007ff88b5c0000 - 0x00007ff88b6ca000 	C:\Windows\SYSTEM32\WINHTTP.dll
0x00007ff8734d0000 - 0x00007ff8734e6000 	C:\Program Files\Java\jdk-20\bin\nio.dll
0x00007ff87a7e0000 - 0x00007ff87a7f0000 	C:\Program Files\Java\jdk-20\bin\verify.dll
0x00007ff86e1b0000 - 0x00007ff86e214000 	C:\Users\smsmk\AppData\Local\Temp\lwjglsmsmk\3.2.3-build-13\lwjgl.dll
0x00007ff86e140000 - 0x00007ff86e1a2000 	C:\Users\smsmk\AppData\Local\Temp\lwjglsmsmk\3.2.3-build-13\glfw.dll
0x00007ff88f480000 - 0x00007ff88f51e000 	C:\Windows\system32\uxtheme.dll
0x00007ff86de60000 - 0x00007ff86dea5000 	C:\Windows\SYSTEM32\dinput8.dll
0x00007ff858040000 - 0x00007ff858051000 	C:\Windows\SYSTEM32\xinput1_4.dll
0x00007ff891ad0000 - 0x00007ff891b1e000 	C:\Windows\System32\cfgmgr32.dll
0x00007ff891860000 - 0x00007ff891893000 	C:\Windows\SYSTEM32\DEVOBJ.dll
0x00007ff88f8b0000 - 0x00007ff88f8df000 	C:\Windows\SYSTEM32\dwmapi.dll
0x00007ff87b110000 - 0x00007ff87b262000 	C:\Windows\SYSTEM32\inputhost.dll
0x00007ff8936c0000 - 0x00007ff89378d000 	C:\Windows\System32\OLEAUT32.dll
0x00007ff88d5e0000 - 0x00007ff88d6d6000 	C:\Windows\SYSTEM32\PROPSYS.dll
0x00007ff88e710000 - 0x00007ff88e864000 	C:\Windows\SYSTEM32\wintypes.dll
0x00007ff88f140000 - 0x00007ff88f232000 	C:\Windows\SYSTEM32\CoreMessaging.dll
0x00007ff88ede0000 - 0x00007ff88f13e000 	C:\Windows\SYSTEM32\CoreUIComponents.dll
0x00007ff890bf0000 - 0x00007ff890c23000 	C:\Windows\SYSTEM32\ntmarta.dll
0x00007ff893f80000 - 0x00007ff894094000 	C:\Windows\System32\MSCTF.dll
0x00007ff8902f0000 - 0x00007ff8902fd000 	C:\Windows\SYSTEM32\HID.DLL
0x00007ff893ab0000 - 0x00007ff893f1e000 	C:\Windows\System32\SETUPAPI.DLL
0x00007ff8923e0000 - 0x00007ff892447000 	C:\Windows\System32\WINTRUST.dll
0x00007ff8920a0000 - 0x00007ff8921fe000 	C:\Windows\System32\CRYPT32.dll
0x00007ff891820000 - 0x00007ff891832000 	C:\Windows\SYSTEM32\MSASN1.dll
0x00007ff81ec20000 - 0x00007ff81ed45000 	C:\Windows\SYSTEM32\opengl32.dll
0x00007ff8758c0000 - 0x00007ff8758ec000 	C:\Windows\SYSTEM32\GLU32.dll
0x00007ff8937a0000 - 0x00007ff893849000 	C:\Windows\System32\clbcatq.dll
0x00007ff8055b0000 - 0x00007ff809842000 	C:\Windows\System32\DriverStore\FileRepository\nvmdi.inf_amd64_faac8d1bca70beae\nvoglv64.dll
0x00007ff893970000 - 0x00007ff893a9a000 	C:\Windows\System32\ole32.dll
0x00007ff88d740000 - 0x00007ff88d754000 	C:\Windows\SYSTEM32\WTSAPI32.dll
0x00007ff88b220000 - 0x00007ff88b251000 	C:\Windows\SYSTEM32\cryptnet.dll
0x00007ff88a920000 - 0x00007ff88aa68000 	C:\Windows\SYSTEM32\drvstore.dll
0x00007ff8913a0000 - 0x00007ff8913ac000 	C:\Windows\SYSTEM32\cryptbase.dll
0x00007ff88a740000 - 0x00007ff88a77b000 	C:\Windows\SYSTEM32\dxcore.dll
0x00007ff8667d0000 - 0x00007ff866aa1000 	C:\Windows\system32\nvspcap64.dll
0x00007ff891040000 - 0x00007ff89108b000 	C:\Windows\SYSTEM32\powrprof.dll
0x00007ff890eb0000 - 0x00007ff890ec2000 	C:\Windows\SYSTEM32\UMPDC.dll
0x00007ff890770000 - 0x00007ff8907cb000 	C:\Windows\SYSTEM32\WINSTA.dll
0x00007ff87aaf0000 - 0x00007ff87abea000 	C:\Windows\SYSTEM32\textinputframework.dll
0x00007ff86dc50000 - 0x00007ff86dca9000 	C:\Users\smsmk\AppData\Local\Temp\lwjglsmsmk\3.2.3-build-13\lwjgl_opengl.dll

dbghelp: loaded successfully - version: 4.0.5 - missing functions: none
symbol engine: initialized successfully - sym options: 0x614 - pdb path: .;C:\Program Files\Java\jdk-20\bin;C:\Windows\SYSTEM32;C:\Windows\WinSxS\amd64_microsoft.windows.common-controls_6595b64144ccf1df_6.0.19041.1110_none_60b5254171f9507e;C:\Program Files\Java\jdk-20\bin\server;C:\Users\smsmk\AppData\Local\Temp\lwjglsmsmk\3.2.3-build-13;C:\Windows\System32\DriverStore\FileRepository\nvmdi.inf_amd64_faac8d1bca70beae

VM Arguments:
jvm_args: -XX:+ShowCodeDetailsInExceptionMessages -agentlib:jdwp=transport=dt_socket,suspend=y,address=localhost:57222 -javaagent:D:\eclipse\java-2023-062\eclipse\configuration\org.eclipse.osgi\248\0\.cp\lib\javaagent-shaded.jar -Dfile.encoding=UTF-8 
java_command: com.Anix.Main.Core
java_class_path (initial): D:\GitHub\Anix-Java\Anix\bin;D:\GitHub\Anix-Java\Anix\includes\lwjgl.jar;D:\GitHub\Anix-Java\Anix\includes\lwjgl-assimp.jar;D:\GitHub\Anix-Java\Anix\includes\lwjgl-assimp-natives-windows.jar;D:\GitHub\Anix-Java\Anix\includes\lwjgl-bgfx.jar;D:\GitHub\Anix-Java\Anix\includes\lwjgl-bgfx-natives-windows.jar;D:\GitHub\Anix-Java\Anix\includes\lwjgl-glfw.jar;D:\GitHub\Anix-Java\Anix\includes\lwjgl-glfw-natives-windows.jar;D:\GitHub\Anix-Java\Anix\includes\lwjgl-nanovg.jar;D:\GitHub\Anix-Java\Anix\includes\lwjgl-nanovg-natives-windows.jar;D:\GitHub\Anix-Java\Anix\includes\lwjgl-natives-windows.jar;D:\GitHub\Anix-Java\Anix\includes\lwjgl-nuklear.jar;D:\GitHub\Anix-Java\Anix\includes\lwjgl-nuklear-natives-windows.jar;D:\GitHub\Anix-Java\Anix\includes\lwjgl-openal.jar;D:\GitHub\Anix-Java\Anix\includes\lwjgl-openal-natives-windows.jar;D:\GitHub\Anix-Java\Anix\includes\lwjgl-opengl.jar;D:\GitHub\Anix-Java\Anix\includes\lwjgl-opengl-natives-windows.jar;D:\GitHub\Anix-Java\Anix\includes\lwjgl-par.jar;D:\GitHub\Anix-Java\Anix\includes\lwjgl-par-natives-windows.jar;D:\GitHub\Anix-Java\Anix\includes\lwjgl-stb.jar;D:\GitHub\Anix-Java\Anix\includes\lwjgl-stb-natives-windows.jar;D:\GitHub\Anix-Java\Anix\includes\lwjgl-vulkan.jar;D:\GitHub\Anix-Java\Anix\includes\slick-util3.jar;D:\GitHub\Anix-Java\Anix\includes\TWL.jar;D:\GitHub\Anix-Java\Anix\includes\tiny\lwjgl-tinyfd.jar;D:\GitHub\Anix-Java\Anix\includes\tiny\lwjgl-tinyfd-javadoc.jar;D:\GitHub\Anix-Java\Anix\includes\tiny\lwjgl-tinyfd-natives-windows.jar;D:\GitHub\Anix-Java\Anix\includes\tiny\lwjgl-tinyfd-sources.jar;D:\GitHub\Anix-Java\Anix\includes\imgui\imgui-app-1.86.6.jar;D:\GitHub\Anix-Java\Anix\includes\imgui\imgui-app-1.86.6-all.jar;D:\GitHub\Anix-Java\Anix\includes\imgui\imgui-app-1.86.6-javadoc.jar;D:\GitHub\Anix-Java\Anix\includes\imgui\imgui-app-1.86.6-sources.jar;D:\GitHub\Anix-Java\Anix\includes\imgui\imgui-binding-1.86.6.jar;D:\GitHub\Anix-Java\Anix\includes\imgui\imgui-binding-1.86.6-javadoc.jar;D:\GitHub\Anix-Java\Anix\includes\imgui\imgui-binding-1.86.6-sources.jar;D:\GitHub\Anix-Java\Anix\includes\imgui\imgui-lwjgl3-1.86.6.jar;D:\GitHub\Anix-Java\Anix\includes\imgui\imgui-lwjgl3-1.86.6-javadoc.jar;D:\GitHub\Anix-Java\Anix\includes\imgui\imgui-lwjgl3-1.86.6-sources.jar;D:\GitHub\Anix-Java\Anix\includes\Debug\lwjgl-sources.jar;D:\GitHub\Anix-Java\Anix\includes\Debug\lwjglx-debug-1.0.0.jar
Launcher Type: SUN_STANDARD

[Global flags]
     intx CICompilerCount                          = 3                                         {product} {ergonomic}
     uint ConcGCThreads                            = 1                                         {product} {ergonomic}
     uint G1ConcRefinementThreads                  = 4                                         {product} {ergonomic}
   size_t G1HeapRegionSize                         = 2097152                                   {product} {ergonomic}
    uintx GCDrainStackTargetSize                   = 64                                        {product} {ergonomic}
   size_t InitialHeapSize                          = 268435456                                 {product} {ergonomic}
   size_t MarkStackSize                            = 4194304                                   {product} {ergonomic}
   size_t MaxHeapSize                              = 4282384384                                {product} {ergonomic}
   size_t MaxNewSize                               = 2569011200                                {product} {ergonomic}
   size_t MinHeapDeltaBytes                        = 2097152                                   {product} {ergonomic}
   size_t MinHeapSize                              = 8388608                                   {product} {ergonomic}
    uintx NonNMethodCodeHeapSize                   = 5832780                                {pd product} {ergonomic}
    uintx NonProfiledCodeHeapSize                  = 122912730                              {pd product} {ergonomic}
    uintx ProfiledCodeHeapSize                     = 122912730                              {pd product} {ergonomic}
    uintx ReservedCodeCacheSize                    = 251658240                              {pd product} {ergonomic}
     bool SegmentedCodeCache                       = true                                      {product} {ergonomic}
     bool ShowCodeDetailsInExceptionMessages       = true                                   {manageable} {command line}
   size_t SoftMaxHeapSize                          = 4282384384                             {manageable} {ergonomic}
     bool UseCompressedClassPointers               = true                           {product lp64_product} {ergonomic}
     bool UseCompressedOops                        = true                           {product lp64_product} {ergonomic}
     bool UseG1GC                                  = true                                      {product} {ergonomic}
     bool UseLargePagesIndividualAllocation        = false                                  {pd product} {ergonomic}

Logging:
Log output configuration:
 #0: stdout all=warning uptime,level,tags foldmultilines=false
 #1: stderr all=off uptime,level,tags foldmultilines=false

Environment Variables:
PATH=C:\Program Files\Common Files\Oracle\Java\javapath;C:\Program Files (x86)\Common Files\Oracle\Java\javapath;C:\Program Files (x86)\Razer Chroma SDK\bin;C:\Program Files\Razer Chroma SDK\bin;C:\Program Files (x86)\Razer\ChromaBroadcast\bin;C:\Program Files\Razer\ChromaBroadcast\bin;C:\Windows\system32;C:\Windows;C:\Windows\System32\Wbem;C:\Windows\System32\WindowsPowerShell\v1.0\;C:\Windows\System32\OpenSSH\;C:\Program Files\NVIDIA Corporation\NVIDIA NvDLISR;C:\Program Files\dotnet\;C:\Users\smsmk\AppData\Local\Microsoft\WindowsApps;C:\Users\smsmk\.dotnet\tools;C:\ProgramData\chocolatey\bin;C:\Program Files (x86)\NVIDIA Corporation\PhysX\Common;D:\Git\cmd;C:\Program Files\Docker\Docker\resources\bin;C:\Program Files\nodejs\;C:\Windows\system32\config\systemprofile\AppData\Local\Microsoft\WindowsApps;C:\Program Files\Microsoft SQL Server\120\Tools\Binn\;C:\Program Files\Common Files\Autodesk Shared\;C:\Users\smsmk\AppData\Local\Microsoft\WindowsApps;C:\Users\smsmk\.dotnet\tools;C:\Program Files\heroku\bin;C:\ProgramData\smsmk\GitHubDesktop\bin;C:\Program Files\PostgreSQL\15\bin;C:\Program Files\PostgreSQL\15\lib;C:\Users\smsmk\AppData\Roaming\npm;D:\Microsoft VS Code\bin;D:\JetBrains\IntelliJ IDEA Community Edition 2023.2\bin;
USERNAME=smsmk
OS=Windows_NT
PROCESSOR_IDENTIFIER=Intel64 Family 6 Model 158 Stepping 9, GenuineIntel
TMP=C:\Users\smsmk\AppData\Local\Temp
TEMP=C:\Users\smsmk\AppData\Local\Temp




---------------  S Y S T E M  ---------------

OS:
 Windows 10 , 64 bit Build 19041 (10.0.19041.3155)
OS uptime: 0 days 13:55 hours
Hyper-V role detected

CPU: total 4 (initial active 4) (4 cores per cpu, 1 threads per core) family 6 model 158 stepping 9 microcode 0xb4, cx8, cmov, fxsr, mmx, 3dnowpref, sse, sse2, sse3, ssse3, sse4.1, sse4.2, popcnt, lzcnt, tsc, tscinvbit, avx, avx2, aes, erms, clmul, bmi1, bmi2, adx, fma, vzeroupper, clflush, clflushopt, hv, rdtscp, f16c

Memory: 4k page, system-wide physical 16328M (3558M free)
TotalPageFile size 26056M (AvailPageFile size 7588M)
current process WorkingSet (physical memory assigned to process): 126M, peak: 128M
current process commit charge ("private bytes"): 412M, peak: 415M

vm_info: Java HotSpot(TM) 64-Bit Server VM (20.0.1+9-29) for windows-amd64 JRE (20.0.1+9-29), built on 2023-03-07T13:56:11Z by "mach5one" with MS VC++ 17.1 (VS2022)

END.
